4
2
Case #1: 1 0
5
2
Case #2: 1 0
6
3
Case #3: 1 1
1000
499
249
124
61
30
14
6
2
0
Case #4: 0 0
1000
Case #5: 500 499
999
499
249
124
61
30
14
Case #6: 7 6
606
302
150
74
36
17
8
3
1
Case #7: 0 0
945
472
235
117
58
28
13
6
2
0
Case #8: 0 0
500
250
125
62
31
15
7
3
Case #9: 1 1
500
249
124
61
30
14
6
2
Case #10: 1 0
1000
499
249
124
61
30
14
6
2
Case #11: 1 0
280
139
69
34
16
7
3
1
Case #12: 0 0
5
Case #13: 2 2
342
170
84
41
20
9
4
1
Case #14: 0 0
500
249
124
61
30
14
6
2
0
Case #15: 0 0
999
499
249
124
62
31
15
7
3
1
Case #16: 0 0
659
329
164
81
40
19
9
4
1
Case #17: 0 0
310
154
76
37
18
8
3
1
Case #18: 0 0
1000
499
249
124
61
30
14
Case #19: 7 6
301
150
74
36
17
8
3
1
Case #20: 0 0
1000
499
249
124
61
30
14
6
Case #21: 3 2
378
188
93
46
22
10
4
1
Case #22: 0 0
951
475
237
118
58
28
13
6
2
0
Case #23: 0 0
999
Case #24: 499 499
490
244
121
60
29
14
6
2
0
Case #25: 0 0
999
499
249
124
61
30
14
6
2
Case #26: 1 0
3
Case #27: 1 1
500
249
124
61
30
14
6
2
Case #28: 1 0
500
250
Case #29: 125 124
999
499
249
124
61
30
14
6
2
Case #30: 1 0
627
313
156
77
38
18
8
3
1
Case #31: 0 0
739
369
184
91
45
22
10
4
1
Case #32: 0 0
313
156
77
38
18
8
3
1
Case #33: 0 0
458
228
113
56
27
13
6
2
0
Case #34: 0 0
1
Case #35: 0 0
545
272
135
67
33
16
7
3
1
Case #36: 0 0
935
467
233
116
57
28
13
6
2
0
Case #37: 0 0
999
499
249
124
61
30
14
6
Case #38: 3 2
1000
499
249
124
61
30
14
6
2
Case #39: 1 0
500
249
124
61
30
14
6
Case #40: 3 2
500
249
124
61
30
14
6
2
Case #41: 1 0
500
249
124
61
30
14
6
2
Case #42: 1 0
999
499
249
124
61
30
14
6
2
Case #43: 1 0
999
499
249
124
61
30
14
6
2
Case #44: 1 0
1000
499
249
124
61
30
14
6
2
Case #45: 1 0
1000
500
250
125
62
31
15
7
3
1
Case #46: 0 0
999
499
249
124
61
30
14
6
2
0
Case #47: 0 0
744
371
185
92
45
22
10
4
1
Case #48: 0 0
558
278
138
68
33
16
7
3
1
Case #49: 0 0
1000
500
250
125
62
31
15
7
3
Case #50: 1 1
1000
499
249
124
61
30
14
6
2
0
Case #51: 0 0
500
249
124
61
30
14
6
2
Case #52: 1 0
621
310
154
76
37
18
8
3
1
Case #53: 0 0
999
499
Case #54: 249 249
4
Case #55: 2 1
612
305
152
75
37
18
8
3
1
Case #56: 0 0
364
181
90
44
21
10
4
1
Case #57: 0 0
999
499
249
124
62
31
15
7
Case #58: 3 3
903
451
225
112
55
27
13
6
2
0
Case #59: 0 0
880
439
219
109
54
26
12
5
2
0
Case #60: 0 0
1000
499
249
124
61
30
14
6
2
Case #61: 1 0
427
213
106
52
25
12
5
2
0
Case #62: 0 0
532
265
132
65
32
15
7
3
1
Case #63: 0 0
500
Case #64: 250 249
500
249
124
61
30
14
6
Case #65: 3 2
493
246
122
60
29
14
6
2
0
Case #66: 0 0
999
499
249
124
61
30
14
6
2
Case #67: 1 0
875
437
218
108
53
26
12
5
2
0
Case #68: 0 0
294
146
72
35
17
8
3
1
Case #69: 0 0
736
367
183
91
45
22
10
4
1
Case #70: 0 0
1000
499
249
124
61
30
14
6
2
Case #71: 1 0
1000
499
249
124
61
30
14
6
2
Case #72: 1 0
500
249
124
61
30
14
6
Case #73: 3 2
500
249
124
61
30
14
6
2
Case #74: 1 0
964
481
240
119
59
29
14
6
2
0
Case #75: 0 0
517
258
128
63
31
15
7
3
1
Case #76: 0 0
999
499
249
124
62
31
15
7
3
Case #77: 1 1
999
499
249
124
61
30
14
6
2
Case #78: 1 0
1000
500
250
125
62
31
15
7
Case #79: 3 3
999
499
249
124
61
30
14
6
2
Case #80: 1 0
999
499
249
124
61
30
14
6
2
0
Case #81: 0 0
500
249
124
61
30
14
6
2
Case #82: 1 0
499
249
124
61
30
14
6
2
0
Case #83: 0 0
367
183
91
45
22
10
4
1
Case #84: 0 0
1000
499
249
124
61
30
14
6
2
Case #85: 1 0
999
499
249
124
61
30
14
6
2
Case #86: 1 0
500
249
124
61
30
14
6
2
0
Case #87: 0 0
712
355
177
88
43
21
10
4
1
Case #88: 0 0
3
1
Case #89: 0 0
500
249
124
61
30
14
6
2
Case #90: 1 0
1000
500
Case #91: 250 249
2
Case #92: 1 0
500
249
124
61
30
14
6
Case #93: 3 2
1000
499
249
124
61
30
14
6
2
Case #94: 1 0
577
288
143
71
35
17
8
3
1
Case #95: 0 0
2
1
Case #96: 0 0
503
251
125
62
30
14
6
2
0
Case #97: 0 0
500
250
125
62
31
15
7
3
1
Case #98: 0 0
459
229
114
56
27
13
6
2
0
Case #99: 0 0
430
214
106
52
25
12
5
2
0
Case #100: 0 0
