132
Case #1: 129
1000
Case #2: 999
7
Case #3: 7
860
Case #4: 799
327
Case #5: 299
867
Case #6: 799
768
Case #7: 699
592
Case #8: 589
927
Case #9: 899
719
Case #10: 699
848
Case #11: 799
835
Case #12: 799
268
Case #13: 268
147
Case #14: 147
371
Case #15: 369
381
Case #16: 379
169
Case #17: 169
322
Case #18: 299
864
Case #19: 799
817
Case #20: 799
177
Case #21: 177
557
Case #22: 557
853
Case #23: 799
145
Case #24: 145
526
Case #25: 499
1
Case #26: 1
149
Case #27: 149
717
Case #28: 699
125
Case #29: 125
164
Case #30: 159
178
Case #31: 178
305
Case #32: 299
257
Case #33: 257
524
Case #34: 499
232
Case #35: 229
697
Case #36: 689
468
Case #37: 468
383
Case #38: 379
50
Case #39: 49
689
Case #40: 689
354
Case #41: 349
263
Case #42: 259
16
Case #43: 16
871
Case #44: 799
398
Case #45: 389
970
Case #46: 899
65
Case #47: 59
637
Case #48: 599
964
Case #49: 899
171
Case #50: 169
729
Case #51: 699
192
Case #52: 189
516
Case #53: 499
608
Case #54: 599
634
Case #55: 599
231
Case #56: 229
360
Case #57: 359
740
Case #58: 699
561
Case #59: 559
999
Case #60: 999
131
Case #61: 129
757
Case #62: 699
878
Case #63: 799
921
Case #64: 899
825
Case #65: 799
875
Case #66: 799
343
Case #67: 339
491
Case #68: 489
170
Case #69: 169
712
Case #70: 699
742
Case #71: 699
460
Case #72: 459
340
Case #73: 339
532
Case #74: 499
144
Case #75: 144
138
Case #76: 138
249
Case #77: 249
801
Case #78: 799
941
Case #79: 899
130
Case #80: 129
575
Case #81: 569
549
Case #82: 499
275
Case #83: 269
876
Case #84: 799
931
Case #85: 899
595
Case #86: 589
950
Case #87: 899
301
Case #88: 299
620
Case #89: 599
30
Case #90: 29
101
Case #91: 99
811
Case #92: 799
74
Case #93: 69
264
Case #94: 259
358
Case #95: 358
166
Case #96: 166
412
Case #97: 399
5
Case #98: 5
424
Case #99: 399
928
Case #100: 899
