Case #1: 4 3
o 1 1
+ 1 2
x 2 2
Case #2: 2 0
Case #3: 6 5
o 1 1
+ 1 2
x 2 2
+ 1 3
x 3 3
Case #4: 200 194
o 1 1
+ 1 2
x 2 2
+ 1 3
x 3 3
+ 1 4
x 4 4
+ 1 5
x 5 5
+ 1 6
x 6 6
+ 1 7
x 7 7
+ 1 8
x 8 8
+ 1 9
x 9 9
x 10 10
+ 1 11
x 11 11
+ 1 12
x 12 12
+ 1 13
x 13 13
+ 1 14
x 14 14
x 15 15
+ 1 16
x 16 16
+ 1 17
x 17 17
x 18 18
+ 1 19
x 19 19
+ 1 20
x 20 20
x 21 21
+ 1 22
x 22 22
+ 1 23
x 23 23
+ 1 24
x 24 24
+ 1 25
x 25 25
+ 1 26
x 26 26
+ 1 27
x 27 27
+ 1 28
x 28 28
+ 1 29
x 29 29
+ 1 30
x 30 30
+ 1 31
x 31 31
+ 1 32
x 32 32
+ 1 33
x 33 33
+ 1 34
x 34 34
+ 1 35
x 35 35
+ 1 36
x 36 36
+ 1 37
x 37 37
+ 1 38
x 38 38
+ 1 39
x 39 39
+ 1 40
x 40 40
+ 1 41
x 41 41
+ 1 42
x 42 42
+ 1 43
x 43 43
+ 1 44
x 44 44
+ 1 45
x 45 45
+ 1 46
x 46 46
+ 1 47
x 47 47
+ 1 48
x 48 48
+ 1 49
x 49 49
+ 1 50
x 50 50
+ 1 51
x 51 51
+ 1 52
x 52 52
+ 1 53
x 53 53
+ 1 54
x 54 54
+ 1 55
x 55 55
+ 1 56
x 56 56
+ 1 57
x 57 57
+ 1 58
x 58 58
+ 1 59
x 59 59
+ 1 60
x 60 60
+ 1 61
x 61 61
+ 1 62
x 62 62
+ 1 63
x 63 63
+ 1 64
x 64 64
+ 1 65
x 65 65
+ 1 66
x 66 66
+ 1 67
x 67 67
+ 1 68
x 68 68
+ 1 69
x 69 69
+ 1 70
x 70 70
+ 1 71
x 71 71
+ 1 72
x 72 72
+ 1 73
x 73 73
+ 1 74
x 74 74
+ 1 75
x 75 75
+ 1 76
x 76 76
+ 1 77
x 77 77
+ 1 78
x 78 78
+ 1 79
x 79 79
+ 1 80
x 80 80
+ 1 81
x 81 81
+ 1 82
x 82 82
+ 1 83
x 83 83
+ 1 84
x 84 84
+ 1 85
x 85 85
+ 1 86
x 86 86
+ 1 87
x 87 87
+ 1 88
x 88 88
+ 1 89
x 89 89
+ 1 90
x 90 90
+ 1 91
x 91 91
+ 1 92
x 92 92
+ 1 93
x 93 93
+ 1 94
x 94 94
+ 1 95
x 95 95
+ 1 96
x 96 96
+ 1 97
x 97 97
+ 1 98
x 98 98
x 99 99
+ 1 100
x 100 100
Case #5: 200 193
o 1 1
+ 1 2
x 2 2
+ 1 3
x 3 3
+ 1 4
x 4 4
+ 1 5
x 5 5
+ 1 6
x 6 6
+ 1 7
x 7 7
x 8 8
x 9 9
+ 1 10
x 10 10
+ 1 11
x 11 11
+ 1 12
x 12 12
+ 1 13
x 13 13
x 14 14
+ 1 15
x 15 15
+ 1 16
x 16 16
+ 1 17
x 17 17
x 18 18
+ 1 19
x 19 19
+ 1 20
x 20 20
+ 1 21
x 21 21
+ 1 22
x 22 22
+ 1 23
x 23 23
+ 1 24
x 24 24
+ 1 25
x 25 25
+ 1 26
x 26 26
+ 1 27
x 27 27
+ 1 28
x 28 28
+ 1 29
x 29 29
+ 1 30
x 30 30
+ 1 31
x 31 31
+ 1 32
x 32 32
+ 1 33
x 33 33
+ 1 34
x 34 34
+ 1 35
x 35 35
x 36 36
+ 1 37
x 37 37
+ 1 38
x 38 38
+ 1 39
x 39 39
+ 1 40
x 40 40
+ 1 41
x 41 41
+ 1 42
x 42 42
+ 1 43
x 43 43
+ 1 44
x 44 44
+ 1 45
x 45 45
+ 1 46
x 46 46
+ 1 47
x 47 47
+ 1 48
x 48 48
+ 1 49
x 49 49
+ 1 50
x 50 50
+ 1 51
x 51 51
x 52 52
+ 1 53
x 53 53
+ 1 54
x 54 54
+ 1 55
x 55 55
+ 1 56
x 56 56
+ 1 57
x 57 57
+ 1 58
x 58 58
+ 1 59
x 59 59
+ 1 60
x 60 60
+ 1 61
x 61 61
+ 1 62
x 62 62
+ 1 63
x 63 63
+ 1 64
x 64 64
+ 1 65
x 65 65
+ 1 66
x 66 66
+ 1 67
x 67 67
+ 1 68
x 68 68
+ 1 69
x 69 69
+ 1 70
x 70 70
+ 1 71
x 71 71
+ 1 72
x 72 72
+ 1 73
x 73 73
+ 1 74
x 74 74
+ 1 75
x 75 75
+ 1 76
x 76 76
+ 1 77
x 77 77
+ 1 78
x 78 78
+ 1 79
x 79 79
+ 1 80
x 80 80
+ 1 81
x 81 81
+ 1 82
x 82 82
+ 1 83
x 83 83
+ 1 84
x 84 84
+ 1 85
x 85 85
+ 1 86
x 86 86
+ 1 87
x 87 87
+ 1 88
x 88 88
+ 1 89
x 89 89
+ 1 90
x 90 90
+ 1 91
x 91 91
+ 1 92
x 92 92
+ 1 93
x 93 93
+ 1 94
x 94 94
+ 1 95
x 95 95
+ 1 96
x 96 96
+ 1 97
x 97 97
+ 1 98
x 98 98
+ 1 99
x 99 99
+ 1 100
x 100 100
Case #6: 200 197
o 1 1
+ 1 2
x 2 2
x 3 3
+ 1 4
x 4 4
+ 1 5
x 5 5
+ 1 6
x 6 6
+ 1 7
x 7 7
+ 1 8
x 8 8
+ 1 9
x 9 9
+ 1 10
x 10 10
+ 1 11
x 11 11
+ 1 12
x 12 12
+ 1 13
x 13 13
+ 1 14
x 14 14
+ 1 15
x 15 15
+ 1 16
x 16 16
+ 1 17
x 17 17
x 18 18
+ 1 19
x 19 19
+ 1 20
x 20 20
+ 1 21
x 21 21
+ 1 22
x 22 22
+ 1 23
x 23 23
+ 1 24
x 24 24
+ 1 25
x 25 25
+ 1 26
x 26 26
+ 1 27
x 27 27
+ 1 28
x 28 28
+ 1 29
x 29 29
+ 1 30
x 30 30
+ 1 31
x 31 31
+ 1 32
x 32 32
+ 1 33
x 33 33
+ 1 34
x 34 34
+ 1 35
x 35 35
+ 1 36
x 36 36
+ 1 37
x 37 37
+ 1 38
x 38 38
+ 1 39
x 39 39
+ 1 40
x 40 40
+ 1 41
x 41 41
+ 1 42
x 42 42
+ 1 43
x 43 43
+ 1 44
x 44 44
+ 1 45
x 45 45
+ 1 46
x 46 46
+ 1 47
x 47 47
+ 1 48
x 48 48
+ 1 49
x 49 49
+ 1 50
x 50 50
+ 1 51
x 51 51
+ 1 52
x 52 52
+ 1 53
x 53 53
+ 1 54
x 54 54
+ 1 55
x 55 55
+ 1 56
x 56 56
+ 1 57
x 57 57
+ 1 58
x 58 58
+ 1 59
x 59 59
+ 1 60
x 60 60
+ 1 61
x 61 61
+ 1 62
x 62 62
+ 1 63
x 63 63
+ 1 64
x 64 64
+ 1 65
x 65 65
+ 1 66
x 66 66
+ 1 67
x 67 67
+ 1 68
x 68 68
+ 1 69
x 69 69
+ 1 70
x 70 70
+ 1 71
x 71 71
+ 1 72
x 72 72
+ 1 73
x 73 73
+ 1 74
x 74 74
+ 1 75
x 75 75
+ 1 76
x 76 76
+ 1 77
x 77 77
+ 1 78
x 78 78
+ 1 79
x 79 79
+ 1 80
x 80 80
+ 1 81
x 81 81
+ 1 82
x 82 82
+ 1 83
x 83 83
+ 1 84
x 84 84
+ 1 85
x 85 85
+ 1 86
x 86 86
+ 1 87
x 87 87
+ 1 88
x 88 88
+ 1 89
x 89 89
+ 1 90
x 90 90
+ 1 91
x 91 91
+ 1 92
x 92 92
+ 1 93
x 93 93
+ 1 94
x 94 94
+ 1 95
x 95 95
+ 1 96
x 96 96
+ 1 97
x 97 97
+ 1 98
x 98 98
+ 1 99
x 99 99
+ 1 100
x 100 100
Case #7: 200 199
o 1 1
+ 1 2
x 2 2
+ 1 3
x 3 3
+ 1 4
x 4 4
+ 1 5
x 5 5
+ 1 6
x 6 6
+ 1 7
x 7 7
+ 1 8
x 8 8
+ 1 9
x 9 9
+ 1 10
x 10 10
+ 1 11
x 11 11
+ 1 12
x 12 12
+ 1 13
x 13 13
+ 1 14
x 14 14
+ 1 15
x 15 15
+ 1 16
x 16 16
+ 1 17
x 17 17
+ 1 18
x 18 18
+ 1 19
x 19 19
+ 1 20
x 20 20
+ 1 21
x 21 21
+ 1 22
x 22 22
+ 1 23
x 23 23
+ 1 24
x 24 24
+ 1 25
x 25 25
+ 1 26
x 26 26
+ 1 27
x 27 27
+ 1 28
x 28 28
+ 1 29
x 29 29
+ 1 30
x 30 30
+ 1 31
x 31 31
+ 1 32
x 32 32
+ 1 33
x 33 33
+ 1 34
x 34 34
+ 1 35
x 35 35
+ 1 36
x 36 36
+ 1 37
x 37 37
+ 1 38
x 38 38
+ 1 39
x 39 39
+ 1 40
x 40 40
+ 1 41
x 41 41
+ 1 42
x 42 42
+ 1 43
x 43 43
+ 1 44
x 44 44
+ 1 45
x 45 45
+ 1 46
x 46 46
+ 1 47
x 47 47
+ 1 48
x 48 48
+ 1 49
x 49 49
+ 1 50
x 50 50
+ 1 51
x 51 51
+ 1 52
x 52 52
+ 1 53
x 53 53
+ 1 54
x 54 54
+ 1 55
x 55 55
+ 1 56
x 56 56
+ 1 57
x 57 57
+ 1 58
x 58 58
+ 1 59
x 59 59
+ 1 60
x 60 60
+ 1 61
x 61 61
+ 1 62
x 62 62
+ 1 63
x 63 63
+ 1 64
x 64 64
+ 1 65
x 65 65
+ 1 66
x 66 66
+ 1 67
x 67 67
+ 1 68
x 68 68
+ 1 69
x 69 69
+ 1 70
x 70 70
+ 1 71
x 71 71
+ 1 72
x 72 72
+ 1 73
x 73 73
+ 1 74
x 74 74
+ 1 75
x 75 75
+ 1 76
x 76 76
+ 1 77
x 77 77
+ 1 78
x 78 78
+ 1 79
x 79 79
+ 1 80
x 80 80
+ 1 81
x 81 81
+ 1 82
x 82 82
+ 1 83
x 83 83
+ 1 84
x 84 84
+ 1 85
x 85 85
+ 1 86
x 86 86
+ 1 87
x 87 87
+ 1 88
x 88 88
+ 1 89
x 89 89
+ 1 90
x 90 90
+ 1 91
x 91 91
+ 1 92
x 92 92
+ 1 93
x 93 93
+ 1 94
x 94 94
+ 1 95
x 95 95
+ 1 96
x 96 96
+ 1 97
x 97 97
+ 1 98
x 98 98
+ 1 99
x 99 99
+ 1 100
x 100 100
Case #8: 60 57
o 1 1
+ 1 2
x 2 2
+ 1 3
x 3 3
x 4 4
+ 1 5
x 5 5
+ 1 6
x 6 6
+ 1 7
x 7 7
+ 1 8
x 8 8
+ 1 9
x 9 9
+ 1 10
x 10 10
+ 1 11
x 11 11
+ 1 12
x 12 12
+ 1 13
x 13 13
+ 1 14
x 14 14
+ 1 15
x 15 15
+ 1 16
x 16 16
x 17 17
+ 1 18
x 18 18
+ 1 19
x 19 19
+ 1 20
x 20 20
+ 1 21
x 21 21
+ 1 22
x 22 22
+ 1 23
x 23 23
+ 1 24
x 24 24
+ 1 25
x 25 25
+ 1 26
x 26 26
+ 1 27
x 27 27
+ 1 28
x 28 28
+ 1 29
x 29 29
+ 1 30
x 30 30
Case #9: 2 1
o 1 1
Case #10: 200 100
o 1 1
x 2 2
x 3 3
x 4 4
x 5 5
x 6 6
x 7 7
x 8 8
x 9 9
x 10 10
x 11 11
x 12 12
x 13 13
x 14 14
x 15 15
x 16 16
x 17 17
x 18 18
x 19 19
x 20 20
x 21 21
x 22 22
x 23 23
x 24 24
x 25 25
x 26 26
x 27 27
x 28 28
x 29 29
x 30 30
x 31 31
x 32 32
x 33 33
x 34 34
x 35 35
x 36 36
x 37 37
x 38 38
x 39 39
x 40 40
x 41 41
x 42 42
x 43 43
x 44 44
x 45 45
x 46 46
x 47 47
x 48 48
x 49 49
x 50 50
x 51 51
x 52 52
x 53 53
x 54 54
x 55 55
x 56 56
x 57 57
x 58 58
x 59 59
x 60 60
x 61 61
x 62 62
x 63 63
x 64 64
x 65 65
x 66 66
x 67 67
x 68 68
x 69 69
x 70 70
x 71 71
x 72 72
x 73 73
x 74 74
x 75 75
x 76 76
x 77 77
x 78 78
x 79 79
x 80 80
x 81 81
x 82 82
x 83 83
x 84 84
x 85 85
x 86 86
x 87 87
x 88 88
x 89 89
x 90 90
x 91 91
x 92 92
x 93 93
x 94 94
x 95 95
x 96 96
x 97 97
x 98 98
x 99 99
x 100 100
Case #11: 36 33
+ 1 2
x 2 2
+ 1 3
x 3 3
+ 1 4
x 4 4
+ 1 5
x 5 5
+ 1 6
x 6 6
+ 1 7
x 7 7
x 8 8
+ 1 9
x 9 9
+ 1 10
x 10 10
+ 1 11
x 11 11
+ 1 12
x 12 12
+ 1 13
x 13 13
+ 1 14
x 14 14
+ 1 15
x 15 15
+ 1 16
x 16 16
+ 1 17
x 17 17
+ 1 18
x 18 18
Case #12: 200 198
o 1 1
+ 1 2
x 2 2
+ 1 3
x 3 3
+ 1 4
x 4 4
+ 1 5
x 5 5
+ 1 6
x 6 6
+ 1 7
x 7 7
+ 1 8
x 8 8
+ 1 9
x 9 9
+ 1 10
x 10 10
+ 1 11
x 11 11
+ 1 12
x 12 12
+ 1 13
x 13 13
+ 1 14
x 14 14
+ 1 15
x 15 15
+ 1 16
x 16 16
+ 1 17
x 17 17
+ 1 18
x 18 18
+ 1 19
x 19 19
+ 1 20
x 20 20
+ 1 21
x 21 21
+ 1 22
x 22 22
+ 1 23
x 23 23
+ 1 24
x 24 24
+ 1 25
x 25 25
+ 1 26
x 26 26
+ 1 27
x 27 27
+ 1 28
x 28 28
+ 1 29
x 29 29
+ 1 30
x 30 30
+ 1 31
x 31 31
+ 1 32
x 32 32
+ 1 33
x 33 33
+ 1 34
x 34 34
+ 1 35
x 35 35
+ 1 36
x 36 36
+ 1 37
x 37 37
+ 1 38
x 38 38
+ 1 39
x 39 39
+ 1 40
x 40 40
+ 1 41
x 41 41
+ 1 42
x 42 42
+ 1 43
x 43 43
+ 1 44
x 44 44
+ 1 45
x 45 45
+ 1 46
x 46 46
+ 1 47
x 47 47
+ 1 48
x 48 48
+ 1 49
x 49 49
+ 1 50
x 50 50
+ 1 51
x 51 51
+ 1 52
x 52 52
+ 1 53
x 53 53
+ 1 54
x 54 54
+ 1 55
x 55 55
+ 1 56
x 56 56
+ 1 57
x 57 57
+ 1 58
x 58 58
x 59 59
+ 1 60
x 60 60
+ 1 61
x 61 61
+ 1 62
x 62 62
+ 1 63
x 63 63
+ 1 64
x 64 64
+ 1 65
x 65 65
+ 1 66
x 66 66
+ 1 67
x 67 67
+ 1 68
x 68 68
+ 1 69
x 69 69
+ 1 70
x 70 70
+ 1 71
x 71 71
+ 1 72
x 72 72
+ 1 73
x 73 73
+ 1 74
x 74 74
+ 1 75
x 75 75
+ 1 76
x 76 76
+ 1 77
x 77 77
+ 1 78
x 78 78
+ 1 79
x 79 79
+ 1 80
x 80 80
+ 1 81
x 81 81
+ 1 82
x 82 82
+ 1 83
x 83 83
+ 1 84
x 84 84
+ 1 85
x 85 85
+ 1 86
x 86 86
+ 1 87
x 87 87
+ 1 88
x 88 88
+ 1 89
x 89 89
+ 1 90
x 90 90
+ 1 91
x 91 91
+ 1 92
x 92 92
+ 1 93
x 93 93
+ 1 94
x 94 94
+ 1 95
x 95 95
+ 1 96
x 96 96
+ 1 97
x 97 97
+ 1 98
x 98 98
+ 1 99
x 99 99
+ 1 100
x 100 100
Case #13: 200 199
o 1 1
+ 1 2
x 2 2
+ 1 3
x 3 3
+ 1 4
x 4 4
+ 1 5
x 5 5
+ 1 6
x 6 6
+ 1 7
x 7 7
+ 1 8
x 8 8
+ 1 9
x 9 9
+ 1 10
x 10 10
+ 1 11
x 11 11
+ 1 12
x 12 12
+ 1 13
x 13 13
+ 1 14
x 14 14
+ 1 15
x 15 15
+ 1 16
x 16 16
+ 1 17
x 17 17
+ 1 18
x 18 18
+ 1 19
x 19 19
+ 1 20
x 20 20
+ 1 21
x 21 21
+ 1 22
x 22 22
+ 1 23
x 23 23
+ 1 24
x 24 24
+ 1 25
x 25 25
+ 1 26
x 26 26
+ 1 27
x 27 27
+ 1 28
x 28 28
+ 1 29
x 29 29
+ 1 30
x 30 30
+ 1 31
x 31 31
+ 1 32
x 32 32
+ 1 33
x 33 33
+ 1 34
x 34 34
+ 1 35
x 35 35
+ 1 36
x 36 36
+ 1 37
x 37 37
+ 1 38
x 38 38
+ 1 39
x 39 39
+ 1 40
x 40 40
+ 1 41
x 41 41
+ 1 42
x 42 42
+ 1 43
x 43 43
+ 1 44
x 44 44
+ 1 45
x 45 45
+ 1 46
x 46 46
+ 1 47
x 47 47
+ 1 48
x 48 48
+ 1 49
x 49 49
+ 1 50
x 50 50
+ 1 51
x 51 51
+ 1 52
x 52 52
+ 1 53
x 53 53
+ 1 54
x 54 54
+ 1 55
x 55 55
+ 1 56
x 56 56
+ 1 57
x 57 57
+ 1 58
x 58 58
+ 1 59
x 59 59
+ 1 60
x 60 60
+ 1 61
x 61 61
+ 1 62
x 62 62
+ 1 63
x 63 63
+ 1 64
x 64 64
+ 1 65
x 65 65
+ 1 66
x 66 66
+ 1 67
x 67 67
+ 1 68
x 68 68
+ 1 69
x 69 69
+ 1 70
x 70 70
+ 1 71
x 71 71
+ 1 72
x 72 72
+ 1 73
x 73 73
+ 1 74
x 74 74
+ 1 75
x 75 75
+ 1 76
x 76 76
+ 1 77
x 77 77
+ 1 78
x 78 78
+ 1 79
x 79 79
+ 1 80
x 80 80
+ 1 81
x 81 81
+ 1 82
x 82 82
+ 1 83
x 83 83
+ 1 84
x 84 84
+ 1 85
x 85 85
+ 1 86
x 86 86
+ 1 87
x 87 87
+ 1 88
x 88 88
+ 1 89
x 89 89
+ 1 90
x 90 90
+ 1 91
x 91 91
+ 1 92
x 92 92
+ 1 93
x 93 93
+ 1 94
x 94 94
+ 1 95
x 95 95
+ 1 96
x 96 96
+ 1 97
x 97 97
+ 1 98
x 98 98
+ 1 99
x 99 99
+ 1 100
x 100 100
Case #14: 200 196
o 1 1
+ 1 2
x 2 2
+ 1 3
x 3 3
+ 1 4
x 4 4
+ 1 5
x 5 5
+ 1 6
x 6 6
x 7 7
x 8 8
+ 1 9
x 9 9
x 10 10
+ 1 11
x 11 11
+ 1 12
x 12 12
+ 1 13
x 13 13
+ 1 14
x 14 14
+ 1 15
x 15 15
+ 1 16
x 16 16
+ 1 17
x 17 17
+ 1 18
x 18 18
+ 1 19
x 19 19
+ 1 20
x 20 20
+ 1 21
x 21 21
+ 1 22
x 22 22
+ 1 23
x 23 23
+ 1 24
x 24 24
+ 1 25
x 25 25
+ 1 26
x 26 26
+ 1 27
x 27 27
+ 1 28
x 28 28
+ 1 29
x 29 29
+ 1 30
x 30 30
+ 1 31
x 31 31
+ 1 32
x 32 32
+ 1 33
x 33 33
+ 1 34
x 34 34
+ 1 35
x 35 35
+ 1 36
x 36 36
+ 1 37
x 37 37
+ 1 38
x 38 38
+ 1 39
x 39 39
+ 1 40
x 40 40
+ 1 41
x 41 41
+ 1 42
x 42 42
+ 1 43
x 43 43
+ 1 44
x 44 44
+ 1 45
x 45 45
+ 1 46
x 46 46
+ 1 47
x 47 47
+ 1 48
x 48 48
+ 1 49
x 49 49
+ 1 50
x 50 50
+ 1 51
x 51 51
+ 1 52
x 52 52
+ 1 53
x 53 53
+ 1 54
x 54 54
+ 1 55
x 55 55
+ 1 56
x 56 56
+ 1 57
x 57 57
+ 1 58
x 58 58
+ 1 59
x 59 59
+ 1 60
x 60 60
+ 1 61
x 61 61
+ 1 62
x 62 62
+ 1 63
x 63 63
+ 1 64
x 64 64
+ 1 65
x 65 65
+ 1 66
x 66 66
+ 1 67
x 67 67
+ 1 68
x 68 68
+ 1 69
x 69 69
+ 1 70
x 70 70
+ 1 71
x 71 71
+ 1 72
x 72 72
+ 1 73
x 73 73
+ 1 74
x 74 74
+ 1 75
x 75 75
+ 1 76
x 76 76
+ 1 77
x 77 77
+ 1 78
x 78 78
+ 1 79
x 79 79
+ 1 80
x 80 80
+ 1 81
x 81 81
+ 1 82
x 82 82
+ 1 83
x 83 83
+ 1 84
x 84 84
+ 1 85
x 85 85
+ 1 86
x 86 86
+ 1 87
x 87 87
+ 1 88
x 88 88
+ 1 89
x 89 89
+ 1 90
x 90 90
+ 1 91
x 91 91
+ 1 92
x 92 92
+ 1 93
x 93 93
+ 1 94
x 94 94
+ 1 95
x 95 95
+ 1 96
x 96 96
+ 1 97
x 97 97
+ 1 98
x 98 98
+ 1 99
x 99 99
+ 1 100
x 100 100
Case #15: 200 197
o 1 1
x 2 2
+ 1 3
x 3 3
+ 1 4
x 4 4
+ 1 5
x 5 5
x 6 6
+ 1 7
x 7 7
+ 1 8
x 8 8
+ 1 9
x 9 9
+ 1 10
x 10 10
+ 1 11
x 11 11
+ 1 12
x 12 12
+ 1 13
x 13 13
+ 1 14
x 14 14
+ 1 15
x 15 15
+ 1 16
x 16 16
+ 1 17
x 17 17
+ 1 18
x 18 18
+ 1 19
x 19 19
+ 1 20
x 20 20
+ 1 21
x 21 21
+ 1 22
x 22 22
+ 1 23
x 23 23
+ 1 24
x 24 24
+ 1 25
x 25 25
+ 1 26
x 26 26
+ 1 27
x 27 27
+ 1 28
x 28 28
+ 1 29
x 29 29
+ 1 30
x 30 30
+ 1 31
x 31 31
+ 1 32
x 32 32
+ 1 33
x 33 33
+ 1 34
x 34 34
+ 1 35
x 35 35
+ 1 36
x 36 36
+ 1 37
x 37 37
+ 1 38
x 38 38
+ 1 39
x 39 39
+ 1 40
x 40 40
+ 1 41
x 41 41
+ 1 42
x 42 42
+ 1 43
x 43 43
+ 1 44
x 44 44
+ 1 45
x 45 45
+ 1 46
x 46 46
+ 1 47
x 47 47
+ 1 48
x 48 48
+ 1 49
x 49 49
+ 1 50
x 50 50
+ 1 51
x 51 51
+ 1 52
x 52 52
+ 1 53
x 53 53
+ 1 54
x 54 54
+ 1 55
x 55 55
+ 1 56
x 56 56
+ 1 57
x 57 57
+ 1 58
x 58 58
+ 1 59
x 59 59
+ 1 60
x 60 60
+ 1 61
x 61 61
+ 1 62
x 62 62
+ 1 63
x 63 63
+ 1 64
x 64 64
+ 1 65
x 65 65
+ 1 66
x 66 66
+ 1 67
x 67 67
+ 1 68
x 68 68
+ 1 69
x 69 69
+ 1 70
x 70 70
+ 1 71
x 71 71
+ 1 72
x 72 72
+ 1 73
x 73 73
+ 1 74
x 74 74
+ 1 75
x 75 75
+ 1 76
x 76 76
+ 1 77
x 77 77
+ 1 78
x 78 78
+ 1 79
x 79 79
+ 1 80
x 80 80
+ 1 81
x 81 81
+ 1 82
x 82 82
+ 1 83
x 83 83
+ 1 84
x 84 84
+ 1 85
x 85 85
+ 1 86
x 86 86
+ 1 87
x 87 87
+ 1 88
x 88 88
+ 1 89
x 89 89
+ 1 90
x 90 90
+ 1 91
x 91 91
+ 1 92
x 92 92
+ 1 93
x 93 93
+ 1 94
x 94 94
+ 1 95
x 95 95
+ 1 96
x 96 96
+ 1 97
x 97 97
+ 1 98
x 98 98
+ 1 99
x 99 99
+ 1 100
x 100 100
Case #16: 116 112
o 1 1
+ 1 2
x 2 2
+ 1 3
x 3 3
+ 1 4
x 4 4
+ 1 5
x 5 5
x 6 6
+ 1 7
x 7 7
+ 1 8
x 8 8
+ 1 9
x 9 9
x 10 10
+ 1 11
x 11 11
+ 1 12
x 12 12
+ 1 13
x 13 13
+ 1 14
x 14 14
+ 1 15
x 15 15
+ 1 16
x 16 16
+ 1 17
x 17 17
+ 1 18
x 18 18
+ 1 19
x 19 19
+ 1 20
x 20 20
x 21 21
+ 1 22
x 22 22
+ 1 23
x 23 23
+ 1 24
x 24 24
+ 1 25
x 25 25
+ 1 26
x 26 26
+ 1 27
x 27 27
+ 1 28
x 28 28
+ 1 29
x 29 29
+ 1 30
x 30 30
+ 1 31
x 31 31
+ 1 32
x 32 32
+ 1 33
x 33 33
+ 1 34
x 34 34
+ 1 35
x 35 35
+ 1 36
x 36 36
+ 1 37
x 37 37
+ 1 38
x 38 38
+ 1 39
x 39 39
+ 1 40
x 40 40
+ 1 41
x 41 41
+ 1 42
x 42 42
+ 1 43
x 43 43
+ 1 44
x 44 44
+ 1 45
x 45 45
+ 1 46
x 46 46
+ 1 47
x 47 47
+ 1 48
x 48 48
+ 1 49
x 49 49
+ 1 50
x 50 50
+ 1 51
x 51 51
+ 1 52
x 52 52
+ 1 53
x 53 53
+ 1 54
x 54 54
+ 1 55
x 55 55
+ 1 56
x 56 56
+ 1 57
x 57 57
+ 1 58
x 58 58
Case #17: 200 196
o 1 1
x 2 2
+ 1 3
x 3 3
+ 1 4
x 4 4
+ 1 5
x 5 5
+ 1 6
x 6 6
+ 1 7
x 7 7
+ 1 8
x 8 8
+ 1 9
x 9 9
+ 1 10
x 10 10
x 11 11
+ 1 12
x 12 12
+ 1 13
x 13 13
+ 1 14
x 14 14
+ 1 15
x 15 15
+ 1 16
x 16 16
+ 1 17
x 17 17
+ 1 18
x 18 18
+ 1 19
x 19 19
+ 1 20
x 20 20
+ 1 21
x 21 21
+ 1 22
x 22 22
+ 1 23
x 23 23
x 24 24
+ 1 25
x 25 25
+ 1 26
x 26 26
+ 1 27
x 27 27
+ 1 28
x 28 28
+ 1 29
x 29 29
+ 1 30
x 30 30
+ 1 31
x 31 31
+ 1 32
x 32 32
+ 1 33
x 33 33
+ 1 34
x 34 34
+ 1 35
x 35 35
+ 1 36
x 36 36
+ 1 37
x 37 37
+ 1 38
x 38 38
+ 1 39
x 39 39
+ 1 40
x 40 40
+ 1 41
x 41 41
+ 1 42
x 42 42
+ 1 43
x 43 43
+ 1 44
x 44 44
+ 1 45
x 45 45
+ 1 46
x 46 46
+ 1 47
x 47 47
+ 1 48
x 48 48
+ 1 49
x 49 49
+ 1 50
x 50 50
+ 1 51
x 51 51
+ 1 52
x 52 52
+ 1 53
x 53 53
+ 1 54
x 54 54
+ 1 55
x 55 55
+ 1 56
x 56 56
+ 1 57
x 57 57
+ 1 58
x 58 58
+ 1 59
x 59 59
+ 1 60
x 60 60
+ 1 61
x 61 61
+ 1 62
x 62 62
+ 1 63
x 63 63
+ 1 64
x 64 64
+ 1 65
x 65 65
+ 1 66
x 66 66
+ 1 67
x 67 67
+ 1 68
x 68 68
+ 1 69
x 69 69
+ 1 70
x 70 70
+ 1 71
x 71 71
+ 1 72
x 72 72
+ 1 73
x 73 73
+ 1 74
x 74 74
+ 1 75
x 75 75
+ 1 76
x 76 76
+ 1 77
x 77 77
+ 1 78
x 78 78
+ 1 79
x 79 79
+ 1 80
x 80 80
+ 1 81
x 81 81
+ 1 82
x 82 82
+ 1 83
x 83 83
+ 1 84
x 84 84
+ 1 85
x 85 85
+ 1 86
x 86 86
+ 1 87
x 87 87
+ 1 88
x 88 88
+ 1 89
x 89 89
+ 1 90
x 90 90
+ 1 91
x 91 91
+ 1 92
x 92 92
+ 1 93
x 93 93
+ 1 94
x 94 94
+ 1 95
x 95 95
+ 1 96
x 96 96
+ 1 97
x 97 97
+ 1 98
x 98 98
+ 1 99
x 99 99
+ 1 100
x 100 100
Case #18: 198 197
o 1 1
+ 1 2
x 2 2
+ 1 3
x 3 3
+ 1 4
x 4 4
+ 1 5
x 5 5
+ 1 6
x 6 6
+ 1 7
x 7 7
+ 1 8
x 8 8
+ 1 9
x 9 9
+ 1 10
x 10 10
+ 1 11
x 11 11
+ 1 12
x 12 12
+ 1 13
x 13 13
+ 1 14
x 14 14
+ 1 15
x 15 15
+ 1 16
x 16 16
+ 1 17
x 17 17
+ 1 18
x 18 18
+ 1 19
x 19 19
+ 1 20
x 20 20
+ 1 21
x 21 21
+ 1 22
x 22 22
+ 1 23
x 23 23
+ 1 24
x 24 24
+ 1 25
x 25 25
+ 1 26
x 26 26
+ 1 27
x 27 27
+ 1 28
x 28 28
+ 1 29
x 29 29
+ 1 30
x 30 30
+ 1 31
x 31 31
+ 1 32
x 32 32
+ 1 33
x 33 33
+ 1 34
x 34 34
+ 1 35
x 35 35
+ 1 36
x 36 36
+ 1 37
x 37 37
+ 1 38
x 38 38
+ 1 39
x 39 39
+ 1 40
x 40 40
+ 1 41
x 41 41
+ 1 42
x 42 42
+ 1 43
x 43 43
+ 1 44
x 44 44
+ 1 45
x 45 45
+ 1 46
x 46 46
+ 1 47
x 47 47
+ 1 48
x 48 48
+ 1 49
x 49 49
+ 1 50
x 50 50
+ 1 51
x 51 51
+ 1 52
x 52 52
+ 1 53
x 53 53
+ 1 54
x 54 54
+ 1 55
x 55 55
+ 1 56
x 56 56
+ 1 57
x 57 57
+ 1 58
x 58 58
+ 1 59
x 59 59
+ 1 60
x 60 60
+ 1 61
x 61 61
+ 1 62
x 62 62
+ 1 63
x 63 63
+ 1 64
x 64 64
+ 1 65
x 65 65
+ 1 66
x 66 66
+ 1 67
x 67 67
+ 1 68
x 68 68
+ 1 69
x 69 69
+ 1 70
x 70 70
+ 1 71
x 71 71
+ 1 72
x 72 72
+ 1 73
x 73 73
+ 1 74
x 74 74
+ 1 75
x 75 75
+ 1 76
x 76 76
+ 1 77
x 77 77
+ 1 78
x 78 78
+ 1 79
x 79 79
+ 1 80
x 80 80
+ 1 81
x 81 81
+ 1 82
x 82 82
+ 1 83
x 83 83
+ 1 84
x 84 84
+ 1 85
x 85 85
+ 1 86
x 86 86
+ 1 87
x 87 87
+ 1 88
x 88 88
+ 1 89
x 89 89
+ 1 90
x 90 90
+ 1 91
x 91 91
+ 1 92
x 92 92
+ 1 93
x 93 93
+ 1 94
x 94 94
+ 1 95
x 95 95
+ 1 96
x 96 96
+ 1 97
x 97 97
+ 1 98
x 98 98
+ 1 99
x 99 99
Case #19: 200 198
o 1 1
+ 1 2
x 2 2
+ 1 3
x 3 3
+ 1 4
x 4 4
+ 1 5
x 5 5
+ 1 6
x 6 6
+ 1 7
x 7 7
+ 1 8
x 8 8
+ 1 9
x 9 9
+ 1 10
x 10 10
+ 1 11
x 11 11
+ 1 12
x 12 12
+ 1 13
x 13 13
+ 1 14
x 14 14
+ 1 15
x 15 15
+ 1 16
x 16 16
+ 1 17
x 17 17
+ 1 18
x 18 18
+ 1 19
x 19 19
+ 1 20
x 20 20
+ 1 21
x 21 21
+ 1 22
x 22 22
+ 1 23
x 23 23
+ 1 24
x 24 24
+ 1 25
x 25 25
+ 1 26
x 26 26
+ 1 27
x 27 27
x 28 28
+ 1 29
x 29 29
+ 1 30
x 30 30
+ 1 31
x 31 31
+ 1 32
x 32 32
+ 1 33
x 33 33
+ 1 34
x 34 34
+ 1 35
x 35 35
+ 1 36
x 36 36
+ 1 37
x 37 37
+ 1 38
x 38 38
+ 1 39
x 39 39
+ 1 40
x 40 40
+ 1 41
x 41 41
+ 1 42
x 42 42
+ 1 43
x 43 43
+ 1 44
x 44 44
+ 1 45
x 45 45
+ 1 46
x 46 46
+ 1 47
x 47 47
+ 1 48
x 48 48
+ 1 49
x 49 49
+ 1 50
x 50 50
+ 1 51
x 51 51
+ 1 52
x 52 52
+ 1 53
x 53 53
+ 1 54
x 54 54
+ 1 55
x 55 55
+ 1 56
x 56 56
+ 1 57
x 57 57
+ 1 58
x 58 58
+ 1 59
x 59 59
+ 1 60
x 60 60
+ 1 61
x 61 61
+ 1 62
x 62 62
+ 1 63
x 63 63
+ 1 64
x 64 64
+ 1 65
x 65 65
+ 1 66
x 66 66
+ 1 67
x 67 67
+ 1 68
x 68 68
+ 1 69
x 69 69
+ 1 70
x 70 70
+ 1 71
x 71 71
+ 1 72
x 72 72
+ 1 73
x 73 73
+ 1 74
x 74 74
+ 1 75
x 75 75
+ 1 76
x 76 76
+ 1 77
x 77 77
+ 1 78
x 78 78
+ 1 79
x 79 79
+ 1 80
x 80 80
+ 1 81
x 81 81
+ 1 82
x 82 82
+ 1 83
x 83 83
+ 1 84
x 84 84
+ 1 85
x 85 85
+ 1 86
x 86 86
+ 1 87
x 87 87
+ 1 88
x 88 88
+ 1 89
x 89 89
+ 1 90
x 90 90
+ 1 91
x 91 91
+ 1 92
x 92 92
+ 1 93
x 93 93
+ 1 94
x 94 94
+ 1 95
x 95 95
+ 1 96
x 96 96
+ 1 97
x 97 97
+ 1 98
x 98 98
+ 1 99
x 99 99
+ 1 100
x 100 100
Case #20: 200 101
o 1 1
+ 1 2
x 2 2
x 3 3
x 4 4
x 5 5
x 6 6
x 7 7
x 8 8
x 9 9
x 10 10
x 11 11
x 12 12
x 13 13
x 14 14
x 15 15
x 16 16
x 17 17
x 18 18
x 19 19
x 20 20
x 21 21
x 22 22
x 23 23
x 24 24
x 25 25
x 26 26
x 27 27
x 28 28
x 29 29
x 30 30
x 31 31
x 32 32
x 33 33
x 34 34
x 35 35
x 36 36
x 37 37
x 38 38
x 39 39
x 40 40
x 41 41
x 42 42
x 43 43
x 44 44
x 45 45
x 46 46
x 47 47
x 48 48
x 49 49
x 50 50
x 51 51
x 52 52
x 53 53
x 54 54
x 55 55
x 56 56
x 57 57
x 58 58
x 59 59
x 60 60
x 61 61
x 62 62
x 63 63
x 64 64
x 65 65
x 66 66
x 67 67
x 68 68
x 69 69
x 70 70
x 71 71
x 72 72
x 73 73
x 74 74
x 75 75
x 76 76
x 77 77
x 78 78
x 79 79
x 80 80
x 81 81
x 82 82
x 83 83
x 84 84
x 85 85
x 86 86
x 87 87
x 88 88
x 89 89
x 90 90
x 91 91
x 92 92
x 93 93
x 94 94
x 95 95
x 96 96
x 97 97
x 98 98
x 99 99
x 100 100
Case #21: 200 195
o 1 1
+ 1 2
x 2 2
+ 1 3
x 3 3
+ 1 4
x 4 4
+ 1 5
x 5 5
+ 1 6
x 6 6
+ 1 7
x 7 7
+ 1 8
x 8 8
+ 1 9
x 9 9
+ 1 10
x 10 10
+ 1 11
x 11 11
+ 1 12
x 12 12
+ 1 13
x 13 13
+ 1 14
x 14 14
+ 1 15
x 15 15
+ 1 16
x 16 16
+ 1 17
x 17 17
+ 1 18
x 18 18
+ 1 19
x 19 19
+ 1 20
x 20 20
+ 1 21
x 21 21
+ 1 22
x 22 22
+ 1 23
x 23 23
+ 1 24
x 24 24
+ 1 25
x 25 25
+ 1 26
x 26 26
+ 1 27
x 27 27
+ 1 28
x 28 28
+ 1 29
x 29 29
+ 1 30
x 30 30
+ 1 31
x 31 31
+ 1 32
x 32 32
+ 1 33
x 33 33
+ 1 34
x 34 34
+ 1 35
x 35 35
+ 1 36
x 36 36
+ 1 37
x 37 37
x 38 38
+ 1 39
x 39 39
+ 1 40
x 40 40
+ 1 41
x 41 41
+ 1 42
x 42 42
+ 1 43
x 43 43
+ 1 44
x 44 44
+ 1 45
x 45 45
+ 1 46
x 46 46
+ 1 47
x 47 47
x 48 48
+ 1 49
x 49 49
+ 1 50
x 50 50
+ 1 51
x 51 51
+ 1 52
x 52 52
+ 1 53
x 53 53
+ 1 54
x 54 54
+ 1 55
x 55 55
+ 1 56
x 56 56
+ 1 57
x 57 57
x 58 58
+ 1 59
x 59 59
+ 1 60
x 60 60
+ 1 61
x 61 61
+ 1 62
x 62 62
+ 1 63
x 63 63
+ 1 64
x 64 64
+ 1 65
x 65 65
+ 1 66
x 66 66
+ 1 67
x 67 67
+ 1 68
x 68 68
+ 1 69
x 69 69
+ 1 70
x 70 70
x 71 71
+ 1 72
x 72 72
+ 1 73
x 73 73
+ 1 74
x 74 74
+ 1 75
x 75 75
+ 1 76
x 76 76
+ 1 77
x 77 77
+ 1 78
x 78 78
+ 1 79
x 79 79
+ 1 80
x 80 80
+ 1 81
x 81 81
+ 1 82
x 82 82
+ 1 83
x 83 83
+ 1 84
x 84 84
+ 1 85
x 85 85
+ 1 86
x 86 86
+ 1 87
x 87 87
+ 1 88
x 88 88
+ 1 89
x 89 89
+ 1 90
x 90 90
+ 1 91
x 91 91
+ 1 92
x 92 92
+ 1 93
x 93 93
+ 1 94
x 94 94
+ 1 95
x 95 95
+ 1 96
x 96 96
+ 1 97
x 97 97
+ 1 98
x 98 98
+ 1 99
x 99 99
+ 1 100
x 100 100
Case #22: 200 191
o 1 1
+ 1 2
x 2 2
+ 1 3
x 3 3
x 4 4
x 5 5
x 6 6
+ 1 7
x 7 7
+ 1 8
x 8 8
+ 1 9
x 9 9
+ 1 10
x 10 10
+ 1 11
x 11 11
x 12 12
+ 1 13
x 13 13
+ 1 14
x 14 14
+ 1 15
x 15 15
x 16 16
x 17 17
+ 1 18
x 18 18
+ 1 19
x 19 19
+ 1 20
x 20 20
+ 1 21
x 21 21
+ 1 22
x 22 22
+ 1 23
x 23 23
+ 1 24
x 24 24
+ 1 25
x 25 25
+ 1 26
x 26 26
+ 1 27
x 27 27
+ 1 28
x 28 28
+ 1 29
x 29 29
+ 1 30
x 30 30
+ 1 31
x 31 31
+ 1 32
x 32 32
+ 1 33
x 33 33
+ 1 34
x 34 34
+ 1 35
x 35 35
+ 1 36
x 36 36
+ 1 37
x 37 37
+ 1 38
x 38 38
+ 1 39
x 39 39
+ 1 40
x 40 40
+ 1 41
x 41 41
+ 1 42
x 42 42
+ 1 43
x 43 43
+ 1 44
x 44 44
+ 1 45
x 45 45
+ 1 46
x 46 46
+ 1 47
x 47 47
+ 1 48
x 48 48
+ 1 49
x 49 49
+ 1 50
x 50 50
+ 1 51
x 51 51
+ 1 52
x 52 52
+ 1 53
x 53 53
+ 1 54
x 54 54
+ 1 55
x 55 55
+ 1 56
x 56 56
+ 1 57
x 57 57
+ 1 58
x 58 58
+ 1 59
x 59 59
+ 1 60
x 60 60
+ 1 61
x 61 61
+ 1 62
x 62 62
+ 1 63
x 63 63
+ 1 64
x 64 64
+ 1 65
x 65 65
+ 1 66
x 66 66
+ 1 67
x 67 67
+ 1 68
x 68 68
+ 1 69
x 69 69
+ 1 70
x 70 70
+ 1 71
x 71 71
+ 1 72
x 72 72
+ 1 73
x 73 73
+ 1 74
x 74 74
+ 1 75
x 75 75
+ 1 76
x 76 76
+ 1 77
x 77 77
+ 1 78
x 78 78
x 79 79
+ 1 80
x 80 80
+ 1 81
x 81 81
+ 1 82
x 82 82
x 83 83
+ 1 84
x 84 84
+ 1 85
x 85 85
+ 1 86
x 86 86
+ 1 87
x 87 87
+ 1 88
x 88 88
+ 1 89
x 89 89
+ 1 90
x 90 90
+ 1 91
x 91 91
+ 1 92
x 92 92
+ 1 93
x 93 93
+ 1 94
x 94 94
+ 1 95
x 95 95
+ 1 96
x 96 96
+ 1 97
x 97 97
+ 1 98
x 98 98
+ 1 99
x 99 99
+ 1 100
x 100 100
Case #23: 80 76
o 1 1
+ 1 2
x 2 2
+ 1 3
x 3 3
+ 1 4
x 4 4
+ 1 5
x 5 5
+ 1 6
x 6 6
+ 1 7
x 7 7
+ 1 8
x 8 8
+ 1 9
x 9 9
+ 1 10
x 10 10
+ 1 11
x 11 11
+ 1 12
x 12 12
x 13 13
+ 1 14
x 14 14
+ 1 15
x 15 15
+ 1 16
x 16 16
+ 1 17
x 17 17
x 18 18
+ 1 19
x 19 19
+ 1 20
x 20 20
+ 1 21
x 21 21
+ 1 22
x 22 22
+ 1 23
x 23 23
+ 1 24
x 24 24
x 25 25
+ 1 26
x 26 26
+ 1 27
x 27 27
+ 1 28
x 28 28
+ 1 29
x 29 29
+ 1 30
x 30 30
+ 1 31
x 31 31
+ 1 32
x 32 32
+ 1 33
x 33 33
+ 1 34
x 34 34
+ 1 35
x 35 35
+ 1 36
x 36 36
+ 1 37
x 37 37
+ 1 38
x 38 38
+ 1 39
x 39 39
+ 1 40
x 40 40
Case #24: 200 199
o 1 1
+ 1 2
x 2 2
+ 1 3
x 3 3
+ 1 4
x 4 4
+ 1 5
x 5 5
+ 1 6
x 6 6
+ 1 7
x 7 7
+ 1 8
x 8 8
+ 1 9
x 9 9
+ 1 10
x 10 10
+ 1 11
x 11 11
+ 1 12
x 12 12
+ 1 13
x 13 13
+ 1 14
x 14 14
+ 1 15
x 15 15
+ 1 16
x 16 16
+ 1 17
x 17 17
+ 1 18
x 18 18
+ 1 19
x 19 19
+ 1 20
x 20 20
+ 1 21
x 21 21
+ 1 22
x 22 22
+ 1 23
x 23 23
+ 1 24
x 24 24
+ 1 25
x 25 25
+ 1 26
x 26 26
+ 1 27
x 27 27
+ 1 28
x 28 28
+ 1 29
x 29 29
+ 1 30
x 30 30
+ 1 31
x 31 31
+ 1 32
x 32 32
+ 1 33
x 33 33
+ 1 34
x 34 34
+ 1 35
x 35 35
+ 1 36
x 36 36
+ 1 37
x 37 37
+ 1 38
x 38 38
+ 1 39
x 39 39
+ 1 40
x 40 40
+ 1 41
x 41 41
+ 1 42
x 42 42
+ 1 43
x 43 43
+ 1 44
x 44 44
+ 1 45
x 45 45
+ 1 46
x 46 46
+ 1 47
x 47 47
+ 1 48
x 48 48
+ 1 49
x 49 49
+ 1 50
x 50 50
+ 1 51
x 51 51
+ 1 52
x 52 52
+ 1 53
x 53 53
+ 1 54
x 54 54
+ 1 55
x 55 55
+ 1 56
x 56 56
+ 1 57
x 57 57
+ 1 58
x 58 58
+ 1 59
x 59 59
+ 1 60
x 60 60
+ 1 61
x 61 61
+ 1 62
x 62 62
+ 1 63
x 63 63
+ 1 64
x 64 64
+ 1 65
x 65 65
+ 1 66
x 66 66
+ 1 67
x 67 67
+ 1 68
x 68 68
+ 1 69
x 69 69
+ 1 70
x 70 70
+ 1 71
x 71 71
+ 1 72
x 72 72
+ 1 73
x 73 73
+ 1 74
x 74 74
+ 1 75
x 75 75
+ 1 76
x 76 76
+ 1 77
x 77 77
+ 1 78
x 78 78
+ 1 79
x 79 79
+ 1 80
x 80 80
+ 1 81
x 81 81
+ 1 82
x 82 82
+ 1 83
x 83 83
+ 1 84
x 84 84
+ 1 85
x 85 85
+ 1 86
x 86 86
+ 1 87
x 87 87
+ 1 88
x 88 88
+ 1 89
x 89 89
+ 1 90
x 90 90
+ 1 91
x 91 91
+ 1 92
x 92 92
+ 1 93
x 93 93
+ 1 94
x 94 94
+ 1 95
x 95 95
+ 1 96
x 96 96
+ 1 97
x 97 97
+ 1 98
x 98 98
+ 1 99
x 99 99
+ 1 100
x 100 100
Case #25: 130 128
o 1 1
+ 1 2
x 2 2
+ 1 3
x 3 3
+ 1 4
x 4 4
+ 1 5
x 5 5
+ 1 6
x 6 6
+ 1 7
x 7 7
+ 1 8
x 8 8
+ 1 9
x 9 9
+ 1 10
x 10 10
+ 1 11
x 11 11
+ 1 12
x 12 12
+ 1 13
x 13 13
+ 1 14
x 14 14
+ 1 15
x 15 15
+ 1 16
x 16 16
+ 1 17
x 17 17
+ 1 18
x 18 18
+ 1 19
x 19 19
+ 1 20
x 20 20
+ 1 21
x 21 21
+ 1 22
x 22 22
+ 1 23
x 23 23
+ 1 24
x 24 24
+ 1 25
x 25 25
+ 1 26
x 26 26
+ 1 27
x 27 27
+ 1 28
x 28 28
+ 1 29
x 29 29
+ 1 30
x 30 30
+ 1 31
x 31 31
+ 1 32
x 32 32
+ 1 33
x 33 33
+ 1 34
x 34 34
+ 1 35
x 35 35
x 36 36
+ 1 37
x 37 37
+ 1 38
x 38 38
+ 1 39
x 39 39
+ 1 40
x 40 40
+ 1 41
x 41 41
+ 1 42
x 42 42
+ 1 43
x 43 43
+ 1 44
x 44 44
+ 1 45
x 45 45
+ 1 46
x 46 46
+ 1 47
x 47 47
+ 1 48
x 48 48
+ 1 49
x 49 49
+ 1 50
x 50 50
+ 1 51
x 51 51
+ 1 52
x 52 52
+ 1 53
x 53 53
+ 1 54
x 54 54
+ 1 55
x 55 55
+ 1 56
x 56 56
+ 1 57
x 57 57
+ 1 58
x 58 58
+ 1 59
x 59 59
+ 1 60
x 60 60
+ 1 61
x 61 61
+ 1 62
x 62 62
+ 1 63
x 63 63
+ 1 64
x 64 64
+ 1 65
x 65 65
Case #26: 6 4
o 1 1
x 2 2
+ 1 3
x 3 3
Case #27: 96 94
o 1 1
+ 1 2
x 2 2
+ 1 3
x 3 3
+ 1 4
x 4 4
+ 1 5
x 5 5
+ 1 6
x 6 6
+ 1 7
x 7 7
+ 1 8
x 8 8
+ 1 9
x 9 9
+ 1 10
x 10 10
+ 1 11
x 11 11
+ 1 12
x 12 12
+ 1 13
x 13 13
+ 1 14
x 14 14
+ 1 15
x 15 15
+ 1 16
x 16 16
+ 1 17
x 17 17
+ 1 18
x 18 18
+ 1 19
x 19 19
+ 1 20
x 20 20
+ 1 21
x 21 21
+ 1 22
x 22 22
+ 1 23
x 23 23
+ 1 24
x 24 24
+ 1 25
x 25 25
+ 1 26
x 26 26
+ 1 27
x 27 27
+ 1 28
x 28 28
+ 1 29
x 29 29
+ 1 30
x 30 30
+ 1 31
x 31 31
+ 1 32
x 32 32
+ 1 33
x 33 33
+ 1 34
x 34 34
+ 1 35
x 35 35
+ 1 36
x 36 36
+ 1 37
x 37 37
+ 1 38
x 38 38
+ 1 39
x 39 39
+ 1 40
x 40 40
+ 1 41
x 41 41
+ 1 42
x 42 42
+ 1 43
x 43 43
x 44 44
+ 1 45
x 45 45
+ 1 46
x 46 46
+ 1 47
x 47 47
+ 1 48
x 48 48
Case #28: 70 68
o 1 1
+ 1 2
x 2 2
+ 1 3
x 3 3
+ 1 4
x 4 4
+ 1 5
x 5 5
+ 1 6
x 6 6
+ 1 7
x 7 7
+ 1 8
x 8 8
+ 1 9
x 9 9
+ 1 10
x 10 10
+ 1 11
x 11 11
+ 1 12
x 12 12
+ 1 13
x 13 13
+ 1 14
x 14 14
+ 1 15
x 15 15
+ 1 16
x 16 16
+ 1 17
x 17 17
+ 1 18
x 18 18
+ 1 19
x 19 19
+ 1 20
x 20 20
+ 1 21
x 21 21
+ 1 22
x 22 22
+ 1 23
x 23 23
+ 1 24
x 24 24
+ 1 25
x 25 25
+ 1 26
x 26 26
+ 1 27
x 27 27
+ 1 28
x 28 28
+ 1 29
x 29 29
+ 1 30
x 30 30
x 31 31
+ 1 32
x 32 32
+ 1 33
x 33 33
+ 1 34
x 34 34
+ 1 35
x 35 35
Case #29: 200 197
o 1 1
+ 1 2
x 2 2
+ 1 3
x 3 3
+ 1 4
x 4 4
+ 1 5
x 5 5
+ 1 6
x 6 6
+ 1 7
x 7 7
+ 1 8
x 8 8
+ 1 9
x 9 9
+ 1 10
x 10 10
+ 1 11
x 11 11
+ 1 12
x 12 12
+ 1 13
x 13 13
+ 1 14
x 14 14
+ 1 15
x 15 15
+ 1 16
x 16 16
+ 1 17
x 17 17
+ 1 18
x 18 18
+ 1 19
x 19 19
+ 1 20
x 20 20
+ 1 21
x 21 21
+ 1 22
x 22 22
x 23 23
+ 1 24
x 24 24
+ 1 25
x 25 25
+ 1 26
x 26 26
+ 1 27
x 27 27
+ 1 28
x 28 28
+ 1 29
x 29 29
+ 1 30
x 30 30
+ 1 31
x 31 31
+ 1 32
x 32 32
+ 1 33
x 33 33
+ 1 34
x 34 34
+ 1 35
x 35 35
+ 1 36
x 36 36
+ 1 37
x 37 37
+ 1 38
x 38 38
+ 1 39
x 39 39
+ 1 40
x 40 40
+ 1 41
x 41 41
+ 1 42
x 42 42
+ 1 43
x 43 43
x 44 44
+ 1 45
x 45 45
+ 1 46
x 46 46
+ 1 47
x 47 47
+ 1 48
x 48 48
+ 1 49
x 49 49
+ 1 50
x 50 50
+ 1 51
x 51 51
+ 1 52
x 52 52
+ 1 53
x 53 53
+ 1 54
x 54 54
+ 1 55
x 55 55
+ 1 56
x 56 56
+ 1 57
x 57 57
+ 1 58
x 58 58
+ 1 59
x 59 59
+ 1 60
x 60 60
+ 1 61
x 61 61
+ 1 62
x 62 62
+ 1 63
x 63 63
+ 1 64
x 64 64
+ 1 65
x 65 65
+ 1 66
x 66 66
+ 1 67
x 67 67
+ 1 68
x 68 68
+ 1 69
x 69 69
+ 1 70
x 70 70
+ 1 71
x 71 71
+ 1 72
x 72 72
+ 1 73
x 73 73
+ 1 74
x 74 74
+ 1 75
x 75 75
+ 1 76
x 76 76
+ 1 77
x 77 77
+ 1 78
x 78 78
+ 1 79
x 79 79
+ 1 80
x 80 80
+ 1 81
x 81 81
+ 1 82
x 82 82
+ 1 83
x 83 83
+ 1 84
x 84 84
+ 1 85
x 85 85
+ 1 86
x 86 86
+ 1 87
x 87 87
+ 1 88
x 88 88
+ 1 89
x 89 89
+ 1 90
x 90 90
+ 1 91
x 91 91
+ 1 92
x 92 92
+ 1 93
x 93 93
+ 1 94
x 94 94
+ 1 95
x 95 95
+ 1 96
x 96 96
+ 1 97
x 97 97
+ 1 98
x 98 98
+ 1 99
x 99 99
+ 1 100
x 100 100
Case #30: 44 42
o 1 1
+ 1 2
x 2 2
+ 1 3
x 3 3
+ 1 4
x 4 4
x 5 5
+ 1 6
x 6 6
+ 1 7
x 7 7
+ 1 8
x 8 8
+ 1 9
x 9 9
+ 1 10
x 10 10
+ 1 11
x 11 11
+ 1 12
x 12 12
+ 1 13
x 13 13
+ 1 14
x 14 14
+ 1 15
x 15 15
+ 1 16
x 16 16
+ 1 17
x 17 17
+ 1 18
x 18 18
+ 1 19
x 19 19
+ 1 20
x 20 20
+ 1 21
x 21 21
+ 1 22
x 22 22
Case #31: 200 101
o 1 1
+ 1 2
x 2 2
x 3 3
x 4 4
x 5 5
x 6 6
x 7 7
x 8 8
x 9 9
x 10 10
x 11 11
x 12 12
x 13 13
x 14 14
x 15 15
x 16 16
x 17 17
x 18 18
x 19 19
x 20 20
x 21 21
x 22 22
x 23 23
x 24 24
x 25 25
x 26 26
x 27 27
x 28 28
x 29 29
x 30 30
x 31 31
x 32 32
x 33 33
x 34 34
x 35 35
x 36 36
x 37 37
x 38 38
x 39 39
x 40 40
x 41 41
x 42 42
x 43 43
x 44 44
x 45 45
x 46 46
x 47 47
x 48 48
x 49 49
x 50 50
x 51 51
x 52 52
x 53 53
x 54 54
x 55 55
x 56 56
x 57 57
x 58 58
x 59 59
x 60 60
x 61 61
x 62 62
x 63 63
x 64 64
x 65 65
x 66 66
x 67 67
x 68 68
x 69 69
x 70 70
x 71 71
x 72 72
x 73 73
x 74 74
x 75 75
x 76 76
x 77 77
x 78 78
x 79 79
x 80 80
x 81 81
x 82 82
x 83 83
x 84 84
x 85 85
x 86 86
x 87 87
x 88 88
x 89 89
x 90 90
x 91 91
x 92 92
x 93 93
x 94 94
x 95 95
x 96 96
x 97 97
x 98 98
x 99 99
x 100 100
Case #32: 200 197
o 1 1
+ 1 2
x 2 2
+ 1 3
x 3 3
+ 1 4
x 4 4
+ 1 5
x 5 5
+ 1 6
x 6 6
+ 1 7
x 7 7
+ 1 8
x 8 8
+ 1 9
x 9 9
+ 1 10
x 10 10
+ 1 11
x 11 11
+ 1 12
x 12 12
+ 1 13
x 13 13
+ 1 14
x 14 14
+ 1 15
x 15 15
x 16 16
+ 1 17
x 17 17
+ 1 18
x 18 18
+ 1 19
x 19 19
+ 1 20
x 20 20
+ 1 21
x 21 21
+ 1 22
x 22 22
+ 1 23
x 23 23
+ 1 24
x 24 24
+ 1 25
x 25 25
+ 1 26
x 26 26
+ 1 27
x 27 27
+ 1 28
x 28 28
x 29 29
+ 1 30
x 30 30
+ 1 31
x 31 31
+ 1 32
x 32 32
+ 1 33
x 33 33
+ 1 34
x 34 34
+ 1 35
x 35 35
+ 1 36
x 36 36
+ 1 37
x 37 37
+ 1 38
x 38 38
+ 1 39
x 39 39
+ 1 40
x 40 40
+ 1 41
x 41 41
+ 1 42
x 42 42
+ 1 43
x 43 43
+ 1 44
x 44 44
+ 1 45
x 45 45
+ 1 46
x 46 46
+ 1 47
x 47 47
+ 1 48
x 48 48
+ 1 49
x 49 49
+ 1 50
x 50 50
+ 1 51
x 51 51
+ 1 52
x 52 52
+ 1 53
x 53 53
+ 1 54
x 54 54
+ 1 55
x 55 55
+ 1 56
x 56 56
+ 1 57
x 57 57
+ 1 58
x 58 58
+ 1 59
x 59 59
+ 1 60
x 60 60
+ 1 61
x 61 61
+ 1 62
x 62 62
+ 1 63
x 63 63
+ 1 64
x 64 64
+ 1 65
x 65 65
+ 1 66
x 66 66
+ 1 67
x 67 67
+ 1 68
x 68 68
+ 1 69
x 69 69
+ 1 70
x 70 70
+ 1 71
x 71 71
+ 1 72
x 72 72
+ 1 73
x 73 73
+ 1 74
x 74 74
+ 1 75
x 75 75
+ 1 76
x 76 76
+ 1 77
x 77 77
+ 1 78
x 78 78
+ 1 79
x 79 79
+ 1 80
x 80 80
+ 1 81
x 81 81
+ 1 82
x 82 82
+ 1 83
x 83 83
+ 1 84
x 84 84
+ 1 85
x 85 85
+ 1 86
x 86 86
+ 1 87
x 87 87
+ 1 88
x 88 88
+ 1 89
x 89 89
+ 1 90
x 90 90
+ 1 91
x 91 91
+ 1 92
x 92 92
+ 1 93
x 93 93
+ 1 94
x 94 94
+ 1 95
x 95 95
+ 1 96
x 96 96
+ 1 97
x 97 97
+ 1 98
x 98 98
+ 1 99
x 99 99
+ 1 100
x 100 100
Case #33: 18 16
o 1 1
+ 1 2
x 2 2
+ 1 3
x 3 3
+ 1 4
x 4 4
+ 1 5
x 5 5
+ 1 6
x 6 6
+ 1 7
x 7 7
x 8 8
+ 1 9
x 9 9
Case #34: 194 191
o 1 1
+ 1 2
x 2 2
+ 1 3
x 3 3
+ 1 4
x 4 4
+ 1 5
x 5 5
+ 1 6
x 6 6
+ 1 7
x 7 7
+ 1 8
x 8 8
+ 1 9
x 9 9
+ 1 10
x 10 10
+ 1 11
x 11 11
+ 1 12
x 12 12
+ 1 13
x 13 13
+ 1 14
x 14 14
+ 1 15
x 15 15
+ 1 16
x 16 16
+ 1 17
x 17 17
+ 1 18
x 18 18
+ 1 19
x 19 19
+ 1 20
x 20 20
+ 1 21
x 21 21
+ 1 22
x 22 22
+ 1 23
x 23 23
+ 1 24
x 24 24
+ 1 25
x 25 25
+ 1 26
x 26 26
+ 1 27
x 27 27
+ 1 28
x 28 28
+ 1 29
x 29 29
+ 1 30
x 30 30
+ 1 31
x 31 31
+ 1 32
x 32 32
+ 1 33
x 33 33
+ 1 34
x 34 34
+ 1 35
x 35 35
+ 1 36
x 36 36
+ 1 37
x 37 37
+ 1 38
x 38 38
+ 1 39
x 39 39
+ 1 40
x 40 40
+ 1 41
x 41 41
+ 1 42
x 42 42
+ 1 43
x 43 43
+ 1 44
x 44 44
+ 1 45
x 45 45
+ 1 46
x 46 46
+ 1 47
x 47 47
+ 1 48
x 48 48
+ 1 49
x 49 49
+ 1 50
x 50 50
+ 1 51
x 51 51
+ 1 52
x 52 52
+ 1 53
x 53 53
+ 1 54
x 54 54
+ 1 55
x 55 55
+ 1 56
x 56 56
+ 1 57
x 57 57
+ 1 58
x 58 58
+ 1 59
x 59 59
+ 1 60
x 60 60
+ 1 61
x 61 61
+ 1 62
x 62 62
+ 1 63
x 63 63
+ 1 64
x 64 64
+ 1 65
x 65 65
+ 1 66
x 66 66
+ 1 67
x 67 67
+ 1 68
x 68 68
+ 1 69
x 69 69
+ 1 70
x 70 70
+ 1 71
x 71 71
+ 1 72
x 72 72
+ 1 73
x 73 73
+ 1 74
x 74 74
x 75 75
+ 1 76
x 76 76
+ 1 77
x 77 77
+ 1 78
x 78 78
+ 1 79
x 79 79
+ 1 80
x 80 80
+ 1 81
x 81 81
+ 1 82
x 82 82
+ 1 83
x 83 83
+ 1 84
x 84 84
+ 1 85
x 85 85
+ 1 86
x 86 86
+ 1 87
x 87 87
+ 1 88
x 88 88
+ 1 89
x 89 89
+ 1 90
x 90 90
+ 1 91
x 91 91
+ 1 92
x 92 92
+ 1 93
x 93 93
x 94 94
+ 1 95
x 95 95
+ 1 96
x 96 96
+ 1 97
x 97 97
Case #35: 140 135
o 1 1
+ 1 2
x 2 2
+ 1 3
x 3 3
+ 1 4
x 4 4
+ 1 5
x 5 5
+ 1 6
x 6 6
+ 1 7
x 7 7
+ 1 8
x 8 8
+ 1 9
x 9 9
+ 1 10
x 10 10
+ 1 11
x 11 11
+ 1 12
x 12 12
+ 1 13
x 13 13
+ 1 14
x 14 14
+ 1 15
x 15 15
+ 1 16
x 16 16
+ 1 17
x 17 17
+ 1 18
x 18 18
+ 1 19
x 19 19
x 20 20
+ 1 21
x 21 21
+ 1 22
x 22 22
+ 1 23
x 23 23
+ 1 24
x 24 24
+ 1 25
x 25 25
+ 1 26
x 26 26
x 27 27
+ 1 28
x 28 28
x 29 29
+ 1 30
x 30 30
+ 1 31
x 31 31
+ 1 32
x 32 32
+ 1 33
x 33 33
+ 1 34
x 34 34
+ 1 35
x 35 35
+ 1 36
x 36 36
+ 1 37
x 37 37
+ 1 38
x 38 38
+ 1 39
x 39 39
+ 1 40
x 40 40
+ 1 41
x 41 41
+ 1 42
x 42 42
+ 1 43
x 43 43
+ 1 44
x 44 44
+ 1 45
x 45 45
+ 1 46
x 46 46
+ 1 47
x 47 47
+ 1 48
x 48 48
+ 1 49
x 49 49
+ 1 50
x 50 50
+ 1 51
x 51 51
+ 1 52
x 52 52
+ 1 53
x 53 53
x 54 54
+ 1 55
x 55 55
+ 1 56
x 56 56
+ 1 57
x 57 57
+ 1 58
x 58 58
+ 1 59
x 59 59
+ 1 60
x 60 60
+ 1 61
x 61 61
+ 1 62
x 62 62
+ 1 63
x 63 63
+ 1 64
x 64 64
+ 1 65
x 65 65
+ 1 66
x 66 66
+ 1 67
x 67 67
+ 1 68
x 68 68
+ 1 69
x 69 69
+ 1 70
x 70 70
Case #36: 200 101
o 1 1
+ 1 2
x 2 2
x 3 3
x 4 4
x 5 5
x 6 6
x 7 7
x 8 8
x 9 9
x 10 10
x 11 11
x 12 12
x 13 13
x 14 14
x 15 15
x 16 16
x 17 17
x 18 18
x 19 19
x 20 20
x 21 21
x 22 22
x 23 23
x 24 24
x 25 25
x 26 26
x 27 27
x 28 28
x 29 29
x 30 30
x 31 31
x 32 32
x 33 33
x 34 34
x 35 35
x 36 36
x 37 37
x 38 38
x 39 39
x 40 40
x 41 41
x 42 42
x 43 43
x 44 44
x 45 45
x 46 46
x 47 47
x 48 48
x 49 49
x 50 50
x 51 51
x 52 52
x 53 53
x 54 54
x 55 55
x 56 56
x 57 57
x 58 58
x 59 59
x 60 60
x 61 61
x 62 62
x 63 63
x 64 64
x 65 65
x 66 66
x 67 67
x 68 68
x 69 69
x 70 70
x 71 71
x 72 72
x 73 73
x 74 74
x 75 75
x 76 76
x 77 77
x 78 78
x 79 79
x 80 80
x 81 81
x 82 82
x 83 83
x 84 84
x 85 85
x 86 86
x 87 87
x 88 88
x 89 89
x 90 90
x 91 91
x 92 92
x 93 93
x 94 94
x 95 95
x 96 96
x 97 97
x 98 98
x 99 99
x 100 100
Case #37: 200 99
x 2 2
x 3 3
x 4 4
x 5 5
x 6 6
x 7 7
x 8 8
x 9 9
x 10 10
x 11 11
x 12 12
x 13 13
x 14 14
x 15 15
x 16 16
x 17 17
x 18 18
x 19 19
x 20 20
x 21 21
x 22 22
x 23 23
x 24 24
x 25 25
x 26 26
x 27 27
x 28 28
x 29 29
x 30 30
x 31 31
x 32 32
x 33 33
x 34 34
x 35 35
x 36 36
x 37 37
x 38 38
x 39 39
x 40 40
x 41 41
x 42 42
x 43 43
x 44 44
x 45 45
x 46 46
x 47 47
x 48 48
x 49 49
x 50 50
x 51 51
x 52 52
x 53 53
x 54 54
x 55 55
x 56 56
x 57 57
x 58 58
x 59 59
x 60 60
x 61 61
x 62 62
x 63 63
x 64 64
x 65 65
x 66 66
x 67 67
x 68 68
x 69 69
x 70 70
x 71 71
x 72 72
x 73 73
x 74 74
x 75 75
x 76 76
x 77 77
x 78 78
x 79 79
x 80 80
x 81 81
x 82 82
x 83 83
x 84 84
x 85 85
x 86 86
x 87 87
x 88 88
x 89 89
x 90 90
x 91 91
x 92 92
x 93 93
x 94 94
x 95 95
x 96 96
x 97 97
x 98 98
x 99 99
x 100 100
Case #38: 200 194
o 1 1
+ 1 2
x 2 2
x 3 3
+ 1 4
x 4 4
+ 1 5
x 5 5
+ 1 6
x 6 6
x 7 7
+ 1 8
x 8 8
x 9 9
+ 1 10
x 10 10
+ 1 11
x 11 11
+ 1 12
x 12 12
+ 1 13
x 13 13
+ 1 14
x 14 14
+ 1 15
x 15 15
+ 1 16
x 16 16
+ 1 17
x 17 17
+ 1 18
x 18 18
x 19 19
+ 1 20
x 20 20
+ 1 21
x 21 21
+ 1 22
x 22 22
+ 1 23
x 23 23
+ 1 24
x 24 24
+ 1 25
x 25 25
x 26 26
+ 1 27
x 27 27
+ 1 28
x 28 28
+ 1 29
x 29 29
+ 1 30
x 30 30
+ 1 31
x 31 31
+ 1 32
x 32 32
+ 1 33
x 33 33
+ 1 34
x 34 34
+ 1 35
x 35 35
+ 1 36
x 36 36
+ 1 37
x 37 37
+ 1 38
x 38 38
+ 1 39
x 39 39
+ 1 40
x 40 40
+ 1 41
x 41 41
+ 1 42
x 42 42
+ 1 43
x 43 43
+ 1 44
x 44 44
+ 1 45
x 45 45
+ 1 46
x 46 46
+ 1 47
x 47 47
+ 1 48
x 48 48
+ 1 49
x 49 49
+ 1 50
x 50 50
+ 1 51
x 51 51
+ 1 52
x 52 52
+ 1 53
x 53 53
+ 1 54
x 54 54
+ 1 55
x 55 55
+ 1 56
x 56 56
+ 1 57
x 57 57
+ 1 58
x 58 58
+ 1 59
x 59 59
+ 1 60
x 60 60
+ 1 61
x 61 61
+ 1 62
x 62 62
+ 1 63
x 63 63
+ 1 64
x 64 64
+ 1 65
x 65 65
+ 1 66
x 66 66
+ 1 67
x 67 67
+ 1 68
x 68 68
+ 1 69
x 69 69
+ 1 70
x 70 70
+ 1 71
x 71 71
+ 1 72
x 72 72
+ 1 73
x 73 73
+ 1 74
x 74 74
+ 1 75
x 75 75
+ 1 76
x 76 76
+ 1 77
x 77 77
+ 1 78
x 78 78
+ 1 79
x 79 79
+ 1 80
x 80 80
+ 1 81
x 81 81
+ 1 82
x 82 82
+ 1 83
x 83 83
+ 1 84
x 84 84
+ 1 85
x 85 85
+ 1 86
x 86 86
+ 1 87
x 87 87
+ 1 88
x 88 88
+ 1 89
x 89 89
+ 1 90
x 90 90
+ 1 91
x 91 91
+ 1 92
x 92 92
+ 1 93
x 93 93
+ 1 94
x 94 94
+ 1 95
x 95 95
+ 1 96
x 96 96
+ 1 97
x 97 97
+ 1 98
x 98 98
+ 1 99
x 99 99
+ 1 100
x 100 100
Case #39: 152 151
o 1 1
+ 1 2
x 2 2
+ 1 3
x 3 3
+ 1 4
x 4 4
+ 1 5
x 5 5
+ 1 6
x 6 6
+ 1 7
x 7 7
+ 1 8
x 8 8
+ 1 9
x 9 9
+ 1 10
x 10 10
+ 1 11
x 11 11
+ 1 12
x 12 12
+ 1 13
x 13 13
+ 1 14
x 14 14
+ 1 15
x 15 15
+ 1 16
x 16 16
+ 1 17
x 17 17
+ 1 18
x 18 18
+ 1 19
x 19 19
+ 1 20
x 20 20
+ 1 21
x 21 21
+ 1 22
x 22 22
+ 1 23
x 23 23
+ 1 24
x 24 24
+ 1 25
x 25 25
+ 1 26
x 26 26
+ 1 27
x 27 27
+ 1 28
x 28 28
+ 1 29
x 29 29
+ 1 30
x 30 30
+ 1 31
x 31 31
+ 1 32
x 32 32
+ 1 33
x 33 33
+ 1 34
x 34 34
+ 1 35
x 35 35
+ 1 36
x 36 36
+ 1 37
x 37 37
+ 1 38
x 38 38
+ 1 39
x 39 39
+ 1 40
x 40 40
+ 1 41
x 41 41
+ 1 42
x 42 42
+ 1 43
x 43 43
+ 1 44
x 44 44
+ 1 45
x 45 45
+ 1 46
x 46 46
+ 1 47
x 47 47
+ 1 48
x 48 48
+ 1 49
x 49 49
+ 1 50
x 50 50
+ 1 51
x 51 51
+ 1 52
x 52 52
+ 1 53
x 53 53
+ 1 54
x 54 54
+ 1 55
x 55 55
+ 1 56
x 56 56
+ 1 57
x 57 57
+ 1 58
x 58 58
+ 1 59
x 59 59
+ 1 60
x 60 60
+ 1 61
x 61 61
+ 1 62
x 62 62
+ 1 63
x 63 63
+ 1 64
x 64 64
+ 1 65
x 65 65
+ 1 66
x 66 66
+ 1 67
x 67 67
+ 1 68
x 68 68
+ 1 69
x 69 69
+ 1 70
x 70 70
+ 1 71
x 71 71
+ 1 72
x 72 72
+ 1 73
x 73 73
+ 1 74
x 74 74
+ 1 75
x 75 75
+ 1 76
x 76 76
Case #40: 2 1
o 1 1
Case #41: 200 198
o 1 1
+ 1 2
x 2 2
+ 1 3
x 3 3
+ 1 4
x 4 4
+ 1 5
x 5 5
+ 1 6
x 6 6
+ 1 7
x 7 7
+ 1 8
x 8 8
+ 1 9
x 9 9
+ 1 10
x 10 10
+ 1 11
x 11 11
+ 1 12
x 12 12
+ 1 13
x 13 13
+ 1 14
x 14 14
+ 1 15
x 15 15
+ 1 16
x 16 16
+ 1 17
x 17 17
+ 1 18
x 18 18
+ 1 19
x 19 19
+ 1 20
x 20 20
+ 1 21
x 21 21
+ 1 22
x 22 22
+ 1 23
x 23 23
+ 1 24
x 24 24
+ 1 25
x 25 25
+ 1 26
x 26 26
+ 1 27
x 27 27
+ 1 28
x 28 28
+ 1 29
x 29 29
+ 1 30
x 30 30
+ 1 31
x 31 31
+ 1 32
x 32 32
+ 1 33
x 33 33
+ 1 34
x 34 34
+ 1 35
x 35 35
+ 1 36
x 36 36
+ 1 37
x 37 37
+ 1 38
x 38 38
+ 1 39
x 39 39
+ 1 40
x 40 40
+ 1 41
x 41 41
+ 1 42
x 42 42
+ 1 43
x 43 43
+ 1 44
x 44 44
+ 1 45
x 45 45
+ 1 46
x 46 46
+ 1 47
x 47 47
+ 1 48
x 48 48
+ 1 49
x 49 49
+ 1 50
x 50 50
+ 1 51
x 51 51
+ 1 52
x 52 52
+ 1 53
x 53 53
+ 1 54
x 54 54
+ 1 55
x 55 55
+ 1 56
x 56 56
+ 1 57
x 57 57
+ 1 58
x 58 58
+ 1 59
x 59 59
+ 1 60
x 60 60
+ 1 61
x 61 61
+ 1 62
x 62 62
+ 1 63
x 63 63
+ 1 64
x 64 64
+ 1 65
x 65 65
+ 1 66
x 66 66
+ 1 67
x 67 67
+ 1 68
x 68 68
+ 1 69
x 69 69
x 70 70
+ 1 71
x 71 71
+ 1 72
x 72 72
+ 1 73
x 73 73
+ 1 74
x 74 74
+ 1 75
x 75 75
+ 1 76
x 76 76
+ 1 77
x 77 77
+ 1 78
x 78 78
+ 1 79
x 79 79
+ 1 80
x 80 80
+ 1 81
x 81 81
+ 1 82
x 82 82
+ 1 83
x 83 83
+ 1 84
x 84 84
+ 1 85
x 85 85
+ 1 86
x 86 86
+ 1 87
x 87 87
+ 1 88
x 88 88
+ 1 89
x 89 89
+ 1 90
x 90 90
+ 1 91
x 91 91
+ 1 92
x 92 92
+ 1 93
x 93 93
+ 1 94
x 94 94
+ 1 95
x 95 95
+ 1 96
x 96 96
+ 1 97
x 97 97
+ 1 98
x 98 98
+ 1 99
x 99 99
+ 1 100
x 100 100
Case #42: 48 43
o 1 1
x 2 2
+ 1 3
x 3 3
+ 1 4
x 4 4
x 5 5
+ 1 6
x 6 6
+ 1 7
x 7 7
+ 1 8
x 8 8
+ 1 9
x 9 9
+ 1 10
x 10 10
+ 1 11
x 11 11
+ 1 12
x 12 12
+ 1 13
x 13 13
+ 1 14
x 14 14
+ 1 15
x 15 15
x 16 16
+ 1 17
x 17 17
+ 1 18
x 18 18
+ 1 19
x 19 19
x 20 20
+ 1 21
x 21 21
+ 1 22
x 22 22
+ 1 23
x 23 23
+ 1 24
x 24 24
Case #43: 200 195
o 1 1
+ 1 2
x 2 2
x 3 3
+ 1 4
x 4 4
+ 1 5
x 5 5
+ 1 6
x 6 6
+ 1 7
x 7 7
+ 1 8
x 8 8
x 9 9
+ 1 10
x 10 10
+ 1 11
x 11 11
+ 1 12
x 12 12
+ 1 13
x 13 13
+ 1 14
x 14 14
+ 1 15
x 15 15
+ 1 16
x 16 16
+ 1 17
x 17 17
+ 1 18
x 18 18
+ 1 19
x 19 19
+ 1 20
x 20 20
+ 1 21
x 21 21
+ 1 22
x 22 22
+ 1 23
x 23 23
+ 1 24
x 24 24
x 25 25
+ 1 26
x 26 26
+ 1 27
x 27 27
+ 1 28
x 28 28
+ 1 29
x 29 29
x 30 30
+ 1 31
x 31 31
+ 1 32
x 32 32
+ 1 33
x 33 33
+ 1 34
x 34 34
+ 1 35
x 35 35
+ 1 36
x 36 36
+ 1 37
x 37 37
+ 1 38
x 38 38
+ 1 39
x 39 39
+ 1 40
x 40 40
+ 1 41
x 41 41
+ 1 42
x 42 42
+ 1 43
x 43 43
+ 1 44
x 44 44
+ 1 45
x 45 45
+ 1 46
x 46 46
+ 1 47
x 47 47
+ 1 48
x 48 48
+ 1 49
x 49 49
+ 1 50
x 50 50
+ 1 51
x 51 51
+ 1 52
x 52 52
+ 1 53
x 53 53
+ 1 54
x 54 54
+ 1 55
x 55 55
+ 1 56
x 56 56
+ 1 57
x 57 57
+ 1 58
x 58 58
+ 1 59
x 59 59
+ 1 60
x 60 60
+ 1 61
x 61 61
+ 1 62
x 62 62
+ 1 63
x 63 63
+ 1 64
x 64 64
+ 1 65
x 65 65
+ 1 66
x 66 66
+ 1 67
x 67 67
+ 1 68
x 68 68
+ 1 69
x 69 69
+ 1 70
x 70 70
+ 1 71
x 71 71
+ 1 72
x 72 72
+ 1 73
x 73 73
+ 1 74
x 74 74
+ 1 75
x 75 75
+ 1 76
x 76 76
+ 1 77
x 77 77
+ 1 78
x 78 78
+ 1 79
x 79 79
+ 1 80
x 80 80
+ 1 81
x 81 81
+ 1 82
x 82 82
+ 1 83
x 83 83
+ 1 84
x 84 84
+ 1 85
x 85 85
+ 1 86
x 86 86
+ 1 87
x 87 87
+ 1 88
x 88 88
+ 1 89
x 89 89
+ 1 90
x 90 90
+ 1 91
x 91 91
+ 1 92
x 92 92
+ 1 93
x 93 93
+ 1 94
x 94 94
+ 1 95
x 95 95
+ 1 96
x 96 96
+ 1 97
x 97 97
+ 1 98
x 98 98
+ 1 99
x 99 99
+ 1 100
x 100 100
Case #44: 200 194
o 1 1
+ 1 2
x 2 2
+ 1 3
x 3 3
x 4 4
+ 1 5
x 5 5
+ 1 6
x 6 6
+ 1 7
x 7 7
x 8 8
x 9 9
+ 1 10
x 10 10
+ 1 11
x 11 11
+ 1 12
x 12 12
+ 1 13
x 13 13
+ 1 14
x 14 14
x 15 15
+ 1 16
x 16 16
+ 1 17
x 17 17
+ 1 18
x 18 18
+ 1 19
x 19 19
+ 1 20
x 20 20
+ 1 21
x 21 21
+ 1 22
x 22 22
+ 1 23
x 23 23
+ 1 24
x 24 24
+ 1 25
x 25 25
+ 1 26
x 26 26
+ 1 27
x 27 27
+ 1 28
x 28 28
x 29 29
+ 1 30
x 30 30
+ 1 31
x 31 31
+ 1 32
x 32 32
+ 1 33
x 33 33
+ 1 34
x 34 34
+ 1 35
x 35 35
+ 1 36
x 36 36
+ 1 37
x 37 37
+ 1 38
x 38 38
+ 1 39
x 39 39
+ 1 40
x 40 40
+ 1 41
x 41 41
+ 1 42
x 42 42
+ 1 43
x 43 43
+ 1 44
x 44 44
+ 1 45
x 45 45
+ 1 46
x 46 46
+ 1 47
x 47 47
+ 1 48
x 48 48
+ 1 49
x 49 49
+ 1 50
x 50 50
+ 1 51
x 51 51
+ 1 52
x 52 52
+ 1 53
x 53 53
+ 1 54
x 54 54
+ 1 55
x 55 55
+ 1 56
x 56 56
+ 1 57
x 57 57
+ 1 58
x 58 58
+ 1 59
x 59 59
+ 1 60
x 60 60
+ 1 61
x 61 61
+ 1 62
x 62 62
+ 1 63
x 63 63
+ 1 64
x 64 64
+ 1 65
x 65 65
+ 1 66
x 66 66
+ 1 67
x 67 67
+ 1 68
x 68 68
+ 1 69
x 69 69
+ 1 70
x 70 70
+ 1 71
x 71 71
+ 1 72
x 72 72
+ 1 73
x 73 73
+ 1 74
x 74 74
+ 1 75
x 75 75
+ 1 76
x 76 76
+ 1 77
x 77 77
+ 1 78
x 78 78
+ 1 79
x 79 79
+ 1 80
x 80 80
+ 1 81
x 81 81
+ 1 82
x 82 82
+ 1 83
x 83 83
+ 1 84
x 84 84
+ 1 85
x 85 85
+ 1 86
x 86 86
+ 1 87
x 87 87
+ 1 88
x 88 88
+ 1 89
x 89 89
+ 1 90
x 90 90
+ 1 91
x 91 91
+ 1 92
x 92 92
+ 1 93
x 93 93
+ 1 94
x 94 94
+ 1 95
x 95 95
+ 1 96
x 96 96
+ 1 97
x 97 97
+ 1 98
x 98 98
+ 1 99
x 99 99
+ 1 100
x 100 100
Case #45: 200 197
o 1 1
+ 1 2
x 2 2
+ 1 3
x 3 3
x 4 4
+ 1 5
x 5 5
+ 1 6
x 6 6
+ 1 7
x 7 7
+ 1 8
x 8 8
+ 1 9
x 9 9
+ 1 10
x 10 10
+ 1 11
x 11 11
+ 1 12
x 12 12
+ 1 13
x 13 13
+ 1 14
x 14 14
+ 1 15
x 15 15
+ 1 16
x 16 16
+ 1 17
x 17 17
+ 1 18
x 18 18
+ 1 19
x 19 19
+ 1 20
x 20 20
+ 1 21
x 21 21
+ 1 22
x 22 22
+ 1 23
x 23 23
+ 1 24
x 24 24
+ 1 25
x 25 25
+ 1 26
x 26 26
+ 1 27
x 27 27
+ 1 28
x 28 28
+ 1 29
x 29 29
+ 1 30
x 30 30
+ 1 31
x 31 31
+ 1 32
x 32 32
+ 1 33
x 33 33
+ 1 34
x 34 34
+ 1 35
x 35 35
+ 1 36
x 36 36
+ 1 37
x 37 37
+ 1 38
x 38 38
+ 1 39
x 39 39
+ 1 40
x 40 40
+ 1 41
x 41 41
+ 1 42
x 42 42
+ 1 43
x 43 43
+ 1 44
x 44 44
+ 1 45
x 45 45
+ 1 46
x 46 46
+ 1 47
x 47 47
+ 1 48
x 48 48
+ 1 49
x 49 49
+ 1 50
x 50 50
+ 1 51
x 51 51
+ 1 52
x 52 52
+ 1 53
x 53 53
+ 1 54
x 54 54
+ 1 55
x 55 55
+ 1 56
x 56 56
+ 1 57
x 57 57
+ 1 58
x 58 58
+ 1 59
x 59 59
+ 1 60
x 60 60
x 61 61
+ 1 62
x 62 62
+ 1 63
x 63 63
+ 1 64
x 64 64
+ 1 65
x 65 65
+ 1 66
x 66 66
+ 1 67
x 67 67
+ 1 68
x 68 68
+ 1 69
x 69 69
+ 1 70
x 70 70
+ 1 71
x 71 71
+ 1 72
x 72 72
+ 1 73
x 73 73
+ 1 74
x 74 74
+ 1 75
x 75 75
+ 1 76
x 76 76
+ 1 77
x 77 77
+ 1 78
x 78 78
+ 1 79
x 79 79
+ 1 80
x 80 80
+ 1 81
x 81 81
+ 1 82
x 82 82
+ 1 83
x 83 83
+ 1 84
x 84 84
+ 1 85
x 85 85
+ 1 86
x 86 86
+ 1 87
x 87 87
+ 1 88
x 88 88
+ 1 89
x 89 89
+ 1 90
x 90 90
+ 1 91
x 91 91
+ 1 92
x 92 92
+ 1 93
x 93 93
+ 1 94
x 94 94
+ 1 95
x 95 95
+ 1 96
x 96 96
+ 1 97
x 97 97
+ 1 98
x 98 98
+ 1 99
x 99 99
+ 1 100
x 100 100
Case #46: 200 100
o 1 1
x 2 2
x 3 3
x 4 4
x 5 5
x 6 6
x 7 7
x 8 8
x 9 9
x 10 10
x 11 11
x 12 12
x 13 13
x 14 14
x 15 15
x 16 16
x 17 17
x 18 18
x 19 19
x 20 20
x 21 21
x 22 22
x 23 23
x 24 24
x 25 25
x 26 26
x 27 27
x 28 28
x 29 29
x 30 30
x 31 31
x 32 32
x 33 33
x 34 34
x 35 35
x 36 36
x 37 37
x 38 38
x 39 39
x 40 40
x 41 41
x 42 42
x 43 43
x 44 44
x 45 45
x 46 46
x 47 47
x 48 48
x 49 49
x 50 50
x 51 51
x 52 52
x 53 53
x 54 54
x 55 55
x 56 56
x 57 57
x 58 58
x 59 59
x 60 60
x 61 61
x 62 62
x 63 63
x 64 64
x 65 65
x 66 66
x 67 67
x 68 68
x 69 69
x 70 70
x 71 71
x 72 72
x 73 73
x 74 74
x 75 75
x 76 76
x 77 77
x 78 78
x 79 79
x 80 80
x 81 81
x 82 82
x 83 83
x 84 84
x 85 85
x 86 86
x 87 87
x 88 88
x 89 89
x 90 90
x 91 91
x 92 92
x 93 93
x 94 94
x 95 95
x 96 96
x 97 97
x 98 98
x 99 99
x 100 100
Case #47: 200 199
o 1 1
+ 1 2
x 2 2
+ 1 3
x 3 3
+ 1 4
x 4 4
+ 1 5
x 5 5
+ 1 6
x 6 6
+ 1 7
x 7 7
+ 1 8
x 8 8
+ 1 9
x 9 9
+ 1 10
x 10 10
+ 1 11
x 11 11
+ 1 12
x 12 12
+ 1 13
x 13 13
+ 1 14
x 14 14
+ 1 15
x 15 15
+ 1 16
x 16 16
+ 1 17
x 17 17
+ 1 18
x 18 18
+ 1 19
x 19 19
+ 1 20
x 20 20
+ 1 21
x 21 21
+ 1 22
x 22 22
+ 1 23
x 23 23
+ 1 24
x 24 24
+ 1 25
x 25 25
+ 1 26
x 26 26
+ 1 27
x 27 27
+ 1 28
x 28 28
+ 1 29
x 29 29
+ 1 30
x 30 30
+ 1 31
x 31 31
+ 1 32
x 32 32
+ 1 33
x 33 33
+ 1 34
x 34 34
+ 1 35
x 35 35
+ 1 36
x 36 36
+ 1 37
x 37 37
+ 1 38
x 38 38
+ 1 39
x 39 39
+ 1 40
x 40 40
+ 1 41
x 41 41
+ 1 42
x 42 42
+ 1 43
x 43 43
+ 1 44
x 44 44
+ 1 45
x 45 45
+ 1 46
x 46 46
+ 1 47
x 47 47
+ 1 48
x 48 48
+ 1 49
x 49 49
+ 1 50
x 50 50
+ 1 51
x 51 51
+ 1 52
x 52 52
+ 1 53
x 53 53
+ 1 54
x 54 54
+ 1 55
x 55 55
+ 1 56
x 56 56
+ 1 57
x 57 57
+ 1 58
x 58 58
+ 1 59
x 59 59
+ 1 60
x 60 60
+ 1 61
x 61 61
+ 1 62
x 62 62
+ 1 63
x 63 63
+ 1 64
x 64 64
+ 1 65
x 65 65
+ 1 66
x 66 66
+ 1 67
x 67 67
+ 1 68
x 68 68
+ 1 69
x 69 69
+ 1 70
x 70 70
+ 1 71
x 71 71
+ 1 72
x 72 72
+ 1 73
x 73 73
+ 1 74
x 74 74
+ 1 75
x 75 75
+ 1 76
x 76 76
+ 1 77
x 77 77
+ 1 78
x 78 78
+ 1 79
x 79 79
+ 1 80
x 80 80
+ 1 81
x 81 81
+ 1 82
x 82 82
+ 1 83
x 83 83
+ 1 84
x 84 84
+ 1 85
x 85 85
+ 1 86
x 86 86
+ 1 87
x 87 87
+ 1 88
x 88 88
+ 1 89
x 89 89
+ 1 90
x 90 90
+ 1 91
x 91 91
+ 1 92
x 92 92
+ 1 93
x 93 93
+ 1 94
x 94 94
+ 1 95
x 95 95
+ 1 96
x 96 96
+ 1 97
x 97 97
+ 1 98
x 98 98
+ 1 99
x 99 99
+ 1 100
x 100 100
Case #48: 200 100
o 1 1
x 2 2
x 3 3
x 4 4
x 5 5
x 6 6
x 7 7
x 8 8
x 9 9
x 10 10
x 11 11
x 12 12
x 13 13
x 14 14
x 15 15
x 16 16
x 17 17
x 18 18
x 19 19
x 20 20
x 21 21
x 22 22
x 23 23
x 24 24
x 25 25
x 26 26
x 27 27
x 28 28
x 29 29
x 30 30
x 31 31
x 32 32
x 33 33
x 34 34
x 35 35
x 36 36
x 37 37
x 38 38
x 39 39
x 40 40
x 41 41
x 42 42
x 43 43
x 44 44
x 45 45
x 46 46
x 47 47
x 48 48
x 49 49
x 50 50
x 51 51
x 52 52
x 53 53
x 54 54
x 55 55
x 56 56
x 57 57
x 58 58
x 59 59
x 60 60
x 61 61
x 62 62
x 63 63
x 64 64
x 65 65
x 66 66
x 67 67
x 68 68
x 69 69
x 70 70
x 71 71
x 72 72
x 73 73
x 74 74
x 75 75
x 76 76
x 77 77
x 78 78
x 79 79
x 80 80
x 81 81
x 82 82
x 83 83
x 84 84
x 85 85
x 86 86
x 87 87
x 88 88
x 89 89
x 90 90
x 91 91
x 92 92
x 93 93
x 94 94
x 95 95
x 96 96
x 97 97
x 98 98
x 99 99
x 100 100
Case #49: 130 129
o 1 1
+ 1 2
x 2 2
+ 1 3
x 3 3
+ 1 4
x 4 4
+ 1 5
x 5 5
+ 1 6
x 6 6
+ 1 7
x 7 7
+ 1 8
x 8 8
+ 1 9
x 9 9
+ 1 10
x 10 10
+ 1 11
x 11 11
+ 1 12
x 12 12
+ 1 13
x 13 13
+ 1 14
x 14 14
+ 1 15
x 15 15
+ 1 16
x 16 16
+ 1 17
x 17 17
+ 1 18
x 18 18
+ 1 19
x 19 19
+ 1 20
x 20 20
+ 1 21
x 21 21
+ 1 22
x 22 22
+ 1 23
x 23 23
+ 1 24
x 24 24
+ 1 25
x 25 25
+ 1 26
x 26 26
+ 1 27
x 27 27
+ 1 28
x 28 28
+ 1 29
x 29 29
+ 1 30
x 30 30
+ 1 31
x 31 31
+ 1 32
x 32 32
+ 1 33
x 33 33
+ 1 34
x 34 34
+ 1 35
x 35 35
+ 1 36
x 36 36
+ 1 37
x 37 37
+ 1 38
x 38 38
+ 1 39
x 39 39
+ 1 40
x 40 40
+ 1 41
x 41 41
+ 1 42
x 42 42
+ 1 43
x 43 43
+ 1 44
x 44 44
+ 1 45
x 45 45
+ 1 46
x 46 46
+ 1 47
x 47 47
+ 1 48
x 48 48
+ 1 49
x 49 49
+ 1 50
x 50 50
+ 1 51
x 51 51
+ 1 52
x 52 52
+ 1 53
x 53 53
+ 1 54
x 54 54
+ 1 55
x 55 55
+ 1 56
x 56 56
+ 1 57
x 57 57
+ 1 58
x 58 58
+ 1 59
x 59 59
+ 1 60
x 60 60
+ 1 61
x 61 61
+ 1 62
x 62 62
+ 1 63
x 63 63
+ 1 64
x 64 64
+ 1 65
x 65 65
Case #50: 200 199
o 1 1
+ 1 2
x 2 2
+ 1 3
x 3 3
+ 1 4
x 4 4
+ 1 5
x 5 5
+ 1 6
x 6 6
+ 1 7
x 7 7
+ 1 8
x 8 8
+ 1 9
x 9 9
+ 1 10
x 10 10
+ 1 11
x 11 11
+ 1 12
x 12 12
+ 1 13
x 13 13
+ 1 14
x 14 14
+ 1 15
x 15 15
+ 1 16
x 16 16
+ 1 17
x 17 17
+ 1 18
x 18 18
+ 1 19
x 19 19
+ 1 20
x 20 20
+ 1 21
x 21 21
+ 1 22
x 22 22
+ 1 23
x 23 23
+ 1 24
x 24 24
+ 1 25
x 25 25
+ 1 26
x 26 26
+ 1 27
x 27 27
+ 1 28
x 28 28
+ 1 29
x 29 29
+ 1 30
x 30 30
+ 1 31
x 31 31
+ 1 32
x 32 32
+ 1 33
x 33 33
+ 1 34
x 34 34
+ 1 35
x 35 35
+ 1 36
x 36 36
+ 1 37
x 37 37
+ 1 38
x 38 38
+ 1 39
x 39 39
+ 1 40
x 40 40
+ 1 41
x 41 41
+ 1 42
x 42 42
+ 1 43
x 43 43
+ 1 44
x 44 44
+ 1 45
x 45 45
+ 1 46
x 46 46
+ 1 47
x 47 47
+ 1 48
x 48 48
+ 1 49
x 49 49
+ 1 50
x 50 50
+ 1 51
x 51 51
+ 1 52
x 52 52
+ 1 53
x 53 53
+ 1 54
x 54 54
+ 1 55
x 55 55
+ 1 56
x 56 56
+ 1 57
x 57 57
+ 1 58
x 58 58
+ 1 59
x 59 59
+ 1 60
x 60 60
+ 1 61
x 61 61
+ 1 62
x 62 62
+ 1 63
x 63 63
+ 1 64
x 64 64
+ 1 65
x 65 65
+ 1 66
x 66 66
+ 1 67
x 67 67
+ 1 68
x 68 68
+ 1 69
x 69 69
+ 1 70
x 70 70
+ 1 71
x 71 71
+ 1 72
x 72 72
+ 1 73
x 73 73
+ 1 74
x 74 74
+ 1 75
x 75 75
+ 1 76
x 76 76
+ 1 77
x 77 77
+ 1 78
x 78 78
+ 1 79
x 79 79
+ 1 80
x 80 80
+ 1 81
x 81 81
+ 1 82
x 82 82
+ 1 83
x 83 83
+ 1 84
x 84 84
+ 1 85
x 85 85
+ 1 86
x 86 86
+ 1 87
x 87 87
+ 1 88
x 88 88
+ 1 89
x 89 89
+ 1 90
x 90 90
+ 1 91
x 91 91
+ 1 92
x 92 92
+ 1 93
x 93 93
+ 1 94
x 94 94
+ 1 95
x 95 95
+ 1 96
x 96 96
+ 1 97
x 97 97
+ 1 98
x 98 98
+ 1 99
x 99 99
+ 1 100
x 100 100
Case #51: 110 106
o 1 1
x 2 2
+ 1 3
x 3 3
+ 1 4
x 4 4
+ 1 5
x 5 5
+ 1 6
x 6 6
+ 1 7
x 7 7
+ 1 8
x 8 8
+ 1 9
x 9 9
+ 1 10
x 10 10
x 11 11
+ 1 12
x 12 12
+ 1 13
x 13 13
+ 1 14
x 14 14
+ 1 15
x 15 15
+ 1 16
x 16 16
+ 1 17
x 17 17
+ 1 18
x 18 18
+ 1 19
x 19 19
+ 1 20
x 20 20
+ 1 21
x 21 21
+ 1 22
x 22 22
+ 1 23
x 23 23
+ 1 24
x 24 24
+ 1 25
x 25 25
x 26 26
+ 1 27
x 27 27
+ 1 28
x 28 28
+ 1 29
x 29 29
+ 1 30
x 30 30
+ 1 31
x 31 31
+ 1 32
x 32 32
+ 1 33
x 33 33
+ 1 34
x 34 34
+ 1 35
x 35 35
+ 1 36
x 36 36
+ 1 37
x 37 37
+ 1 38
x 38 38
+ 1 39
x 39 39
+ 1 40
x 40 40
+ 1 41
x 41 41
+ 1 42
x 42 42
+ 1 43
x 43 43
+ 1 44
x 44 44
+ 1 45
x 45 45
+ 1 46
x 46 46
+ 1 47
x 47 47
+ 1 48
x 48 48
+ 1 49
x 49 49
+ 1 50
x 50 50
+ 1 51
x 51 51
+ 1 52
x 52 52
+ 1 53
x 53 53
+ 1 54
x 54 54
+ 1 55
x 55 55
Case #52: 126 121
o 1 1
+ 1 2
x 2 2
+ 1 3
x 3 3
+ 1 4
x 4 4
+ 1 5
x 5 5
+ 1 6
x 6 6
+ 1 7
x 7 7
+ 1 8
x 8 8
+ 1 9
x 9 9
+ 1 10
x 10 10
+ 1 11
x 11 11
+ 1 12
x 12 12
+ 1 13
x 13 13
+ 1 14
x 14 14
+ 1 15
x 15 15
+ 1 16
x 16 16
+ 1 17
x 17 17
+ 1 18
x 18 18
+ 1 19
x 19 19
+ 1 20
x 20 20
+ 1 21
x 21 21
x 22 22
+ 1 23
x 23 23
+ 1 24
x 24 24
+ 1 25
x 25 25
+ 1 26
x 26 26
+ 1 27
x 27 27
+ 1 28
x 28 28
+ 1 29
x 29 29
x 30 30
+ 1 31
x 31 31
+ 1 32
x 32 32
+ 1 33
x 33 33
+ 1 34
x 34 34
+ 1 35
x 35 35
+ 1 36
x 36 36
+ 1 37
x 37 37
+ 1 38
x 38 38
+ 1 39
x 39 39
+ 1 40
x 40 40
+ 1 41
x 41 41
+ 1 42
x 42 42
+ 1 43
x 43 43
+ 1 44
x 44 44
+ 1 45
x 45 45
+ 1 46
x 46 46
+ 1 47
x 47 47
x 48 48
+ 1 49
x 49 49
x 50 50
+ 1 51
x 51 51
+ 1 52
x 52 52
+ 1 53
x 53 53
+ 1 54
x 54 54
+ 1 55
x 55 55
+ 1 56
x 56 56
+ 1 57
x 57 57
+ 1 58
x 58 58
+ 1 59
x 59 59
+ 1 60
x 60 60
+ 1 61
x 61 61
+ 1 62
x 62 62
+ 1 63
x 63 63
Case #53: 4 2
o 1 1
x 2 2
Case #54: 164 162
o 1 1
+ 1 2
x 2 2
+ 1 3
x 3 3
+ 1 4
x 4 4
+ 1 5
x 5 5
+ 1 6
x 6 6
+ 1 7
x 7 7
+ 1 8
x 8 8
+ 1 9
x 9 9
+ 1 10
x 10 10
+ 1 11
x 11 11
+ 1 12
x 12 12
+ 1 13
x 13 13
+ 1 14
x 14 14
+ 1 15
x 15 15
+ 1 16
x 16 16
+ 1 17
x 17 17
+ 1 18
x 18 18
+ 1 19
x 19 19
+ 1 20
x 20 20
+ 1 21
x 21 21
+ 1 22
x 22 22
+ 1 23
x 23 23
+ 1 24
x 24 24
+ 1 25
x 25 25
+ 1 26
x 26 26
+ 1 27
x 27 27
+ 1 28
x 28 28
+ 1 29
x 29 29
+ 1 30
x 30 30
+ 1 31
x 31 31
+ 1 32
x 32 32
+ 1 33
x 33 33
+ 1 34
x 34 34
+ 1 35
x 35 35
+ 1 36
x 36 36
+ 1 37
x 37 37
+ 1 38
x 38 38
+ 1 39
x 39 39
+ 1 40
x 40 40
+ 1 41
x 41 41
+ 1 42
x 42 42
+ 1 43
x 43 43
+ 1 44
x 44 44
+ 1 45
x 45 45
+ 1 46
x 46 46
+ 1 47
x 47 47
+ 1 48
x 48 48
+ 1 49
x 49 49
+ 1 50
x 50 50
+ 1 51
x 51 51
+ 1 52
x 52 52
+ 1 53
x 53 53
+ 1 54
x 54 54
+ 1 55
x 55 55
+ 1 56
x 56 56
+ 1 57
x 57 57
+ 1 58
x 58 58
+ 1 59
x 59 59
+ 1 60
x 60 60
+ 1 61
x 61 61
+ 1 62
x 62 62
+ 1 63
x 63 63
+ 1 64
x 64 64
+ 1 65
x 65 65
+ 1 66
x 66 66
+ 1 67
x 67 67
+ 1 68
x 68 68
+ 1 69
x 69 69
+ 1 70
x 70 70
+ 1 71
x 71 71
+ 1 72
x 72 72
+ 1 73
x 73 73
+ 1 74
x 74 74
x 75 75
+ 1 76
x 76 76
+ 1 77
x 77 77
+ 1 78
x 78 78
+ 1 79
x 79 79
+ 1 80
x 80 80
+ 1 81
x 81 81
+ 1 82
x 82 82
Case #55: 76 74
o 1 1
+ 1 2
x 2 2
+ 1 3
x 3 3
+ 1 4
x 4 4
+ 1 5
x 5 5
+ 1 6
x 6 6
+ 1 7
x 7 7
+ 1 8
x 8 8
+ 1 9
x 9 9
+ 1 10
x 10 10
+ 1 11
x 11 11
+ 1 12
x 12 12
+ 1 13
x 13 13
+ 1 14
x 14 14
+ 1 15
x 15 15
+ 1 16
x 16 16
+ 1 17
x 17 17
+ 1 18
x 18 18
+ 1 19
x 19 19
+ 1 20
x 20 20
+ 1 21
x 21 21
+ 1 22
x 22 22
+ 1 23
x 23 23
+ 1 24
x 24 24
+ 1 25
x 25 25
+ 1 26
x 26 26
+ 1 27
x 27 27
+ 1 28
x 28 28
+ 1 29
x 29 29
+ 1 30
x 30 30
+ 1 31
x 31 31
+ 1 32
x 32 32
+ 1 33
x 33 33
+ 1 34
x 34 34
+ 1 35
x 35 35
+ 1 36
x 36 36
+ 1 37
x 37 37
x 38 38
Case #56: 44 41
o 1 1
+ 1 2
x 2 2
+ 1 3
x 3 3
+ 1 4
x 4 4
+ 1 5
x 5 5
+ 1 6
x 6 6
+ 1 7
x 7 7
+ 1 8
x 8 8
+ 1 9
x 9 9
x 10 10
+ 1 11
x 11 11
+ 1 12
x 12 12
x 13 13
+ 1 14
x 14 14
+ 1 15
x 15 15
+ 1 16
x 16 16
+ 1 17
x 17 17
+ 1 18
x 18 18
+ 1 19
x 19 19
+ 1 20
x 20 20
+ 1 21
x 21 21
+ 1 22
x 22 22
Case #57: 180 177
o 1 1
+ 1 2
x 2 2
+ 1 3
x 3 3
+ 1 4
x 4 4
+ 1 5
x 5 5
+ 1 6
x 6 6
+ 1 7
x 7 7
+ 1 8
x 8 8
+ 1 9
x 9 9
+ 1 10
x 10 10
+ 1 11
x 11 11
+ 1 12
x 12 12
+ 1 13
x 13 13
x 14 14
+ 1 15
x 15 15
+ 1 16
x 16 16
+ 1 17
x 17 17
+ 1 18
x 18 18
+ 1 19
x 19 19
+ 1 20
x 20 20
+ 1 21
x 21 21
+ 1 22
x 22 22
+ 1 23
x 23 23
+ 1 24
x 24 24
+ 1 25
x 25 25
+ 1 26
x 26 26
+ 1 27
x 27 27
+ 1 28
x 28 28
x 29 29
+ 1 30
x 30 30
+ 1 31
x 31 31
+ 1 32
x 32 32
+ 1 33
x 33 33
+ 1 34
x 34 34
+ 1 35
x 35 35
+ 1 36
x 36 36
+ 1 37
x 37 37
+ 1 38
x 38 38
+ 1 39
x 39 39
+ 1 40
x 40 40
+ 1 41
x 41 41
+ 1 42
x 42 42
+ 1 43
x 43 43
+ 1 44
x 44 44
+ 1 45
x 45 45
+ 1 46
x 46 46
+ 1 47
x 47 47
+ 1 48
x 48 48
+ 1 49
x 49 49
+ 1 50
x 50 50
+ 1 51
x 51 51
+ 1 52
x 52 52
+ 1 53
x 53 53
+ 1 54
x 54 54
+ 1 55
x 55 55
+ 1 56
x 56 56
+ 1 57
x 57 57
+ 1 58
x 58 58
+ 1 59
x 59 59
+ 1 60
x 60 60
+ 1 61
x 61 61
+ 1 62
x 62 62
+ 1 63
x 63 63
+ 1 64
x 64 64
+ 1 65
x 65 65
+ 1 66
x 66 66
+ 1 67
x 67 67
+ 1 68
x 68 68
+ 1 69
x 69 69
+ 1 70
x 70 70
+ 1 71
x 71 71
+ 1 72
x 72 72
+ 1 73
x 73 73
+ 1 74
x 74 74
+ 1 75
x 75 75
+ 1 76
x 76 76
+ 1 77
x 77 77
+ 1 78
x 78 78
+ 1 79
x 79 79
+ 1 80
x 80 80
+ 1 81
x 81 81
+ 1 82
x 82 82
+ 1 83
x 83 83
+ 1 84
x 84 84
+ 1 85
x 85 85
+ 1 86
x 86 86
+ 1 87
x 87 87
+ 1 88
x 88 88
+ 1 89
x 89 89
+ 1 90
x 90 90
Case #58: 126 123
o 1 1
+ 1 2
x 2 2
+ 1 3
x 3 3
+ 1 4
x 4 4
+ 1 5
x 5 5
+ 1 6
x 6 6
+ 1 7
x 7 7
+ 1 8
x 8 8
+ 1 9
x 9 9
+ 1 10
x 10 10
+ 1 11
x 11 11
+ 1 12
x 12 12
+ 1 13
x 13 13
+ 1 14
x 14 14
+ 1 15
x 15 15
+ 1 16
x 16 16
+ 1 17
x 17 17
+ 1 18
x 18 18
+ 1 19
x 19 19
+ 1 20
x 20 20
+ 1 21
x 21 21
+ 1 22
x 22 22
+ 1 23
x 23 23
+ 1 24
x 24 24
+ 1 25
x 25 25
+ 1 26
x 26 26
+ 1 27
x 27 27
+ 1 28
x 28 28
+ 1 29
x 29 29
+ 1 30
x 30 30
+ 1 31
x 31 31
+ 1 32
x 32 32
x 33 33
+ 1 34
x 34 34
+ 1 35
x 35 35
+ 1 36
x 36 36
+ 1 37
x 37 37
+ 1 38
x 38 38
+ 1 39
x 39 39
+ 1 40
x 40 40
+ 1 41
x 41 41
+ 1 42
x 42 42
+ 1 43
x 43 43
+ 1 44
x 44 44
+ 1 45
x 45 45
+ 1 46
x 46 46
+ 1 47
x 47 47
+ 1 48
x 48 48
+ 1 49
x 49 49
+ 1 50
x 50 50
+ 1 51
x 51 51
+ 1 52
x 52 52
+ 1 53
x 53 53
+ 1 54
x 54 54
+ 1 55
x 55 55
+ 1 56
x 56 56
x 57 57
+ 1 58
x 58 58
+ 1 59
x 59 59
+ 1 60
x 60 60
+ 1 61
x 61 61
+ 1 62
x 62 62
+ 1 63
x 63 63
Case #59: 46 42
+ 1 2
x 2 2
+ 1 3
x 3 3
+ 1 4
x 4 4
+ 1 5
x 5 5
+ 1 6
x 6 6
+ 1 7
x 7 7
+ 1 8
x 8 8
+ 1 9
x 9 9
x 10 10
+ 1 11
x 11 11
x 12 12
+ 1 13
x 13 13
+ 1 14
x 14 14
+ 1 15
x 15 15
+ 1 16
x 16 16
+ 1 17
x 17 17
+ 1 18
x 18 18
+ 1 19
x 19 19
+ 1 20
x 20 20
+ 1 21
x 21 21
+ 1 22
x 22 22
+ 1 23
x 23 23
Case #60: 104 100
o 1 1
+ 1 2
x 2 2
+ 1 3
x 3 3
+ 1 4
x 4 4
+ 1 5
x 5 5
+ 1 6
x 6 6
+ 1 7
x 7 7
+ 1 8
x 8 8
+ 1 9
x 9 9
+ 1 10
x 10 10
+ 1 11
x 11 11
+ 1 12
x 12 12
+ 1 13
x 13 13
+ 1 14
x 14 14
+ 1 15
x 15 15
+ 1 16
x 16 16
+ 1 17
x 17 17
+ 1 18
x 18 18
x 19 19
+ 1 20
x 20 20
+ 1 21
x 21 21
+ 1 22
x 22 22
+ 1 23
x 23 23
+ 1 24
x 24 24
+ 1 25
x 25 25
+ 1 26
x 26 26
+ 1 27
x 27 27
+ 1 28
x 28 28
x 29 29
+ 1 30
x 30 30
+ 1 31
x 31 31
+ 1 32
x 32 32
+ 1 33
x 33 33
+ 1 34
x 34 34
+ 1 35
x 35 35
+ 1 36
x 36 36
+ 1 37
x 37 37
+ 1 38
x 38 38
+ 1 39
x 39 39
+ 1 40
x 40 40
x 41 41
+ 1 42
x 42 42
+ 1 43
x 43 43
+ 1 44
x 44 44
+ 1 45
x 45 45
+ 1 46
x 46 46
+ 1 47
x 47 47
+ 1 48
x 48 48
+ 1 49
x 49 49
+ 1 50
x 50 50
+ 1 51
x 51 51
+ 1 52
x 52 52
Case #61: 200 192
o 1 1
x 2 2
x 3 3
x 4 4
+ 1 5
x 5 5
+ 1 6
x 6 6
+ 1 7
x 7 7
+ 1 8
x 8 8
+ 1 9
x 9 9
+ 1 10
x 10 10
+ 1 11
x 11 11
+ 1 12
x 12 12
+ 1 13
x 13 13
+ 1 14
x 14 14
+ 1 15
x 15 15
+ 1 16
x 16 16
+ 1 17
x 17 17
+ 1 18
x 18 18
+ 1 19
x 19 19
x 20 20
+ 1 21
x 21 21
+ 1 22
x 22 22
+ 1 23
x 23 23
x 24 24
+ 1 25
x 25 25
+ 1 26
x 26 26
+ 1 27
x 27 27
+ 1 28
x 28 28
+ 1 29
x 29 29
+ 1 30
x 30 30
+ 1 31
x 31 31
+ 1 32
x 32 32
+ 1 33
x 33 33
+ 1 34
x 34 34
+ 1 35
x 35 35
+ 1 36
x 36 36
+ 1 37
x 37 37
+ 1 38
x 38 38
+ 1 39
x 39 39
+ 1 40
x 40 40
+ 1 41
x 41 41
+ 1 42
x 42 42
+ 1 43
x 43 43
+ 1 44
x 44 44
+ 1 45
x 45 45
+ 1 46
x 46 46
+ 1 47
x 47 47
+ 1 48
x 48 48
+ 1 49
x 49 49
x 50 50
+ 1 51
x 51 51
+ 1 52
x 52 52
+ 1 53
x 53 53
+ 1 54
x 54 54
+ 1 55
x 55 55
+ 1 56
x 56 56
+ 1 57
x 57 57
+ 1 58
x 58 58
+ 1 59
x 59 59
+ 1 60
x 60 60
+ 1 61
x 61 61
+ 1 62
x 62 62
+ 1 63
x 63 63
+ 1 64
x 64 64
+ 1 65
x 65 65
+ 1 66
x 66 66
+ 1 67
x 67 67
+ 1 68
x 68 68
x 69 69
+ 1 70
x 70 70
+ 1 71
x 71 71
+ 1 72
x 72 72
+ 1 73
x 73 73
+ 1 74
x 74 74
+ 1 75
x 75 75
+ 1 76
x 76 76
+ 1 77
x 77 77
+ 1 78
x 78 78
+ 1 79
x 79 79
+ 1 80
x 80 80
+ 1 81
x 81 81
+ 1 82
x 82 82
+ 1 83
x 83 83
+ 1 84
x 84 84
+ 1 85
x 85 85
+ 1 86
x 86 86
+ 1 87
x 87 87
+ 1 88
x 88 88
+ 1 89
x 89 89
+ 1 90
x 90 90
+ 1 91
x 91 91
+ 1 92
x 92 92
+ 1 93
x 93 93
+ 1 94
x 94 94
+ 1 95
x 95 95
+ 1 96
x 96 96
+ 1 97
x 97 97
+ 1 98
x 98 98
+ 1 99
x 99 99
+ 1 100
x 100 100
Case #62: 56 53
o 1 1
+ 1 2
x 2 2
+ 1 3
x 3 3
+ 1 4
x 4 4
+ 1 5
x 5 5
+ 1 6
x 6 6
+ 1 7
x 7 7
+ 1 8
x 8 8
+ 1 9
x 9 9
+ 1 10
x 10 10
x 11 11
+ 1 12
x 12 12
+ 1 13
x 13 13
+ 1 14
x 14 14
+ 1 15
x 15 15
+ 1 16
x 16 16
+ 1 17
x 17 17
+ 1 18
x 18 18
+ 1 19
x 19 19
+ 1 20
x 20 20
+ 1 21
x 21 21
+ 1 22
x 22 22
+ 1 23
x 23 23
+ 1 24
x 24 24
+ 1 25
x 25 25
+ 1 26
x 26 26
x 27 27
+ 1 28
x 28 28
Case #63: 200 196
o 1 1
x 2 2
+ 1 3
x 3 3
x 4 4
+ 1 5
x 5 5
+ 1 6
x 6 6
+ 1 7
x 7 7
+ 1 8
x 8 8
+ 1 9
x 9 9
+ 1 10
x 10 10
+ 1 11
x 11 11
x 12 12
+ 1 13
x 13 13
+ 1 14
x 14 14
+ 1 15
x 15 15
+ 1 16
x 16 16
+ 1 17
x 17 17
+ 1 18
x 18 18
+ 1 19
x 19 19
+ 1 20
x 20 20
+ 1 21
x 21 21
+ 1 22
x 22 22
+ 1 23
x 23 23
+ 1 24
x 24 24
+ 1 25
x 25 25
+ 1 26
x 26 26
+ 1 27
x 27 27
+ 1 28
x 28 28
+ 1 29
x 29 29
+ 1 30
x 30 30
+ 1 31
x 31 31
+ 1 32
x 32 32
+ 1 33
x 33 33
+ 1 34
x 34 34
+ 1 35
x 35 35
+ 1 36
x 36 36
+ 1 37
x 37 37
+ 1 38
x 38 38
+ 1 39
x 39 39
+ 1 40
x 40 40
+ 1 41
x 41 41
+ 1 42
x 42 42
+ 1 43
x 43 43
+ 1 44
x 44 44
+ 1 45
x 45 45
+ 1 46
x 46 46
+ 1 47
x 47 47
+ 1 48
x 48 48
+ 1 49
x 49 49
+ 1 50
x 50 50
+ 1 51
x 51 51
+ 1 52
x 52 52
+ 1 53
x 53 53
+ 1 54
x 54 54
+ 1 55
x 55 55
+ 1 56
x 56 56
+ 1 57
x 57 57
+ 1 58
x 58 58
+ 1 59
x 59 59
+ 1 60
x 60 60
+ 1 61
x 61 61
+ 1 62
x 62 62
+ 1 63
x 63 63
+ 1 64
x 64 64
+ 1 65
x 65 65
+ 1 66
x 66 66
+ 1 67
x 67 67
+ 1 68
x 68 68
+ 1 69
x 69 69
+ 1 70
x 70 70
+ 1 71
x 71 71
+ 1 72
x 72 72
+ 1 73
x 73 73
+ 1 74
x 74 74
+ 1 75
x 75 75
+ 1 76
x 76 76
+ 1 77
x 77 77
+ 1 78
x 78 78
+ 1 79
x 79 79
+ 1 80
x 80 80
+ 1 81
x 81 81
+ 1 82
x 82 82
+ 1 83
x 83 83
+ 1 84
x 84 84
+ 1 85
x 85 85
+ 1 86
x 86 86
+ 1 87
x 87 87
+ 1 88
x 88 88
+ 1 89
x 89 89
+ 1 90
x 90 90
+ 1 91
x 91 91
+ 1 92
x 92 92
+ 1 93
x 93 93
+ 1 94
x 94 94
+ 1 95
x 95 95
+ 1 96
x 96 96
+ 1 97
x 97 97
+ 1 98
x 98 98
+ 1 99
x 99 99
+ 1 100
x 100 100
Case #64: 200 199
o 1 1
+ 1 2
x 2 2
+ 1 3
x 3 3
+ 1 4
x 4 4
+ 1 5
x 5 5
+ 1 6
x 6 6
+ 1 7
x 7 7
+ 1 8
x 8 8
+ 1 9
x 9 9
+ 1 10
x 10 10
+ 1 11
x 11 11
+ 1 12
x 12 12
+ 1 13
x 13 13
+ 1 14
x 14 14
+ 1 15
x 15 15
+ 1 16
x 16 16
+ 1 17
x 17 17
+ 1 18
x 18 18
+ 1 19
x 19 19
+ 1 20
x 20 20
+ 1 21
x 21 21
+ 1 22
x 22 22
+ 1 23
x 23 23
+ 1 24
x 24 24
+ 1 25
x 25 25
+ 1 26
x 26 26
+ 1 27
x 27 27
+ 1 28
x 28 28
+ 1 29
x 29 29
+ 1 30
x 30 30
+ 1 31
x 31 31
+ 1 32
x 32 32
+ 1 33
x 33 33
+ 1 34
x 34 34
+ 1 35
x 35 35
+ 1 36
x 36 36
+ 1 37
x 37 37
+ 1 38
x 38 38
+ 1 39
x 39 39
+ 1 40
x 40 40
+ 1 41
x 41 41
+ 1 42
x 42 42
+ 1 43
x 43 43
+ 1 44
x 44 44
+ 1 45
x 45 45
+ 1 46
x 46 46
+ 1 47
x 47 47
+ 1 48
x 48 48
+ 1 49
x 49 49
+ 1 50
x 50 50
+ 1 51
x 51 51
+ 1 52
x 52 52
+ 1 53
x 53 53
+ 1 54
x 54 54
+ 1 55
x 55 55
+ 1 56
x 56 56
+ 1 57
x 57 57
+ 1 58
x 58 58
+ 1 59
x 59 59
+ 1 60
x 60 60
+ 1 61
x 61 61
+ 1 62
x 62 62
+ 1 63
x 63 63
+ 1 64
x 64 64
+ 1 65
x 65 65
+ 1 66
x 66 66
+ 1 67
x 67 67
+ 1 68
x 68 68
+ 1 69
x 69 69
+ 1 70
x 70 70
+ 1 71
x 71 71
+ 1 72
x 72 72
+ 1 73
x 73 73
+ 1 74
x 74 74
+ 1 75
x 75 75
+ 1 76
x 76 76
+ 1 77
x 77 77
+ 1 78
x 78 78
+ 1 79
x 79 79
+ 1 80
x 80 80
+ 1 81
x 81 81
+ 1 82
x 82 82
+ 1 83
x 83 83
+ 1 84
x 84 84
+ 1 85
x 85 85
+ 1 86
x 86 86
+ 1 87
x 87 87
+ 1 88
x 88 88
+ 1 89
x 89 89
+ 1 90
x 90 90
+ 1 91
x 91 91
+ 1 92
x 92 92
+ 1 93
x 93 93
+ 1 94
x 94 94
+ 1 95
x 95 95
+ 1 96
x 96 96
+ 1 97
x 97 97
+ 1 98
x 98 98
+ 1 99
x 99 99
+ 1 100
x 100 100
Case #65: 70 68
o 1 1
+ 1 2
x 2 2
+ 1 3
x 3 3
+ 1 4
x 4 4
x 5 5
+ 1 6
x 6 6
+ 1 7
x 7 7
+ 1 8
x 8 8
+ 1 9
x 9 9
+ 1 10
x 10 10
+ 1 11
x 11 11
+ 1 12
x 12 12
+ 1 13
x 13 13
+ 1 14
x 14 14
+ 1 15
x 15 15
+ 1 16
x 16 16
+ 1 17
x 17 17
+ 1 18
x 18 18
+ 1 19
x 19 19
+ 1 20
x 20 20
+ 1 21
x 21 21
+ 1 22
x 22 22
+ 1 23
x 23 23
+ 1 24
x 24 24
+ 1 25
x 25 25
+ 1 26
x 26 26
+ 1 27
x 27 27
+ 1 28
x 28 28
+ 1 29
x 29 29
+ 1 30
x 30 30
+ 1 31
x 31 31
+ 1 32
x 32 32
+ 1 33
x 33 33
+ 1 34
x 34 34
+ 1 35
x 35 35
Case #66: 200 192
o 1 1
+ 1 2
x 2 2
x 3 3
+ 1 4
x 4 4
+ 1 5
x 5 5
+ 1 6
x 6 6
+ 1 7
x 7 7
+ 1 8
x 8 8
+ 1 9
x 9 9
+ 1 10
x 10 10
+ 1 11
x 11 11
+ 1 12
x 12 12
+ 1 13
x 13 13
+ 1 14
x 14 14
+ 1 15
x 15 15
x 16 16
+ 1 17
x 17 17
+ 1 18
x 18 18
+ 1 19
x 19 19
+ 1 20
x 20 20
+ 1 21
x 21 21
+ 1 22
x 22 22
+ 1 23
x 23 23
x 24 24
+ 1 25
x 25 25
+ 1 26
x 26 26
x 27 27
+ 1 28
x 28 28
+ 1 29
x 29 29
+ 1 30
x 30 30
x 31 31
+ 1 32
x 32 32
+ 1 33
x 33 33
+ 1 34
x 34 34
+ 1 35
x 35 35
+ 1 36
x 36 36
+ 1 37
x 37 37
+ 1 38
x 38 38
+ 1 39
x 39 39
+ 1 40
x 40 40
+ 1 41
x 41 41
+ 1 42
x 42 42
+ 1 43
x 43 43
+ 1 44
x 44 44
+ 1 45
x 45 45
+ 1 46
x 46 46
+ 1 47
x 47 47
+ 1 48
x 48 48
+ 1 49
x 49 49
+ 1 50
x 50 50
+ 1 51
x 51 51
+ 1 52
x 52 52
+ 1 53
x 53 53
+ 1 54
x 54 54
+ 1 55
x 55 55
+ 1 56
x 56 56
+ 1 57
x 57 57
+ 1 58
x 58 58
+ 1 59
x 59 59
+ 1 60
x 60 60
+ 1 61
x 61 61
+ 1 62
x 62 62
+ 1 63
x 63 63
+ 1 64
x 64 64
+ 1 65
x 65 65
+ 1 66
x 66 66
+ 1 67
x 67 67
+ 1 68
x 68 68
+ 1 69
x 69 69
x 70 70
+ 1 71
x 71 71
+ 1 72
x 72 72
+ 1 73
x 73 73
+ 1 74
x 74 74
+ 1 75
x 75 75
+ 1 76
x 76 76
+ 1 77
x 77 77
x 78 78
+ 1 79
x 79 79
+ 1 80
x 80 80
+ 1 81
x 81 81
+ 1 82
x 82 82
+ 1 83
x 83 83
+ 1 84
x 84 84
+ 1 85
x 85 85
+ 1 86
x 86 86
+ 1 87
x 87 87
+ 1 88
x 88 88
+ 1 89
x 89 89
+ 1 90
x 90 90
+ 1 91
x 91 91
+ 1 92
x 92 92
+ 1 93
x 93 93
+ 1 94
x 94 94
+ 1 95
x 95 95
+ 1 96
x 96 96
+ 1 97
x 97 97
+ 1 98
x 98 98
+ 1 99
x 99 99
+ 1 100
x 100 100
Case #67: 200 199
o 1 1
+ 1 2
x 2 2
+ 1 3
x 3 3
+ 1 4
x 4 4
+ 1 5
x 5 5
+ 1 6
x 6 6
+ 1 7
x 7 7
+ 1 8
x 8 8
+ 1 9
x 9 9
+ 1 10
x 10 10
+ 1 11
x 11 11
+ 1 12
x 12 12
+ 1 13
x 13 13
+ 1 14
x 14 14
+ 1 15
x 15 15
+ 1 16
x 16 16
+ 1 17
x 17 17
+ 1 18
x 18 18
+ 1 19
x 19 19
+ 1 20
x 20 20
+ 1 21
x 21 21
+ 1 22
x 22 22
+ 1 23
x 23 23
+ 1 24
x 24 24
+ 1 25
x 25 25
+ 1 26
x 26 26
+ 1 27
x 27 27
+ 1 28
x 28 28
+ 1 29
x 29 29
+ 1 30
x 30 30
+ 1 31
x 31 31
+ 1 32
x 32 32
+ 1 33
x 33 33
+ 1 34
x 34 34
+ 1 35
x 35 35
+ 1 36
x 36 36
+ 1 37
x 37 37
+ 1 38
x 38 38
+ 1 39
x 39 39
+ 1 40
x 40 40
+ 1 41
x 41 41
+ 1 42
x 42 42
+ 1 43
x 43 43
+ 1 44
x 44 44
+ 1 45
x 45 45
+ 1 46
x 46 46
+ 1 47
x 47 47
+ 1 48
x 48 48
+ 1 49
x 49 49
+ 1 50
x 50 50
+ 1 51
x 51 51
+ 1 52
x 52 52
+ 1 53
x 53 53
+ 1 54
x 54 54
+ 1 55
x 55 55
+ 1 56
x 56 56
+ 1 57
x 57 57
+ 1 58
x 58 58
+ 1 59
x 59 59
+ 1 60
x 60 60
+ 1 61
x 61 61
+ 1 62
x 62 62
+ 1 63
x 63 63
+ 1 64
x 64 64
+ 1 65
x 65 65
+ 1 66
x 66 66
+ 1 67
x 67 67
+ 1 68
x 68 68
+ 1 69
x 69 69
+ 1 70
x 70 70
+ 1 71
x 71 71
+ 1 72
x 72 72
+ 1 73
x 73 73
+ 1 74
x 74 74
+ 1 75
x 75 75
+ 1 76
x 76 76
+ 1 77
x 77 77
+ 1 78
x 78 78
+ 1 79
x 79 79
+ 1 80
x 80 80
+ 1 81
x 81 81
+ 1 82
x 82 82
+ 1 83
x 83 83
+ 1 84
x 84 84
+ 1 85
x 85 85
+ 1 86
x 86 86
+ 1 87
x 87 87
+ 1 88
x 88 88
+ 1 89
x 89 89
+ 1 90
x 90 90
+ 1 91
x 91 91
+ 1 92
x 92 92
+ 1 93
x 93 93
+ 1 94
x 94 94
+ 1 95
x 95 95
+ 1 96
x 96 96
+ 1 97
x 97 97
+ 1 98
x 98 98
+ 1 99
x 99 99
+ 1 100
x 100 100
Case #68: 2 1
o 1 1
Case #69: 118 116
o 1 1
+ 1 2
x 2 2
+ 1 3
x 3 3
+ 1 4
x 4 4
+ 1 5
x 5 5
+ 1 6
x 6 6
+ 1 7
x 7 7
+ 1 8
x 8 8
+ 1 9
x 9 9
+ 1 10
x 10 10
+ 1 11
x 11 11
+ 1 12
x 12 12
+ 1 13
x 13 13
+ 1 14
x 14 14
+ 1 15
x 15 15
+ 1 16
x 16 16
+ 1 17
x 17 17
+ 1 18
x 18 18
+ 1 19
x 19 19
+ 1 20
x 20 20
+ 1 21
x 21 21
x 22 22
+ 1 23
x 23 23
+ 1 24
x 24 24
+ 1 25
x 25 25
+ 1 26
x 26 26
+ 1 27
x 27 27
+ 1 28
x 28 28
+ 1 29
x 29 29
+ 1 30
x 30 30
+ 1 31
x 31 31
+ 1 32
x 32 32
+ 1 33
x 33 33
+ 1 34
x 34 34
+ 1 35
x 35 35
+ 1 36
x 36 36
+ 1 37
x 37 37
+ 1 38
x 38 38
+ 1 39
x 39 39
+ 1 40
x 40 40
+ 1 41
x 41 41
+ 1 42
x 42 42
+ 1 43
x 43 43
+ 1 44
x 44 44
+ 1 45
x 45 45
+ 1 46
x 46 46
+ 1 47
x 47 47
+ 1 48
x 48 48
+ 1 49
x 49 49
+ 1 50
x 50 50
+ 1 51
x 51 51
+ 1 52
x 52 52
+ 1 53
x 53 53
+ 1 54
x 54 54
+ 1 55
x 55 55
+ 1 56
x 56 56
+ 1 57
x 57 57
+ 1 58
x 58 58
+ 1 59
x 59 59
Case #70: 200 196
o 1 1
x 2 2
x 3 3
+ 1 4
x 4 4
+ 1 5
x 5 5
x 6 6
+ 1 7
x 7 7
+ 1 8
x 8 8
+ 1 9
x 9 9
+ 1 10
x 10 10
+ 1 11
x 11 11
+ 1 12
x 12 12
+ 1 13
x 13 13
+ 1 14
x 14 14
+ 1 15
x 15 15
+ 1 16
x 16 16
+ 1 17
x 17 17
+ 1 18
x 18 18
+ 1 19
x 19 19
+ 1 20
x 20 20
+ 1 21
x 21 21
+ 1 22
x 22 22
+ 1 23
x 23 23
+ 1 24
x 24 24
+ 1 25
x 25 25
+ 1 26
x 26 26
+ 1 27
x 27 27
+ 1 28
x 28 28
+ 1 29
x 29 29
+ 1 30
x 30 30
+ 1 31
x 31 31
+ 1 32
x 32 32
+ 1 33
x 33 33
+ 1 34
x 34 34
+ 1 35
x 35 35
+ 1 36
x 36 36
+ 1 37
x 37 37
+ 1 38
x 38 38
+ 1 39
x 39 39
+ 1 40
x 40 40
+ 1 41
x 41 41
+ 1 42
x 42 42
+ 1 43
x 43 43
+ 1 44
x 44 44
+ 1 45
x 45 45
+ 1 46
x 46 46
+ 1 47
x 47 47
+ 1 48
x 48 48
+ 1 49
x 49 49
+ 1 50
x 50 50
+ 1 51
x 51 51
+ 1 52
x 52 52
+ 1 53
x 53 53
+ 1 54
x 54 54
+ 1 55
x 55 55
+ 1 56
x 56 56
+ 1 57
x 57 57
+ 1 58
x 58 58
+ 1 59
x 59 59
+ 1 60
x 60 60
+ 1 61
x 61 61
+ 1 62
x 62 62
+ 1 63
x 63 63
+ 1 64
x 64 64
+ 1 65
x 65 65
+ 1 66
x 66 66
+ 1 67
x 67 67
+ 1 68
x 68 68
+ 1 69
x 69 69
+ 1 70
x 70 70
+ 1 71
x 71 71
+ 1 72
x 72 72
+ 1 73
x 73 73
+ 1 74
x 74 74
+ 1 75
x 75 75
+ 1 76
x 76 76
+ 1 77
x 77 77
+ 1 78
x 78 78
+ 1 79
x 79 79
+ 1 80
x 80 80
+ 1 81
x 81 81
+ 1 82
x 82 82
+ 1 83
x 83 83
+ 1 84
x 84 84
+ 1 85
x 85 85
+ 1 86
x 86 86
+ 1 87
x 87 87
+ 1 88
x 88 88
+ 1 89
x 89 89
+ 1 90
x 90 90
+ 1 91
x 91 91
+ 1 92
x 92 92
+ 1 93
x 93 93
+ 1 94
x 94 94
+ 1 95
x 95 95
+ 1 96
x 96 96
+ 1 97
x 97 97
+ 1 98
x 98 98
+ 1 99
x 99 99
+ 1 100
x 100 100
Case #71: 156 152
o 1 1
+ 1 2
x 2 2
+ 1 3
x 3 3
+ 1 4
x 4 4
+ 1 5
x 5 5
+ 1 6
x 6 6
+ 1 7
x 7 7
+ 1 8
x 8 8
+ 1 9
x 9 9
+ 1 10
x 10 10
+ 1 11
x 11 11
+ 1 12
x 12 12
+ 1 13
x 13 13
+ 1 14
x 14 14
+ 1 15
x 15 15
+ 1 16
x 16 16
+ 1 17
x 17 17
+ 1 18
x 18 18
x 19 19
+ 1 20
x 20 20
+ 1 21
x 21 21
+ 1 22
x 22 22
+ 1 23
x 23 23
+ 1 24
x 24 24
+ 1 25
x 25 25
+ 1 26
x 26 26
+ 1 27
x 27 27
+ 1 28
x 28 28
+ 1 29
x 29 29
+ 1 30
x 30 30
+ 1 31
x 31 31
+ 1 32
x 32 32
+ 1 33
x 33 33
+ 1 34
x 34 34
+ 1 35
x 35 35
+ 1 36
x 36 36
+ 1 37
x 37 37
+ 1 38
x 38 38
+ 1 39
x 39 39
+ 1 40
x 40 40
+ 1 41
x 41 41
+ 1 42
x 42 42
+ 1 43
x 43 43
+ 1 44
x 44 44
+ 1 45
x 45 45
x 46 46
+ 1 47
x 47 47
+ 1 48
x 48 48
+ 1 49
x 49 49
+ 1 50
x 50 50
+ 1 51
x 51 51
+ 1 52
x 52 52
+ 1 53
x 53 53
+ 1 54
x 54 54
+ 1 55
x 55 55
+ 1 56
x 56 56
+ 1 57
x 57 57
+ 1 58
x 58 58
+ 1 59
x 59 59
+ 1 60
x 60 60
+ 1 61
x 61 61
+ 1 62
x 62 62
+ 1 63
x 63 63
+ 1 64
x 64 64
+ 1 65
x 65 65
x 66 66
+ 1 67
x 67 67
+ 1 68
x 68 68
+ 1 69
x 69 69
+ 1 70
x 70 70
+ 1 71
x 71 71
+ 1 72
x 72 72
+ 1 73
x 73 73
+ 1 74
x 74 74
+ 1 75
x 75 75
+ 1 76
x 76 76
+ 1 77
x 77 77
+ 1 78
x 78 78
Case #72: 74 70
o 1 1
+ 1 2
x 2 2
+ 1 3
x 3 3
+ 1 4
x 4 4
+ 1 5
x 5 5
+ 1 6
x 6 6
+ 1 7
x 7 7
+ 1 8
x 8 8
+ 1 9
x 9 9
+ 1 10
x 10 10
x 11 11
+ 1 12
x 12 12
+ 1 13
x 13 13
+ 1 14
x 14 14
+ 1 15
x 15 15
+ 1 16
x 16 16
+ 1 17
x 17 17
+ 1 18
x 18 18
x 19 19
+ 1 20
x 20 20
x 21 21
+ 1 22
x 22 22
+ 1 23
x 23 23
+ 1 24
x 24 24
+ 1 25
x 25 25
+ 1 26
x 26 26
+ 1 27
x 27 27
+ 1 28
x 28 28
+ 1 29
x 29 29
+ 1 30
x 30 30
+ 1 31
x 31 31
+ 1 32
x 32 32
+ 1 33
x 33 33
+ 1 34
x 34 34
+ 1 35
x 35 35
+ 1 36
x 36 36
+ 1 37
x 37 37
Case #73: 200 197
o 1 1
+ 1 2
x 2 2
x 3 3
+ 1 4
x 4 4
+ 1 5
x 5 5
+ 1 6
x 6 6
+ 1 7
x 7 7
+ 1 8
x 8 8
+ 1 9
x 9 9
+ 1 10
x 10 10
+ 1 11
x 11 11
+ 1 12
x 12 12
+ 1 13
x 13 13
+ 1 14
x 14 14
+ 1 15
x 15 15
+ 1 16
x 16 16
+ 1 17
x 17 17
+ 1 18
x 18 18
+ 1 19
x 19 19
+ 1 20
x 20 20
+ 1 21
x 21 21
+ 1 22
x 22 22
+ 1 23
x 23 23
+ 1 24
x 24 24
+ 1 25
x 25 25
+ 1 26
x 26 26
+ 1 27
x 27 27
+ 1 28
x 28 28
+ 1 29
x 29 29
+ 1 30
x 30 30
+ 1 31
x 31 31
+ 1 32
x 32 32
+ 1 33
x 33 33
+ 1 34
x 34 34
+ 1 35
x 35 35
+ 1 36
x 36 36
+ 1 37
x 37 37
+ 1 38
x 38 38
+ 1 39
x 39 39
+ 1 40
x 40 40
+ 1 41
x 41 41
+ 1 42
x 42 42
+ 1 43
x 43 43
+ 1 44
x 44 44
+ 1 45
x 45 45
+ 1 46
x 46 46
+ 1 47
x 47 47
+ 1 48
x 48 48
+ 1 49
x 49 49
+ 1 50
x 50 50
+ 1 51
x 51 51
+ 1 52
x 52 52
+ 1 53
x 53 53
+ 1 54
x 54 54
+ 1 55
x 55 55
+ 1 56
x 56 56
+ 1 57
x 57 57
+ 1 58
x 58 58
+ 1 59
x 59 59
+ 1 60
x 60 60
+ 1 61
x 61 61
+ 1 62
x 62 62
+ 1 63
x 63 63
x 64 64
+ 1 65
x 65 65
+ 1 66
x 66 66
+ 1 67
x 67 67
+ 1 68
x 68 68
+ 1 69
x 69 69
+ 1 70
x 70 70
+ 1 71
x 71 71
+ 1 72
x 72 72
+ 1 73
x 73 73
+ 1 74
x 74 74
+ 1 75
x 75 75
+ 1 76
x 76 76
+ 1 77
x 77 77
+ 1 78
x 78 78
+ 1 79
x 79 79
+ 1 80
x 80 80
+ 1 81
x 81 81
+ 1 82
x 82 82
+ 1 83
x 83 83
+ 1 84
x 84 84
+ 1 85
x 85 85
+ 1 86
x 86 86
+ 1 87
x 87 87
+ 1 88
x 88 88
+ 1 89
x 89 89
+ 1 90
x 90 90
+ 1 91
x 91 91
+ 1 92
x 92 92
+ 1 93
x 93 93
+ 1 94
x 94 94
+ 1 95
x 95 95
+ 1 96
x 96 96
+ 1 97
x 97 97
+ 1 98
x 98 98
+ 1 99
x 99 99
+ 1 100
x 100 100
Case #74: 94 92
o 1 1
+ 1 2
x 2 2
+ 1 3
x 3 3
+ 1 4
x 4 4
+ 1 5
x 5 5
+ 1 6
x 6 6
+ 1 7
x 7 7
+ 1 8
x 8 8
+ 1 9
x 9 9
+ 1 10
x 10 10
+ 1 11
x 11 11
x 12 12
+ 1 13
x 13 13
+ 1 14
x 14 14
+ 1 15
x 15 15
+ 1 16
x 16 16
+ 1 17
x 17 17
+ 1 18
x 18 18
+ 1 19
x 19 19
+ 1 20
x 20 20
+ 1 21
x 21 21
+ 1 22
x 22 22
+ 1 23
x 23 23
+ 1 24
x 24 24
+ 1 25
x 25 25
+ 1 26
x 26 26
+ 1 27
x 27 27
+ 1 28
x 28 28
+ 1 29
x 29 29
+ 1 30
x 30 30
+ 1 31
x 31 31
+ 1 32
x 32 32
+ 1 33
x 33 33
+ 1 34
x 34 34
+ 1 35
x 35 35
+ 1 36
x 36 36
+ 1 37
x 37 37
+ 1 38
x 38 38
+ 1 39
x 39 39
+ 1 40
x 40 40
+ 1 41
x 41 41
+ 1 42
x 42 42
+ 1 43
x 43 43
+ 1 44
x 44 44
+ 1 45
x 45 45
+ 1 46
x 46 46
+ 1 47
x 47 47
Case #75: 200 196
o 1 1
x 2 2
+ 1 3
x 3 3
+ 1 4
x 4 4
+ 1 5
x 5 5
+ 1 6
x 6 6
+ 1 7
x 7 7
+ 1 8
x 8 8
+ 1 9
x 9 9
+ 1 10
x 10 10
+ 1 11
x 11 11
+ 1 12
x 12 12
+ 1 13
x 13 13
+ 1 14
x 14 14
+ 1 15
x 15 15
+ 1 16
x 16 16
+ 1 17
x 17 17
+ 1 18
x 18 18
+ 1 19
x 19 19
+ 1 20
x 20 20
+ 1 21
x 21 21
+ 1 22
x 22 22
+ 1 23
x 23 23
+ 1 24
x 24 24
+ 1 25
x 25 25
+ 1 26
x 26 26
+ 1 27
x 27 27
+ 1 28
x 28 28
+ 1 29
x 29 29
+ 1 30
x 30 30
+ 1 31
x 31 31
+ 1 32
x 32 32
+ 1 33
x 33 33
+ 1 34
x 34 34
+ 1 35
x 35 35
+ 1 36
x 36 36
+ 1 37
x 37 37
x 38 38
+ 1 39
x 39 39
+ 1 40
x 40 40
+ 1 41
x 41 41
+ 1 42
x 42 42
+ 1 43
x 43 43
+ 1 44
x 44 44
+ 1 45
x 45 45
+ 1 46
x 46 46
+ 1 47
x 47 47
+ 1 48
x 48 48
+ 1 49
x 49 49
+ 1 50
x 50 50
+ 1 51
x 51 51
+ 1 52
x 52 52
+ 1 53
x 53 53
+ 1 54
x 54 54
+ 1 55
x 55 55
+ 1 56
x 56 56
+ 1 57
x 57 57
+ 1 58
x 58 58
+ 1 59
x 59 59
+ 1 60
x 60 60
+ 1 61
x 61 61
+ 1 62
x 62 62
+ 1 63
x 63 63
+ 1 64
x 64 64
+ 1 65
x 65 65
+ 1 66
x 66 66
+ 1 67
x 67 67
+ 1 68
x 68 68
+ 1 69
x 69 69
x 70 70
+ 1 71
x 71 71
+ 1 72
x 72 72
+ 1 73
x 73 73
+ 1 74
x 74 74
+ 1 75
x 75 75
+ 1 76
x 76 76
+ 1 77
x 77 77
+ 1 78
x 78 78
+ 1 79
x 79 79
+ 1 80
x 80 80
+ 1 81
x 81 81
+ 1 82
x 82 82
+ 1 83
x 83 83
+ 1 84
x 84 84
+ 1 85
x 85 85
+ 1 86
x 86 86
+ 1 87
x 87 87
+ 1 88
x 88 88
+ 1 89
x 89 89
+ 1 90
x 90 90
+ 1 91
x 91 91
+ 1 92
x 92 92
+ 1 93
x 93 93
+ 1 94
x 94 94
+ 1 95
x 95 95
+ 1 96
x 96 96
+ 1 97
x 97 97
+ 1 98
x 98 98
+ 1 99
x 99 99
+ 1 100
x 100 100
Case #76: 18 14
o 1 1
+ 1 2
x 2 2
x 3 3
x 4 4
+ 1 5
x 5 5
x 6 6
+ 1 7
x 7 7
+ 1 8
x 8 8
+ 1 9
x 9 9
Case #77: 30 28
o 1 1
+ 1 2
x 2 2
+ 1 3
x 3 3
+ 1 4
x 4 4
+ 1 5
x 5 5
+ 1 6
x 6 6
+ 1 7
x 7 7
+ 1 8
x 8 8
+ 1 9
x 9 9
x 10 10
+ 1 11
x 11 11
+ 1 12
x 12 12
+ 1 13
x 13 13
+ 1 14
x 14 14
+ 1 15
x 15 15
Case #78: 144 141
o 1 1
+ 1 2
x 2 2
+ 1 3
x 3 3
+ 1 4
x 4 4
+ 1 5
x 5 5
+ 1 6
x 6 6
+ 1 7
x 7 7
+ 1 8
x 8 8
+ 1 9
x 9 9
+ 1 10
x 10 10
+ 1 11
x 11 11
+ 1 12
x 12 12
+ 1 13
x 13 13
+ 1 14
x 14 14
+ 1 15
x 15 15
+ 1 16
x 16 16
+ 1 17
x 17 17
+ 1 18
x 18 18
+ 1 19
x 19 19
+ 1 20
x 20 20
+ 1 21
x 21 21
x 22 22
+ 1 23
x 23 23
+ 1 24
x 24 24
+ 1 25
x 25 25
+ 1 26
x 26 26
+ 1 27
x 27 27
+ 1 28
x 28 28
+ 1 29
x 29 29
+ 1 30
x 30 30
+ 1 31
x 31 31
+ 1 32
x 32 32
+ 1 33
x 33 33
+ 1 34
x 34 34
+ 1 35
x 35 35
+ 1 36
x 36 36
+ 1 37
x 37 37
+ 1 38
x 38 38
+ 1 39
x 39 39
+ 1 40
x 40 40
+ 1 41
x 41 41
+ 1 42
x 42 42
+ 1 43
x 43 43
+ 1 44
x 44 44
+ 1 45
x 45 45
+ 1 46
x 46 46
+ 1 47
x 47 47
+ 1 48
x 48 48
+ 1 49
x 49 49
+ 1 50
x 50 50
+ 1 51
x 51 51
+ 1 52
x 52 52
+ 1 53
x 53 53
+ 1 54
x 54 54
+ 1 55
x 55 55
+ 1 56
x 56 56
x 57 57
+ 1 58
x 58 58
+ 1 59
x 59 59
+ 1 60
x 60 60
+ 1 61
x 61 61
+ 1 62
x 62 62
+ 1 63
x 63 63
+ 1 64
x 64 64
+ 1 65
x 65 65
+ 1 66
x 66 66
+ 1 67
x 67 67
+ 1 68
x 68 68
+ 1 69
x 69 69
+ 1 70
x 70 70
+ 1 71
x 71 71
+ 1 72
x 72 72
Case #79: 72 68
o 1 1
+ 1 2
x 2 2
+ 1 3
x 3 3
+ 1 4
x 4 4
+ 1 5
x 5 5
+ 1 6
x 6 6
+ 1 7
x 7 7
+ 1 8
x 8 8
+ 1 9
x 9 9
+ 1 10
x 10 10
+ 1 11
x 11 11
x 12 12
+ 1 13
x 13 13
+ 1 14
x 14 14
+ 1 15
x 15 15
+ 1 16
x 16 16
+ 1 17
x 17 17
+ 1 18
x 18 18
+ 1 19
x 19 19
+ 1 20
x 20 20
+ 1 21
x 21 21
+ 1 22
x 22 22
x 23 23
+ 1 24
x 24 24
+ 1 25
x 25 25
+ 1 26
x 26 26
x 27 27
+ 1 28
x 28 28
+ 1 29
x 29 29
+ 1 30
x 30 30
+ 1 31
x 31 31
+ 1 32
x 32 32
+ 1 33
x 33 33
+ 1 34
x 34 34
+ 1 35
x 35 35
+ 1 36
x 36 36
Case #80: 200 101
o 1 1
x 2 2
x 3 3
x 4 4
x 5 5
x 6 6
x 7 7
x 8 8
x 9 9
x 10 10
x 11 11
x 12 12
x 13 13
x 14 14
x 15 15
x 16 16
x 17 17
x 18 18
x 19 19
x 20 20
x 21 21
x 22 22
x 23 23
x 24 24
x 25 25
x 26 26
x 27 27
x 28 28
x 29 29
x 30 30
x 31 31
x 32 32
x 33 33
x 34 34
x 35 35
x 36 36
x 37 37
x 38 38
x 39 39
x 40 40
x 41 41
x 42 42
x 43 43
x 44 44
x 45 45
x 46 46
x 47 47
x 48 48
x 49 49
x 50 50
x 51 51
x 52 52
x 53 53
x 54 54
x 55 55
x 56 56
+ 1 57
x 57 57
x 58 58
x 59 59
x 60 60
x 61 61
x 62 62
x 63 63
x 64 64
x 65 65
x 66 66
x 67 67
x 68 68
x 69 69
x 70 70
x 71 71
x 72 72
x 73 73
x 74 74
x 75 75
x 76 76
x 77 77
x 78 78
x 79 79
x 80 80
x 81 81
x 82 82
x 83 83
x 84 84
x 85 85
x 86 86
x 87 87
x 88 88
x 89 89
x 90 90
x 91 91
x 92 92
x 93 93
x 94 94
x 95 95
x 96 96
x 97 97
x 98 98
x 99 99
x 100 100
Case #81: 54 52
o 1 1
+ 1 2
x 2 2
+ 1 3
x 3 3
+ 1 4
x 4 4
+ 1 5
x 5 5
+ 1 6
x 6 6
+ 1 7
x 7 7
+ 1 8
x 8 8
+ 1 9
x 9 9
+ 1 10
x 10 10
+ 1 11
x 11 11
x 12 12
+ 1 13
x 13 13
+ 1 14
x 14 14
+ 1 15
x 15 15
+ 1 16
x 16 16
+ 1 17
x 17 17
+ 1 18
x 18 18
+ 1 19
x 19 19
+ 1 20
x 20 20
+ 1 21
x 21 21
+ 1 22
x 22 22
+ 1 23
x 23 23
+ 1 24
x 24 24
+ 1 25
x 25 25
+ 1 26
x 26 26
+ 1 27
x 27 27
Case #82: 4 3
o 1 1
+ 1 2
x 2 2
Case #83: 78 75
o 1 1
+ 1 2
x 2 2
+ 1 3
x 3 3
+ 1 4
x 4 4
+ 1 5
x 5 5
+ 1 6
x 6 6
+ 1 7
x 7 7
+ 1 8
x 8 8
x 9 9
+ 1 10
x 10 10
+ 1 11
x 11 11
x 12 12
+ 1 13
x 13 13
+ 1 14
x 14 14
+ 1 15
x 15 15
+ 1 16
x 16 16
+ 1 17
x 17 17
+ 1 18
x 18 18
+ 1 19
x 19 19
+ 1 20
x 20 20
+ 1 21
x 21 21
+ 1 22
x 22 22
+ 1 23
x 23 23
+ 1 24
x 24 24
+ 1 25
x 25 25
+ 1 26
x 26 26
+ 1 27
x 27 27
+ 1 28
x 28 28
+ 1 29
x 29 29
+ 1 30
x 30 30
+ 1 31
x 31 31
+ 1 32
x 32 32
+ 1 33
x 33 33
+ 1 34
x 34 34
+ 1 35
x 35 35
+ 1 36
x 36 36
+ 1 37
x 37 37
+ 1 38
x 38 38
+ 1 39
x 39 39
Case #84: 200 199
o 1 1
+ 1 2
x 2 2
+ 1 3
x 3 3
+ 1 4
x 4 4
+ 1 5
x 5 5
+ 1 6
x 6 6
+ 1 7
x 7 7
+ 1 8
x 8 8
+ 1 9
x 9 9
+ 1 10
x 10 10
+ 1 11
x 11 11
+ 1 12
x 12 12
+ 1 13
x 13 13
+ 1 14
x 14 14
+ 1 15
x 15 15
+ 1 16
x 16 16
+ 1 17
x 17 17
+ 1 18
x 18 18
+ 1 19
x 19 19
+ 1 20
x 20 20
+ 1 21
x 21 21
+ 1 22
x 22 22
+ 1 23
x 23 23
+ 1 24
x 24 24
+ 1 25
x 25 25
+ 1 26
x 26 26
+ 1 27
x 27 27
+ 1 28
x 28 28
+ 1 29
x 29 29
+ 1 30
x 30 30
+ 1 31
x 31 31
+ 1 32
x 32 32
+ 1 33
x 33 33
+ 1 34
x 34 34
+ 1 35
x 35 35
+ 1 36
x 36 36
+ 1 37
x 37 37
+ 1 38
x 38 38
+ 1 39
x 39 39
+ 1 40
x 40 40
+ 1 41
x 41 41
+ 1 42
x 42 42
+ 1 43
x 43 43
+ 1 44
x 44 44
+ 1 45
x 45 45
+ 1 46
x 46 46
+ 1 47
x 47 47
+ 1 48
x 48 48
+ 1 49
x 49 49
+ 1 50
x 50 50
+ 1 51
x 51 51
+ 1 52
x 52 52
+ 1 53
x 53 53
+ 1 54
x 54 54
+ 1 55
x 55 55
+ 1 56
x 56 56
+ 1 57
x 57 57
+ 1 58
x 58 58
+ 1 59
x 59 59
+ 1 60
x 60 60
+ 1 61
x 61 61
+ 1 62
x 62 62
+ 1 63
x 63 63
+ 1 64
x 64 64
+ 1 65
x 65 65
+ 1 66
x 66 66
+ 1 67
x 67 67
+ 1 68
x 68 68
+ 1 69
x 69 69
+ 1 70
x 70 70
+ 1 71
x 71 71
+ 1 72
x 72 72
+ 1 73
x 73 73
+ 1 74
x 74 74
+ 1 75
x 75 75
+ 1 76
x 76 76
+ 1 77
x 77 77
+ 1 78
x 78 78
+ 1 79
x 79 79
+ 1 80
x 80 80
+ 1 81
x 81 81
+ 1 82
x 82 82
+ 1 83
x 83 83
+ 1 84
x 84 84
+ 1 85
x 85 85
+ 1 86
x 86 86
+ 1 87
x 87 87
+ 1 88
x 88 88
+ 1 89
x 89 89
+ 1 90
x 90 90
+ 1 91
x 91 91
+ 1 92
x 92 92
+ 1 93
x 93 93
+ 1 94
x 94 94
+ 1 95
x 95 95
+ 1 96
x 96 96
+ 1 97
x 97 97
+ 1 98
x 98 98
+ 1 99
x 99 99
+ 1 100
x 100 100
Case #85: 96 90
o 1 1
+ 1 2
x 2 2
+ 1 3
x 3 3
+ 1 4
x 4 4
+ 1 5
x 5 5
+ 1 6
x 6 6
+ 1 7
x 7 7
+ 1 8
x 8 8
x 9 9
+ 1 10
x 10 10
+ 1 11
x 11 11
+ 1 12
x 12 12
+ 1 13
x 13 13
+ 1 14
x 14 14
+ 1 15
x 15 15
+ 1 16
x 16 16
+ 1 17
x 17 17
+ 1 18
x 18 18
+ 1 19
x 19 19
+ 1 20
x 20 20
x 21 21
+ 1 22
x 22 22
+ 1 23
x 23 23
+ 1 24
x 24 24
+ 1 25
x 25 25
+ 1 26
x 26 26
+ 1 27
x 27 27
+ 1 28
x 28 28
+ 1 29
x 29 29
x 30 30
+ 1 31
x 31 31
+ 1 32
x 32 32
+ 1 33
x 33 33
+ 1 34
x 34 34
+ 1 35
x 35 35
+ 1 36
x 36 36
+ 1 37
x 37 37
x 38 38
+ 1 39
x 39 39
+ 1 40
x 40 40
+ 1 41
x 41 41
x 42 42
+ 1 43
x 43 43
+ 1 44
x 44 44
+ 1 45
x 45 45
+ 1 46
x 46 46
+ 1 47
x 47 47
+ 1 48
x 48 48
Case #86: 200 199
o 1 1
+ 1 2
x 2 2
+ 1 3
x 3 3
+ 1 4
x 4 4
+ 1 5
x 5 5
+ 1 6
x 6 6
+ 1 7
x 7 7
+ 1 8
x 8 8
+ 1 9
x 9 9
+ 1 10
x 10 10
+ 1 11
x 11 11
+ 1 12
x 12 12
+ 1 13
x 13 13
+ 1 14
x 14 14
+ 1 15
x 15 15
+ 1 16
x 16 16
+ 1 17
x 17 17
+ 1 18
x 18 18
+ 1 19
x 19 19
+ 1 20
x 20 20
+ 1 21
x 21 21
+ 1 22
x 22 22
+ 1 23
x 23 23
+ 1 24
x 24 24
+ 1 25
x 25 25
+ 1 26
x 26 26
+ 1 27
x 27 27
+ 1 28
x 28 28
+ 1 29
x 29 29
+ 1 30
x 30 30
+ 1 31
x 31 31
+ 1 32
x 32 32
+ 1 33
x 33 33
+ 1 34
x 34 34
+ 1 35
x 35 35
+ 1 36
x 36 36
+ 1 37
x 37 37
+ 1 38
x 38 38
+ 1 39
x 39 39
+ 1 40
x 40 40
+ 1 41
x 41 41
+ 1 42
x 42 42
+ 1 43
x 43 43
+ 1 44
x 44 44
+ 1 45
x 45 45
+ 1 46
x 46 46
+ 1 47
x 47 47
+ 1 48
x 48 48
+ 1 49
x 49 49
+ 1 50
x 50 50
+ 1 51
x 51 51
+ 1 52
x 52 52
+ 1 53
x 53 53
+ 1 54
x 54 54
+ 1 55
x 55 55
+ 1 56
x 56 56
+ 1 57
x 57 57
+ 1 58
x 58 58
+ 1 59
x 59 59
+ 1 60
x 60 60
+ 1 61
x 61 61
+ 1 62
x 62 62
+ 1 63
x 63 63
+ 1 64
x 64 64
+ 1 65
x 65 65
+ 1 66
x 66 66
+ 1 67
x 67 67
+ 1 68
x 68 68
+ 1 69
x 69 69
+ 1 70
x 70 70
+ 1 71
x 71 71
+ 1 72
x 72 72
+ 1 73
x 73 73
+ 1 74
x 74 74
+ 1 75
x 75 75
+ 1 76
x 76 76
+ 1 77
x 77 77
+ 1 78
x 78 78
+ 1 79
x 79 79
+ 1 80
x 80 80
+ 1 81
x 81 81
+ 1 82
x 82 82
+ 1 83
x 83 83
+ 1 84
x 84 84
+ 1 85
x 85 85
+ 1 86
x 86 86
+ 1 87
x 87 87
+ 1 88
x 88 88
+ 1 89
x 89 89
+ 1 90
x 90 90
+ 1 91
x 91 91
+ 1 92
x 92 92
+ 1 93
x 93 93
+ 1 94
x 94 94
+ 1 95
x 95 95
+ 1 96
x 96 96
+ 1 97
x 97 97
+ 1 98
x 98 98
+ 1 99
x 99 99
+ 1 100
x 100 100
Case #87: 106 103
o 1 1
+ 1 2
x 2 2
+ 1 3
x 3 3
+ 1 4
x 4 4
+ 1 5
x 5 5
+ 1 6
x 6 6
+ 1 7
x 7 7
+ 1 8
x 8 8
+ 1 9
x 9 9
+ 1 10
x 10 10
+ 1 11
x 11 11
+ 1 12
x 12 12
+ 1 13
x 13 13
+ 1 14
x 14 14
+ 1 15
x 15 15
+ 1 16
x 16 16
+ 1 17
x 17 17
+ 1 18
x 18 18
+ 1 19
x 19 19
+ 1 20
x 20 20
+ 1 21
x 21 21
+ 1 22
x 22 22
+ 1 23
x 23 23
+ 1 24
x 24 24
+ 1 25
x 25 25
+ 1 26
x 26 26
+ 1 27
x 27 27
+ 1 28
x 28 28
+ 1 29
x 29 29
+ 1 30
x 30 30
+ 1 31
x 31 31
+ 1 32
x 32 32
+ 1 33
x 33 33
+ 1 34
x 34 34
+ 1 35
x 35 35
+ 1 36
x 36 36
x 37 37
+ 1 38
x 38 38
+ 1 39
x 39 39
+ 1 40
x 40 40
+ 1 41
x 41 41
+ 1 42
x 42 42
+ 1 43
x 43 43
+ 1 44
x 44 44
+ 1 45
x 45 45
+ 1 46
x 46 46
+ 1 47
x 47 47
+ 1 48
x 48 48
+ 1 49
x 49 49
+ 1 50
x 50 50
+ 1 51
x 51 51
x 52 52
+ 1 53
x 53 53
Case #88: 180 178
o 1 1
+ 1 2
x 2 2
+ 1 3
x 3 3
+ 1 4
x 4 4
+ 1 5
x 5 5
+ 1 6
x 6 6
+ 1 7
x 7 7
+ 1 8
x 8 8
+ 1 9
x 9 9
+ 1 10
x 10 10
+ 1 11
x 11 11
+ 1 12
x 12 12
+ 1 13
x 13 13
+ 1 14
x 14 14
+ 1 15
x 15 15
+ 1 16
x 16 16
+ 1 17
x 17 17
+ 1 18
x 18 18
+ 1 19
x 19 19
+ 1 20
x 20 20
+ 1 21
x 21 21
+ 1 22
x 22 22
+ 1 23
x 23 23
+ 1 24
x 24 24
+ 1 25
x 25 25
x 26 26
+ 1 27
x 27 27
+ 1 28
x 28 28
+ 1 29
x 29 29
+ 1 30
x 30 30
+ 1 31
x 31 31
+ 1 32
x 32 32
+ 1 33
x 33 33
+ 1 34
x 34 34
+ 1 35
x 35 35
+ 1 36
x 36 36
+ 1 37
x 37 37
+ 1 38
x 38 38
+ 1 39
x 39 39
+ 1 40
x 40 40
+ 1 41
x 41 41
+ 1 42
x 42 42
+ 1 43
x 43 43
+ 1 44
x 44 44
+ 1 45
x 45 45
+ 1 46
x 46 46
+ 1 47
x 47 47
+ 1 48
x 48 48
+ 1 49
x 49 49
+ 1 50
x 50 50
+ 1 51
x 51 51
+ 1 52
x 52 52
+ 1 53
x 53 53
+ 1 54
x 54 54
+ 1 55
x 55 55
+ 1 56
x 56 56
+ 1 57
x 57 57
+ 1 58
x 58 58
+ 1 59
x 59 59
+ 1 60
x 60 60
+ 1 61
x 61 61
+ 1 62
x 62 62
+ 1 63
x 63 63
+ 1 64
x 64 64
+ 1 65
x 65 65
+ 1 66
x 66 66
+ 1 67
x 67 67
+ 1 68
x 68 68
+ 1 69
x 69 69
+ 1 70
x 70 70
+ 1 71
x 71 71
+ 1 72
x 72 72
+ 1 73
x 73 73
+ 1 74
x 74 74
+ 1 75
x 75 75
+ 1 76
x 76 76
+ 1 77
x 77 77
+ 1 78
x 78 78
+ 1 79
x 79 79
+ 1 80
x 80 80
+ 1 81
x 81 81
+ 1 82
x 82 82
+ 1 83
x 83 83
+ 1 84
x 84 84
+ 1 85
x 85 85
+ 1 86
x 86 86
+ 1 87
x 87 87
+ 1 88
x 88 88
+ 1 89
x 89 89
+ 1 90
x 90 90
Case #89: 112 107
o 1 1
+ 1 2
x 2 2
x 3 3
+ 1 4
x 4 4
+ 1 5
x 5 5
+ 1 6
x 6 6
+ 1 7
x 7 7
+ 1 8
x 8 8
+ 1 9
x 9 9
+ 1 10
x 10 10
+ 1 11
x 11 11
+ 1 12
x 12 12
+ 1 13
x 13 13
+ 1 14
x 14 14
+ 1 15
x 15 15
+ 1 16
x 16 16
+ 1 17
x 17 17
+ 1 18
x 18 18
+ 1 19
x 19 19
+ 1 20
x 20 20
+ 1 21
x 21 21
+ 1 22
x 22 22
+ 1 23
x 23 23
+ 1 24
x 24 24
+ 1 25
x 25 25
+ 1 26
x 26 26
+ 1 27
x 27 27
+ 1 28
x 28 28
x 29 29
+ 1 30
x 30 30
+ 1 31
x 31 31
+ 1 32
x 32 32
+ 1 33
x 33 33
+ 1 34
x 34 34
+ 1 35
x 35 35
x 36 36
+ 1 37
x 37 37
+ 1 38
x 38 38
+ 1 39
x 39 39
x 40 40
+ 1 41
x 41 41
+ 1 42
x 42 42
+ 1 43
x 43 43
+ 1 44
x 44 44
+ 1 45
x 45 45
+ 1 46
x 46 46
+ 1 47
x 47 47
+ 1 48
x 48 48
+ 1 49
x 49 49
+ 1 50
x 50 50
+ 1 51
x 51 51
+ 1 52
x 52 52
+ 1 53
x 53 53
+ 1 54
x 54 54
+ 1 55
x 55 55
+ 1 56
x 56 56
Case #90: 200 191
o 1 1
+ 1 2
x 2 2
x 3 3
+ 1 4
x 4 4
+ 1 5
x 5 5
+ 1 6
x 6 6
x 7 7
+ 1 8
x 8 8
+ 1 9
x 9 9
+ 1 10
x 10 10
+ 1 11
x 11 11
+ 1 12
x 12 12
+ 1 13
x 13 13
x 14 14
+ 1 15
x 15 15
+ 1 16
x 16 16
+ 1 17
x 17 17
x 18 18
+ 1 19
x 19 19
+ 1 20
x 20 20
+ 1 21
x 21 21
+ 1 22
x 22 22
+ 1 23
x 23 23
+ 1 24
x 24 24
x 25 25
+ 1 26
x 26 26
x 27 27
+ 1 28
x 28 28
x 29 29
+ 1 30
x 30 30
+ 1 31
x 31 31
+ 1 32
x 32 32
+ 1 33
x 33 33
+ 1 34
x 34 34
+ 1 35
x 35 35
+ 1 36
x 36 36
+ 1 37
x 37 37
+ 1 38
x 38 38
+ 1 39
x 39 39
+ 1 40
x 40 40
+ 1 41
x 41 41
+ 1 42
x 42 42
+ 1 43
x 43 43
+ 1 44
x 44 44
+ 1 45
x 45 45
+ 1 46
x 46 46
+ 1 47
x 47 47
+ 1 48
x 48 48
+ 1 49
x 49 49
+ 1 50
x 50 50
+ 1 51
x 51 51
+ 1 52
x 52 52
+ 1 53
x 53 53
+ 1 54
x 54 54
+ 1 55
x 55 55
+ 1 56
x 56 56
+ 1 57
x 57 57
+ 1 58
x 58 58
+ 1 59
x 59 59
+ 1 60
x 60 60
+ 1 61
x 61 61
+ 1 62
x 62 62
+ 1 63
x 63 63
+ 1 64
x 64 64
+ 1 65
x 65 65
+ 1 66
x 66 66
+ 1 67
x 67 67
+ 1 68
x 68 68
+ 1 69
x 69 69
+ 1 70
x 70 70
+ 1 71
x 71 71
+ 1 72
x 72 72
+ 1 73
x 73 73
x 74 74
+ 1 75
x 75 75
+ 1 76
x 76 76
+ 1 77
x 77 77
+ 1 78
x 78 78
+ 1 79
x 79 79
+ 1 80
x 80 80
+ 1 81
x 81 81
+ 1 82
x 82 82
+ 1 83
x 83 83
+ 1 84
x 84 84
+ 1 85
x 85 85
+ 1 86
x 86 86
+ 1 87
x 87 87
+ 1 88
x 88 88
+ 1 89
x 89 89
+ 1 90
x 90 90
+ 1 91
x 91 91
+ 1 92
x 92 92
+ 1 93
x 93 93
+ 1 94
x 94 94
+ 1 95
x 95 95
+ 1 96
x 96 96
+ 1 97
x 97 97
+ 1 98
x 98 98
+ 1 99
x 99 99
+ 1 100
x 100 100
Case #91: 200 193
o 1 1
+ 1 2
x 2 2
x 3 3
+ 1 4
x 4 4
+ 1 5
x 5 5
+ 1 6
x 6 6
+ 1 7
x 7 7
+ 1 8
x 8 8
+ 1 9
x 9 9
+ 1 10
x 10 10
+ 1 11
x 11 11
+ 1 12
x 12 12
+ 1 13
x 13 13
+ 1 14
x 14 14
+ 1 15
x 15 15
+ 1 16
x 16 16
+ 1 17
x 17 17
+ 1 18
x 18 18
+ 1 19
x 19 19
x 20 20
+ 1 21
x 21 21
+ 1 22
x 22 22
+ 1 23
x 23 23
+ 1 24
x 24 24
x 25 25
+ 1 26
x 26 26
+ 1 27
x 27 27
+ 1 28
x 28 28
+ 1 29
x 29 29
x 30 30
+ 1 31
x 31 31
+ 1 32
x 32 32
+ 1 33
x 33 33
+ 1 34
x 34 34
+ 1 35
x 35 35
+ 1 36
x 36 36
+ 1 37
x 37 37
+ 1 38
x 38 38
+ 1 39
x 39 39
x 40 40
+ 1 41
x 41 41
+ 1 42
x 42 42
+ 1 43
x 43 43
+ 1 44
x 44 44
+ 1 45
x 45 45
+ 1 46
x 46 46
+ 1 47
x 47 47
+ 1 48
x 48 48
+ 1 49
x 49 49
+ 1 50
x 50 50
+ 1 51
x 51 51
+ 1 52
x 52 52
+ 1 53
x 53 53
+ 1 54
x 54 54
+ 1 55
x 55 55
+ 1 56
x 56 56
+ 1 57
x 57 57
+ 1 58
x 58 58
+ 1 59
x 59 59
+ 1 60
x 60 60
+ 1 61
x 61 61
+ 1 62
x 62 62
+ 1 63
x 63 63
+ 1 64
x 64 64
+ 1 65
x 65 65
+ 1 66
x 66 66
+ 1 67
x 67 67
+ 1 68
x 68 68
+ 1 69
x 69 69
+ 1 70
x 70 70
+ 1 71
x 71 71
+ 1 72
x 72 72
+ 1 73
x 73 73
x 74 74
+ 1 75
x 75 75
+ 1 76
x 76 76
+ 1 77
x 77 77
+ 1 78
x 78 78
+ 1 79
x 79 79
+ 1 80
x 80 80
+ 1 81
x 81 81
+ 1 82
x 82 82
+ 1 83
x 83 83
+ 1 84
x 84 84
+ 1 85
x 85 85
+ 1 86
x 86 86
+ 1 87
x 87 87
+ 1 88
x 88 88
+ 1 89
x 89 89
+ 1 90
x 90 90
+ 1 91
x 91 91
+ 1 92
x 92 92
+ 1 93
x 93 93
+ 1 94
x 94 94
+ 1 95
x 95 95
+ 1 96
x 96 96
+ 1 97
x 97 97
+ 1 98
x 98 98
+ 1 99
x 99 99
+ 1 100
x 100 100
Case #92: 100 95
o 1 1
+ 1 2
x 2 2
+ 1 3
x 3 3
+ 1 4
x 4 4
+ 1 5
x 5 5
+ 1 6
x 6 6
+ 1 7
x 7 7
+ 1 8
x 8 8
+ 1 9
x 9 9
+ 1 10
x 10 10
+ 1 11
x 11 11
+ 1 12
x 12 12
+ 1 13
x 13 13
+ 1 14
x 14 14
+ 1 15
x 15 15
+ 1 16
x 16 16
+ 1 17
x 17 17
+ 1 18
x 18 18
+ 1 19
x 19 19
+ 1 20
x 20 20
x 21 21
+ 1 22
x 22 22
+ 1 23
x 23 23
+ 1 24
x 24 24
+ 1 25
x 25 25
+ 1 26
x 26 26
+ 1 27
x 27 27
+ 1 28
x 28 28
+ 1 29
x 29 29
+ 1 30
x 30 30
x 31 31
+ 1 32
x 32 32
+ 1 33
x 33 33
+ 1 34
x 34 34
+ 1 35
x 35 35
+ 1 36
x 36 36
+ 1 37
x 37 37
+ 1 38
x 38 38
+ 1 39
x 39 39
+ 1 40
x 40 40
+ 1 41
x 41 41
+ 1 42
x 42 42
x 43 43
+ 1 44
x 44 44
+ 1 45
x 45 45
+ 1 46
x 46 46
+ 1 47
x 47 47
+ 1 48
x 48 48
+ 1 49
x 49 49
x 50 50
Case #93: 200 197
o 1 1
x 2 2
+ 1 3
x 3 3
+ 1 4
x 4 4
+ 1 5
x 5 5
+ 1 6
x 6 6
+ 1 7
x 7 7
+ 1 8
x 8 8
x 9 9
+ 1 10
x 10 10
+ 1 11
x 11 11
+ 1 12
x 12 12
+ 1 13
x 13 13
+ 1 14
x 14 14
+ 1 15
x 15 15
+ 1 16
x 16 16
+ 1 17
x 17 17
+ 1 18
x 18 18
+ 1 19
x 19 19
+ 1 20
x 20 20
+ 1 21
x 21 21
+ 1 22
x 22 22
+ 1 23
x 23 23
+ 1 24
x 24 24
+ 1 25
x 25 25
+ 1 26
x 26 26
+ 1 27
x 27 27
+ 1 28
x 28 28
+ 1 29
x 29 29
+ 1 30
x 30 30
+ 1 31
x 31 31
+ 1 32
x 32 32
+ 1 33
x 33 33
+ 1 34
x 34 34
+ 1 35
x 35 35
+ 1 36
x 36 36
+ 1 37
x 37 37
+ 1 38
x 38 38
+ 1 39
x 39 39
+ 1 40
x 40 40
+ 1 41
x 41 41
+ 1 42
x 42 42
+ 1 43
x 43 43
+ 1 44
x 44 44
+ 1 45
x 45 45
+ 1 46
x 46 46
+ 1 47
x 47 47
+ 1 48
x 48 48
+ 1 49
x 49 49
+ 1 50
x 50 50
+ 1 51
x 51 51
+ 1 52
x 52 52
+ 1 53
x 53 53
+ 1 54
x 54 54
+ 1 55
x 55 55
+ 1 56
x 56 56
+ 1 57
x 57 57
+ 1 58
x 58 58
+ 1 59
x 59 59
+ 1 60
x 60 60
+ 1 61
x 61 61
+ 1 62
x 62 62
+ 1 63
x 63 63
+ 1 64
x 64 64
+ 1 65
x 65 65
+ 1 66
x 66 66
+ 1 67
x 67 67
+ 1 68
x 68 68
+ 1 69
x 69 69
+ 1 70
x 70 70
+ 1 71
x 71 71
+ 1 72
x 72 72
+ 1 73
x 73 73
+ 1 74
x 74 74
+ 1 75
x 75 75
+ 1 76
x 76 76
+ 1 77
x 77 77
+ 1 78
x 78 78
+ 1 79
x 79 79
+ 1 80
x 80 80
+ 1 81
x 81 81
+ 1 82
x 82 82
+ 1 83
x 83 83
+ 1 84
x 84 84
+ 1 85
x 85 85
+ 1 86
x 86 86
+ 1 87
x 87 87
+ 1 88
x 88 88
+ 1 89
x 89 89
+ 1 90
x 90 90
+ 1 91
x 91 91
+ 1 92
x 92 92
+ 1 93
x 93 93
+ 1 94
x 94 94
+ 1 95
x 95 95
+ 1 96
x 96 96
+ 1 97
x 97 97
+ 1 98
x 98 98
+ 1 99
x 99 99
+ 1 100
x 100 100
Case #94: 18 17
o 1 1
+ 1 2
x 2 2
+ 1 3
x 3 3
+ 1 4
x 4 4
+ 1 5
x 5 5
+ 1 6
x 6 6
+ 1 7
x 7 7
+ 1 8
x 8 8
+ 1 9
x 9 9
Case #95: 52 49
o 1 1
+ 1 2
x 2 2
+ 1 3
x 3 3
+ 1 4
x 4 4
+ 1 5
x 5 5
+ 1 6
x 6 6
+ 1 7
x 7 7
+ 1 8
x 8 8
+ 1 9
x 9 9
+ 1 10
x 10 10
x 11 11
+ 1 12
x 12 12
+ 1 13
x 13 13
+ 1 14
x 14 14
+ 1 15
x 15 15
+ 1 16
x 16 16
+ 1 17
x 17 17
+ 1 18
x 18 18
+ 1 19
x 19 19
x 20 20
+ 1 21
x 21 21
+ 1 22
x 22 22
+ 1 23
x 23 23
+ 1 24
x 24 24
+ 1 25
x 25 25
+ 1 26
x 26 26
Case #96: 176 173
o 1 1
+ 1 2
x 2 2
+ 1 3
x 3 3
+ 1 4
x 4 4
+ 1 5
x 5 5
+ 1 6
x 6 6
+ 1 7
x 7 7
+ 1 8
x 8 8
+ 1 9
x 9 9
+ 1 10
x 10 10
+ 1 11
x 11 11
+ 1 12
x 12 12
+ 1 13
x 13 13
+ 1 14
x 14 14
+ 1 15
x 15 15
+ 1 16
x 16 16
+ 1 17
x 17 17
+ 1 18
x 18 18
+ 1 19
x 19 19
+ 1 20
x 20 20
+ 1 21
x 21 21
+ 1 22
x 22 22
+ 1 23
x 23 23
+ 1 24
x 24 24
+ 1 25
x 25 25
+ 1 26
x 26 26
+ 1 27
x 27 27
+ 1 28
x 28 28
+ 1 29
x 29 29
+ 1 30
x 30 30
+ 1 31
x 31 31
+ 1 32
x 32 32
+ 1 33
x 33 33
+ 1 34
x 34 34
+ 1 35
x 35 35
+ 1 36
x 36 36
+ 1 37
x 37 37
+ 1 38
x 38 38
+ 1 39
x 39 39
+ 1 40
x 40 40
+ 1 41
x 41 41
+ 1 42
x 42 42
+ 1 43
x 43 43
+ 1 44
x 44 44
x 45 45
+ 1 46
x 46 46
+ 1 47
x 47 47
+ 1 48
x 48 48
+ 1 49
x 49 49
+ 1 50
x 50 50
+ 1 51
x 51 51
+ 1 52
x 52 52
+ 1 53
x 53 53
+ 1 54
x 54 54
+ 1 55
x 55 55
+ 1 56
x 56 56
+ 1 57
x 57 57
+ 1 58
x 58 58
+ 1 59
x 59 59
+ 1 60
x 60 60
+ 1 61
x 61 61
+ 1 62
x 62 62
+ 1 63
x 63 63
+ 1 64
x 64 64
+ 1 65
x 65 65
+ 1 66
x 66 66
+ 1 67
x 67 67
+ 1 68
x 68 68
+ 1 69
x 69 69
x 70 70
+ 1 71
x 71 71
+ 1 72
x 72 72
+ 1 73
x 73 73
+ 1 74
x 74 74
+ 1 75
x 75 75
+ 1 76
x 76 76
+ 1 77
x 77 77
+ 1 78
x 78 78
+ 1 79
x 79 79
+ 1 80
x 80 80
+ 1 81
x 81 81
+ 1 82
x 82 82
+ 1 83
x 83 83
+ 1 84
x 84 84
+ 1 85
x 85 85
+ 1 86
x 86 86
+ 1 87
x 87 87
+ 1 88
x 88 88
Case #97: 96 94
o 1 1
+ 1 2
x 2 2
+ 1 3
x 3 3
+ 1 4
x 4 4
+ 1 5
x 5 5
+ 1 6
x 6 6
+ 1 7
x 7 7
+ 1 8
x 8 8
+ 1 9
x 9 9
+ 1 10
x 10 10
+ 1 11
x 11 11
+ 1 12
x 12 12
+ 1 13
x 13 13
+ 1 14
x 14 14
+ 1 15
x 15 15
+ 1 16
x 16 16
+ 1 17
x 17 17
+ 1 18
x 18 18
+ 1 19
x 19 19
+ 1 20
x 20 20
+ 1 21
x 21 21
+ 1 22
x 22 22
+ 1 23
x 23 23
+ 1 24
x 24 24
+ 1 25
x 25 25
+ 1 26
x 26 26
+ 1 27
x 27 27
+ 1 28
x 28 28
+ 1 29
x 29 29
+ 1 30
x 30 30
+ 1 31
x 31 31
+ 1 32
x 32 32
+ 1 33
x 33 33
+ 1 34
x 34 34
x 35 35
+ 1 36
x 36 36
+ 1 37
x 37 37
+ 1 38
x 38 38
+ 1 39
x 39 39
+ 1 40
x 40 40
+ 1 41
x 41 41
+ 1 42
x 42 42
+ 1 43
x 43 43
+ 1 44
x 44 44
+ 1 45
x 45 45
+ 1 46
x 46 46
+ 1 47
x 47 47
+ 1 48
x 48 48
Case #98: 114 110
o 1 1
+ 1 2
x 2 2
+ 1 3
x 3 3
+ 1 4
x 4 4
+ 1 5
x 5 5
+ 1 6
x 6 6
+ 1 7
x 7 7
+ 1 8
x 8 8
+ 1 9
x 9 9
+ 1 10
x 10 10
+ 1 11
x 11 11
+ 1 12
x 12 12
+ 1 13
x 13 13
+ 1 14
x 14 14
+ 1 15
x 15 15
+ 1 16
x 16 16
+ 1 17
x 17 17
+ 1 18
x 18 18
+ 1 19
x 19 19
+ 1 20
x 20 20
+ 1 21
x 21 21
+ 1 22
x 22 22
x 23 23
+ 1 24
x 24 24
+ 1 25
x 25 25
+ 1 26
x 26 26
+ 1 27
x 27 27
+ 1 28
x 28 28
+ 1 29
x 29 29
+ 1 30
x 30 30
+ 1 31
x 31 31
+ 1 32
x 32 32
+ 1 33
x 33 33
+ 1 34
x 34 34
+ 1 35
x 35 35
+ 1 36
x 36 36
+ 1 37
x 37 37
+ 1 38
x 38 38
x 39 39
+ 1 40
x 40 40
+ 1 41
x 41 41
+ 1 42
x 42 42
+ 1 43
x 43 43
+ 1 44
x 44 44
+ 1 45
x 45 45
+ 1 46
x 46 46
+ 1 47
x 47 47
+ 1 48
x 48 48
+ 1 49
x 49 49
+ 1 50
x 50 50
+ 1 51
x 51 51
+ 1 52
x 52 52
x 53 53
+ 1 54
x 54 54
+ 1 55
x 55 55
+ 1 56
x 56 56
+ 1 57
x 57 57
Case #99: 178 173
o 1 1
+ 1 2
x 2 2
+ 1 3
x 3 3
+ 1 4
x 4 4
+ 1 5
x 5 5
+ 1 6
x 6 6
+ 1 7
x 7 7
+ 1 8
x 8 8
+ 1 9
x 9 9
+ 1 10
x 10 10
+ 1 11
x 11 11
+ 1 12
x 12 12
+ 1 13
x 13 13
+ 1 14
x 14 14
+ 1 15
x 15 15
+ 1 16
x 16 16
+ 1 17
x 17 17
+ 1 18
x 18 18
+ 1 19
x 19 19
+ 1 20
x 20 20
+ 1 21
x 21 21
+ 1 22
x 22 22
+ 1 23
x 23 23
+ 1 24
x 24 24
+ 1 25
x 25 25
+ 1 26
x 26 26
+ 1 27
x 27 27
+ 1 28
x 28 28
+ 1 29
x 29 29
+ 1 30
x 30 30
+ 1 31
x 31 31
+ 1 32
x 32 32
+ 1 33
x 33 33
x 34 34
+ 1 35
x 35 35
+ 1 36
x 36 36
+ 1 37
x 37 37
+ 1 38
x 38 38
+ 1 39
x 39 39
+ 1 40
x 40 40
+ 1 41
x 41 41
+ 1 42
x 42 42
+ 1 43
x 43 43
+ 1 44
x 44 44
x 45 45
x 46 46
+ 1 47
x 47 47
+ 1 48
x 48 48
+ 1 49
x 49 49
+ 1 50
x 50 50
+ 1 51
x 51 51
+ 1 52
x 52 52
+ 1 53
x 53 53
+ 1 54
x 54 54
x 55 55
+ 1 56
x 56 56
+ 1 57
x 57 57
+ 1 58
x 58 58
+ 1 59
x 59 59
+ 1 60
x 60 60
+ 1 61
x 61 61
+ 1 62
x 62 62
+ 1 63
x 63 63
+ 1 64
x 64 64
+ 1 65
x 65 65
+ 1 66
x 66 66
+ 1 67
x 67 67
+ 1 68
x 68 68
+ 1 69
x 69 69
+ 1 70
x 70 70
+ 1 71
x 71 71
+ 1 72
x 72 72
+ 1 73
x 73 73
+ 1 74
x 74 74
+ 1 75
x 75 75
+ 1 76
x 76 76
+ 1 77
x 77 77
+ 1 78
x 78 78
+ 1 79
x 79 79
+ 1 80
x 80 80
+ 1 81
x 81 81
+ 1 82
x 82 82
+ 1 83
x 83 83
+ 1 84
x 84 84
+ 1 85
x 85 85
+ 1 86
x 86 86
+ 1 87
x 87 87
+ 1 88
x 88 88
+ 1 89
x 89 89
Case #100: 12 11
o 1 1
+ 1 2
x 2 2
+ 1 3
x 3 3
+ 1 4
x 4 4
+ 1 5
x 5 5
+ 1 6
x 6 6
