..
..

o+
..

Case #1: 3 2
+ 1 2
o 1 1
o

o

Case #2: 2 0
...
...
...

o++
.x.
.+x

Case #3: 7 6
+ 1 2
+ 1 3
o 1 1
x 2 2
+ 3 2
x 3 3
Case #4: 88 84
+o
..

+o
..

Case #5: 3 0
.x......................
........................
........................
........................
........................
........................
........................
........................
........................
........................
........................
........................
........................
........................
........................
........................
........................
........................
........................
........................
........................
........................
........................
........................

+o+++++++++++++++++++++.
..x.....................
...x....................
....x...................
.....x..................
......x.................
.......x................
........x...............
.........x..............
..........x.............
...........x............
............x...........
.............x..........
..............x.........
...............x........
................x.......
.................x......
..................x.....
...................x....
....................x...
.....................x..
......................x.
.......................x
o++++++++++++++++++++++.

Case #6: 70 68
Case #7: 286 283
..+..+.o+..
...........
...........
...........
...........
...........
...........
...........
...........
...........
...........

+++++++o+++
........x..
.........x.
..........x
x..........
.x.........
..x........
...x.......
....x......
.....x.....
.+++++o+++.

Case #8: 31 25
Case #9: 211 206
Case #10: 298 293
Case #11: 298 198
Case #12: 280 276
...++.+.o.
..........
..........
..........
..........
..........
..........
..........
..........
..........

++++++++o+
.........x
x.........
.x........
..x.......
...x......
....x.....
.....x....
......x...
.++++++o+.

Case #13: 28 22
Case #14: 298 295
Case #15: 289 283
Case #16: 100 96
Case #17: 298 291
Case #18: 298 198
Case #19: 298 294
Case #20: 127 125
Case #21: 298 297
Case #22: 247 241
Case #23: 160 156
Case #24: 298 296
.........o.++.+...
..................
..................
..................
..................
..................
..................
..................
..................
..................
..................
..................
..................
..................
..................
..................
..................
..................

+++++++++o++++++++
..........x.......
...........x......
............x.....
.............x....
..............x...
...............x..
................x.
.................x
x.................
.x................
..x...............
...x..............
....x.............
.....x............
......x...........
.......x..........
.+++++++o++++++++.

Case #25: 52 46
.....o...........+...........
.............................
.............................
.............................
.............................
.............................
.............................
.............................
.............................
.............................
.............................
.............................
.............................
.............................
.............................
.............................
.............................
.............................
.............................
.............................
.............................
.............................
.............................
.............................
.............................
.............................
.............................
.............................
.............................

+++++o+++++++++++++++++++++++
......x......................
.......x.....................
........x....................
.........x...................
..........x..................
...........x.................
............x................
.............x...............
..............x..............
...............x.............
................x............
.................x...........
..................x..........
...................x.........
....................x........
.....................x.......
......................x......
.......................x.....
........................x....
.........................x...
..........................x..
...........................x.
............................x
x............................
.x...........................
..x..........................
...x.........................
.+++o+++++++++++++++++++++++.

Case #26: 85 81
Case #27: 298 296
Case #28: 298 292
Case #29: 298 296
Case #30: 298 293
Case #31: 298 294
Case #32: 298 295
Case #33: 271 268
Case #34: 298 199
Case #35: 151 148
++
..

o+
..

Case #36: 3 1
o 1 1
...+.o.....
...........
...........
...........
...........
...........
...........
...........
...........
...........
...........

+++++o+++++
......x....
.......x...
........x..
.........x.
..........x
x..........
.x.........
..x........
...x.......
.+++o+++++.

Case #37: 31 27
+

o

Case #38: 2 1
o 1 1
Case #39: 235 229
Case #40: 142 138
Case #41: 139 136
Case #42: 163 159
Case #43: 217 213
x

o

Case #44: 2 1
o 1 1
Case #45: 106 102
Case #46: 265 261
Case #47: 130 127
........+........o..+.++..
..........................
..........................
..........................
..........................
..........................
..........................
..........................
..........................
..........................
..........................
..........................
..........................
..........................
..........................
..........................
..........................
..........................
..........................
..........................
..........................
..........................
..........................
..........................
..........................
..........................

+++++++++++++++++o++++++++
..................x.......
...................x......
....................x.....
.....................x....
......................x...
.......................x..
........................x.
.........................x
x.........................
.x........................
..x.......................
...x......................
....x.....................
.....x....................
......x...................
.......x..................
........x.................
.........x................
..........x...............
...........x..............
............x.............
.............x............
..............x...........
...............x..........
.+++++++++++++++o++++++++.

Case #48: 76 69
Case #49: 298 294
Case #50: 298 198
Case #51: 136 131
+x+
...
...

+o+
..x
o+.

Case #52: 8 4
o 1 2
x 2 3
+ 3 2
o 3 1
+.o..+.............
...................
...................
...................
...................
...................
...................
...................
...................
...................
...................
...................
...................
...................
...................
...................
...................
...................
...................

++o++++++++++++++++
...x...............
....x..............
.....x.............
......x............
.......x...........
........x..........
.........x.........
..........x........
...........x.......
............x......
.............x.....
..............x....
...............x...
................x..
.................x.
..................x
x..................
.o++++++++++++++++.

Case #53: 55 50
Case #54: 298 295
Case #55: 298 291
Case #56: 295 294
Case #57: 283 276
Case #58: 106 102
......o..
.........
.........
.........
.........
.........
.........
.........
.........

++++++o++
.......x.
........x
x........
.x.......
..x......
...x.....
....x....
.++++o++.

Case #59: 25 22
.....+x+..+.............
........................
........................
........................
........................
........................
........................
........................
........................
........................
........................
........................
........................
........................
........................
........................
........................
........................
........................
........................
........................
........................
........................
........................

++++++o+++++++++++++++++
.......x................
........x...............
.........x..............
..........x.............
...........x............
............x...........
.............x..........
..............x.........
...............x........
................x.......
.................x......
..................x.....
...................x....
....................x...
.....................x..
......................x.
.......................x
x.......................
.x......................
..x.....................
...x....................
....x...................
.++++o+++++++++++++++++.

Case #60: 70 65
Case #61: 298 295
Case #62: 166 163
Case #63: 298 292
Case #64: 298 296
+x.
...
...

+o.
..x
o+.

Case #65: 7 4
o 1 2
x 2 3
+ 3 2
o 3 1
Case #66: 298 197
Case #67: 298 295
Case #68: 154 148
Case #69: 299 197
Case #70: 268 264
Case #71: 298 196
Case #72: 298 297
Case #73: 298 295
Case #74: 298 295
.+.+......+...+.x......
.......................
.......................
.......................
.......................
.......................
.......................
.......................
.......................
.......................
.......................
.......................
.......................
.......................
.......................
.......................
.......................
.......................
.......................
.......................
.......................
.......................
.......................

++++++++++++++++o++++++
.................x.....
..................x....
...................x...
....................x..
.....................x.
......................x
x......................
.x.....................
..x....................
...x...................
....x..................
.....x.................
......x................
.......x...............
........x..............
.........x.............
..........x............
...........x...........
............x..........
.............x.........
..............x........
.++++++++++++++o++++++.

Case #75: 67 61
Case #76: 130 127
Case #77: 169 165
Case #78: 298 296
.

o

Case #79: 2 1
o 1 1
Case #80: 136 132
...+.........+......x....
.........................
.........................
.........................
.........................
.........................
.........................
.........................
.........................
.........................
.........................
.........................
.........................
.........................
.........................
.........................
.........................
.........................
.........................
.........................
.........................
.........................
.........................
.........................
.........................

++++++++++++++++++++o++++
.....................x...
......................x..
.......................x.
........................x
x........................
.x.......................
..x......................
...x.....................
....x....................
.....x...................
......x..................
.......x.................
........x................
.........x...............
..........x..............
...........x.............
............x............
.............x...........
..............x..........
...............x.........
................x........
.................x.......
..................x......
.++++++++++++++++++o++++.

Case #81: 73 69
Case #82: 271 268
Case #83: 298 290
Case #84: 298 296
Case #85: 298 291
Case #86: 106 102
Case #87: 253 251
Case #88: 106 103
Case #89: 106 104
Case #90: 298 288
Case #91: 298 292
Case #92: 298 296
Case #93: 166 163
Case #94: 298 294
..+.o....+..
............
............
............
............
............
............
............
............
............
............
............

++++o+++++++
.....x......
......x.....
.......x....
........x...
.........x..
..........x.
...........x
x...........
.x..........
..x.........
.++o+++++++.

Case #95: 34 29
Case #96: 298 293
Case #97: 298 291
Case #98: 298 296
Case #99: 298 295
Case #100: 299 198
