Case #1: 4 2
+ 1 2
x 2 2
Case #2: 2 0
Case #3: 6 4
+ 1 2
x 2 2
+ 1 3
x 3 3
Case #4: 136 134
+ 1 2
x 2 2
+ 1 3
x 3 3
+ 1 4
x 4 4
+ 1 5
x 5 5
+ 1 6
x 6 6
+ 1 7
x 7 7
+ 1 8
x 8 8
+ 1 9
x 9 9
+ 1 10
x 10 10
+ 1 11
x 11 11
+ 1 12
x 12 12
+ 1 13
x 13 13
+ 1 14
x 14 14
+ 1 15
x 15 15
+ 1 16
x 16 16
+ 1 17
x 17 17
+ 1 18
x 18 18
+ 1 19
x 19 19
+ 1 20
x 20 20
+ 1 21
x 21 21
+ 1 22
x 22 22
+ 1 23
x 23 23
+ 1 24
x 24 24
+ 1 25
x 25 25
+ 1 26
x 26 26
+ 1 27
x 27 27
+ 1 28
x 28 28
+ 1 29
x 29 29
+ 1 30
x 30 30
+ 1 31
x 31 31
+ 1 32
x 32 32
+ 1 33
x 33 33
+ 1 34
x 34 34
+ 1 35
x 35 35
+ 1 36
x 36 36
+ 1 37
x 37 37
+ 1 38
x 38 38
+ 1 39
x 39 39
+ 1 40
x 40 40
+ 1 41
x 41 41
+ 1 42
x 42 42
+ 1 43
x 43 43
+ 1 44
x 44 44
+ 1 45
x 45 45
+ 1 46
x 46 46
+ 1 47
x 47 47
+ 1 48
x 48 48
+ 1 49
x 49 49
+ 1 50
x 50 50
+ 1 51
x 51 51
+ 1 52
x 52 52
+ 1 53
x 53 53
+ 1 54
x 54 54
+ 1 55
x 55 55
+ 1 56
x 56 56
+ 1 57
x 57 57
+ 1 58
x 58 58
+ 1 59
x 59 59
+ 1 60
x 60 60
+ 1 61
x 61 61
+ 1 62
x 62 62
+ 1 63
x 63 63
+ 1 64
x 64 64
+ 1 65
x 65 65
+ 1 66
x 66 66
+ 1 67
x 67 67
+ 1 68
x 68 68
Case #5: 42 40
+ 1 2
x 2 2
+ 1 3
x 3 3
+ 1 4
x 4 4
+ 1 5
x 5 5
+ 1 6
x 6 6
+ 1 7
x 7 7
+ 1 8
x 8 8
+ 1 9
x 9 9
+ 1 10
x 10 10
+ 1 11
x 11 11
+ 1 12
x 12 12
+ 1 13
x 13 13
+ 1 14
x 14 14
+ 1 15
x 15 15
+ 1 16
x 16 16
+ 1 17
x 17 17
+ 1 18
x 18 18
+ 1 19
x 19 19
+ 1 20
x 20 20
+ 1 21
x 21 21
Case #6: 200 198
+ 1 2
x 2 2
+ 1 3
x 3 3
+ 1 4
x 4 4
+ 1 5
x 5 5
+ 1 6
x 6 6
+ 1 7
x 7 7
+ 1 8
x 8 8
+ 1 9
x 9 9
+ 1 10
x 10 10
+ 1 11
x 11 11
+ 1 12
x 12 12
+ 1 13
x 13 13
+ 1 14
x 14 14
+ 1 15
x 15 15
+ 1 16
x 16 16
+ 1 17
x 17 17
+ 1 18
x 18 18
+ 1 19
x 19 19
+ 1 20
x 20 20
+ 1 21
x 21 21
+ 1 22
x 22 22
+ 1 23
x 23 23
+ 1 24
x 24 24
+ 1 25
x 25 25
+ 1 26
x 26 26
+ 1 27
x 27 27
+ 1 28
x 28 28
+ 1 29
x 29 29
+ 1 30
x 30 30
+ 1 31
x 31 31
+ 1 32
x 32 32
+ 1 33
x 33 33
+ 1 34
x 34 34
+ 1 35
x 35 35
+ 1 36
x 36 36
+ 1 37
x 37 37
+ 1 38
x 38 38
+ 1 39
x 39 39
+ 1 40
x 40 40
+ 1 41
x 41 41
+ 1 42
x 42 42
+ 1 43
x 43 43
+ 1 44
x 44 44
+ 1 45
x 45 45
+ 1 46
x 46 46
+ 1 47
x 47 47
+ 1 48
x 48 48
+ 1 49
x 49 49
+ 1 50
x 50 50
+ 1 51
x 51 51
+ 1 52
x 52 52
+ 1 53
x 53 53
+ 1 54
x 54 54
+ 1 55
x 55 55
+ 1 56
x 56 56
+ 1 57
x 57 57
+ 1 58
x 58 58
+ 1 59
x 59 59
+ 1 60
x 60 60
+ 1 61
x 61 61
+ 1 62
x 62 62
+ 1 63
x 63 63
+ 1 64
x 64 64
+ 1 65
x 65 65
+ 1 66
x 66 66
+ 1 67
x 67 67
+ 1 68
x 68 68
+ 1 69
x 69 69
+ 1 70
x 70 70
+ 1 71
x 71 71
+ 1 72
x 72 72
+ 1 73
x 73 73
+ 1 74
x 74 74
+ 1 75
x 75 75
+ 1 76
x 76 76
+ 1 77
x 77 77
+ 1 78
x 78 78
+ 1 79
x 79 79
+ 1 80
x 80 80
+ 1 81
x 81 81
+ 1 82
x 82 82
+ 1 83
x 83 83
+ 1 84
x 84 84
+ 1 85
x 85 85
+ 1 86
x 86 86
+ 1 87
x 87 87
+ 1 88
x 88 88
+ 1 89
x 89 89
+ 1 90
x 90 90
+ 1 91
x 91 91
+ 1 92
x 92 92
+ 1 93
x 93 93
+ 1 94
x 94 94
+ 1 95
x 95 95
+ 1 96
x 96 96
+ 1 97
x 97 97
+ 1 98
x 98 98
+ 1 99
x 99 99
+ 1 100
x 100 100
Case #7: 60 58
+ 1 2
x 2 2
+ 1 3
x 3 3
+ 1 4
x 4 4
+ 1 5
x 5 5
+ 1 6
x 6 6
+ 1 7
x 7 7
+ 1 8
x 8 8
+ 1 9
x 9 9
+ 1 10
x 10 10
+ 1 11
x 11 11
+ 1 12
x 12 12
+ 1 13
x 13 13
+ 1 14
x 14 14
+ 1 15
x 15 15
+ 1 16
x 16 16
+ 1 17
x 17 17
+ 1 18
x 18 18
+ 1 19
x 19 19
+ 1 20
x 20 20
+ 1 21
x 21 21
+ 1 22
x 22 22
+ 1 23
x 23 23
+ 1 24
x 24 24
+ 1 25
x 25 25
+ 1 26
x 26 26
+ 1 27
x 27 27
+ 1 28
x 28 28
+ 1 29
x 29 29
+ 1 30
x 30 30
Case #8: 90 88
+ 1 2
x 2 2
+ 1 3
x 3 3
+ 1 4
x 4 4
+ 1 5
x 5 5
+ 1 6
x 6 6
+ 1 7
x 7 7
+ 1 8
x 8 8
+ 1 9
x 9 9
+ 1 10
x 10 10
+ 1 11
x 11 11
+ 1 12
x 12 12
+ 1 13
x 13 13
+ 1 14
x 14 14
+ 1 15
x 15 15
+ 1 16
x 16 16
+ 1 17
x 17 17
+ 1 18
x 18 18
+ 1 19
x 19 19
+ 1 20
x 20 20
+ 1 21
x 21 21
+ 1 22
x 22 22
+ 1 23
x 23 23
+ 1 24
x 24 24
+ 1 25
x 25 25
+ 1 26
x 26 26
+ 1 27
x 27 27
+ 1 28
x 28 28
+ 1 29
x 29 29
+ 1 30
x 30 30
+ 1 31
x 31 31
+ 1 32
x 32 32
+ 1 33
x 33 33
+ 1 34
x 34 34
+ 1 35
x 35 35
+ 1 36
x 36 36
+ 1 37
x 37 37
+ 1 38
x 38 38
+ 1 39
x 39 39
+ 1 40
x 40 40
+ 1 41
x 41 41
+ 1 42
x 42 42
+ 1 43
x 43 43
+ 1 44
x 44 44
+ 1 45
x 45 45
Case #9: 200 198
+ 1 2
x 2 2
+ 1 3
x 3 3
+ 1 4
x 4 4
+ 1 5
x 5 5
+ 1 6
x 6 6
+ 1 7
x 7 7
+ 1 8
x 8 8
+ 1 9
x 9 9
+ 1 10
x 10 10
+ 1 11
x 11 11
+ 1 12
x 12 12
+ 1 13
x 13 13
+ 1 14
x 14 14
+ 1 15
x 15 15
+ 1 16
x 16 16
+ 1 17
x 17 17
+ 1 18
x 18 18
+ 1 19
x 19 19
+ 1 20
x 20 20
+ 1 21
x 21 21
+ 1 22
x 22 22
+ 1 23
x 23 23
+ 1 24
x 24 24
+ 1 25
x 25 25
+ 1 26
x 26 26
+ 1 27
x 27 27
+ 1 28
x 28 28
+ 1 29
x 29 29
+ 1 30
x 30 30
+ 1 31
x 31 31
+ 1 32
x 32 32
+ 1 33
x 33 33
+ 1 34
x 34 34
+ 1 35
x 35 35
+ 1 36
x 36 36
+ 1 37
x 37 37
+ 1 38
x 38 38
+ 1 39
x 39 39
+ 1 40
x 40 40
+ 1 41
x 41 41
+ 1 42
x 42 42
+ 1 43
x 43 43
+ 1 44
x 44 44
+ 1 45
x 45 45
+ 1 46
x 46 46
+ 1 47
x 47 47
+ 1 48
x 48 48
+ 1 49
x 49 49
+ 1 50
x 50 50
+ 1 51
x 51 51
+ 1 52
x 52 52
+ 1 53
x 53 53
+ 1 54
x 54 54
+ 1 55
x 55 55
+ 1 56
x 56 56
+ 1 57
x 57 57
+ 1 58
x 58 58
+ 1 59
x 59 59
+ 1 60
x 60 60
+ 1 61
x 61 61
+ 1 62
x 62 62
+ 1 63
x 63 63
+ 1 64
x 64 64
+ 1 65
x 65 65
+ 1 66
x 66 66
+ 1 67
x 67 67
+ 1 68
x 68 68
+ 1 69
x 69 69
+ 1 70
x 70 70
+ 1 71
x 71 71
+ 1 72
x 72 72
+ 1 73
x 73 73
+ 1 74
x 74 74
+ 1 75
x 75 75
+ 1 76
x 76 76
+ 1 77
x 77 77
+ 1 78
x 78 78
+ 1 79
x 79 79
+ 1 80
x 80 80
+ 1 81
x 81 81
+ 1 82
x 82 82
+ 1 83
x 83 83
+ 1 84
x 84 84
+ 1 85
x 85 85
+ 1 86
x 86 86
+ 1 87
x 87 87
+ 1 88
x 88 88
+ 1 89
x 89 89
+ 1 90
x 90 90
+ 1 91
x 91 91
+ 1 92
x 92 92
+ 1 93
x 93 93
+ 1 94
x 94 94
+ 1 95
x 95 95
+ 1 96
x 96 96
+ 1 97
x 97 97
+ 1 98
x 98 98
+ 1 99
x 99 99
+ 1 100
x 100 100
Case #10: 178 176
+ 1 2
x 2 2
+ 1 3
x 3 3
+ 1 4
x 4 4
+ 1 5
x 5 5
+ 1 6
x 6 6
+ 1 7
x 7 7
+ 1 8
x 8 8
+ 1 9
x 9 9
+ 1 10
x 10 10
+ 1 11
x 11 11
+ 1 12
x 12 12
+ 1 13
x 13 13
+ 1 14
x 14 14
+ 1 15
x 15 15
+ 1 16
x 16 16
+ 1 17
x 17 17
+ 1 18
x 18 18
+ 1 19
x 19 19
+ 1 20
x 20 20
+ 1 21
x 21 21
+ 1 22
x 22 22
+ 1 23
x 23 23
+ 1 24
x 24 24
+ 1 25
x 25 25
+ 1 26
x 26 26
+ 1 27
x 27 27
+ 1 28
x 28 28
+ 1 29
x 29 29
+ 1 30
x 30 30
+ 1 31
x 31 31
+ 1 32
x 32 32
+ 1 33
x 33 33
+ 1 34
x 34 34
+ 1 35
x 35 35
+ 1 36
x 36 36
+ 1 37
x 37 37
+ 1 38
x 38 38
+ 1 39
x 39 39
+ 1 40
x 40 40
+ 1 41
x 41 41
+ 1 42
x 42 42
+ 1 43
x 43 43
+ 1 44
x 44 44
+ 1 45
x 45 45
+ 1 46
x 46 46
+ 1 47
x 47 47
+ 1 48
x 48 48
+ 1 49
x 49 49
+ 1 50
x 50 50
+ 1 51
x 51 51
+ 1 52
x 52 52
+ 1 53
x 53 53
+ 1 54
x 54 54
+ 1 55
x 55 55
+ 1 56
x 56 56
+ 1 57
x 57 57
+ 1 58
x 58 58
+ 1 59
x 59 59
+ 1 60
x 60 60
+ 1 61
x 61 61
+ 1 62
x 62 62
+ 1 63
x 63 63
+ 1 64
x 64 64
+ 1 65
x 65 65
+ 1 66
x 66 66
+ 1 67
x 67 67
+ 1 68
x 68 68
+ 1 69
x 69 69
+ 1 70
x 70 70
+ 1 71
x 71 71
+ 1 72
x 72 72
+ 1 73
x 73 73
+ 1 74
x 74 74
+ 1 75
x 75 75
+ 1 76
x 76 76
+ 1 77
x 77 77
+ 1 78
x 78 78
+ 1 79
x 79 79
+ 1 80
x 80 80
+ 1 81
x 81 81
+ 1 82
x 82 82
+ 1 83
x 83 83
+ 1 84
x 84 84
+ 1 85
x 85 85
+ 1 86
x 86 86
+ 1 87
x 87 87
+ 1 88
x 88 88
+ 1 89
x 89 89
Case #11: 200 198
+ 1 2
x 2 2
+ 1 3
x 3 3
+ 1 4
x 4 4
+ 1 5
x 5 5
+ 1 6
x 6 6
+ 1 7
x 7 7
+ 1 8
x 8 8
+ 1 9
x 9 9
+ 1 10
x 10 10
+ 1 11
x 11 11
+ 1 12
x 12 12
+ 1 13
x 13 13
+ 1 14
x 14 14
+ 1 15
x 15 15
+ 1 16
x 16 16
+ 1 17
x 17 17
+ 1 18
x 18 18
+ 1 19
x 19 19
+ 1 20
x 20 20
+ 1 21
x 21 21
+ 1 22
x 22 22
+ 1 23
x 23 23
+ 1 24
x 24 24
+ 1 25
x 25 25
+ 1 26
x 26 26
+ 1 27
x 27 27
+ 1 28
x 28 28
+ 1 29
x 29 29
+ 1 30
x 30 30
+ 1 31
x 31 31
+ 1 32
x 32 32
+ 1 33
x 33 33
+ 1 34
x 34 34
+ 1 35
x 35 35
+ 1 36
x 36 36
+ 1 37
x 37 37
+ 1 38
x 38 38
+ 1 39
x 39 39
+ 1 40
x 40 40
+ 1 41
x 41 41
+ 1 42
x 42 42
+ 1 43
x 43 43
+ 1 44
x 44 44
+ 1 45
x 45 45
+ 1 46
x 46 46
+ 1 47
x 47 47
+ 1 48
x 48 48
+ 1 49
x 49 49
+ 1 50
x 50 50
+ 1 51
x 51 51
+ 1 52
x 52 52
+ 1 53
x 53 53
+ 1 54
x 54 54
+ 1 55
x 55 55
+ 1 56
x 56 56
+ 1 57
x 57 57
+ 1 58
x 58 58
+ 1 59
x 59 59
+ 1 60
x 60 60
+ 1 61
x 61 61
+ 1 62
x 62 62
+ 1 63
x 63 63
+ 1 64
x 64 64
+ 1 65
x 65 65
+ 1 66
x 66 66
+ 1 67
x 67 67
+ 1 68
x 68 68
+ 1 69
x 69 69
+ 1 70
x 70 70
+ 1 71
x 71 71
+ 1 72
x 72 72
+ 1 73
x 73 73
+ 1 74
x 74 74
+ 1 75
x 75 75
+ 1 76
x 76 76
+ 1 77
x 77 77
+ 1 78
x 78 78
+ 1 79
x 79 79
+ 1 80
x 80 80
+ 1 81
x 81 81
+ 1 82
x 82 82
+ 1 83
x 83 83
+ 1 84
x 84 84
+ 1 85
x 85 85
+ 1 86
x 86 86
+ 1 87
x 87 87
+ 1 88
x 88 88
+ 1 89
x 89 89
+ 1 90
x 90 90
+ 1 91
x 91 91
+ 1 92
x 92 92
+ 1 93
x 93 93
+ 1 94
x 94 94
+ 1 95
x 95 95
+ 1 96
x 96 96
+ 1 97
x 97 97
+ 1 98
x 98 98
+ 1 99
x 99 99
+ 1 100
x 100 100
Case #12: 38 36
+ 1 2
x 2 2
+ 1 3
x 3 3
+ 1 4
x 4 4
+ 1 5
x 5 5
+ 1 6
x 6 6
+ 1 7
x 7 7
+ 1 8
x 8 8
+ 1 9
x 9 9
+ 1 10
x 10 10
+ 1 11
x 11 11
+ 1 12
x 12 12
+ 1 13
x 13 13
+ 1 14
x 14 14
+ 1 15
x 15 15
+ 1 16
x 16 16
+ 1 17
x 17 17
+ 1 18
x 18 18
+ 1 19
x 19 19
Case #13: 2 0
Case #14: 80 78
+ 1 2
x 2 2
+ 1 3
x 3 3
+ 1 4
x 4 4
+ 1 5
x 5 5
+ 1 6
x 6 6
+ 1 7
x 7 7
+ 1 8
x 8 8
+ 1 9
x 9 9
+ 1 10
x 10 10
+ 1 11
x 11 11
+ 1 12
x 12 12
+ 1 13
x 13 13
+ 1 14
x 14 14
+ 1 15
x 15 15
+ 1 16
x 16 16
+ 1 17
x 17 17
+ 1 18
x 18 18
+ 1 19
x 19 19
+ 1 20
x 20 20
+ 1 21
x 21 21
+ 1 22
x 22 22
+ 1 23
x 23 23
+ 1 24
x 24 24
+ 1 25
x 25 25
+ 1 26
x 26 26
+ 1 27
x 27 27
+ 1 28
x 28 28
+ 1 29
x 29 29
+ 1 30
x 30 30
+ 1 31
x 31 31
+ 1 32
x 32 32
+ 1 33
x 33 33
+ 1 34
x 34 34
+ 1 35
x 35 35
+ 1 36
x 36 36
+ 1 37
x 37 37
+ 1 38
x 38 38
+ 1 39
x 39 39
+ 1 40
x 40 40
Case #15: 176 174
+ 1 2
x 2 2
+ 1 3
x 3 3
+ 1 4
x 4 4
+ 1 5
x 5 5
+ 1 6
x 6 6
+ 1 7
x 7 7
+ 1 8
x 8 8
+ 1 9
x 9 9
+ 1 10
x 10 10
+ 1 11
x 11 11
+ 1 12
x 12 12
+ 1 13
x 13 13
+ 1 14
x 14 14
+ 1 15
x 15 15
+ 1 16
x 16 16
+ 1 17
x 17 17
+ 1 18
x 18 18
+ 1 19
x 19 19
+ 1 20
x 20 20
+ 1 21
x 21 21
+ 1 22
x 22 22
+ 1 23
x 23 23
+ 1 24
x 24 24
+ 1 25
x 25 25
+ 1 26
x 26 26
+ 1 27
x 27 27
+ 1 28
x 28 28
+ 1 29
x 29 29
+ 1 30
x 30 30
+ 1 31
x 31 31
+ 1 32
x 32 32
+ 1 33
x 33 33
+ 1 34
x 34 34
+ 1 35
x 35 35
+ 1 36
x 36 36
+ 1 37
x 37 37
+ 1 38
x 38 38
+ 1 39
x 39 39
+ 1 40
x 40 40
+ 1 41
x 41 41
+ 1 42
x 42 42
+ 1 43
x 43 43
+ 1 44
x 44 44
+ 1 45
x 45 45
+ 1 46
x 46 46
+ 1 47
x 47 47
+ 1 48
x 48 48
+ 1 49
x 49 49
+ 1 50
x 50 50
+ 1 51
x 51 51
+ 1 52
x 52 52
+ 1 53
x 53 53
+ 1 54
x 54 54
+ 1 55
x 55 55
+ 1 56
x 56 56
+ 1 57
x 57 57
+ 1 58
x 58 58
+ 1 59
x 59 59
+ 1 60
x 60 60
+ 1 61
x 61 61
+ 1 62
x 62 62
+ 1 63
x 63 63
+ 1 64
x 64 64
+ 1 65
x 65 65
+ 1 66
x 66 66
+ 1 67
x 67 67
+ 1 68
x 68 68
+ 1 69
x 69 69
+ 1 70
x 70 70
+ 1 71
x 71 71
+ 1 72
x 72 72
+ 1 73
x 73 73
+ 1 74
x 74 74
+ 1 75
x 75 75
+ 1 76
x 76 76
+ 1 77
x 77 77
+ 1 78
x 78 78
+ 1 79
x 79 79
+ 1 80
x 80 80
+ 1 81
x 81 81
+ 1 82
x 82 82
+ 1 83
x 83 83
+ 1 84
x 84 84
+ 1 85
x 85 85
+ 1 86
x 86 86
+ 1 87
x 87 87
+ 1 88
x 88 88
Case #16: 200 198
+ 1 2
x 2 2
+ 1 3
x 3 3
+ 1 4
x 4 4
+ 1 5
x 5 5
+ 1 6
x 6 6
+ 1 7
x 7 7
+ 1 8
x 8 8
+ 1 9
x 9 9
+ 1 10
x 10 10
+ 1 11
x 11 11
+ 1 12
x 12 12
+ 1 13
x 13 13
+ 1 14
x 14 14
+ 1 15
x 15 15
+ 1 16
x 16 16
+ 1 17
x 17 17
+ 1 18
x 18 18
+ 1 19
x 19 19
+ 1 20
x 20 20
+ 1 21
x 21 21
+ 1 22
x 22 22
+ 1 23
x 23 23
+ 1 24
x 24 24
+ 1 25
x 25 25
+ 1 26
x 26 26
+ 1 27
x 27 27
+ 1 28
x 28 28
+ 1 29
x 29 29
+ 1 30
x 30 30
+ 1 31
x 31 31
+ 1 32
x 32 32
+ 1 33
x 33 33
+ 1 34
x 34 34
+ 1 35
x 35 35
+ 1 36
x 36 36
+ 1 37
x 37 37
+ 1 38
x 38 38
+ 1 39
x 39 39
+ 1 40
x 40 40
+ 1 41
x 41 41
+ 1 42
x 42 42
+ 1 43
x 43 43
+ 1 44
x 44 44
+ 1 45
x 45 45
+ 1 46
x 46 46
+ 1 47
x 47 47
+ 1 48
x 48 48
+ 1 49
x 49 49
+ 1 50
x 50 50
+ 1 51
x 51 51
+ 1 52
x 52 52
+ 1 53
x 53 53
+ 1 54
x 54 54
+ 1 55
x 55 55
+ 1 56
x 56 56
+ 1 57
x 57 57
+ 1 58
x 58 58
+ 1 59
x 59 59
+ 1 60
x 60 60
+ 1 61
x 61 61
+ 1 62
x 62 62
+ 1 63
x 63 63
+ 1 64
x 64 64
+ 1 65
x 65 65
+ 1 66
x 66 66
+ 1 67
x 67 67
+ 1 68
x 68 68
+ 1 69
x 69 69
+ 1 70
x 70 70
+ 1 71
x 71 71
+ 1 72
x 72 72
+ 1 73
x 73 73
+ 1 74
x 74 74
+ 1 75
x 75 75
+ 1 76
x 76 76
+ 1 77
x 77 77
+ 1 78
x 78 78
+ 1 79
x 79 79
+ 1 80
x 80 80
+ 1 81
x 81 81
+ 1 82
x 82 82
+ 1 83
x 83 83
+ 1 84
x 84 84
+ 1 85
x 85 85
+ 1 86
x 86 86
+ 1 87
x 87 87
+ 1 88
x 88 88
+ 1 89
x 89 89
+ 1 90
x 90 90
+ 1 91
x 91 91
+ 1 92
x 92 92
+ 1 93
x 93 93
+ 1 94
x 94 94
+ 1 95
x 95 95
+ 1 96
x 96 96
+ 1 97
x 97 97
+ 1 98
x 98 98
+ 1 99
x 99 99
+ 1 100
x 100 100
Case #17: 176 174
+ 1 2
x 2 2
+ 1 3
x 3 3
+ 1 4
x 4 4
+ 1 5
x 5 5
+ 1 6
x 6 6
+ 1 7
x 7 7
+ 1 8
x 8 8
+ 1 9
x 9 9
+ 1 10
x 10 10
+ 1 11
x 11 11
+ 1 12
x 12 12
+ 1 13
x 13 13
+ 1 14
x 14 14
+ 1 15
x 15 15
+ 1 16
x 16 16
+ 1 17
x 17 17
+ 1 18
x 18 18
+ 1 19
x 19 19
+ 1 20
x 20 20
+ 1 21
x 21 21
+ 1 22
x 22 22
+ 1 23
x 23 23
+ 1 24
x 24 24
+ 1 25
x 25 25
+ 1 26
x 26 26
+ 1 27
x 27 27
+ 1 28
x 28 28
+ 1 29
x 29 29
+ 1 30
x 30 30
+ 1 31
x 31 31
+ 1 32
x 32 32
+ 1 33
x 33 33
+ 1 34
x 34 34
+ 1 35
x 35 35
+ 1 36
x 36 36
+ 1 37
x 37 37
+ 1 38
x 38 38
+ 1 39
x 39 39
+ 1 40
x 40 40
+ 1 41
x 41 41
+ 1 42
x 42 42
+ 1 43
x 43 43
+ 1 44
x 44 44
+ 1 45
x 45 45
+ 1 46
x 46 46
+ 1 47
x 47 47
+ 1 48
x 48 48
+ 1 49
x 49 49
+ 1 50
x 50 50
+ 1 51
x 51 51
+ 1 52
x 52 52
+ 1 53
x 53 53
+ 1 54
x 54 54
+ 1 55
x 55 55
+ 1 56
x 56 56
+ 1 57
x 57 57
+ 1 58
x 58 58
+ 1 59
x 59 59
+ 1 60
x 60 60
+ 1 61
x 61 61
+ 1 62
x 62 62
+ 1 63
x 63 63
+ 1 64
x 64 64
+ 1 65
x 65 65
+ 1 66
x 66 66
+ 1 67
x 67 67
+ 1 68
x 68 68
+ 1 69
x 69 69
+ 1 70
x 70 70
+ 1 71
x 71 71
+ 1 72
x 72 72
+ 1 73
x 73 73
+ 1 74
x 74 74
+ 1 75
x 75 75
+ 1 76
x 76 76
+ 1 77
x 77 77
+ 1 78
x 78 78
+ 1 79
x 79 79
+ 1 80
x 80 80
+ 1 81
x 81 81
+ 1 82
x 82 82
+ 1 83
x 83 83
+ 1 84
x 84 84
+ 1 85
x 85 85
+ 1 86
x 86 86
+ 1 87
x 87 87
+ 1 88
x 88 88
Case #18: 200 198
+ 1 2
x 2 2
+ 1 3
x 3 3
+ 1 4
x 4 4
+ 1 5
x 5 5
+ 1 6
x 6 6
+ 1 7
x 7 7
+ 1 8
x 8 8
+ 1 9
x 9 9
+ 1 10
x 10 10
+ 1 11
x 11 11
+ 1 12
x 12 12
+ 1 13
x 13 13
+ 1 14
x 14 14
+ 1 15
x 15 15
+ 1 16
x 16 16
+ 1 17
x 17 17
+ 1 18
x 18 18
+ 1 19
x 19 19
+ 1 20
x 20 20
+ 1 21
x 21 21
+ 1 22
x 22 22
+ 1 23
x 23 23
+ 1 24
x 24 24
+ 1 25
x 25 25
+ 1 26
x 26 26
+ 1 27
x 27 27
+ 1 28
x 28 28
+ 1 29
x 29 29
+ 1 30
x 30 30
+ 1 31
x 31 31
+ 1 32
x 32 32
+ 1 33
x 33 33
+ 1 34
x 34 34
+ 1 35
x 35 35
+ 1 36
x 36 36
+ 1 37
x 37 37
+ 1 38
x 38 38
+ 1 39
x 39 39
+ 1 40
x 40 40
+ 1 41
x 41 41
+ 1 42
x 42 42
+ 1 43
x 43 43
+ 1 44
x 44 44
+ 1 45
x 45 45
+ 1 46
x 46 46
+ 1 47
x 47 47
+ 1 48
x 48 48
+ 1 49
x 49 49
+ 1 50
x 50 50
+ 1 51
x 51 51
+ 1 52
x 52 52
+ 1 53
x 53 53
+ 1 54
x 54 54
+ 1 55
x 55 55
+ 1 56
x 56 56
+ 1 57
x 57 57
+ 1 58
x 58 58
+ 1 59
x 59 59
+ 1 60
x 60 60
+ 1 61
x 61 61
+ 1 62
x 62 62
+ 1 63
x 63 63
+ 1 64
x 64 64
+ 1 65
x 65 65
+ 1 66
x 66 66
+ 1 67
x 67 67
+ 1 68
x 68 68
+ 1 69
x 69 69
+ 1 70
x 70 70
+ 1 71
x 71 71
+ 1 72
x 72 72
+ 1 73
x 73 73
+ 1 74
x 74 74
+ 1 75
x 75 75
+ 1 76
x 76 76
+ 1 77
x 77 77
+ 1 78
x 78 78
+ 1 79
x 79 79
+ 1 80
x 80 80
+ 1 81
x 81 81
+ 1 82
x 82 82
+ 1 83
x 83 83
+ 1 84
x 84 84
+ 1 85
x 85 85
+ 1 86
x 86 86
+ 1 87
x 87 87
+ 1 88
x 88 88
+ 1 89
x 89 89
+ 1 90
x 90 90
+ 1 91
x 91 91
+ 1 92
x 92 92
+ 1 93
x 93 93
+ 1 94
x 94 94
+ 1 95
x 95 95
+ 1 96
x 96 96
+ 1 97
x 97 97
+ 1 98
x 98 98
+ 1 99
x 99 99
+ 1 100
x 100 100
Case #19: 148 146
+ 1 2
x 2 2
+ 1 3
x 3 3
+ 1 4
x 4 4
+ 1 5
x 5 5
+ 1 6
x 6 6
+ 1 7
x 7 7
+ 1 8
x 8 8
+ 1 9
x 9 9
+ 1 10
x 10 10
+ 1 11
x 11 11
+ 1 12
x 12 12
+ 1 13
x 13 13
+ 1 14
x 14 14
+ 1 15
x 15 15
+ 1 16
x 16 16
+ 1 17
x 17 17
+ 1 18
x 18 18
+ 1 19
x 19 19
+ 1 20
x 20 20
+ 1 21
x 21 21
+ 1 22
x 22 22
+ 1 23
x 23 23
+ 1 24
x 24 24
+ 1 25
x 25 25
+ 1 26
x 26 26
+ 1 27
x 27 27
+ 1 28
x 28 28
+ 1 29
x 29 29
+ 1 30
x 30 30
+ 1 31
x 31 31
+ 1 32
x 32 32
+ 1 33
x 33 33
+ 1 34
x 34 34
+ 1 35
x 35 35
+ 1 36
x 36 36
+ 1 37
x 37 37
+ 1 38
x 38 38
+ 1 39
x 39 39
+ 1 40
x 40 40
+ 1 41
x 41 41
+ 1 42
x 42 42
+ 1 43
x 43 43
+ 1 44
x 44 44
+ 1 45
x 45 45
+ 1 46
x 46 46
+ 1 47
x 47 47
+ 1 48
x 48 48
+ 1 49
x 49 49
+ 1 50
x 50 50
+ 1 51
x 51 51
+ 1 52
x 52 52
+ 1 53
x 53 53
+ 1 54
x 54 54
+ 1 55
x 55 55
+ 1 56
x 56 56
+ 1 57
x 57 57
+ 1 58
x 58 58
+ 1 59
x 59 59
+ 1 60
x 60 60
+ 1 61
x 61 61
+ 1 62
x 62 62
+ 1 63
x 63 63
+ 1 64
x 64 64
+ 1 65
x 65 65
+ 1 66
x 66 66
+ 1 67
x 67 67
+ 1 68
x 68 68
+ 1 69
x 69 69
+ 1 70
x 70 70
+ 1 71
x 71 71
+ 1 72
x 72 72
+ 1 73
x 73 73
+ 1 74
x 74 74
Case #20: 20 18
+ 1 2
x 2 2
+ 1 3
x 3 3
+ 1 4
x 4 4
+ 1 5
x 5 5
+ 1 6
x 6 6
+ 1 7
x 7 7
+ 1 8
x 8 8
+ 1 9
x 9 9
+ 1 10
x 10 10
Case #21: 90 88
+ 1 2
x 2 2
+ 1 3
x 3 3
+ 1 4
x 4 4
+ 1 5
x 5 5
+ 1 6
x 6 6
+ 1 7
x 7 7
+ 1 8
x 8 8
+ 1 9
x 9 9
+ 1 10
x 10 10
+ 1 11
x 11 11
+ 1 12
x 12 12
+ 1 13
x 13 13
+ 1 14
x 14 14
+ 1 15
x 15 15
+ 1 16
x 16 16
+ 1 17
x 17 17
+ 1 18
x 18 18
+ 1 19
x 19 19
+ 1 20
x 20 20
+ 1 21
x 21 21
+ 1 22
x 22 22
+ 1 23
x 23 23
+ 1 24
x 24 24
+ 1 25
x 25 25
+ 1 26
x 26 26
+ 1 27
x 27 27
+ 1 28
x 28 28
+ 1 29
x 29 29
+ 1 30
x 30 30
+ 1 31
x 31 31
+ 1 32
x 32 32
+ 1 33
x 33 33
+ 1 34
x 34 34
+ 1 35
x 35 35
+ 1 36
x 36 36
+ 1 37
x 37 37
+ 1 38
x 38 38
+ 1 39
x 39 39
+ 1 40
x 40 40
+ 1 41
x 41 41
+ 1 42
x 42 42
+ 1 43
x 43 43
+ 1 44
x 44 44
+ 1 45
x 45 45
Case #22: 200 198
+ 1 2
x 2 2
+ 1 3
x 3 3
+ 1 4
x 4 4
+ 1 5
x 5 5
+ 1 6
x 6 6
+ 1 7
x 7 7
+ 1 8
x 8 8
+ 1 9
x 9 9
+ 1 10
x 10 10
+ 1 11
x 11 11
+ 1 12
x 12 12
+ 1 13
x 13 13
+ 1 14
x 14 14
+ 1 15
x 15 15
+ 1 16
x 16 16
+ 1 17
x 17 17
+ 1 18
x 18 18
+ 1 19
x 19 19
+ 1 20
x 20 20
+ 1 21
x 21 21
+ 1 22
x 22 22
+ 1 23
x 23 23
+ 1 24
x 24 24
+ 1 25
x 25 25
+ 1 26
x 26 26
+ 1 27
x 27 27
+ 1 28
x 28 28
+ 1 29
x 29 29
+ 1 30
x 30 30
+ 1 31
x 31 31
+ 1 32
x 32 32
+ 1 33
x 33 33
+ 1 34
x 34 34
+ 1 35
x 35 35
+ 1 36
x 36 36
+ 1 37
x 37 37
+ 1 38
x 38 38
+ 1 39
x 39 39
+ 1 40
x 40 40
+ 1 41
x 41 41
+ 1 42
x 42 42
+ 1 43
x 43 43
+ 1 44
x 44 44
+ 1 45
x 45 45
+ 1 46
x 46 46
+ 1 47
x 47 47
+ 1 48
x 48 48
+ 1 49
x 49 49
+ 1 50
x 50 50
+ 1 51
x 51 51
+ 1 52
x 52 52
+ 1 53
x 53 53
+ 1 54
x 54 54
+ 1 55
x 55 55
+ 1 56
x 56 56
+ 1 57
x 57 57
+ 1 58
x 58 58
+ 1 59
x 59 59
+ 1 60
x 60 60
+ 1 61
x 61 61
+ 1 62
x 62 62
+ 1 63
x 63 63
+ 1 64
x 64 64
+ 1 65
x 65 65
+ 1 66
x 66 66
+ 1 67
x 67 67
+ 1 68
x 68 68
+ 1 69
x 69 69
+ 1 70
x 70 70
+ 1 71
x 71 71
+ 1 72
x 72 72
+ 1 73
x 73 73
+ 1 74
x 74 74
+ 1 75
x 75 75
+ 1 76
x 76 76
+ 1 77
x 77 77
+ 1 78
x 78 78
+ 1 79
x 79 79
+ 1 80
x 80 80
+ 1 81
x 81 81
+ 1 82
x 82 82
+ 1 83
x 83 83
+ 1 84
x 84 84
+ 1 85
x 85 85
+ 1 86
x 86 86
+ 1 87
x 87 87
+ 1 88
x 88 88
+ 1 89
x 89 89
+ 1 90
x 90 90
+ 1 91
x 91 91
+ 1 92
x 92 92
+ 1 93
x 93 93
+ 1 94
x 94 94
+ 1 95
x 95 95
+ 1 96
x 96 96
+ 1 97
x 97 97
+ 1 98
x 98 98
+ 1 99
x 99 99
+ 1 100
x 100 100
Case #23: 62 60
+ 1 2
x 2 2
+ 1 3
x 3 3
+ 1 4
x 4 4
+ 1 5
x 5 5
+ 1 6
x 6 6
+ 1 7
x 7 7
+ 1 8
x 8 8
+ 1 9
x 9 9
+ 1 10
x 10 10
+ 1 11
x 11 11
+ 1 12
x 12 12
+ 1 13
x 13 13
+ 1 14
x 14 14
+ 1 15
x 15 15
+ 1 16
x 16 16
+ 1 17
x 17 17
+ 1 18
x 18 18
+ 1 19
x 19 19
+ 1 20
x 20 20
+ 1 21
x 21 21
+ 1 22
x 22 22
+ 1 23
x 23 23
+ 1 24
x 24 24
+ 1 25
x 25 25
+ 1 26
x 26 26
+ 1 27
x 27 27
+ 1 28
x 28 28
+ 1 29
x 29 29
+ 1 30
x 30 30
+ 1 31
x 31 31
Case #24: 200 198
+ 1 2
x 2 2
+ 1 3
x 3 3
+ 1 4
x 4 4
+ 1 5
x 5 5
+ 1 6
x 6 6
+ 1 7
x 7 7
+ 1 8
x 8 8
+ 1 9
x 9 9
+ 1 10
x 10 10
+ 1 11
x 11 11
+ 1 12
x 12 12
+ 1 13
x 13 13
+ 1 14
x 14 14
+ 1 15
x 15 15
+ 1 16
x 16 16
+ 1 17
x 17 17
+ 1 18
x 18 18
+ 1 19
x 19 19
+ 1 20
x 20 20
+ 1 21
x 21 21
+ 1 22
x 22 22
+ 1 23
x 23 23
+ 1 24
x 24 24
+ 1 25
x 25 25
+ 1 26
x 26 26
+ 1 27
x 27 27
+ 1 28
x 28 28
+ 1 29
x 29 29
+ 1 30
x 30 30
+ 1 31
x 31 31
+ 1 32
x 32 32
+ 1 33
x 33 33
+ 1 34
x 34 34
+ 1 35
x 35 35
+ 1 36
x 36 36
+ 1 37
x 37 37
+ 1 38
x 38 38
+ 1 39
x 39 39
+ 1 40
x 40 40
+ 1 41
x 41 41
+ 1 42
x 42 42
+ 1 43
x 43 43
+ 1 44
x 44 44
+ 1 45
x 45 45
+ 1 46
x 46 46
+ 1 47
x 47 47
+ 1 48
x 48 48
+ 1 49
x 49 49
+ 1 50
x 50 50
+ 1 51
x 51 51
+ 1 52
x 52 52
+ 1 53
x 53 53
+ 1 54
x 54 54
+ 1 55
x 55 55
+ 1 56
x 56 56
+ 1 57
x 57 57
+ 1 58
x 58 58
+ 1 59
x 59 59
+ 1 60
x 60 60
+ 1 61
x 61 61
+ 1 62
x 62 62
+ 1 63
x 63 63
+ 1 64
x 64 64
+ 1 65
x 65 65
+ 1 66
x 66 66
+ 1 67
x 67 67
+ 1 68
x 68 68
+ 1 69
x 69 69
+ 1 70
x 70 70
+ 1 71
x 71 71
+ 1 72
x 72 72
+ 1 73
x 73 73
+ 1 74
x 74 74
+ 1 75
x 75 75
+ 1 76
x 76 76
+ 1 77
x 77 77
+ 1 78
x 78 78
+ 1 79
x 79 79
+ 1 80
x 80 80
+ 1 81
x 81 81
+ 1 82
x 82 82
+ 1 83
x 83 83
+ 1 84
x 84 84
+ 1 85
x 85 85
+ 1 86
x 86 86
+ 1 87
x 87 87
+ 1 88
x 88 88
+ 1 89
x 89 89
+ 1 90
x 90 90
+ 1 91
x 91 91
+ 1 92
x 92 92
+ 1 93
x 93 93
+ 1 94
x 94 94
+ 1 95
x 95 95
+ 1 96
x 96 96
+ 1 97
x 97 97
+ 1 98
x 98 98
+ 1 99
x 99 99
+ 1 100
x 100 100
Case #25: 200 198
+ 1 2
x 2 2
+ 1 3
x 3 3
+ 1 4
x 4 4
+ 1 5
x 5 5
+ 1 6
x 6 6
+ 1 7
x 7 7
+ 1 8
x 8 8
+ 1 9
x 9 9
+ 1 10
x 10 10
+ 1 11
x 11 11
+ 1 12
x 12 12
+ 1 13
x 13 13
+ 1 14
x 14 14
+ 1 15
x 15 15
+ 1 16
x 16 16
+ 1 17
x 17 17
+ 1 18
x 18 18
+ 1 19
x 19 19
+ 1 20
x 20 20
+ 1 21
x 21 21
+ 1 22
x 22 22
+ 1 23
x 23 23
+ 1 24
x 24 24
+ 1 25
x 25 25
+ 1 26
x 26 26
+ 1 27
x 27 27
+ 1 28
x 28 28
+ 1 29
x 29 29
+ 1 30
x 30 30
+ 1 31
x 31 31
+ 1 32
x 32 32
+ 1 33
x 33 33
+ 1 34
x 34 34
+ 1 35
x 35 35
+ 1 36
x 36 36
+ 1 37
x 37 37
+ 1 38
x 38 38
+ 1 39
x 39 39
+ 1 40
x 40 40
+ 1 41
x 41 41
+ 1 42
x 42 42
+ 1 43
x 43 43
+ 1 44
x 44 44
+ 1 45
x 45 45
+ 1 46
x 46 46
+ 1 47
x 47 47
+ 1 48
x 48 48
+ 1 49
x 49 49
+ 1 50
x 50 50
+ 1 51
x 51 51
+ 1 52
x 52 52
+ 1 53
x 53 53
+ 1 54
x 54 54
+ 1 55
x 55 55
+ 1 56
x 56 56
+ 1 57
x 57 57
+ 1 58
x 58 58
+ 1 59
x 59 59
+ 1 60
x 60 60
+ 1 61
x 61 61
+ 1 62
x 62 62
+ 1 63
x 63 63
+ 1 64
x 64 64
+ 1 65
x 65 65
+ 1 66
x 66 66
+ 1 67
x 67 67
+ 1 68
x 68 68
+ 1 69
x 69 69
+ 1 70
x 70 70
+ 1 71
x 71 71
+ 1 72
x 72 72
+ 1 73
x 73 73
+ 1 74
x 74 74
+ 1 75
x 75 75
+ 1 76
x 76 76
+ 1 77
x 77 77
+ 1 78
x 78 78
+ 1 79
x 79 79
+ 1 80
x 80 80
+ 1 81
x 81 81
+ 1 82
x 82 82
+ 1 83
x 83 83
+ 1 84
x 84 84
+ 1 85
x 85 85
+ 1 86
x 86 86
+ 1 87
x 87 87
+ 1 88
x 88 88
+ 1 89
x 89 89
+ 1 90
x 90 90
+ 1 91
x 91 91
+ 1 92
x 92 92
+ 1 93
x 93 93
+ 1 94
x 94 94
+ 1 95
x 95 95
+ 1 96
x 96 96
+ 1 97
x 97 97
+ 1 98
x 98 98
+ 1 99
x 99 99
+ 1 100
x 100 100
Case #26: 160 158
+ 1 2
x 2 2
+ 1 3
x 3 3
+ 1 4
x 4 4
+ 1 5
x 5 5
+ 1 6
x 6 6
+ 1 7
x 7 7
+ 1 8
x 8 8
+ 1 9
x 9 9
+ 1 10
x 10 10
+ 1 11
x 11 11
+ 1 12
x 12 12
+ 1 13
x 13 13
+ 1 14
x 14 14
+ 1 15
x 15 15
+ 1 16
x 16 16
+ 1 17
x 17 17
+ 1 18
x 18 18
+ 1 19
x 19 19
+ 1 20
x 20 20
+ 1 21
x 21 21
+ 1 22
x 22 22
+ 1 23
x 23 23
+ 1 24
x 24 24
+ 1 25
x 25 25
+ 1 26
x 26 26
+ 1 27
x 27 27
+ 1 28
x 28 28
+ 1 29
x 29 29
+ 1 30
x 30 30
+ 1 31
x 31 31
+ 1 32
x 32 32
+ 1 33
x 33 33
+ 1 34
x 34 34
+ 1 35
x 35 35
+ 1 36
x 36 36
+ 1 37
x 37 37
+ 1 38
x 38 38
+ 1 39
x 39 39
+ 1 40
x 40 40
+ 1 41
x 41 41
+ 1 42
x 42 42
+ 1 43
x 43 43
+ 1 44
x 44 44
+ 1 45
x 45 45
+ 1 46
x 46 46
+ 1 47
x 47 47
+ 1 48
x 48 48
+ 1 49
x 49 49
+ 1 50
x 50 50
+ 1 51
x 51 51
+ 1 52
x 52 52
+ 1 53
x 53 53
+ 1 54
x 54 54
+ 1 55
x 55 55
+ 1 56
x 56 56
+ 1 57
x 57 57
+ 1 58
x 58 58
+ 1 59
x 59 59
+ 1 60
x 60 60
+ 1 61
x 61 61
+ 1 62
x 62 62
+ 1 63
x 63 63
+ 1 64
x 64 64
+ 1 65
x 65 65
+ 1 66
x 66 66
+ 1 67
x 67 67
+ 1 68
x 68 68
+ 1 69
x 69 69
+ 1 70
x 70 70
+ 1 71
x 71 71
+ 1 72
x 72 72
+ 1 73
x 73 73
+ 1 74
x 74 74
+ 1 75
x 75 75
+ 1 76
x 76 76
+ 1 77
x 77 77
+ 1 78
x 78 78
+ 1 79
x 79 79
+ 1 80
x 80 80
Case #27: 36 34
+ 1 2
x 2 2
+ 1 3
x 3 3
+ 1 4
x 4 4
+ 1 5
x 5 5
+ 1 6
x 6 6
+ 1 7
x 7 7
+ 1 8
x 8 8
+ 1 9
x 9 9
+ 1 10
x 10 10
+ 1 11
x 11 11
+ 1 12
x 12 12
+ 1 13
x 13 13
+ 1 14
x 14 14
+ 1 15
x 15 15
+ 1 16
x 16 16
+ 1 17
x 17 17
+ 1 18
x 18 18
Case #28: 48 46
+ 1 2
x 2 2
+ 1 3
x 3 3
+ 1 4
x 4 4
+ 1 5
x 5 5
+ 1 6
x 6 6
+ 1 7
x 7 7
+ 1 8
x 8 8
+ 1 9
x 9 9
+ 1 10
x 10 10
+ 1 11
x 11 11
+ 1 12
x 12 12
+ 1 13
x 13 13
+ 1 14
x 14 14
+ 1 15
x 15 15
+ 1 16
x 16 16
+ 1 17
x 17 17
+ 1 18
x 18 18
+ 1 19
x 19 19
+ 1 20
x 20 20
+ 1 21
x 21 21
+ 1 22
x 22 22
+ 1 23
x 23 23
+ 1 24
x 24 24
Case #29: 200 198
+ 1 2
x 2 2
+ 1 3
x 3 3
+ 1 4
x 4 4
+ 1 5
x 5 5
+ 1 6
x 6 6
+ 1 7
x 7 7
+ 1 8
x 8 8
+ 1 9
x 9 9
+ 1 10
x 10 10
+ 1 11
x 11 11
+ 1 12
x 12 12
+ 1 13
x 13 13
+ 1 14
x 14 14
+ 1 15
x 15 15
+ 1 16
x 16 16
+ 1 17
x 17 17
+ 1 18
x 18 18
+ 1 19
x 19 19
+ 1 20
x 20 20
+ 1 21
x 21 21
+ 1 22
x 22 22
+ 1 23
x 23 23
+ 1 24
x 24 24
+ 1 25
x 25 25
+ 1 26
x 26 26
+ 1 27
x 27 27
+ 1 28
x 28 28
+ 1 29
x 29 29
+ 1 30
x 30 30
+ 1 31
x 31 31
+ 1 32
x 32 32
+ 1 33
x 33 33
+ 1 34
x 34 34
+ 1 35
x 35 35
+ 1 36
x 36 36
+ 1 37
x 37 37
+ 1 38
x 38 38
+ 1 39
x 39 39
+ 1 40
x 40 40
+ 1 41
x 41 41
+ 1 42
x 42 42
+ 1 43
x 43 43
+ 1 44
x 44 44
+ 1 45
x 45 45
+ 1 46
x 46 46
+ 1 47
x 47 47
+ 1 48
x 48 48
+ 1 49
x 49 49
+ 1 50
x 50 50
+ 1 51
x 51 51
+ 1 52
x 52 52
+ 1 53
x 53 53
+ 1 54
x 54 54
+ 1 55
x 55 55
+ 1 56
x 56 56
+ 1 57
x 57 57
+ 1 58
x 58 58
+ 1 59
x 59 59
+ 1 60
x 60 60
+ 1 61
x 61 61
+ 1 62
x 62 62
+ 1 63
x 63 63
+ 1 64
x 64 64
+ 1 65
x 65 65
+ 1 66
x 66 66
+ 1 67
x 67 67
+ 1 68
x 68 68
+ 1 69
x 69 69
+ 1 70
x 70 70
+ 1 71
x 71 71
+ 1 72
x 72 72
+ 1 73
x 73 73
+ 1 74
x 74 74
+ 1 75
x 75 75
+ 1 76
x 76 76
+ 1 77
x 77 77
+ 1 78
x 78 78
+ 1 79
x 79 79
+ 1 80
x 80 80
+ 1 81
x 81 81
+ 1 82
x 82 82
+ 1 83
x 83 83
+ 1 84
x 84 84
+ 1 85
x 85 85
+ 1 86
x 86 86
+ 1 87
x 87 87
+ 1 88
x 88 88
+ 1 89
x 89 89
+ 1 90
x 90 90
+ 1 91
x 91 91
+ 1 92
x 92 92
+ 1 93
x 93 93
+ 1 94
x 94 94
+ 1 95
x 95 95
+ 1 96
x 96 96
+ 1 97
x 97 97
+ 1 98
x 98 98
+ 1 99
x 99 99
+ 1 100
x 100 100
Case #30: 200 198
+ 1 2
x 2 2
+ 1 3
x 3 3
+ 1 4
x 4 4
+ 1 5
x 5 5
+ 1 6
x 6 6
+ 1 7
x 7 7
+ 1 8
x 8 8
+ 1 9
x 9 9
+ 1 10
x 10 10
+ 1 11
x 11 11
+ 1 12
x 12 12
+ 1 13
x 13 13
+ 1 14
x 14 14
+ 1 15
x 15 15
+ 1 16
x 16 16
+ 1 17
x 17 17
+ 1 18
x 18 18
+ 1 19
x 19 19
+ 1 20
x 20 20
+ 1 21
x 21 21
+ 1 22
x 22 22
+ 1 23
x 23 23
+ 1 24
x 24 24
+ 1 25
x 25 25
+ 1 26
x 26 26
+ 1 27
x 27 27
+ 1 28
x 28 28
+ 1 29
x 29 29
+ 1 30
x 30 30
+ 1 31
x 31 31
+ 1 32
x 32 32
+ 1 33
x 33 33
+ 1 34
x 34 34
+ 1 35
x 35 35
+ 1 36
x 36 36
+ 1 37
x 37 37
+ 1 38
x 38 38
+ 1 39
x 39 39
+ 1 40
x 40 40
+ 1 41
x 41 41
+ 1 42
x 42 42
+ 1 43
x 43 43
+ 1 44
x 44 44
+ 1 45
x 45 45
+ 1 46
x 46 46
+ 1 47
x 47 47
+ 1 48
x 48 48
+ 1 49
x 49 49
+ 1 50
x 50 50
+ 1 51
x 51 51
+ 1 52
x 52 52
+ 1 53
x 53 53
+ 1 54
x 54 54
+ 1 55
x 55 55
+ 1 56
x 56 56
+ 1 57
x 57 57
+ 1 58
x 58 58
+ 1 59
x 59 59
+ 1 60
x 60 60
+ 1 61
x 61 61
+ 1 62
x 62 62
+ 1 63
x 63 63
+ 1 64
x 64 64
+ 1 65
x 65 65
+ 1 66
x 66 66
+ 1 67
x 67 67
+ 1 68
x 68 68
+ 1 69
x 69 69
+ 1 70
x 70 70
+ 1 71
x 71 71
+ 1 72
x 72 72
+ 1 73
x 73 73
+ 1 74
x 74 74
+ 1 75
x 75 75
+ 1 76
x 76 76
+ 1 77
x 77 77
+ 1 78
x 78 78
+ 1 79
x 79 79
+ 1 80
x 80 80
+ 1 81
x 81 81
+ 1 82
x 82 82
+ 1 83
x 83 83
+ 1 84
x 84 84
+ 1 85
x 85 85
+ 1 86
x 86 86
+ 1 87
x 87 87
+ 1 88
x 88 88
+ 1 89
x 89 89
+ 1 90
x 90 90
+ 1 91
x 91 91
+ 1 92
x 92 92
+ 1 93
x 93 93
+ 1 94
x 94 94
+ 1 95
x 95 95
+ 1 96
x 96 96
+ 1 97
x 97 97
+ 1 98
x 98 98
+ 1 99
x 99 99
+ 1 100
x 100 100
Case #31: 98 96
+ 1 2
x 2 2
+ 1 3
x 3 3
+ 1 4
x 4 4
+ 1 5
x 5 5
+ 1 6
x 6 6
+ 1 7
x 7 7
+ 1 8
x 8 8
+ 1 9
x 9 9
+ 1 10
x 10 10
+ 1 11
x 11 11
+ 1 12
x 12 12
+ 1 13
x 13 13
+ 1 14
x 14 14
+ 1 15
x 15 15
+ 1 16
x 16 16
+ 1 17
x 17 17
+ 1 18
x 18 18
+ 1 19
x 19 19
+ 1 20
x 20 20
+ 1 21
x 21 21
+ 1 22
x 22 22
+ 1 23
x 23 23
+ 1 24
x 24 24
+ 1 25
x 25 25
+ 1 26
x 26 26
+ 1 27
x 27 27
+ 1 28
x 28 28
+ 1 29
x 29 29
+ 1 30
x 30 30
+ 1 31
x 31 31
+ 1 32
x 32 32
+ 1 33
x 33 33
+ 1 34
x 34 34
+ 1 35
x 35 35
+ 1 36
x 36 36
+ 1 37
x 37 37
+ 1 38
x 38 38
+ 1 39
x 39 39
+ 1 40
x 40 40
+ 1 41
x 41 41
+ 1 42
x 42 42
+ 1 43
x 43 43
+ 1 44
x 44 44
+ 1 45
x 45 45
+ 1 46
x 46 46
+ 1 47
x 47 47
+ 1 48
x 48 48
+ 1 49
x 49 49
Case #32: 40 38
+ 1 2
x 2 2
+ 1 3
x 3 3
+ 1 4
x 4 4
+ 1 5
x 5 5
+ 1 6
x 6 6
+ 1 7
x 7 7
+ 1 8
x 8 8
+ 1 9
x 9 9
+ 1 10
x 10 10
+ 1 11
x 11 11
+ 1 12
x 12 12
+ 1 13
x 13 13
+ 1 14
x 14 14
+ 1 15
x 15 15
+ 1 16
x 16 16
+ 1 17
x 17 17
+ 1 18
x 18 18
+ 1 19
x 19 19
+ 1 20
x 20 20
Case #33: 142 140
+ 1 2
x 2 2
+ 1 3
x 3 3
+ 1 4
x 4 4
+ 1 5
x 5 5
+ 1 6
x 6 6
+ 1 7
x 7 7
+ 1 8
x 8 8
+ 1 9
x 9 9
+ 1 10
x 10 10
+ 1 11
x 11 11
+ 1 12
x 12 12
+ 1 13
x 13 13
+ 1 14
x 14 14
+ 1 15
x 15 15
+ 1 16
x 16 16
+ 1 17
x 17 17
+ 1 18
x 18 18
+ 1 19
x 19 19
+ 1 20
x 20 20
+ 1 21
x 21 21
+ 1 22
x 22 22
+ 1 23
x 23 23
+ 1 24
x 24 24
+ 1 25
x 25 25
+ 1 26
x 26 26
+ 1 27
x 27 27
+ 1 28
x 28 28
+ 1 29
x 29 29
+ 1 30
x 30 30
+ 1 31
x 31 31
+ 1 32
x 32 32
+ 1 33
x 33 33
+ 1 34
x 34 34
+ 1 35
x 35 35
+ 1 36
x 36 36
+ 1 37
x 37 37
+ 1 38
x 38 38
+ 1 39
x 39 39
+ 1 40
x 40 40
+ 1 41
x 41 41
+ 1 42
x 42 42
+ 1 43
x 43 43
+ 1 44
x 44 44
+ 1 45
x 45 45
+ 1 46
x 46 46
+ 1 47
x 47 47
+ 1 48
x 48 48
+ 1 49
x 49 49
+ 1 50
x 50 50
+ 1 51
x 51 51
+ 1 52
x 52 52
+ 1 53
x 53 53
+ 1 54
x 54 54
+ 1 55
x 55 55
+ 1 56
x 56 56
+ 1 57
x 57 57
+ 1 58
x 58 58
+ 1 59
x 59 59
+ 1 60
x 60 60
+ 1 61
x 61 61
+ 1 62
x 62 62
+ 1 63
x 63 63
+ 1 64
x 64 64
+ 1 65
x 65 65
+ 1 66
x 66 66
+ 1 67
x 67 67
+ 1 68
x 68 68
+ 1 69
x 69 69
+ 1 70
x 70 70
+ 1 71
x 71 71
Case #34: 4 2
+ 1 2
x 2 2
Case #35: 38 36
+ 1 2
x 2 2
+ 1 3
x 3 3
+ 1 4
x 4 4
+ 1 5
x 5 5
+ 1 6
x 6 6
+ 1 7
x 7 7
+ 1 8
x 8 8
+ 1 9
x 9 9
+ 1 10
x 10 10
+ 1 11
x 11 11
+ 1 12
x 12 12
+ 1 13
x 13 13
+ 1 14
x 14 14
+ 1 15
x 15 15
+ 1 16
x 16 16
+ 1 17
x 17 17
+ 1 18
x 18 18
+ 1 19
x 19 19
Case #36: 200 198
+ 1 2
x 2 2
+ 1 3
x 3 3
+ 1 4
x 4 4
+ 1 5
x 5 5
+ 1 6
x 6 6
+ 1 7
x 7 7
+ 1 8
x 8 8
+ 1 9
x 9 9
+ 1 10
x 10 10
+ 1 11
x 11 11
+ 1 12
x 12 12
+ 1 13
x 13 13
+ 1 14
x 14 14
+ 1 15
x 15 15
+ 1 16
x 16 16
+ 1 17
x 17 17
+ 1 18
x 18 18
+ 1 19
x 19 19
+ 1 20
x 20 20
+ 1 21
x 21 21
+ 1 22
x 22 22
+ 1 23
x 23 23
+ 1 24
x 24 24
+ 1 25
x 25 25
+ 1 26
x 26 26
+ 1 27
x 27 27
+ 1 28
x 28 28
+ 1 29
x 29 29
+ 1 30
x 30 30
+ 1 31
x 31 31
+ 1 32
x 32 32
+ 1 33
x 33 33
+ 1 34
x 34 34
+ 1 35
x 35 35
+ 1 36
x 36 36
+ 1 37
x 37 37
+ 1 38
x 38 38
+ 1 39
x 39 39
+ 1 40
x 40 40
+ 1 41
x 41 41
+ 1 42
x 42 42
+ 1 43
x 43 43
+ 1 44
x 44 44
+ 1 45
x 45 45
+ 1 46
x 46 46
+ 1 47
x 47 47
+ 1 48
x 48 48
+ 1 49
x 49 49
+ 1 50
x 50 50
+ 1 51
x 51 51
+ 1 52
x 52 52
+ 1 53
x 53 53
+ 1 54
x 54 54
+ 1 55
x 55 55
+ 1 56
x 56 56
+ 1 57
x 57 57
+ 1 58
x 58 58
+ 1 59
x 59 59
+ 1 60
x 60 60
+ 1 61
x 61 61
+ 1 62
x 62 62
+ 1 63
x 63 63
+ 1 64
x 64 64
+ 1 65
x 65 65
+ 1 66
x 66 66
+ 1 67
x 67 67
+ 1 68
x 68 68
+ 1 69
x 69 69
+ 1 70
x 70 70
+ 1 71
x 71 71
+ 1 72
x 72 72
+ 1 73
x 73 73
+ 1 74
x 74 74
+ 1 75
x 75 75
+ 1 76
x 76 76
+ 1 77
x 77 77
+ 1 78
x 78 78
+ 1 79
x 79 79
+ 1 80
x 80 80
+ 1 81
x 81 81
+ 1 82
x 82 82
+ 1 83
x 83 83
+ 1 84
x 84 84
+ 1 85
x 85 85
+ 1 86
x 86 86
+ 1 87
x 87 87
+ 1 88
x 88 88
+ 1 89
x 89 89
+ 1 90
x 90 90
+ 1 91
x 91 91
+ 1 92
x 92 92
+ 1 93
x 93 93
+ 1 94
x 94 94
+ 1 95
x 95 95
+ 1 96
x 96 96
+ 1 97
x 97 97
+ 1 98
x 98 98
+ 1 99
x 99 99
+ 1 100
x 100 100
Case #37: 200 198
+ 1 2
x 2 2
+ 1 3
x 3 3
+ 1 4
x 4 4
+ 1 5
x 5 5
+ 1 6
x 6 6
+ 1 7
x 7 7
+ 1 8
x 8 8
+ 1 9
x 9 9
+ 1 10
x 10 10
+ 1 11
x 11 11
+ 1 12
x 12 12
+ 1 13
x 13 13
+ 1 14
x 14 14
+ 1 15
x 15 15
+ 1 16
x 16 16
+ 1 17
x 17 17
+ 1 18
x 18 18
+ 1 19
x 19 19
+ 1 20
x 20 20
+ 1 21
x 21 21
+ 1 22
x 22 22
+ 1 23
x 23 23
+ 1 24
x 24 24
+ 1 25
x 25 25
+ 1 26
x 26 26
+ 1 27
x 27 27
+ 1 28
x 28 28
+ 1 29
x 29 29
+ 1 30
x 30 30
+ 1 31
x 31 31
+ 1 32
x 32 32
+ 1 33
x 33 33
+ 1 34
x 34 34
+ 1 35
x 35 35
+ 1 36
x 36 36
+ 1 37
x 37 37
+ 1 38
x 38 38
+ 1 39
x 39 39
+ 1 40
x 40 40
+ 1 41
x 41 41
+ 1 42
x 42 42
+ 1 43
x 43 43
+ 1 44
x 44 44
+ 1 45
x 45 45
+ 1 46
x 46 46
+ 1 47
x 47 47
+ 1 48
x 48 48
+ 1 49
x 49 49
+ 1 50
x 50 50
+ 1 51
x 51 51
+ 1 52
x 52 52
+ 1 53
x 53 53
+ 1 54
x 54 54
+ 1 55
x 55 55
+ 1 56
x 56 56
+ 1 57
x 57 57
+ 1 58
x 58 58
+ 1 59
x 59 59
+ 1 60
x 60 60
+ 1 61
x 61 61
+ 1 62
x 62 62
+ 1 63
x 63 63
+ 1 64
x 64 64
+ 1 65
x 65 65
+ 1 66
x 66 66
+ 1 67
x 67 67
+ 1 68
x 68 68
+ 1 69
x 69 69
+ 1 70
x 70 70
+ 1 71
x 71 71
+ 1 72
x 72 72
+ 1 73
x 73 73
+ 1 74
x 74 74
+ 1 75
x 75 75
+ 1 76
x 76 76
+ 1 77
x 77 77
+ 1 78
x 78 78
+ 1 79
x 79 79
+ 1 80
x 80 80
+ 1 81
x 81 81
+ 1 82
x 82 82
+ 1 83
x 83 83
+ 1 84
x 84 84
+ 1 85
x 85 85
+ 1 86
x 86 86
+ 1 87
x 87 87
+ 1 88
x 88 88
+ 1 89
x 89 89
+ 1 90
x 90 90
+ 1 91
x 91 91
+ 1 92
x 92 92
+ 1 93
x 93 93
+ 1 94
x 94 94
+ 1 95
x 95 95
+ 1 96
x 96 96
+ 1 97
x 97 97
+ 1 98
x 98 98
+ 1 99
x 99 99
+ 1 100
x 100 100
Case #38: 34 32
+ 1 2
x 2 2
+ 1 3
x 3 3
+ 1 4
x 4 4
+ 1 5
x 5 5
+ 1 6
x 6 6
+ 1 7
x 7 7
+ 1 8
x 8 8
+ 1 9
x 9 9
+ 1 10
x 10 10
+ 1 11
x 11 11
+ 1 12
x 12 12
+ 1 13
x 13 13
+ 1 14
x 14 14
+ 1 15
x 15 15
+ 1 16
x 16 16
+ 1 17
x 17 17
Case #39: 96 94
+ 1 2
x 2 2
+ 1 3
x 3 3
+ 1 4
x 4 4
+ 1 5
x 5 5
+ 1 6
x 6 6
+ 1 7
x 7 7
+ 1 8
x 8 8
+ 1 9
x 9 9
+ 1 10
x 10 10
+ 1 11
x 11 11
+ 1 12
x 12 12
+ 1 13
x 13 13
+ 1 14
x 14 14
+ 1 15
x 15 15
+ 1 16
x 16 16
+ 1 17
x 17 17
+ 1 18
x 18 18
+ 1 19
x 19 19
+ 1 20
x 20 20
+ 1 21
x 21 21
+ 1 22
x 22 22
+ 1 23
x 23 23
+ 1 24
x 24 24
+ 1 25
x 25 25
+ 1 26
x 26 26
+ 1 27
x 27 27
+ 1 28
x 28 28
+ 1 29
x 29 29
+ 1 30
x 30 30
+ 1 31
x 31 31
+ 1 32
x 32 32
+ 1 33
x 33 33
+ 1 34
x 34 34
+ 1 35
x 35 35
+ 1 36
x 36 36
+ 1 37
x 37 37
+ 1 38
x 38 38
+ 1 39
x 39 39
+ 1 40
x 40 40
+ 1 41
x 41 41
+ 1 42
x 42 42
+ 1 43
x 43 43
+ 1 44
x 44 44
+ 1 45
x 45 45
+ 1 46
x 46 46
+ 1 47
x 47 47
+ 1 48
x 48 48
Case #40: 66 64
+ 1 2
x 2 2
+ 1 3
x 3 3
+ 1 4
x 4 4
+ 1 5
x 5 5
+ 1 6
x 6 6
+ 1 7
x 7 7
+ 1 8
x 8 8
+ 1 9
x 9 9
+ 1 10
x 10 10
+ 1 11
x 11 11
+ 1 12
x 12 12
+ 1 13
x 13 13
+ 1 14
x 14 14
+ 1 15
x 15 15
+ 1 16
x 16 16
+ 1 17
x 17 17
+ 1 18
x 18 18
+ 1 19
x 19 19
+ 1 20
x 20 20
+ 1 21
x 21 21
+ 1 22
x 22 22
+ 1 23
x 23 23
+ 1 24
x 24 24
+ 1 25
x 25 25
+ 1 26
x 26 26
+ 1 27
x 27 27
+ 1 28
x 28 28
+ 1 29
x 29 29
+ 1 30
x 30 30
+ 1 31
x 31 31
+ 1 32
x 32 32
+ 1 33
x 33 33
Case #41: 200 198
+ 1 2
x 2 2
+ 1 3
x 3 3
+ 1 4
x 4 4
+ 1 5
x 5 5
+ 1 6
x 6 6
+ 1 7
x 7 7
+ 1 8
x 8 8
+ 1 9
x 9 9
+ 1 10
x 10 10
+ 1 11
x 11 11
+ 1 12
x 12 12
+ 1 13
x 13 13
+ 1 14
x 14 14
+ 1 15
x 15 15
+ 1 16
x 16 16
+ 1 17
x 17 17
+ 1 18
x 18 18
+ 1 19
x 19 19
+ 1 20
x 20 20
+ 1 21
x 21 21
+ 1 22
x 22 22
+ 1 23
x 23 23
+ 1 24
x 24 24
+ 1 25
x 25 25
+ 1 26
x 26 26
+ 1 27
x 27 27
+ 1 28
x 28 28
+ 1 29
x 29 29
+ 1 30
x 30 30
+ 1 31
x 31 31
+ 1 32
x 32 32
+ 1 33
x 33 33
+ 1 34
x 34 34
+ 1 35
x 35 35
+ 1 36
x 36 36
+ 1 37
x 37 37
+ 1 38
x 38 38
+ 1 39
x 39 39
+ 1 40
x 40 40
+ 1 41
x 41 41
+ 1 42
x 42 42
+ 1 43
x 43 43
+ 1 44
x 44 44
+ 1 45
x 45 45
+ 1 46
x 46 46
+ 1 47
x 47 47
+ 1 48
x 48 48
+ 1 49
x 49 49
+ 1 50
x 50 50
+ 1 51
x 51 51
+ 1 52
x 52 52
+ 1 53
x 53 53
+ 1 54
x 54 54
+ 1 55
x 55 55
+ 1 56
x 56 56
+ 1 57
x 57 57
+ 1 58
x 58 58
+ 1 59
x 59 59
+ 1 60
x 60 60
+ 1 61
x 61 61
+ 1 62
x 62 62
+ 1 63
x 63 63
+ 1 64
x 64 64
+ 1 65
x 65 65
+ 1 66
x 66 66
+ 1 67
x 67 67
+ 1 68
x 68 68
+ 1 69
x 69 69
+ 1 70
x 70 70
+ 1 71
x 71 71
+ 1 72
x 72 72
+ 1 73
x 73 73
+ 1 74
x 74 74
+ 1 75
x 75 75
+ 1 76
x 76 76
+ 1 77
x 77 77
+ 1 78
x 78 78
+ 1 79
x 79 79
+ 1 80
x 80 80
+ 1 81
x 81 81
+ 1 82
x 82 82
+ 1 83
x 83 83
+ 1 84
x 84 84
+ 1 85
x 85 85
+ 1 86
x 86 86
+ 1 87
x 87 87
+ 1 88
x 88 88
+ 1 89
x 89 89
+ 1 90
x 90 90
+ 1 91
x 91 91
+ 1 92
x 92 92
+ 1 93
x 93 93
+ 1 94
x 94 94
+ 1 95
x 95 95
+ 1 96
x 96 96
+ 1 97
x 97 97
+ 1 98
x 98 98
+ 1 99
x 99 99
+ 1 100
x 100 100
Case #42: 2 0
Case #43: 152 150
+ 1 2
x 2 2
+ 1 3
x 3 3
+ 1 4
x 4 4
+ 1 5
x 5 5
+ 1 6
x 6 6
+ 1 7
x 7 7
+ 1 8
x 8 8
+ 1 9
x 9 9
+ 1 10
x 10 10
+ 1 11
x 11 11
+ 1 12
x 12 12
+ 1 13
x 13 13
+ 1 14
x 14 14
+ 1 15
x 15 15
+ 1 16
x 16 16
+ 1 17
x 17 17
+ 1 18
x 18 18
+ 1 19
x 19 19
+ 1 20
x 20 20
+ 1 21
x 21 21
+ 1 22
x 22 22
+ 1 23
x 23 23
+ 1 24
x 24 24
+ 1 25
x 25 25
+ 1 26
x 26 26
+ 1 27
x 27 27
+ 1 28
x 28 28
+ 1 29
x 29 29
+ 1 30
x 30 30
+ 1 31
x 31 31
+ 1 32
x 32 32
+ 1 33
x 33 33
+ 1 34
x 34 34
+ 1 35
x 35 35
+ 1 36
x 36 36
+ 1 37
x 37 37
+ 1 38
x 38 38
+ 1 39
x 39 39
+ 1 40
x 40 40
+ 1 41
x 41 41
+ 1 42
x 42 42
+ 1 43
x 43 43
+ 1 44
x 44 44
+ 1 45
x 45 45
+ 1 46
x 46 46
+ 1 47
x 47 47
+ 1 48
x 48 48
+ 1 49
x 49 49
+ 1 50
x 50 50
+ 1 51
x 51 51
+ 1 52
x 52 52
+ 1 53
x 53 53
+ 1 54
x 54 54
+ 1 55
x 55 55
+ 1 56
x 56 56
+ 1 57
x 57 57
+ 1 58
x 58 58
+ 1 59
x 59 59
+ 1 60
x 60 60
+ 1 61
x 61 61
+ 1 62
x 62 62
+ 1 63
x 63 63
+ 1 64
x 64 64
+ 1 65
x 65 65
+ 1 66
x 66 66
+ 1 67
x 67 67
+ 1 68
x 68 68
+ 1 69
x 69 69
+ 1 70
x 70 70
+ 1 71
x 71 71
+ 1 72
x 72 72
+ 1 73
x 73 73
+ 1 74
x 74 74
+ 1 75
x 75 75
+ 1 76
x 76 76
Case #44: 114 112
+ 1 2
x 2 2
+ 1 3
x 3 3
+ 1 4
x 4 4
+ 1 5
x 5 5
+ 1 6
x 6 6
+ 1 7
x 7 7
+ 1 8
x 8 8
+ 1 9
x 9 9
+ 1 10
x 10 10
+ 1 11
x 11 11
+ 1 12
x 12 12
+ 1 13
x 13 13
+ 1 14
x 14 14
+ 1 15
x 15 15
+ 1 16
x 16 16
+ 1 17
x 17 17
+ 1 18
x 18 18
+ 1 19
x 19 19
+ 1 20
x 20 20
+ 1 21
x 21 21
+ 1 22
x 22 22
+ 1 23
x 23 23
+ 1 24
x 24 24
+ 1 25
x 25 25
+ 1 26
x 26 26
+ 1 27
x 27 27
+ 1 28
x 28 28
+ 1 29
x 29 29
+ 1 30
x 30 30
+ 1 31
x 31 31
+ 1 32
x 32 32
+ 1 33
x 33 33
+ 1 34
x 34 34
+ 1 35
x 35 35
+ 1 36
x 36 36
+ 1 37
x 37 37
+ 1 38
x 38 38
+ 1 39
x 39 39
+ 1 40
x 40 40
+ 1 41
x 41 41
+ 1 42
x 42 42
+ 1 43
x 43 43
+ 1 44
x 44 44
+ 1 45
x 45 45
+ 1 46
x 46 46
+ 1 47
x 47 47
+ 1 48
x 48 48
+ 1 49
x 49 49
+ 1 50
x 50 50
+ 1 51
x 51 51
+ 1 52
x 52 52
+ 1 53
x 53 53
+ 1 54
x 54 54
+ 1 55
x 55 55
+ 1 56
x 56 56
+ 1 57
x 57 57
Case #45: 200 198
+ 1 2
x 2 2
+ 1 3
x 3 3
+ 1 4
x 4 4
+ 1 5
x 5 5
+ 1 6
x 6 6
+ 1 7
x 7 7
+ 1 8
x 8 8
+ 1 9
x 9 9
+ 1 10
x 10 10
+ 1 11
x 11 11
+ 1 12
x 12 12
+ 1 13
x 13 13
+ 1 14
x 14 14
+ 1 15
x 15 15
+ 1 16
x 16 16
+ 1 17
x 17 17
+ 1 18
x 18 18
+ 1 19
x 19 19
+ 1 20
x 20 20
+ 1 21
x 21 21
+ 1 22
x 22 22
+ 1 23
x 23 23
+ 1 24
x 24 24
+ 1 25
x 25 25
+ 1 26
x 26 26
+ 1 27
x 27 27
+ 1 28
x 28 28
+ 1 29
x 29 29
+ 1 30
x 30 30
+ 1 31
x 31 31
+ 1 32
x 32 32
+ 1 33
x 33 33
+ 1 34
x 34 34
+ 1 35
x 35 35
+ 1 36
x 36 36
+ 1 37
x 37 37
+ 1 38
x 38 38
+ 1 39
x 39 39
+ 1 40
x 40 40
+ 1 41
x 41 41
+ 1 42
x 42 42
+ 1 43
x 43 43
+ 1 44
x 44 44
+ 1 45
x 45 45
+ 1 46
x 46 46
+ 1 47
x 47 47
+ 1 48
x 48 48
+ 1 49
x 49 49
+ 1 50
x 50 50
+ 1 51
x 51 51
+ 1 52
x 52 52
+ 1 53
x 53 53
+ 1 54
x 54 54
+ 1 55
x 55 55
+ 1 56
x 56 56
+ 1 57
x 57 57
+ 1 58
x 58 58
+ 1 59
x 59 59
+ 1 60
x 60 60
+ 1 61
x 61 61
+ 1 62
x 62 62
+ 1 63
x 63 63
+ 1 64
x 64 64
+ 1 65
x 65 65
+ 1 66
x 66 66
+ 1 67
x 67 67
+ 1 68
x 68 68
+ 1 69
x 69 69
+ 1 70
x 70 70
+ 1 71
x 71 71
+ 1 72
x 72 72
+ 1 73
x 73 73
+ 1 74
x 74 74
+ 1 75
x 75 75
+ 1 76
x 76 76
+ 1 77
x 77 77
+ 1 78
x 78 78
+ 1 79
x 79 79
+ 1 80
x 80 80
+ 1 81
x 81 81
+ 1 82
x 82 82
+ 1 83
x 83 83
+ 1 84
x 84 84
+ 1 85
x 85 85
+ 1 86
x 86 86
+ 1 87
x 87 87
+ 1 88
x 88 88
+ 1 89
x 89 89
+ 1 90
x 90 90
+ 1 91
x 91 91
+ 1 92
x 92 92
+ 1 93
x 93 93
+ 1 94
x 94 94
+ 1 95
x 95 95
+ 1 96
x 96 96
+ 1 97
x 97 97
+ 1 98
x 98 98
+ 1 99
x 99 99
+ 1 100
x 100 100
Case #46: 116 114
+ 1 2
x 2 2
+ 1 3
x 3 3
+ 1 4
x 4 4
+ 1 5
x 5 5
+ 1 6
x 6 6
+ 1 7
x 7 7
+ 1 8
x 8 8
+ 1 9
x 9 9
+ 1 10
x 10 10
+ 1 11
x 11 11
+ 1 12
x 12 12
+ 1 13
x 13 13
+ 1 14
x 14 14
+ 1 15
x 15 15
+ 1 16
x 16 16
+ 1 17
x 17 17
+ 1 18
x 18 18
+ 1 19
x 19 19
+ 1 20
x 20 20
+ 1 21
x 21 21
+ 1 22
x 22 22
+ 1 23
x 23 23
+ 1 24
x 24 24
+ 1 25
x 25 25
+ 1 26
x 26 26
+ 1 27
x 27 27
+ 1 28
x 28 28
+ 1 29
x 29 29
+ 1 30
x 30 30
+ 1 31
x 31 31
+ 1 32
x 32 32
+ 1 33
x 33 33
+ 1 34
x 34 34
+ 1 35
x 35 35
+ 1 36
x 36 36
+ 1 37
x 37 37
+ 1 38
x 38 38
+ 1 39
x 39 39
+ 1 40
x 40 40
+ 1 41
x 41 41
+ 1 42
x 42 42
+ 1 43
x 43 43
+ 1 44
x 44 44
+ 1 45
x 45 45
+ 1 46
x 46 46
+ 1 47
x 47 47
+ 1 48
x 48 48
+ 1 49
x 49 49
+ 1 50
x 50 50
+ 1 51
x 51 51
+ 1 52
x 52 52
+ 1 53
x 53 53
+ 1 54
x 54 54
+ 1 55
x 55 55
+ 1 56
x 56 56
+ 1 57
x 57 57
+ 1 58
x 58 58
Case #47: 184 182
+ 1 2
x 2 2
+ 1 3
x 3 3
+ 1 4
x 4 4
+ 1 5
x 5 5
+ 1 6
x 6 6
+ 1 7
x 7 7
+ 1 8
x 8 8
+ 1 9
x 9 9
+ 1 10
x 10 10
+ 1 11
x 11 11
+ 1 12
x 12 12
+ 1 13
x 13 13
+ 1 14
x 14 14
+ 1 15
x 15 15
+ 1 16
x 16 16
+ 1 17
x 17 17
+ 1 18
x 18 18
+ 1 19
x 19 19
+ 1 20
x 20 20
+ 1 21
x 21 21
+ 1 22
x 22 22
+ 1 23
x 23 23
+ 1 24
x 24 24
+ 1 25
x 25 25
+ 1 26
x 26 26
+ 1 27
x 27 27
+ 1 28
x 28 28
+ 1 29
x 29 29
+ 1 30
x 30 30
+ 1 31
x 31 31
+ 1 32
x 32 32
+ 1 33
x 33 33
+ 1 34
x 34 34
+ 1 35
x 35 35
+ 1 36
x 36 36
+ 1 37
x 37 37
+ 1 38
x 38 38
+ 1 39
x 39 39
+ 1 40
x 40 40
+ 1 41
x 41 41
+ 1 42
x 42 42
+ 1 43
x 43 43
+ 1 44
x 44 44
+ 1 45
x 45 45
+ 1 46
x 46 46
+ 1 47
x 47 47
+ 1 48
x 48 48
+ 1 49
x 49 49
+ 1 50
x 50 50
+ 1 51
x 51 51
+ 1 52
x 52 52
+ 1 53
x 53 53
+ 1 54
x 54 54
+ 1 55
x 55 55
+ 1 56
x 56 56
+ 1 57
x 57 57
+ 1 58
x 58 58
+ 1 59
x 59 59
+ 1 60
x 60 60
+ 1 61
x 61 61
+ 1 62
x 62 62
+ 1 63
x 63 63
+ 1 64
x 64 64
+ 1 65
x 65 65
+ 1 66
x 66 66
+ 1 67
x 67 67
+ 1 68
x 68 68
+ 1 69
x 69 69
+ 1 70
x 70 70
+ 1 71
x 71 71
+ 1 72
x 72 72
+ 1 73
x 73 73
+ 1 74
x 74 74
+ 1 75
x 75 75
+ 1 76
x 76 76
+ 1 77
x 77 77
+ 1 78
x 78 78
+ 1 79
x 79 79
+ 1 80
x 80 80
+ 1 81
x 81 81
+ 1 82
x 82 82
+ 1 83
x 83 83
+ 1 84
x 84 84
+ 1 85
x 85 85
+ 1 86
x 86 86
+ 1 87
x 87 87
+ 1 88
x 88 88
+ 1 89
x 89 89
+ 1 90
x 90 90
+ 1 91
x 91 91
+ 1 92
x 92 92
Case #48: 98 96
+ 1 2
x 2 2
+ 1 3
x 3 3
+ 1 4
x 4 4
+ 1 5
x 5 5
+ 1 6
x 6 6
+ 1 7
x 7 7
+ 1 8
x 8 8
+ 1 9
x 9 9
+ 1 10
x 10 10
+ 1 11
x 11 11
+ 1 12
x 12 12
+ 1 13
x 13 13
+ 1 14
x 14 14
+ 1 15
x 15 15
+ 1 16
x 16 16
+ 1 17
x 17 17
+ 1 18
x 18 18
+ 1 19
x 19 19
+ 1 20
x 20 20
+ 1 21
x 21 21
+ 1 22
x 22 22
+ 1 23
x 23 23
+ 1 24
x 24 24
+ 1 25
x 25 25
+ 1 26
x 26 26
+ 1 27
x 27 27
+ 1 28
x 28 28
+ 1 29
x 29 29
+ 1 30
x 30 30
+ 1 31
x 31 31
+ 1 32
x 32 32
+ 1 33
x 33 33
+ 1 34
x 34 34
+ 1 35
x 35 35
+ 1 36
x 36 36
+ 1 37
x 37 37
+ 1 38
x 38 38
+ 1 39
x 39 39
+ 1 40
x 40 40
+ 1 41
x 41 41
+ 1 42
x 42 42
+ 1 43
x 43 43
+ 1 44
x 44 44
+ 1 45
x 45 45
+ 1 46
x 46 46
+ 1 47
x 47 47
+ 1 48
x 48 48
+ 1 49
x 49 49
Case #49: 200 198
+ 1 2
x 2 2
+ 1 3
x 3 3
+ 1 4
x 4 4
+ 1 5
x 5 5
+ 1 6
x 6 6
+ 1 7
x 7 7
+ 1 8
x 8 8
+ 1 9
x 9 9
+ 1 10
x 10 10
+ 1 11
x 11 11
+ 1 12
x 12 12
+ 1 13
x 13 13
+ 1 14
x 14 14
+ 1 15
x 15 15
+ 1 16
x 16 16
+ 1 17
x 17 17
+ 1 18
x 18 18
+ 1 19
x 19 19
+ 1 20
x 20 20
+ 1 21
x 21 21
+ 1 22
x 22 22
+ 1 23
x 23 23
+ 1 24
x 24 24
+ 1 25
x 25 25
+ 1 26
x 26 26
+ 1 27
x 27 27
+ 1 28
x 28 28
+ 1 29
x 29 29
+ 1 30
x 30 30
+ 1 31
x 31 31
+ 1 32
x 32 32
+ 1 33
x 33 33
+ 1 34
x 34 34
+ 1 35
x 35 35
+ 1 36
x 36 36
+ 1 37
x 37 37
+ 1 38
x 38 38
+ 1 39
x 39 39
+ 1 40
x 40 40
+ 1 41
x 41 41
+ 1 42
x 42 42
+ 1 43
x 43 43
+ 1 44
x 44 44
+ 1 45
x 45 45
+ 1 46
x 46 46
+ 1 47
x 47 47
+ 1 48
x 48 48
+ 1 49
x 49 49
+ 1 50
x 50 50
+ 1 51
x 51 51
+ 1 52
x 52 52
+ 1 53
x 53 53
+ 1 54
x 54 54
+ 1 55
x 55 55
+ 1 56
x 56 56
+ 1 57
x 57 57
+ 1 58
x 58 58
+ 1 59
x 59 59
+ 1 60
x 60 60
+ 1 61
x 61 61
+ 1 62
x 62 62
+ 1 63
x 63 63
+ 1 64
x 64 64
+ 1 65
x 65 65
+ 1 66
x 66 66
+ 1 67
x 67 67
+ 1 68
x 68 68
+ 1 69
x 69 69
+ 1 70
x 70 70
+ 1 71
x 71 71
+ 1 72
x 72 72
+ 1 73
x 73 73
+ 1 74
x 74 74
+ 1 75
x 75 75
+ 1 76
x 76 76
+ 1 77
x 77 77
+ 1 78
x 78 78
+ 1 79
x 79 79
+ 1 80
x 80 80
+ 1 81
x 81 81
+ 1 82
x 82 82
+ 1 83
x 83 83
+ 1 84
x 84 84
+ 1 85
x 85 85
+ 1 86
x 86 86
+ 1 87
x 87 87
+ 1 88
x 88 88
+ 1 89
x 89 89
+ 1 90
x 90 90
+ 1 91
x 91 91
+ 1 92
x 92 92
+ 1 93
x 93 93
+ 1 94
x 94 94
+ 1 95
x 95 95
+ 1 96
x 96 96
+ 1 97
x 97 97
+ 1 98
x 98 98
+ 1 99
x 99 99
+ 1 100
x 100 100
Case #50: 200 198
+ 1 2
x 2 2
+ 1 3
x 3 3
+ 1 4
x 4 4
+ 1 5
x 5 5
+ 1 6
x 6 6
+ 1 7
x 7 7
+ 1 8
x 8 8
+ 1 9
x 9 9
+ 1 10
x 10 10
+ 1 11
x 11 11
+ 1 12
x 12 12
+ 1 13
x 13 13
+ 1 14
x 14 14
+ 1 15
x 15 15
+ 1 16
x 16 16
+ 1 17
x 17 17
+ 1 18
x 18 18
+ 1 19
x 19 19
+ 1 20
x 20 20
+ 1 21
x 21 21
+ 1 22
x 22 22
+ 1 23
x 23 23
+ 1 24
x 24 24
+ 1 25
x 25 25
+ 1 26
x 26 26
+ 1 27
x 27 27
+ 1 28
x 28 28
+ 1 29
x 29 29
+ 1 30
x 30 30
+ 1 31
x 31 31
+ 1 32
x 32 32
+ 1 33
x 33 33
+ 1 34
x 34 34
+ 1 35
x 35 35
+ 1 36
x 36 36
+ 1 37
x 37 37
+ 1 38
x 38 38
+ 1 39
x 39 39
+ 1 40
x 40 40
+ 1 41
x 41 41
+ 1 42
x 42 42
+ 1 43
x 43 43
+ 1 44
x 44 44
+ 1 45
x 45 45
+ 1 46
x 46 46
+ 1 47
x 47 47
+ 1 48
x 48 48
+ 1 49
x 49 49
+ 1 50
x 50 50
+ 1 51
x 51 51
+ 1 52
x 52 52
+ 1 53
x 53 53
+ 1 54
x 54 54
+ 1 55
x 55 55
+ 1 56
x 56 56
+ 1 57
x 57 57
+ 1 58
x 58 58
+ 1 59
x 59 59
+ 1 60
x 60 60
+ 1 61
x 61 61
+ 1 62
x 62 62
+ 1 63
x 63 63
+ 1 64
x 64 64
+ 1 65
x 65 65
+ 1 66
x 66 66
+ 1 67
x 67 67
+ 1 68
x 68 68
+ 1 69
x 69 69
+ 1 70
x 70 70
+ 1 71
x 71 71
+ 1 72
x 72 72
+ 1 73
x 73 73
+ 1 74
x 74 74
+ 1 75
x 75 75
+ 1 76
x 76 76
+ 1 77
x 77 77
+ 1 78
x 78 78
+ 1 79
x 79 79
+ 1 80
x 80 80
+ 1 81
x 81 81
+ 1 82
x 82 82
+ 1 83
x 83 83
+ 1 84
x 84 84
+ 1 85
x 85 85
+ 1 86
x 86 86
+ 1 87
x 87 87
+ 1 88
x 88 88
+ 1 89
x 89 89
+ 1 90
x 90 90
+ 1 91
x 91 91
+ 1 92
x 92 92
+ 1 93
x 93 93
+ 1 94
x 94 94
+ 1 95
x 95 95
+ 1 96
x 96 96
+ 1 97
x 97 97
+ 1 98
x 98 98
+ 1 99
x 99 99
+ 1 100
x 100 100
Case #51: 120 118
+ 1 2
x 2 2
+ 1 3
x 3 3
+ 1 4
x 4 4
+ 1 5
x 5 5
+ 1 6
x 6 6
+ 1 7
x 7 7
+ 1 8
x 8 8
+ 1 9
x 9 9
+ 1 10
x 10 10
+ 1 11
x 11 11
+ 1 12
x 12 12
+ 1 13
x 13 13
+ 1 14
x 14 14
+ 1 15
x 15 15
+ 1 16
x 16 16
+ 1 17
x 17 17
+ 1 18
x 18 18
+ 1 19
x 19 19
+ 1 20
x 20 20
+ 1 21
x 21 21
+ 1 22
x 22 22
+ 1 23
x 23 23
+ 1 24
x 24 24
+ 1 25
x 25 25
+ 1 26
x 26 26
+ 1 27
x 27 27
+ 1 28
x 28 28
+ 1 29
x 29 29
+ 1 30
x 30 30
+ 1 31
x 31 31
+ 1 32
x 32 32
+ 1 33
x 33 33
+ 1 34
x 34 34
+ 1 35
x 35 35
+ 1 36
x 36 36
+ 1 37
x 37 37
+ 1 38
x 38 38
+ 1 39
x 39 39
+ 1 40
x 40 40
+ 1 41
x 41 41
+ 1 42
x 42 42
+ 1 43
x 43 43
+ 1 44
x 44 44
+ 1 45
x 45 45
+ 1 46
x 46 46
+ 1 47
x 47 47
+ 1 48
x 48 48
+ 1 49
x 49 49
+ 1 50
x 50 50
+ 1 51
x 51 51
+ 1 52
x 52 52
+ 1 53
x 53 53
+ 1 54
x 54 54
+ 1 55
x 55 55
+ 1 56
x 56 56
+ 1 57
x 57 57
+ 1 58
x 58 58
+ 1 59
x 59 59
+ 1 60
x 60 60
Case #52: 200 198
+ 1 2
x 2 2
+ 1 3
x 3 3
+ 1 4
x 4 4
+ 1 5
x 5 5
+ 1 6
x 6 6
+ 1 7
x 7 7
+ 1 8
x 8 8
+ 1 9
x 9 9
+ 1 10
x 10 10
+ 1 11
x 11 11
+ 1 12
x 12 12
+ 1 13
x 13 13
+ 1 14
x 14 14
+ 1 15
x 15 15
+ 1 16
x 16 16
+ 1 17
x 17 17
+ 1 18
x 18 18
+ 1 19
x 19 19
+ 1 20
x 20 20
+ 1 21
x 21 21
+ 1 22
x 22 22
+ 1 23
x 23 23
+ 1 24
x 24 24
+ 1 25
x 25 25
+ 1 26
x 26 26
+ 1 27
x 27 27
+ 1 28
x 28 28
+ 1 29
x 29 29
+ 1 30
x 30 30
+ 1 31
x 31 31
+ 1 32
x 32 32
+ 1 33
x 33 33
+ 1 34
x 34 34
+ 1 35
x 35 35
+ 1 36
x 36 36
+ 1 37
x 37 37
+ 1 38
x 38 38
+ 1 39
x 39 39
+ 1 40
x 40 40
+ 1 41
x 41 41
+ 1 42
x 42 42
+ 1 43
x 43 43
+ 1 44
x 44 44
+ 1 45
x 45 45
+ 1 46
x 46 46
+ 1 47
x 47 47
+ 1 48
x 48 48
+ 1 49
x 49 49
+ 1 50
x 50 50
+ 1 51
x 51 51
+ 1 52
x 52 52
+ 1 53
x 53 53
+ 1 54
x 54 54
+ 1 55
x 55 55
+ 1 56
x 56 56
+ 1 57
x 57 57
+ 1 58
x 58 58
+ 1 59
x 59 59
+ 1 60
x 60 60
+ 1 61
x 61 61
+ 1 62
x 62 62
+ 1 63
x 63 63
+ 1 64
x 64 64
+ 1 65
x 65 65
+ 1 66
x 66 66
+ 1 67
x 67 67
+ 1 68
x 68 68
+ 1 69
x 69 69
+ 1 70
x 70 70
+ 1 71
x 71 71
+ 1 72
x 72 72
+ 1 73
x 73 73
+ 1 74
x 74 74
+ 1 75
x 75 75
+ 1 76
x 76 76
+ 1 77
x 77 77
+ 1 78
x 78 78
+ 1 79
x 79 79
+ 1 80
x 80 80
+ 1 81
x 81 81
+ 1 82
x 82 82
+ 1 83
x 83 83
+ 1 84
x 84 84
+ 1 85
x 85 85
+ 1 86
x 86 86
+ 1 87
x 87 87
+ 1 88
x 88 88
+ 1 89
x 89 89
+ 1 90
x 90 90
+ 1 91
x 91 91
+ 1 92
x 92 92
+ 1 93
x 93 93
+ 1 94
x 94 94
+ 1 95
x 95 95
+ 1 96
x 96 96
+ 1 97
x 97 97
+ 1 98
x 98 98
+ 1 99
x 99 99
+ 1 100
x 100 100
Case #53: 38 36
+ 1 2
x 2 2
+ 1 3
x 3 3
+ 1 4
x 4 4
+ 1 5
x 5 5
+ 1 6
x 6 6
+ 1 7
x 7 7
+ 1 8
x 8 8
+ 1 9
x 9 9
+ 1 10
x 10 10
+ 1 11
x 11 11
+ 1 12
x 12 12
+ 1 13
x 13 13
+ 1 14
x 14 14
+ 1 15
x 15 15
+ 1 16
x 16 16
+ 1 17
x 17 17
+ 1 18
x 18 18
+ 1 19
x 19 19
Case #54: 200 198
+ 1 2
x 2 2
+ 1 3
x 3 3
+ 1 4
x 4 4
+ 1 5
x 5 5
+ 1 6
x 6 6
+ 1 7
x 7 7
+ 1 8
x 8 8
+ 1 9
x 9 9
+ 1 10
x 10 10
+ 1 11
x 11 11
+ 1 12
x 12 12
+ 1 13
x 13 13
+ 1 14
x 14 14
+ 1 15
x 15 15
+ 1 16
x 16 16
+ 1 17
x 17 17
+ 1 18
x 18 18
+ 1 19
x 19 19
+ 1 20
x 20 20
+ 1 21
x 21 21
+ 1 22
x 22 22
+ 1 23
x 23 23
+ 1 24
x 24 24
+ 1 25
x 25 25
+ 1 26
x 26 26
+ 1 27
x 27 27
+ 1 28
x 28 28
+ 1 29
x 29 29
+ 1 30
x 30 30
+ 1 31
x 31 31
+ 1 32
x 32 32
+ 1 33
x 33 33
+ 1 34
x 34 34
+ 1 35
x 35 35
+ 1 36
x 36 36
+ 1 37
x 37 37
+ 1 38
x 38 38
+ 1 39
x 39 39
+ 1 40
x 40 40
+ 1 41
x 41 41
+ 1 42
x 42 42
+ 1 43
x 43 43
+ 1 44
x 44 44
+ 1 45
x 45 45
+ 1 46
x 46 46
+ 1 47
x 47 47
+ 1 48
x 48 48
+ 1 49
x 49 49
+ 1 50
x 50 50
+ 1 51
x 51 51
+ 1 52
x 52 52
+ 1 53
x 53 53
+ 1 54
x 54 54
+ 1 55
x 55 55
+ 1 56
x 56 56
+ 1 57
x 57 57
+ 1 58
x 58 58
+ 1 59
x 59 59
+ 1 60
x 60 60
+ 1 61
x 61 61
+ 1 62
x 62 62
+ 1 63
x 63 63
+ 1 64
x 64 64
+ 1 65
x 65 65
+ 1 66
x 66 66
+ 1 67
x 67 67
+ 1 68
x 68 68
+ 1 69
x 69 69
+ 1 70
x 70 70
+ 1 71
x 71 71
+ 1 72
x 72 72
+ 1 73
x 73 73
+ 1 74
x 74 74
+ 1 75
x 75 75
+ 1 76
x 76 76
+ 1 77
x 77 77
+ 1 78
x 78 78
+ 1 79
x 79 79
+ 1 80
x 80 80
+ 1 81
x 81 81
+ 1 82
x 82 82
+ 1 83
x 83 83
+ 1 84
x 84 84
+ 1 85
x 85 85
+ 1 86
x 86 86
+ 1 87
x 87 87
+ 1 88
x 88 88
+ 1 89
x 89 89
+ 1 90
x 90 90
+ 1 91
x 91 91
+ 1 92
x 92 92
+ 1 93
x 93 93
+ 1 94
x 94 94
+ 1 95
x 95 95
+ 1 96
x 96 96
+ 1 97
x 97 97
+ 1 98
x 98 98
+ 1 99
x 99 99
+ 1 100
x 100 100
Case #55: 6 4
+ 1 2
x 2 2
+ 1 3
x 3 3
Case #56: 200 198
+ 1 2
x 2 2
+ 1 3
x 3 3
+ 1 4
x 4 4
+ 1 5
x 5 5
+ 1 6
x 6 6
+ 1 7
x 7 7
+ 1 8
x 8 8
+ 1 9
x 9 9
+ 1 10
x 10 10
+ 1 11
x 11 11
+ 1 12
x 12 12
+ 1 13
x 13 13
+ 1 14
x 14 14
+ 1 15
x 15 15
+ 1 16
x 16 16
+ 1 17
x 17 17
+ 1 18
x 18 18
+ 1 19
x 19 19
+ 1 20
x 20 20
+ 1 21
x 21 21
+ 1 22
x 22 22
+ 1 23
x 23 23
+ 1 24
x 24 24
+ 1 25
x 25 25
+ 1 26
x 26 26
+ 1 27
x 27 27
+ 1 28
x 28 28
+ 1 29
x 29 29
+ 1 30
x 30 30
+ 1 31
x 31 31
+ 1 32
x 32 32
+ 1 33
x 33 33
+ 1 34
x 34 34
+ 1 35
x 35 35
+ 1 36
x 36 36
+ 1 37
x 37 37
+ 1 38
x 38 38
+ 1 39
x 39 39
+ 1 40
x 40 40
+ 1 41
x 41 41
+ 1 42
x 42 42
+ 1 43
x 43 43
+ 1 44
x 44 44
+ 1 45
x 45 45
+ 1 46
x 46 46
+ 1 47
x 47 47
+ 1 48
x 48 48
+ 1 49
x 49 49
+ 1 50
x 50 50
+ 1 51
x 51 51
+ 1 52
x 52 52
+ 1 53
x 53 53
+ 1 54
x 54 54
+ 1 55
x 55 55
+ 1 56
x 56 56
+ 1 57
x 57 57
+ 1 58
x 58 58
+ 1 59
x 59 59
+ 1 60
x 60 60
+ 1 61
x 61 61
+ 1 62
x 62 62
+ 1 63
x 63 63
+ 1 64
x 64 64
+ 1 65
x 65 65
+ 1 66
x 66 66
+ 1 67
x 67 67
+ 1 68
x 68 68
+ 1 69
x 69 69
+ 1 70
x 70 70
+ 1 71
x 71 71
+ 1 72
x 72 72
+ 1 73
x 73 73
+ 1 74
x 74 74
+ 1 75
x 75 75
+ 1 76
x 76 76
+ 1 77
x 77 77
+ 1 78
x 78 78
+ 1 79
x 79 79
+ 1 80
x 80 80
+ 1 81
x 81 81
+ 1 82
x 82 82
+ 1 83
x 83 83
+ 1 84
x 84 84
+ 1 85
x 85 85
+ 1 86
x 86 86
+ 1 87
x 87 87
+ 1 88
x 88 88
+ 1 89
x 89 89
+ 1 90
x 90 90
+ 1 91
x 91 91
+ 1 92
x 92 92
+ 1 93
x 93 93
+ 1 94
x 94 94
+ 1 95
x 95 95
+ 1 96
x 96 96
+ 1 97
x 97 97
+ 1 98
x 98 98
+ 1 99
x 99 99
+ 1 100
x 100 100
Case #57: 4 2
+ 1 2
x 2 2
Case #58: 200 198
+ 1 2
x 2 2
+ 1 3
x 3 3
+ 1 4
x 4 4
+ 1 5
x 5 5
+ 1 6
x 6 6
+ 1 7
x 7 7
+ 1 8
x 8 8
+ 1 9
x 9 9
+ 1 10
x 10 10
+ 1 11
x 11 11
+ 1 12
x 12 12
+ 1 13
x 13 13
+ 1 14
x 14 14
+ 1 15
x 15 15
+ 1 16
x 16 16
+ 1 17
x 17 17
+ 1 18
x 18 18
+ 1 19
x 19 19
+ 1 20
x 20 20
+ 1 21
x 21 21
+ 1 22
x 22 22
+ 1 23
x 23 23
+ 1 24
x 24 24
+ 1 25
x 25 25
+ 1 26
x 26 26
+ 1 27
x 27 27
+ 1 28
x 28 28
+ 1 29
x 29 29
+ 1 30
x 30 30
+ 1 31
x 31 31
+ 1 32
x 32 32
+ 1 33
x 33 33
+ 1 34
x 34 34
+ 1 35
x 35 35
+ 1 36
x 36 36
+ 1 37
x 37 37
+ 1 38
x 38 38
+ 1 39
x 39 39
+ 1 40
x 40 40
+ 1 41
x 41 41
+ 1 42
x 42 42
+ 1 43
x 43 43
+ 1 44
x 44 44
+ 1 45
x 45 45
+ 1 46
x 46 46
+ 1 47
x 47 47
+ 1 48
x 48 48
+ 1 49
x 49 49
+ 1 50
x 50 50
+ 1 51
x 51 51
+ 1 52
x 52 52
+ 1 53
x 53 53
+ 1 54
x 54 54
+ 1 55
x 55 55
+ 1 56
x 56 56
+ 1 57
x 57 57
+ 1 58
x 58 58
+ 1 59
x 59 59
+ 1 60
x 60 60
+ 1 61
x 61 61
+ 1 62
x 62 62
+ 1 63
x 63 63
+ 1 64
x 64 64
+ 1 65
x 65 65
+ 1 66
x 66 66
+ 1 67
x 67 67
+ 1 68
x 68 68
+ 1 69
x 69 69
+ 1 70
x 70 70
+ 1 71
x 71 71
+ 1 72
x 72 72
+ 1 73
x 73 73
+ 1 74
x 74 74
+ 1 75
x 75 75
+ 1 76
x 76 76
+ 1 77
x 77 77
+ 1 78
x 78 78
+ 1 79
x 79 79
+ 1 80
x 80 80
+ 1 81
x 81 81
+ 1 82
x 82 82
+ 1 83
x 83 83
+ 1 84
x 84 84
+ 1 85
x 85 85
+ 1 86
x 86 86
+ 1 87
x 87 87
+ 1 88
x 88 88
+ 1 89
x 89 89
+ 1 90
x 90 90
+ 1 91
x 91 91
+ 1 92
x 92 92
+ 1 93
x 93 93
+ 1 94
x 94 94
+ 1 95
x 95 95
+ 1 96
x 96 96
+ 1 97
x 97 97
+ 1 98
x 98 98
+ 1 99
x 99 99
+ 1 100
x 100 100
Case #59: 200 198
+ 1 2
x 2 2
+ 1 3
x 3 3
+ 1 4
x 4 4
+ 1 5
x 5 5
+ 1 6
x 6 6
+ 1 7
x 7 7
+ 1 8
x 8 8
+ 1 9
x 9 9
+ 1 10
x 10 10
+ 1 11
x 11 11
+ 1 12
x 12 12
+ 1 13
x 13 13
+ 1 14
x 14 14
+ 1 15
x 15 15
+ 1 16
x 16 16
+ 1 17
x 17 17
+ 1 18
x 18 18
+ 1 19
x 19 19
+ 1 20
x 20 20
+ 1 21
x 21 21
+ 1 22
x 22 22
+ 1 23
x 23 23
+ 1 24
x 24 24
+ 1 25
x 25 25
+ 1 26
x 26 26
+ 1 27
x 27 27
+ 1 28
x 28 28
+ 1 29
x 29 29
+ 1 30
x 30 30
+ 1 31
x 31 31
+ 1 32
x 32 32
+ 1 33
x 33 33
+ 1 34
x 34 34
+ 1 35
x 35 35
+ 1 36
x 36 36
+ 1 37
x 37 37
+ 1 38
x 38 38
+ 1 39
x 39 39
+ 1 40
x 40 40
+ 1 41
x 41 41
+ 1 42
x 42 42
+ 1 43
x 43 43
+ 1 44
x 44 44
+ 1 45
x 45 45
+ 1 46
x 46 46
+ 1 47
x 47 47
+ 1 48
x 48 48
+ 1 49
x 49 49
+ 1 50
x 50 50
+ 1 51
x 51 51
+ 1 52
x 52 52
+ 1 53
x 53 53
+ 1 54
x 54 54
+ 1 55
x 55 55
+ 1 56
x 56 56
+ 1 57
x 57 57
+ 1 58
x 58 58
+ 1 59
x 59 59
+ 1 60
x 60 60
+ 1 61
x 61 61
+ 1 62
x 62 62
+ 1 63
x 63 63
+ 1 64
x 64 64
+ 1 65
x 65 65
+ 1 66
x 66 66
+ 1 67
x 67 67
+ 1 68
x 68 68
+ 1 69
x 69 69
+ 1 70
x 70 70
+ 1 71
x 71 71
+ 1 72
x 72 72
+ 1 73
x 73 73
+ 1 74
x 74 74
+ 1 75
x 75 75
+ 1 76
x 76 76
+ 1 77
x 77 77
+ 1 78
x 78 78
+ 1 79
x 79 79
+ 1 80
x 80 80
+ 1 81
x 81 81
+ 1 82
x 82 82
+ 1 83
x 83 83
+ 1 84
x 84 84
+ 1 85
x 85 85
+ 1 86
x 86 86
+ 1 87
x 87 87
+ 1 88
x 88 88
+ 1 89
x 89 89
+ 1 90
x 90 90
+ 1 91
x 91 91
+ 1 92
x 92 92
+ 1 93
x 93 93
+ 1 94
x 94 94
+ 1 95
x 95 95
+ 1 96
x 96 96
+ 1 97
x 97 97
+ 1 98
x 98 98
+ 1 99
x 99 99
+ 1 100
x 100 100
Case #60: 200 198
+ 1 2
x 2 2
+ 1 3
x 3 3
+ 1 4
x 4 4
+ 1 5
x 5 5
+ 1 6
x 6 6
+ 1 7
x 7 7
+ 1 8
x 8 8
+ 1 9
x 9 9
+ 1 10
x 10 10
+ 1 11
x 11 11
+ 1 12
x 12 12
+ 1 13
x 13 13
+ 1 14
x 14 14
+ 1 15
x 15 15
+ 1 16
x 16 16
+ 1 17
x 17 17
+ 1 18
x 18 18
+ 1 19
x 19 19
+ 1 20
x 20 20
+ 1 21
x 21 21
+ 1 22
x 22 22
+ 1 23
x 23 23
+ 1 24
x 24 24
+ 1 25
x 25 25
+ 1 26
x 26 26
+ 1 27
x 27 27
+ 1 28
x 28 28
+ 1 29
x 29 29
+ 1 30
x 30 30
+ 1 31
x 31 31
+ 1 32
x 32 32
+ 1 33
x 33 33
+ 1 34
x 34 34
+ 1 35
x 35 35
+ 1 36
x 36 36
+ 1 37
x 37 37
+ 1 38
x 38 38
+ 1 39
x 39 39
+ 1 40
x 40 40
+ 1 41
x 41 41
+ 1 42
x 42 42
+ 1 43
x 43 43
+ 1 44
x 44 44
+ 1 45
x 45 45
+ 1 46
x 46 46
+ 1 47
x 47 47
+ 1 48
x 48 48
+ 1 49
x 49 49
+ 1 50
x 50 50
+ 1 51
x 51 51
+ 1 52
x 52 52
+ 1 53
x 53 53
+ 1 54
x 54 54
+ 1 55
x 55 55
+ 1 56
x 56 56
+ 1 57
x 57 57
+ 1 58
x 58 58
+ 1 59
x 59 59
+ 1 60
x 60 60
+ 1 61
x 61 61
+ 1 62
x 62 62
+ 1 63
x 63 63
+ 1 64
x 64 64
+ 1 65
x 65 65
+ 1 66
x 66 66
+ 1 67
x 67 67
+ 1 68
x 68 68
+ 1 69
x 69 69
+ 1 70
x 70 70
+ 1 71
x 71 71
+ 1 72
x 72 72
+ 1 73
x 73 73
+ 1 74
x 74 74
+ 1 75
x 75 75
+ 1 76
x 76 76
+ 1 77
x 77 77
+ 1 78
x 78 78
+ 1 79
x 79 79
+ 1 80
x 80 80
+ 1 81
x 81 81
+ 1 82
x 82 82
+ 1 83
x 83 83
+ 1 84
x 84 84
+ 1 85
x 85 85
+ 1 86
x 86 86
+ 1 87
x 87 87
+ 1 88
x 88 88
+ 1 89
x 89 89
+ 1 90
x 90 90
+ 1 91
x 91 91
+ 1 92
x 92 92
+ 1 93
x 93 93
+ 1 94
x 94 94
+ 1 95
x 95 95
+ 1 96
x 96 96
+ 1 97
x 97 97
+ 1 98
x 98 98
+ 1 99
x 99 99
+ 1 100
x 100 100
Case #61: 200 198
+ 1 2
x 2 2
+ 1 3
x 3 3
+ 1 4
x 4 4
+ 1 5
x 5 5
+ 1 6
x 6 6
+ 1 7
x 7 7
+ 1 8
x 8 8
+ 1 9
x 9 9
+ 1 10
x 10 10
+ 1 11
x 11 11
+ 1 12
x 12 12
+ 1 13
x 13 13
+ 1 14
x 14 14
+ 1 15
x 15 15
+ 1 16
x 16 16
+ 1 17
x 17 17
+ 1 18
x 18 18
+ 1 19
x 19 19
+ 1 20
x 20 20
+ 1 21
x 21 21
+ 1 22
x 22 22
+ 1 23
x 23 23
+ 1 24
x 24 24
+ 1 25
x 25 25
+ 1 26
x 26 26
+ 1 27
x 27 27
+ 1 28
x 28 28
+ 1 29
x 29 29
+ 1 30
x 30 30
+ 1 31
x 31 31
+ 1 32
x 32 32
+ 1 33
x 33 33
+ 1 34
x 34 34
+ 1 35
x 35 35
+ 1 36
x 36 36
+ 1 37
x 37 37
+ 1 38
x 38 38
+ 1 39
x 39 39
+ 1 40
x 40 40
+ 1 41
x 41 41
+ 1 42
x 42 42
+ 1 43
x 43 43
+ 1 44
x 44 44
+ 1 45
x 45 45
+ 1 46
x 46 46
+ 1 47
x 47 47
+ 1 48
x 48 48
+ 1 49
x 49 49
+ 1 50
x 50 50
+ 1 51
x 51 51
+ 1 52
x 52 52
+ 1 53
x 53 53
+ 1 54
x 54 54
+ 1 55
x 55 55
+ 1 56
x 56 56
+ 1 57
x 57 57
+ 1 58
x 58 58
+ 1 59
x 59 59
+ 1 60
x 60 60
+ 1 61
x 61 61
+ 1 62
x 62 62
+ 1 63
x 63 63
+ 1 64
x 64 64
+ 1 65
x 65 65
+ 1 66
x 66 66
+ 1 67
x 67 67
+ 1 68
x 68 68
+ 1 69
x 69 69
+ 1 70
x 70 70
+ 1 71
x 71 71
+ 1 72
x 72 72
+ 1 73
x 73 73
+ 1 74
x 74 74
+ 1 75
x 75 75
+ 1 76
x 76 76
+ 1 77
x 77 77
+ 1 78
x 78 78
+ 1 79
x 79 79
+ 1 80
x 80 80
+ 1 81
x 81 81
+ 1 82
x 82 82
+ 1 83
x 83 83
+ 1 84
x 84 84
+ 1 85
x 85 85
+ 1 86
x 86 86
+ 1 87
x 87 87
+ 1 88
x 88 88
+ 1 89
x 89 89
+ 1 90
x 90 90
+ 1 91
x 91 91
+ 1 92
x 92 92
+ 1 93
x 93 93
+ 1 94
x 94 94
+ 1 95
x 95 95
+ 1 96
x 96 96
+ 1 97
x 97 97
+ 1 98
x 98 98
+ 1 99
x 99 99
+ 1 100
x 100 100
Case #62: 2 0
Case #63: 52 50
+ 1 2
x 2 2
+ 1 3
x 3 3
+ 1 4
x 4 4
+ 1 5
x 5 5
+ 1 6
x 6 6
+ 1 7
x 7 7
+ 1 8
x 8 8
+ 1 9
x 9 9
+ 1 10
x 10 10
+ 1 11
x 11 11
+ 1 12
x 12 12
+ 1 13
x 13 13
+ 1 14
x 14 14
+ 1 15
x 15 15
+ 1 16
x 16 16
+ 1 17
x 17 17
+ 1 18
x 18 18
+ 1 19
x 19 19
+ 1 20
x 20 20
+ 1 21
x 21 21
+ 1 22
x 22 22
+ 1 23
x 23 23
+ 1 24
x 24 24
+ 1 25
x 25 25
+ 1 26
x 26 26
Case #64: 160 158
+ 1 2
x 2 2
+ 1 3
x 3 3
+ 1 4
x 4 4
+ 1 5
x 5 5
+ 1 6
x 6 6
+ 1 7
x 7 7
+ 1 8
x 8 8
+ 1 9
x 9 9
+ 1 10
x 10 10
+ 1 11
x 11 11
+ 1 12
x 12 12
+ 1 13
x 13 13
+ 1 14
x 14 14
+ 1 15
x 15 15
+ 1 16
x 16 16
+ 1 17
x 17 17
+ 1 18
x 18 18
+ 1 19
x 19 19
+ 1 20
x 20 20
+ 1 21
x 21 21
+ 1 22
x 22 22
+ 1 23
x 23 23
+ 1 24
x 24 24
+ 1 25
x 25 25
+ 1 26
x 26 26
+ 1 27
x 27 27
+ 1 28
x 28 28
+ 1 29
x 29 29
+ 1 30
x 30 30
+ 1 31
x 31 31
+ 1 32
x 32 32
+ 1 33
x 33 33
+ 1 34
x 34 34
+ 1 35
x 35 35
+ 1 36
x 36 36
+ 1 37
x 37 37
+ 1 38
x 38 38
+ 1 39
x 39 39
+ 1 40
x 40 40
+ 1 41
x 41 41
+ 1 42
x 42 42
+ 1 43
x 43 43
+ 1 44
x 44 44
+ 1 45
x 45 45
+ 1 46
x 46 46
+ 1 47
x 47 47
+ 1 48
x 48 48
+ 1 49
x 49 49
+ 1 50
x 50 50
+ 1 51
x 51 51
+ 1 52
x 52 52
+ 1 53
x 53 53
+ 1 54
x 54 54
+ 1 55
x 55 55
+ 1 56
x 56 56
+ 1 57
x 57 57
+ 1 58
x 58 58
+ 1 59
x 59 59
+ 1 60
x 60 60
+ 1 61
x 61 61
+ 1 62
x 62 62
+ 1 63
x 63 63
+ 1 64
x 64 64
+ 1 65
x 65 65
+ 1 66
x 66 66
+ 1 67
x 67 67
+ 1 68
x 68 68
+ 1 69
x 69 69
+ 1 70
x 70 70
+ 1 71
x 71 71
+ 1 72
x 72 72
+ 1 73
x 73 73
+ 1 74
x 74 74
+ 1 75
x 75 75
+ 1 76
x 76 76
+ 1 77
x 77 77
+ 1 78
x 78 78
+ 1 79
x 79 79
+ 1 80
x 80 80
Case #65: 18 16
+ 1 2
x 2 2
+ 1 3
x 3 3
+ 1 4
x 4 4
+ 1 5
x 5 5
+ 1 6
x 6 6
+ 1 7
x 7 7
+ 1 8
x 8 8
+ 1 9
x 9 9
Case #66: 134 132
+ 1 2
x 2 2
+ 1 3
x 3 3
+ 1 4
x 4 4
+ 1 5
x 5 5
+ 1 6
x 6 6
+ 1 7
x 7 7
+ 1 8
x 8 8
+ 1 9
x 9 9
+ 1 10
x 10 10
+ 1 11
x 11 11
+ 1 12
x 12 12
+ 1 13
x 13 13
+ 1 14
x 14 14
+ 1 15
x 15 15
+ 1 16
x 16 16
+ 1 17
x 17 17
+ 1 18
x 18 18
+ 1 19
x 19 19
+ 1 20
x 20 20
+ 1 21
x 21 21
+ 1 22
x 22 22
+ 1 23
x 23 23
+ 1 24
x 24 24
+ 1 25
x 25 25
+ 1 26
x 26 26
+ 1 27
x 27 27
+ 1 28
x 28 28
+ 1 29
x 29 29
+ 1 30
x 30 30
+ 1 31
x 31 31
+ 1 32
x 32 32
+ 1 33
x 33 33
+ 1 34
x 34 34
+ 1 35
x 35 35
+ 1 36
x 36 36
+ 1 37
x 37 37
+ 1 38
x 38 38
+ 1 39
x 39 39
+ 1 40
x 40 40
+ 1 41
x 41 41
+ 1 42
x 42 42
+ 1 43
x 43 43
+ 1 44
x 44 44
+ 1 45
x 45 45
+ 1 46
x 46 46
+ 1 47
x 47 47
+ 1 48
x 48 48
+ 1 49
x 49 49
+ 1 50
x 50 50
+ 1 51
x 51 51
+ 1 52
x 52 52
+ 1 53
x 53 53
+ 1 54
x 54 54
+ 1 55
x 55 55
+ 1 56
x 56 56
+ 1 57
x 57 57
+ 1 58
x 58 58
+ 1 59
x 59 59
+ 1 60
x 60 60
+ 1 61
x 61 61
+ 1 62
x 62 62
+ 1 63
x 63 63
+ 1 64
x 64 64
+ 1 65
x 65 65
+ 1 66
x 66 66
+ 1 67
x 67 67
Case #67: 10 8
+ 1 2
x 2 2
+ 1 3
x 3 3
+ 1 4
x 4 4
+ 1 5
x 5 5
Case #68: 200 198
+ 1 2
x 2 2
+ 1 3
x 3 3
+ 1 4
x 4 4
+ 1 5
x 5 5
+ 1 6
x 6 6
+ 1 7
x 7 7
+ 1 8
x 8 8
+ 1 9
x 9 9
+ 1 10
x 10 10
+ 1 11
x 11 11
+ 1 12
x 12 12
+ 1 13
x 13 13
+ 1 14
x 14 14
+ 1 15
x 15 15
+ 1 16
x 16 16
+ 1 17
x 17 17
+ 1 18
x 18 18
+ 1 19
x 19 19
+ 1 20
x 20 20
+ 1 21
x 21 21
+ 1 22
x 22 22
+ 1 23
x 23 23
+ 1 24
x 24 24
+ 1 25
x 25 25
+ 1 26
x 26 26
+ 1 27
x 27 27
+ 1 28
x 28 28
+ 1 29
x 29 29
+ 1 30
x 30 30
+ 1 31
x 31 31
+ 1 32
x 32 32
+ 1 33
x 33 33
+ 1 34
x 34 34
+ 1 35
x 35 35
+ 1 36
x 36 36
+ 1 37
x 37 37
+ 1 38
x 38 38
+ 1 39
x 39 39
+ 1 40
x 40 40
+ 1 41
x 41 41
+ 1 42
x 42 42
+ 1 43
x 43 43
+ 1 44
x 44 44
+ 1 45
x 45 45
+ 1 46
x 46 46
+ 1 47
x 47 47
+ 1 48
x 48 48
+ 1 49
x 49 49
+ 1 50
x 50 50
+ 1 51
x 51 51
+ 1 52
x 52 52
+ 1 53
x 53 53
+ 1 54
x 54 54
+ 1 55
x 55 55
+ 1 56
x 56 56
+ 1 57
x 57 57
+ 1 58
x 58 58
+ 1 59
x 59 59
+ 1 60
x 60 60
+ 1 61
x 61 61
+ 1 62
x 62 62
+ 1 63
x 63 63
+ 1 64
x 64 64
+ 1 65
x 65 65
+ 1 66
x 66 66
+ 1 67
x 67 67
+ 1 68
x 68 68
+ 1 69
x 69 69
+ 1 70
x 70 70
+ 1 71
x 71 71
+ 1 72
x 72 72
+ 1 73
x 73 73
+ 1 74
x 74 74
+ 1 75
x 75 75
+ 1 76
x 76 76
+ 1 77
x 77 77
+ 1 78
x 78 78
+ 1 79
x 79 79
+ 1 80
x 80 80
+ 1 81
x 81 81
+ 1 82
x 82 82
+ 1 83
x 83 83
+ 1 84
x 84 84
+ 1 85
x 85 85
+ 1 86
x 86 86
+ 1 87
x 87 87
+ 1 88
x 88 88
+ 1 89
x 89 89
+ 1 90
x 90 90
+ 1 91
x 91 91
+ 1 92
x 92 92
+ 1 93
x 93 93
+ 1 94
x 94 94
+ 1 95
x 95 95
+ 1 96
x 96 96
+ 1 97
x 97 97
+ 1 98
x 98 98
+ 1 99
x 99 99
+ 1 100
x 100 100
Case #69: 118 116
+ 1 2
x 2 2
+ 1 3
x 3 3
+ 1 4
x 4 4
+ 1 5
x 5 5
+ 1 6
x 6 6
+ 1 7
x 7 7
+ 1 8
x 8 8
+ 1 9
x 9 9
+ 1 10
x 10 10
+ 1 11
x 11 11
+ 1 12
x 12 12
+ 1 13
x 13 13
+ 1 14
x 14 14
+ 1 15
x 15 15
+ 1 16
x 16 16
+ 1 17
x 17 17
+ 1 18
x 18 18
+ 1 19
x 19 19
+ 1 20
x 20 20
+ 1 21
x 21 21
+ 1 22
x 22 22
+ 1 23
x 23 23
+ 1 24
x 24 24
+ 1 25
x 25 25
+ 1 26
x 26 26
+ 1 27
x 27 27
+ 1 28
x 28 28
+ 1 29
x 29 29
+ 1 30
x 30 30
+ 1 31
x 31 31
+ 1 32
x 32 32
+ 1 33
x 33 33
+ 1 34
x 34 34
+ 1 35
x 35 35
+ 1 36
x 36 36
+ 1 37
x 37 37
+ 1 38
x 38 38
+ 1 39
x 39 39
+ 1 40
x 40 40
+ 1 41
x 41 41
+ 1 42
x 42 42
+ 1 43
x 43 43
+ 1 44
x 44 44
+ 1 45
x 45 45
+ 1 46
x 46 46
+ 1 47
x 47 47
+ 1 48
x 48 48
+ 1 49
x 49 49
+ 1 50
x 50 50
+ 1 51
x 51 51
+ 1 52
x 52 52
+ 1 53
x 53 53
+ 1 54
x 54 54
+ 1 55
x 55 55
+ 1 56
x 56 56
+ 1 57
x 57 57
+ 1 58
x 58 58
+ 1 59
x 59 59
Case #70: 144 142
+ 1 2
x 2 2
+ 1 3
x 3 3
+ 1 4
x 4 4
+ 1 5
x 5 5
+ 1 6
x 6 6
+ 1 7
x 7 7
+ 1 8
x 8 8
+ 1 9
x 9 9
+ 1 10
x 10 10
+ 1 11
x 11 11
+ 1 12
x 12 12
+ 1 13
x 13 13
+ 1 14
x 14 14
+ 1 15
x 15 15
+ 1 16
x 16 16
+ 1 17
x 17 17
+ 1 18
x 18 18
+ 1 19
x 19 19
+ 1 20
x 20 20
+ 1 21
x 21 21
+ 1 22
x 22 22
+ 1 23
x 23 23
+ 1 24
x 24 24
+ 1 25
x 25 25
+ 1 26
x 26 26
+ 1 27
x 27 27
+ 1 28
x 28 28
+ 1 29
x 29 29
+ 1 30
x 30 30
+ 1 31
x 31 31
+ 1 32
x 32 32
+ 1 33
x 33 33
+ 1 34
x 34 34
+ 1 35
x 35 35
+ 1 36
x 36 36
+ 1 37
x 37 37
+ 1 38
x 38 38
+ 1 39
x 39 39
+ 1 40
x 40 40
+ 1 41
x 41 41
+ 1 42
x 42 42
+ 1 43
x 43 43
+ 1 44
x 44 44
+ 1 45
x 45 45
+ 1 46
x 46 46
+ 1 47
x 47 47
+ 1 48
x 48 48
+ 1 49
x 49 49
+ 1 50
x 50 50
+ 1 51
x 51 51
+ 1 52
x 52 52
+ 1 53
x 53 53
+ 1 54
x 54 54
+ 1 55
x 55 55
+ 1 56
x 56 56
+ 1 57
x 57 57
+ 1 58
x 58 58
+ 1 59
x 59 59
+ 1 60
x 60 60
+ 1 61
x 61 61
+ 1 62
x 62 62
+ 1 63
x 63 63
+ 1 64
x 64 64
+ 1 65
x 65 65
+ 1 66
x 66 66
+ 1 67
x 67 67
+ 1 68
x 68 68
+ 1 69
x 69 69
+ 1 70
x 70 70
+ 1 71
x 71 71
+ 1 72
x 72 72
Case #71: 112 110
+ 1 2
x 2 2
+ 1 3
x 3 3
+ 1 4
x 4 4
+ 1 5
x 5 5
+ 1 6
x 6 6
+ 1 7
x 7 7
+ 1 8
x 8 8
+ 1 9
x 9 9
+ 1 10
x 10 10
+ 1 11
x 11 11
+ 1 12
x 12 12
+ 1 13
x 13 13
+ 1 14
x 14 14
+ 1 15
x 15 15
+ 1 16
x 16 16
+ 1 17
x 17 17
+ 1 18
x 18 18
+ 1 19
x 19 19
+ 1 20
x 20 20
+ 1 21
x 21 21
+ 1 22
x 22 22
+ 1 23
x 23 23
+ 1 24
x 24 24
+ 1 25
x 25 25
+ 1 26
x 26 26
+ 1 27
x 27 27
+ 1 28
x 28 28
+ 1 29
x 29 29
+ 1 30
x 30 30
+ 1 31
x 31 31
+ 1 32
x 32 32
+ 1 33
x 33 33
+ 1 34
x 34 34
+ 1 35
x 35 35
+ 1 36
x 36 36
+ 1 37
x 37 37
+ 1 38
x 38 38
+ 1 39
x 39 39
+ 1 40
x 40 40
+ 1 41
x 41 41
+ 1 42
x 42 42
+ 1 43
x 43 43
+ 1 44
x 44 44
+ 1 45
x 45 45
+ 1 46
x 46 46
+ 1 47
x 47 47
+ 1 48
x 48 48
+ 1 49
x 49 49
+ 1 50
x 50 50
+ 1 51
x 51 51
+ 1 52
x 52 52
+ 1 53
x 53 53
+ 1 54
x 54 54
+ 1 55
x 55 55
+ 1 56
x 56 56
Case #72: 200 198
+ 1 2
x 2 2
+ 1 3
x 3 3
+ 1 4
x 4 4
+ 1 5
x 5 5
+ 1 6
x 6 6
+ 1 7
x 7 7
+ 1 8
x 8 8
+ 1 9
x 9 9
+ 1 10
x 10 10
+ 1 11
x 11 11
+ 1 12
x 12 12
+ 1 13
x 13 13
+ 1 14
x 14 14
+ 1 15
x 15 15
+ 1 16
x 16 16
+ 1 17
x 17 17
+ 1 18
x 18 18
+ 1 19
x 19 19
+ 1 20
x 20 20
+ 1 21
x 21 21
+ 1 22
x 22 22
+ 1 23
x 23 23
+ 1 24
x 24 24
+ 1 25
x 25 25
+ 1 26
x 26 26
+ 1 27
x 27 27
+ 1 28
x 28 28
+ 1 29
x 29 29
+ 1 30
x 30 30
+ 1 31
x 31 31
+ 1 32
x 32 32
+ 1 33
x 33 33
+ 1 34
x 34 34
+ 1 35
x 35 35
+ 1 36
x 36 36
+ 1 37
x 37 37
+ 1 38
x 38 38
+ 1 39
x 39 39
+ 1 40
x 40 40
+ 1 41
x 41 41
+ 1 42
x 42 42
+ 1 43
x 43 43
+ 1 44
x 44 44
+ 1 45
x 45 45
+ 1 46
x 46 46
+ 1 47
x 47 47
+ 1 48
x 48 48
+ 1 49
x 49 49
+ 1 50
x 50 50
+ 1 51
x 51 51
+ 1 52
x 52 52
+ 1 53
x 53 53
+ 1 54
x 54 54
+ 1 55
x 55 55
+ 1 56
x 56 56
+ 1 57
x 57 57
+ 1 58
x 58 58
+ 1 59
x 59 59
+ 1 60
x 60 60
+ 1 61
x 61 61
+ 1 62
x 62 62
+ 1 63
x 63 63
+ 1 64
x 64 64
+ 1 65
x 65 65
+ 1 66
x 66 66
+ 1 67
x 67 67
+ 1 68
x 68 68
+ 1 69
x 69 69
+ 1 70
x 70 70
+ 1 71
x 71 71
+ 1 72
x 72 72
+ 1 73
x 73 73
+ 1 74
x 74 74
+ 1 75
x 75 75
+ 1 76
x 76 76
+ 1 77
x 77 77
+ 1 78
x 78 78
+ 1 79
x 79 79
+ 1 80
x 80 80
+ 1 81
x 81 81
+ 1 82
x 82 82
+ 1 83
x 83 83
+ 1 84
x 84 84
+ 1 85
x 85 85
+ 1 86
x 86 86
+ 1 87
x 87 87
+ 1 88
x 88 88
+ 1 89
x 89 89
+ 1 90
x 90 90
+ 1 91
x 91 91
+ 1 92
x 92 92
+ 1 93
x 93 93
+ 1 94
x 94 94
+ 1 95
x 95 95
+ 1 96
x 96 96
+ 1 97
x 97 97
+ 1 98
x 98 98
+ 1 99
x 99 99
+ 1 100
x 100 100
Case #73: 92 90
+ 1 2
x 2 2
+ 1 3
x 3 3
+ 1 4
x 4 4
+ 1 5
x 5 5
+ 1 6
x 6 6
+ 1 7
x 7 7
+ 1 8
x 8 8
+ 1 9
x 9 9
+ 1 10
x 10 10
+ 1 11
x 11 11
+ 1 12
x 12 12
+ 1 13
x 13 13
+ 1 14
x 14 14
+ 1 15
x 15 15
+ 1 16
x 16 16
+ 1 17
x 17 17
+ 1 18
x 18 18
+ 1 19
x 19 19
+ 1 20
x 20 20
+ 1 21
x 21 21
+ 1 22
x 22 22
+ 1 23
x 23 23
+ 1 24
x 24 24
+ 1 25
x 25 25
+ 1 26
x 26 26
+ 1 27
x 27 27
+ 1 28
x 28 28
+ 1 29
x 29 29
+ 1 30
x 30 30
+ 1 31
x 31 31
+ 1 32
x 32 32
+ 1 33
x 33 33
+ 1 34
x 34 34
+ 1 35
x 35 35
+ 1 36
x 36 36
+ 1 37
x 37 37
+ 1 38
x 38 38
+ 1 39
x 39 39
+ 1 40
x 40 40
+ 1 41
x 41 41
+ 1 42
x 42 42
+ 1 43
x 43 43
+ 1 44
x 44 44
+ 1 45
x 45 45
+ 1 46
x 46 46
Case #74: 200 198
+ 1 2
x 2 2
+ 1 3
x 3 3
+ 1 4
x 4 4
+ 1 5
x 5 5
+ 1 6
x 6 6
+ 1 7
x 7 7
+ 1 8
x 8 8
+ 1 9
x 9 9
+ 1 10
x 10 10
+ 1 11
x 11 11
+ 1 12
x 12 12
+ 1 13
x 13 13
+ 1 14
x 14 14
+ 1 15
x 15 15
+ 1 16
x 16 16
+ 1 17
x 17 17
+ 1 18
x 18 18
+ 1 19
x 19 19
+ 1 20
x 20 20
+ 1 21
x 21 21
+ 1 22
x 22 22
+ 1 23
x 23 23
+ 1 24
x 24 24
+ 1 25
x 25 25
+ 1 26
x 26 26
+ 1 27
x 27 27
+ 1 28
x 28 28
+ 1 29
x 29 29
+ 1 30
x 30 30
+ 1 31
x 31 31
+ 1 32
x 32 32
+ 1 33
x 33 33
+ 1 34
x 34 34
+ 1 35
x 35 35
+ 1 36
x 36 36
+ 1 37
x 37 37
+ 1 38
x 38 38
+ 1 39
x 39 39
+ 1 40
x 40 40
+ 1 41
x 41 41
+ 1 42
x 42 42
+ 1 43
x 43 43
+ 1 44
x 44 44
+ 1 45
x 45 45
+ 1 46
x 46 46
+ 1 47
x 47 47
+ 1 48
x 48 48
+ 1 49
x 49 49
+ 1 50
x 50 50
+ 1 51
x 51 51
+ 1 52
x 52 52
+ 1 53
x 53 53
+ 1 54
x 54 54
+ 1 55
x 55 55
+ 1 56
x 56 56
+ 1 57
x 57 57
+ 1 58
x 58 58
+ 1 59
x 59 59
+ 1 60
x 60 60
+ 1 61
x 61 61
+ 1 62
x 62 62
+ 1 63
x 63 63
+ 1 64
x 64 64
+ 1 65
x 65 65
+ 1 66
x 66 66
+ 1 67
x 67 67
+ 1 68
x 68 68
+ 1 69
x 69 69
+ 1 70
x 70 70
+ 1 71
x 71 71
+ 1 72
x 72 72
+ 1 73
x 73 73
+ 1 74
x 74 74
+ 1 75
x 75 75
+ 1 76
x 76 76
+ 1 77
x 77 77
+ 1 78
x 78 78
+ 1 79
x 79 79
+ 1 80
x 80 80
+ 1 81
x 81 81
+ 1 82
x 82 82
+ 1 83
x 83 83
+ 1 84
x 84 84
+ 1 85
x 85 85
+ 1 86
x 86 86
+ 1 87
x 87 87
+ 1 88
x 88 88
+ 1 89
x 89 89
+ 1 90
x 90 90
+ 1 91
x 91 91
+ 1 92
x 92 92
+ 1 93
x 93 93
+ 1 94
x 94 94
+ 1 95
x 95 95
+ 1 96
x 96 96
+ 1 97
x 97 97
+ 1 98
x 98 98
+ 1 99
x 99 99
+ 1 100
x 100 100
Case #75: 200 198
+ 1 2
x 2 2
+ 1 3
x 3 3
+ 1 4
x 4 4
+ 1 5
x 5 5
+ 1 6
x 6 6
+ 1 7
x 7 7
+ 1 8
x 8 8
+ 1 9
x 9 9
+ 1 10
x 10 10
+ 1 11
x 11 11
+ 1 12
x 12 12
+ 1 13
x 13 13
+ 1 14
x 14 14
+ 1 15
x 15 15
+ 1 16
x 16 16
+ 1 17
x 17 17
+ 1 18
x 18 18
+ 1 19
x 19 19
+ 1 20
x 20 20
+ 1 21
x 21 21
+ 1 22
x 22 22
+ 1 23
x 23 23
+ 1 24
x 24 24
+ 1 25
x 25 25
+ 1 26
x 26 26
+ 1 27
x 27 27
+ 1 28
x 28 28
+ 1 29
x 29 29
+ 1 30
x 30 30
+ 1 31
x 31 31
+ 1 32
x 32 32
+ 1 33
x 33 33
+ 1 34
x 34 34
+ 1 35
x 35 35
+ 1 36
x 36 36
+ 1 37
x 37 37
+ 1 38
x 38 38
+ 1 39
x 39 39
+ 1 40
x 40 40
+ 1 41
x 41 41
+ 1 42
x 42 42
+ 1 43
x 43 43
+ 1 44
x 44 44
+ 1 45
x 45 45
+ 1 46
x 46 46
+ 1 47
x 47 47
+ 1 48
x 48 48
+ 1 49
x 49 49
+ 1 50
x 50 50
+ 1 51
x 51 51
+ 1 52
x 52 52
+ 1 53
x 53 53
+ 1 54
x 54 54
+ 1 55
x 55 55
+ 1 56
x 56 56
+ 1 57
x 57 57
+ 1 58
x 58 58
+ 1 59
x 59 59
+ 1 60
x 60 60
+ 1 61
x 61 61
+ 1 62
x 62 62
+ 1 63
x 63 63
+ 1 64
x 64 64
+ 1 65
x 65 65
+ 1 66
x 66 66
+ 1 67
x 67 67
+ 1 68
x 68 68
+ 1 69
x 69 69
+ 1 70
x 70 70
+ 1 71
x 71 71
+ 1 72
x 72 72
+ 1 73
x 73 73
+ 1 74
x 74 74
+ 1 75
x 75 75
+ 1 76
x 76 76
+ 1 77
x 77 77
+ 1 78
x 78 78
+ 1 79
x 79 79
+ 1 80
x 80 80
+ 1 81
x 81 81
+ 1 82
x 82 82
+ 1 83
x 83 83
+ 1 84
x 84 84
+ 1 85
x 85 85
+ 1 86
x 86 86
+ 1 87
x 87 87
+ 1 88
x 88 88
+ 1 89
x 89 89
+ 1 90
x 90 90
+ 1 91
x 91 91
+ 1 92
x 92 92
+ 1 93
x 93 93
+ 1 94
x 94 94
+ 1 95
x 95 95
+ 1 96
x 96 96
+ 1 97
x 97 97
+ 1 98
x 98 98
+ 1 99
x 99 99
+ 1 100
x 100 100
Case #76: 200 198
+ 1 2
x 2 2
+ 1 3
x 3 3
+ 1 4
x 4 4
+ 1 5
x 5 5
+ 1 6
x 6 6
+ 1 7
x 7 7
+ 1 8
x 8 8
+ 1 9
x 9 9
+ 1 10
x 10 10
+ 1 11
x 11 11
+ 1 12
x 12 12
+ 1 13
x 13 13
+ 1 14
x 14 14
+ 1 15
x 15 15
+ 1 16
x 16 16
+ 1 17
x 17 17
+ 1 18
x 18 18
+ 1 19
x 19 19
+ 1 20
x 20 20
+ 1 21
x 21 21
+ 1 22
x 22 22
+ 1 23
x 23 23
+ 1 24
x 24 24
+ 1 25
x 25 25
+ 1 26
x 26 26
+ 1 27
x 27 27
+ 1 28
x 28 28
+ 1 29
x 29 29
+ 1 30
x 30 30
+ 1 31
x 31 31
+ 1 32
x 32 32
+ 1 33
x 33 33
+ 1 34
x 34 34
+ 1 35
x 35 35
+ 1 36
x 36 36
+ 1 37
x 37 37
+ 1 38
x 38 38
+ 1 39
x 39 39
+ 1 40
x 40 40
+ 1 41
x 41 41
+ 1 42
x 42 42
+ 1 43
x 43 43
+ 1 44
x 44 44
+ 1 45
x 45 45
+ 1 46
x 46 46
+ 1 47
x 47 47
+ 1 48
x 48 48
+ 1 49
x 49 49
+ 1 50
x 50 50
+ 1 51
x 51 51
+ 1 52
x 52 52
+ 1 53
x 53 53
+ 1 54
x 54 54
+ 1 55
x 55 55
+ 1 56
x 56 56
+ 1 57
x 57 57
+ 1 58
x 58 58
+ 1 59
x 59 59
+ 1 60
x 60 60
+ 1 61
x 61 61
+ 1 62
x 62 62
+ 1 63
x 63 63
+ 1 64
x 64 64
+ 1 65
x 65 65
+ 1 66
x 66 66
+ 1 67
x 67 67
+ 1 68
x 68 68
+ 1 69
x 69 69
+ 1 70
x 70 70
+ 1 71
x 71 71
+ 1 72
x 72 72
+ 1 73
x 73 73
+ 1 74
x 74 74
+ 1 75
x 75 75
+ 1 76
x 76 76
+ 1 77
x 77 77
+ 1 78
x 78 78
+ 1 79
x 79 79
+ 1 80
x 80 80
+ 1 81
x 81 81
+ 1 82
x 82 82
+ 1 83
x 83 83
+ 1 84
x 84 84
+ 1 85
x 85 85
+ 1 86
x 86 86
+ 1 87
x 87 87
+ 1 88
x 88 88
+ 1 89
x 89 89
+ 1 90
x 90 90
+ 1 91
x 91 91
+ 1 92
x 92 92
+ 1 93
x 93 93
+ 1 94
x 94 94
+ 1 95
x 95 95
+ 1 96
x 96 96
+ 1 97
x 97 97
+ 1 98
x 98 98
+ 1 99
x 99 99
+ 1 100
x 100 100
Case #77: 62 60
+ 1 2
x 2 2
+ 1 3
x 3 3
+ 1 4
x 4 4
+ 1 5
x 5 5
+ 1 6
x 6 6
+ 1 7
x 7 7
+ 1 8
x 8 8
+ 1 9
x 9 9
+ 1 10
x 10 10
+ 1 11
x 11 11
+ 1 12
x 12 12
+ 1 13
x 13 13
+ 1 14
x 14 14
+ 1 15
x 15 15
+ 1 16
x 16 16
+ 1 17
x 17 17
+ 1 18
x 18 18
+ 1 19
x 19 19
+ 1 20
x 20 20
+ 1 21
x 21 21
+ 1 22
x 22 22
+ 1 23
x 23 23
+ 1 24
x 24 24
+ 1 25
x 25 25
+ 1 26
x 26 26
+ 1 27
x 27 27
+ 1 28
x 28 28
+ 1 29
x 29 29
+ 1 30
x 30 30
+ 1 31
x 31 31
Case #78: 200 198
+ 1 2
x 2 2
+ 1 3
x 3 3
+ 1 4
x 4 4
+ 1 5
x 5 5
+ 1 6
x 6 6
+ 1 7
x 7 7
+ 1 8
x 8 8
+ 1 9
x 9 9
+ 1 10
x 10 10
+ 1 11
x 11 11
+ 1 12
x 12 12
+ 1 13
x 13 13
+ 1 14
x 14 14
+ 1 15
x 15 15
+ 1 16
x 16 16
+ 1 17
x 17 17
+ 1 18
x 18 18
+ 1 19
x 19 19
+ 1 20
x 20 20
+ 1 21
x 21 21
+ 1 22
x 22 22
+ 1 23
x 23 23
+ 1 24
x 24 24
+ 1 25
x 25 25
+ 1 26
x 26 26
+ 1 27
x 27 27
+ 1 28
x 28 28
+ 1 29
x 29 29
+ 1 30
x 30 30
+ 1 31
x 31 31
+ 1 32
x 32 32
+ 1 33
x 33 33
+ 1 34
x 34 34
+ 1 35
x 35 35
+ 1 36
x 36 36
+ 1 37
x 37 37
+ 1 38
x 38 38
+ 1 39
x 39 39
+ 1 40
x 40 40
+ 1 41
x 41 41
+ 1 42
x 42 42
+ 1 43
x 43 43
+ 1 44
x 44 44
+ 1 45
x 45 45
+ 1 46
x 46 46
+ 1 47
x 47 47
+ 1 48
x 48 48
+ 1 49
x 49 49
+ 1 50
x 50 50
+ 1 51
x 51 51
+ 1 52
x 52 52
+ 1 53
x 53 53
+ 1 54
x 54 54
+ 1 55
x 55 55
+ 1 56
x 56 56
+ 1 57
x 57 57
+ 1 58
x 58 58
+ 1 59
x 59 59
+ 1 60
x 60 60
+ 1 61
x 61 61
+ 1 62
x 62 62
+ 1 63
x 63 63
+ 1 64
x 64 64
+ 1 65
x 65 65
+ 1 66
x 66 66
+ 1 67
x 67 67
+ 1 68
x 68 68
+ 1 69
x 69 69
+ 1 70
x 70 70
+ 1 71
x 71 71
+ 1 72
x 72 72
+ 1 73
x 73 73
+ 1 74
x 74 74
+ 1 75
x 75 75
+ 1 76
x 76 76
+ 1 77
x 77 77
+ 1 78
x 78 78
+ 1 79
x 79 79
+ 1 80
x 80 80
+ 1 81
x 81 81
+ 1 82
x 82 82
+ 1 83
x 83 83
+ 1 84
x 84 84
+ 1 85
x 85 85
+ 1 86
x 86 86
+ 1 87
x 87 87
+ 1 88
x 88 88
+ 1 89
x 89 89
+ 1 90
x 90 90
+ 1 91
x 91 91
+ 1 92
x 92 92
+ 1 93
x 93 93
+ 1 94
x 94 94
+ 1 95
x 95 95
+ 1 96
x 96 96
+ 1 97
x 97 97
+ 1 98
x 98 98
+ 1 99
x 99 99
+ 1 100
x 100 100
Case #79: 200 198
+ 1 2
x 2 2
+ 1 3
x 3 3
+ 1 4
x 4 4
+ 1 5
x 5 5
+ 1 6
x 6 6
+ 1 7
x 7 7
+ 1 8
x 8 8
+ 1 9
x 9 9
+ 1 10
x 10 10
+ 1 11
x 11 11
+ 1 12
x 12 12
+ 1 13
x 13 13
+ 1 14
x 14 14
+ 1 15
x 15 15
+ 1 16
x 16 16
+ 1 17
x 17 17
+ 1 18
x 18 18
+ 1 19
x 19 19
+ 1 20
x 20 20
+ 1 21
x 21 21
+ 1 22
x 22 22
+ 1 23
x 23 23
+ 1 24
x 24 24
+ 1 25
x 25 25
+ 1 26
x 26 26
+ 1 27
x 27 27
+ 1 28
x 28 28
+ 1 29
x 29 29
+ 1 30
x 30 30
+ 1 31
x 31 31
+ 1 32
x 32 32
+ 1 33
x 33 33
+ 1 34
x 34 34
+ 1 35
x 35 35
+ 1 36
x 36 36
+ 1 37
x 37 37
+ 1 38
x 38 38
+ 1 39
x 39 39
+ 1 40
x 40 40
+ 1 41
x 41 41
+ 1 42
x 42 42
+ 1 43
x 43 43
+ 1 44
x 44 44
+ 1 45
x 45 45
+ 1 46
x 46 46
+ 1 47
x 47 47
+ 1 48
x 48 48
+ 1 49
x 49 49
+ 1 50
x 50 50
+ 1 51
x 51 51
+ 1 52
x 52 52
+ 1 53
x 53 53
+ 1 54
x 54 54
+ 1 55
x 55 55
+ 1 56
x 56 56
+ 1 57
x 57 57
+ 1 58
x 58 58
+ 1 59
x 59 59
+ 1 60
x 60 60
+ 1 61
x 61 61
+ 1 62
x 62 62
+ 1 63
x 63 63
+ 1 64
x 64 64
+ 1 65
x 65 65
+ 1 66
x 66 66
+ 1 67
x 67 67
+ 1 68
x 68 68
+ 1 69
x 69 69
+ 1 70
x 70 70
+ 1 71
x 71 71
+ 1 72
x 72 72
+ 1 73
x 73 73
+ 1 74
x 74 74
+ 1 75
x 75 75
+ 1 76
x 76 76
+ 1 77
x 77 77
+ 1 78
x 78 78
+ 1 79
x 79 79
+ 1 80
x 80 80
+ 1 81
x 81 81
+ 1 82
x 82 82
+ 1 83
x 83 83
+ 1 84
x 84 84
+ 1 85
x 85 85
+ 1 86
x 86 86
+ 1 87
x 87 87
+ 1 88
x 88 88
+ 1 89
x 89 89
+ 1 90
x 90 90
+ 1 91
x 91 91
+ 1 92
x 92 92
+ 1 93
x 93 93
+ 1 94
x 94 94
+ 1 95
x 95 95
+ 1 96
x 96 96
+ 1 97
x 97 97
+ 1 98
x 98 98
+ 1 99
x 99 99
+ 1 100
x 100 100
Case #80: 68 66
+ 1 2
x 2 2
+ 1 3
x 3 3
+ 1 4
x 4 4
+ 1 5
x 5 5
+ 1 6
x 6 6
+ 1 7
x 7 7
+ 1 8
x 8 8
+ 1 9
x 9 9
+ 1 10
x 10 10
+ 1 11
x 11 11
+ 1 12
x 12 12
+ 1 13
x 13 13
+ 1 14
x 14 14
+ 1 15
x 15 15
+ 1 16
x 16 16
+ 1 17
x 17 17
+ 1 18
x 18 18
+ 1 19
x 19 19
+ 1 20
x 20 20
+ 1 21
x 21 21
+ 1 22
x 22 22
+ 1 23
x 23 23
+ 1 24
x 24 24
+ 1 25
x 25 25
+ 1 26
x 26 26
+ 1 27
x 27 27
+ 1 28
x 28 28
+ 1 29
x 29 29
+ 1 30
x 30 30
+ 1 31
x 31 31
+ 1 32
x 32 32
+ 1 33
x 33 33
+ 1 34
x 34 34
Case #81: 66 64
+ 1 2
x 2 2
+ 1 3
x 3 3
+ 1 4
x 4 4
+ 1 5
x 5 5
+ 1 6
x 6 6
+ 1 7
x 7 7
+ 1 8
x 8 8
+ 1 9
x 9 9
+ 1 10
x 10 10
+ 1 11
x 11 11
+ 1 12
x 12 12
+ 1 13
x 13 13
+ 1 14
x 14 14
+ 1 15
x 15 15
+ 1 16
x 16 16
+ 1 17
x 17 17
+ 1 18
x 18 18
+ 1 19
x 19 19
+ 1 20
x 20 20
+ 1 21
x 21 21
+ 1 22
x 22 22
+ 1 23
x 23 23
+ 1 24
x 24 24
+ 1 25
x 25 25
+ 1 26
x 26 26
+ 1 27
x 27 27
+ 1 28
x 28 28
+ 1 29
x 29 29
+ 1 30
x 30 30
+ 1 31
x 31 31
+ 1 32
x 32 32
+ 1 33
x 33 33
Case #82: 200 198
+ 1 2
x 2 2
+ 1 3
x 3 3
+ 1 4
x 4 4
+ 1 5
x 5 5
+ 1 6
x 6 6
+ 1 7
x 7 7
+ 1 8
x 8 8
+ 1 9
x 9 9
+ 1 10
x 10 10
+ 1 11
x 11 11
+ 1 12
x 12 12
+ 1 13
x 13 13
+ 1 14
x 14 14
+ 1 15
x 15 15
+ 1 16
x 16 16
+ 1 17
x 17 17
+ 1 18
x 18 18
+ 1 19
x 19 19
+ 1 20
x 20 20
+ 1 21
x 21 21
+ 1 22
x 22 22
+ 1 23
x 23 23
+ 1 24
x 24 24
+ 1 25
x 25 25
+ 1 26
x 26 26
+ 1 27
x 27 27
+ 1 28
x 28 28
+ 1 29
x 29 29
+ 1 30
x 30 30
+ 1 31
x 31 31
+ 1 32
x 32 32
+ 1 33
x 33 33
+ 1 34
x 34 34
+ 1 35
x 35 35
+ 1 36
x 36 36
+ 1 37
x 37 37
+ 1 38
x 38 38
+ 1 39
x 39 39
+ 1 40
x 40 40
+ 1 41
x 41 41
+ 1 42
x 42 42
+ 1 43
x 43 43
+ 1 44
x 44 44
+ 1 45
x 45 45
+ 1 46
x 46 46
+ 1 47
x 47 47
+ 1 48
x 48 48
+ 1 49
x 49 49
+ 1 50
x 50 50
+ 1 51
x 51 51
+ 1 52
x 52 52
+ 1 53
x 53 53
+ 1 54
x 54 54
+ 1 55
x 55 55
+ 1 56
x 56 56
+ 1 57
x 57 57
+ 1 58
x 58 58
+ 1 59
x 59 59
+ 1 60
x 60 60
+ 1 61
x 61 61
+ 1 62
x 62 62
+ 1 63
x 63 63
+ 1 64
x 64 64
+ 1 65
x 65 65
+ 1 66
x 66 66
+ 1 67
x 67 67
+ 1 68
x 68 68
+ 1 69
x 69 69
+ 1 70
x 70 70
+ 1 71
x 71 71
+ 1 72
x 72 72
+ 1 73
x 73 73
+ 1 74
x 74 74
+ 1 75
x 75 75
+ 1 76
x 76 76
+ 1 77
x 77 77
+ 1 78
x 78 78
+ 1 79
x 79 79
+ 1 80
x 80 80
+ 1 81
x 81 81
+ 1 82
x 82 82
+ 1 83
x 83 83
+ 1 84
x 84 84
+ 1 85
x 85 85
+ 1 86
x 86 86
+ 1 87
x 87 87
+ 1 88
x 88 88
+ 1 89
x 89 89
+ 1 90
x 90 90
+ 1 91
x 91 91
+ 1 92
x 92 92
+ 1 93
x 93 93
+ 1 94
x 94 94
+ 1 95
x 95 95
+ 1 96
x 96 96
+ 1 97
x 97 97
+ 1 98
x 98 98
+ 1 99
x 99 99
+ 1 100
x 100 100
Case #83: 122 120
+ 1 2
x 2 2
+ 1 3
x 3 3
+ 1 4
x 4 4
+ 1 5
x 5 5
+ 1 6
x 6 6
+ 1 7
x 7 7
+ 1 8
x 8 8
+ 1 9
x 9 9
+ 1 10
x 10 10
+ 1 11
x 11 11
+ 1 12
x 12 12
+ 1 13
x 13 13
+ 1 14
x 14 14
+ 1 15
x 15 15
+ 1 16
x 16 16
+ 1 17
x 17 17
+ 1 18
x 18 18
+ 1 19
x 19 19
+ 1 20
x 20 20
+ 1 21
x 21 21
+ 1 22
x 22 22
+ 1 23
x 23 23
+ 1 24
x 24 24
+ 1 25
x 25 25
+ 1 26
x 26 26
+ 1 27
x 27 27
+ 1 28
x 28 28
+ 1 29
x 29 29
+ 1 30
x 30 30
+ 1 31
x 31 31
+ 1 32
x 32 32
+ 1 33
x 33 33
+ 1 34
x 34 34
+ 1 35
x 35 35
+ 1 36
x 36 36
+ 1 37
x 37 37
+ 1 38
x 38 38
+ 1 39
x 39 39
+ 1 40
x 40 40
+ 1 41
x 41 41
+ 1 42
x 42 42
+ 1 43
x 43 43
+ 1 44
x 44 44
+ 1 45
x 45 45
+ 1 46
x 46 46
+ 1 47
x 47 47
+ 1 48
x 48 48
+ 1 49
x 49 49
+ 1 50
x 50 50
+ 1 51
x 51 51
+ 1 52
x 52 52
+ 1 53
x 53 53
+ 1 54
x 54 54
+ 1 55
x 55 55
+ 1 56
x 56 56
+ 1 57
x 57 57
+ 1 58
x 58 58
+ 1 59
x 59 59
+ 1 60
x 60 60
+ 1 61
x 61 61
Case #84: 200 198
+ 1 2
x 2 2
+ 1 3
x 3 3
+ 1 4
x 4 4
+ 1 5
x 5 5
+ 1 6
x 6 6
+ 1 7
x 7 7
+ 1 8
x 8 8
+ 1 9
x 9 9
+ 1 10
x 10 10
+ 1 11
x 11 11
+ 1 12
x 12 12
+ 1 13
x 13 13
+ 1 14
x 14 14
+ 1 15
x 15 15
+ 1 16
x 16 16
+ 1 17
x 17 17
+ 1 18
x 18 18
+ 1 19
x 19 19
+ 1 20
x 20 20
+ 1 21
x 21 21
+ 1 22
x 22 22
+ 1 23
x 23 23
+ 1 24
x 24 24
+ 1 25
x 25 25
+ 1 26
x 26 26
+ 1 27
x 27 27
+ 1 28
x 28 28
+ 1 29
x 29 29
+ 1 30
x 30 30
+ 1 31
x 31 31
+ 1 32
x 32 32
+ 1 33
x 33 33
+ 1 34
x 34 34
+ 1 35
x 35 35
+ 1 36
x 36 36
+ 1 37
x 37 37
+ 1 38
x 38 38
+ 1 39
x 39 39
+ 1 40
x 40 40
+ 1 41
x 41 41
+ 1 42
x 42 42
+ 1 43
x 43 43
+ 1 44
x 44 44
+ 1 45
x 45 45
+ 1 46
x 46 46
+ 1 47
x 47 47
+ 1 48
x 48 48
+ 1 49
x 49 49
+ 1 50
x 50 50
+ 1 51
x 51 51
+ 1 52
x 52 52
+ 1 53
x 53 53
+ 1 54
x 54 54
+ 1 55
x 55 55
+ 1 56
x 56 56
+ 1 57
x 57 57
+ 1 58
x 58 58
+ 1 59
x 59 59
+ 1 60
x 60 60
+ 1 61
x 61 61
+ 1 62
x 62 62
+ 1 63
x 63 63
+ 1 64
x 64 64
+ 1 65
x 65 65
+ 1 66
x 66 66
+ 1 67
x 67 67
+ 1 68
x 68 68
+ 1 69
x 69 69
+ 1 70
x 70 70
+ 1 71
x 71 71
+ 1 72
x 72 72
+ 1 73
x 73 73
+ 1 74
x 74 74
+ 1 75
x 75 75
+ 1 76
x 76 76
+ 1 77
x 77 77
+ 1 78
x 78 78
+ 1 79
x 79 79
+ 1 80
x 80 80
+ 1 81
x 81 81
+ 1 82
x 82 82
+ 1 83
x 83 83
+ 1 84
x 84 84
+ 1 85
x 85 85
+ 1 86
x 86 86
+ 1 87
x 87 87
+ 1 88
x 88 88
+ 1 89
x 89 89
+ 1 90
x 90 90
+ 1 91
x 91 91
+ 1 92
x 92 92
+ 1 93
x 93 93
+ 1 94
x 94 94
+ 1 95
x 95 95
+ 1 96
x 96 96
+ 1 97
x 97 97
+ 1 98
x 98 98
+ 1 99
x 99 99
+ 1 100
x 100 100
Case #85: 194 192
+ 1 2
x 2 2
+ 1 3
x 3 3
+ 1 4
x 4 4
+ 1 5
x 5 5
+ 1 6
x 6 6
+ 1 7
x 7 7
+ 1 8
x 8 8
+ 1 9
x 9 9
+ 1 10
x 10 10
+ 1 11
x 11 11
+ 1 12
x 12 12
+ 1 13
x 13 13
+ 1 14
x 14 14
+ 1 15
x 15 15
+ 1 16
x 16 16
+ 1 17
x 17 17
+ 1 18
x 18 18
+ 1 19
x 19 19
+ 1 20
x 20 20
+ 1 21
x 21 21
+ 1 22
x 22 22
+ 1 23
x 23 23
+ 1 24
x 24 24
+ 1 25
x 25 25
+ 1 26
x 26 26
+ 1 27
x 27 27
+ 1 28
x 28 28
+ 1 29
x 29 29
+ 1 30
x 30 30
+ 1 31
x 31 31
+ 1 32
x 32 32
+ 1 33
x 33 33
+ 1 34
x 34 34
+ 1 35
x 35 35
+ 1 36
x 36 36
+ 1 37
x 37 37
+ 1 38
x 38 38
+ 1 39
x 39 39
+ 1 40
x 40 40
+ 1 41
x 41 41
+ 1 42
x 42 42
+ 1 43
x 43 43
+ 1 44
x 44 44
+ 1 45
x 45 45
+ 1 46
x 46 46
+ 1 47
x 47 47
+ 1 48
x 48 48
+ 1 49
x 49 49
+ 1 50
x 50 50
+ 1 51
x 51 51
+ 1 52
x 52 52
+ 1 53
x 53 53
+ 1 54
x 54 54
+ 1 55
x 55 55
+ 1 56
x 56 56
+ 1 57
x 57 57
+ 1 58
x 58 58
+ 1 59
x 59 59
+ 1 60
x 60 60
+ 1 61
x 61 61
+ 1 62
x 62 62
+ 1 63
x 63 63
+ 1 64
x 64 64
+ 1 65
x 65 65
+ 1 66
x 66 66
+ 1 67
x 67 67
+ 1 68
x 68 68
+ 1 69
x 69 69
+ 1 70
x 70 70
+ 1 71
x 71 71
+ 1 72
x 72 72
+ 1 73
x 73 73
+ 1 74
x 74 74
+ 1 75
x 75 75
+ 1 76
x 76 76
+ 1 77
x 77 77
+ 1 78
x 78 78
+ 1 79
x 79 79
+ 1 80
x 80 80
+ 1 81
x 81 81
+ 1 82
x 82 82
+ 1 83
x 83 83
+ 1 84
x 84 84
+ 1 85
x 85 85
+ 1 86
x 86 86
+ 1 87
x 87 87
+ 1 88
x 88 88
+ 1 89
x 89 89
+ 1 90
x 90 90
+ 1 91
x 91 91
+ 1 92
x 92 92
+ 1 93
x 93 93
+ 1 94
x 94 94
+ 1 95
x 95 95
+ 1 96
x 96 96
+ 1 97
x 97 97
Case #86: 198 196
+ 1 2
x 2 2
+ 1 3
x 3 3
+ 1 4
x 4 4
+ 1 5
x 5 5
+ 1 6
x 6 6
+ 1 7
x 7 7
+ 1 8
x 8 8
+ 1 9
x 9 9
+ 1 10
x 10 10
+ 1 11
x 11 11
+ 1 12
x 12 12
+ 1 13
x 13 13
+ 1 14
x 14 14
+ 1 15
x 15 15
+ 1 16
x 16 16
+ 1 17
x 17 17
+ 1 18
x 18 18
+ 1 19
x 19 19
+ 1 20
x 20 20
+ 1 21
x 21 21
+ 1 22
x 22 22
+ 1 23
x 23 23
+ 1 24
x 24 24
+ 1 25
x 25 25
+ 1 26
x 26 26
+ 1 27
x 27 27
+ 1 28
x 28 28
+ 1 29
x 29 29
+ 1 30
x 30 30
+ 1 31
x 31 31
+ 1 32
x 32 32
+ 1 33
x 33 33
+ 1 34
x 34 34
+ 1 35
x 35 35
+ 1 36
x 36 36
+ 1 37
x 37 37
+ 1 38
x 38 38
+ 1 39
x 39 39
+ 1 40
x 40 40
+ 1 41
x 41 41
+ 1 42
x 42 42
+ 1 43
x 43 43
+ 1 44
x 44 44
+ 1 45
x 45 45
+ 1 46
x 46 46
+ 1 47
x 47 47
+ 1 48
x 48 48
+ 1 49
x 49 49
+ 1 50
x 50 50
+ 1 51
x 51 51
+ 1 52
x 52 52
+ 1 53
x 53 53
+ 1 54
x 54 54
+ 1 55
x 55 55
+ 1 56
x 56 56
+ 1 57
x 57 57
+ 1 58
x 58 58
+ 1 59
x 59 59
+ 1 60
x 60 60
+ 1 61
x 61 61
+ 1 62
x 62 62
+ 1 63
x 63 63
+ 1 64
x 64 64
+ 1 65
x 65 65
+ 1 66
x 66 66
+ 1 67
x 67 67
+ 1 68
x 68 68
+ 1 69
x 69 69
+ 1 70
x 70 70
+ 1 71
x 71 71
+ 1 72
x 72 72
+ 1 73
x 73 73
+ 1 74
x 74 74
+ 1 75
x 75 75
+ 1 76
x 76 76
+ 1 77
x 77 77
+ 1 78
x 78 78
+ 1 79
x 79 79
+ 1 80
x 80 80
+ 1 81
x 81 81
+ 1 82
x 82 82
+ 1 83
x 83 83
+ 1 84
x 84 84
+ 1 85
x 85 85
+ 1 86
x 86 86
+ 1 87
x 87 87
+ 1 88
x 88 88
+ 1 89
x 89 89
+ 1 90
x 90 90
+ 1 91
x 91 91
+ 1 92
x 92 92
+ 1 93
x 93 93
+ 1 94
x 94 94
+ 1 95
x 95 95
+ 1 96
x 96 96
+ 1 97
x 97 97
+ 1 98
x 98 98
+ 1 99
x 99 99
Case #87: 200 198
+ 1 2
x 2 2
+ 1 3
x 3 3
+ 1 4
x 4 4
+ 1 5
x 5 5
+ 1 6
x 6 6
+ 1 7
x 7 7
+ 1 8
x 8 8
+ 1 9
x 9 9
+ 1 10
x 10 10
+ 1 11
x 11 11
+ 1 12
x 12 12
+ 1 13
x 13 13
+ 1 14
x 14 14
+ 1 15
x 15 15
+ 1 16
x 16 16
+ 1 17
x 17 17
+ 1 18
x 18 18
+ 1 19
x 19 19
+ 1 20
x 20 20
+ 1 21
x 21 21
+ 1 22
x 22 22
+ 1 23
x 23 23
+ 1 24
x 24 24
+ 1 25
x 25 25
+ 1 26
x 26 26
+ 1 27
x 27 27
+ 1 28
x 28 28
+ 1 29
x 29 29
+ 1 30
x 30 30
+ 1 31
x 31 31
+ 1 32
x 32 32
+ 1 33
x 33 33
+ 1 34
x 34 34
+ 1 35
x 35 35
+ 1 36
x 36 36
+ 1 37
x 37 37
+ 1 38
x 38 38
+ 1 39
x 39 39
+ 1 40
x 40 40
+ 1 41
x 41 41
+ 1 42
x 42 42
+ 1 43
x 43 43
+ 1 44
x 44 44
+ 1 45
x 45 45
+ 1 46
x 46 46
+ 1 47
x 47 47
+ 1 48
x 48 48
+ 1 49
x 49 49
+ 1 50
x 50 50
+ 1 51
x 51 51
+ 1 52
x 52 52
+ 1 53
x 53 53
+ 1 54
x 54 54
+ 1 55
x 55 55
+ 1 56
x 56 56
+ 1 57
x 57 57
+ 1 58
x 58 58
+ 1 59
x 59 59
+ 1 60
x 60 60
+ 1 61
x 61 61
+ 1 62
x 62 62
+ 1 63
x 63 63
+ 1 64
x 64 64
+ 1 65
x 65 65
+ 1 66
x 66 66
+ 1 67
x 67 67
+ 1 68
x 68 68
+ 1 69
x 69 69
+ 1 70
x 70 70
+ 1 71
x 71 71
+ 1 72
x 72 72
+ 1 73
x 73 73
+ 1 74
x 74 74
+ 1 75
x 75 75
+ 1 76
x 76 76
+ 1 77
x 77 77
+ 1 78
x 78 78
+ 1 79
x 79 79
+ 1 80
x 80 80
+ 1 81
x 81 81
+ 1 82
x 82 82
+ 1 83
x 83 83
+ 1 84
x 84 84
+ 1 85
x 85 85
+ 1 86
x 86 86
+ 1 87
x 87 87
+ 1 88
x 88 88
+ 1 89
x 89 89
+ 1 90
x 90 90
+ 1 91
x 91 91
+ 1 92
x 92 92
+ 1 93
x 93 93
+ 1 94
x 94 94
+ 1 95
x 95 95
+ 1 96
x 96 96
+ 1 97
x 97 97
+ 1 98
x 98 98
+ 1 99
x 99 99
+ 1 100
x 100 100
Case #88: 200 198
+ 1 2
x 2 2
+ 1 3
x 3 3
+ 1 4
x 4 4
+ 1 5
x 5 5
+ 1 6
x 6 6
+ 1 7
x 7 7
+ 1 8
x 8 8
+ 1 9
x 9 9
+ 1 10
x 10 10
+ 1 11
x 11 11
+ 1 12
x 12 12
+ 1 13
x 13 13
+ 1 14
x 14 14
+ 1 15
x 15 15
+ 1 16
x 16 16
+ 1 17
x 17 17
+ 1 18
x 18 18
+ 1 19
x 19 19
+ 1 20
x 20 20
+ 1 21
x 21 21
+ 1 22
x 22 22
+ 1 23
x 23 23
+ 1 24
x 24 24
+ 1 25
x 25 25
+ 1 26
x 26 26
+ 1 27
x 27 27
+ 1 28
x 28 28
+ 1 29
x 29 29
+ 1 30
x 30 30
+ 1 31
x 31 31
+ 1 32
x 32 32
+ 1 33
x 33 33
+ 1 34
x 34 34
+ 1 35
x 35 35
+ 1 36
x 36 36
+ 1 37
x 37 37
+ 1 38
x 38 38
+ 1 39
x 39 39
+ 1 40
x 40 40
+ 1 41
x 41 41
+ 1 42
x 42 42
+ 1 43
x 43 43
+ 1 44
x 44 44
+ 1 45
x 45 45
+ 1 46
x 46 46
+ 1 47
x 47 47
+ 1 48
x 48 48
+ 1 49
x 49 49
+ 1 50
x 50 50
+ 1 51
x 51 51
+ 1 52
x 52 52
+ 1 53
x 53 53
+ 1 54
x 54 54
+ 1 55
x 55 55
+ 1 56
x 56 56
+ 1 57
x 57 57
+ 1 58
x 58 58
+ 1 59
x 59 59
+ 1 60
x 60 60
+ 1 61
x 61 61
+ 1 62
x 62 62
+ 1 63
x 63 63
+ 1 64
x 64 64
+ 1 65
x 65 65
+ 1 66
x 66 66
+ 1 67
x 67 67
+ 1 68
x 68 68
+ 1 69
x 69 69
+ 1 70
x 70 70
+ 1 71
x 71 71
+ 1 72
x 72 72
+ 1 73
x 73 73
+ 1 74
x 74 74
+ 1 75
x 75 75
+ 1 76
x 76 76
+ 1 77
x 77 77
+ 1 78
x 78 78
+ 1 79
x 79 79
+ 1 80
x 80 80
+ 1 81
x 81 81
+ 1 82
x 82 82
+ 1 83
x 83 83
+ 1 84
x 84 84
+ 1 85
x 85 85
+ 1 86
x 86 86
+ 1 87
x 87 87
+ 1 88
x 88 88
+ 1 89
x 89 89
+ 1 90
x 90 90
+ 1 91
x 91 91
+ 1 92
x 92 92
+ 1 93
x 93 93
+ 1 94
x 94 94
+ 1 95
x 95 95
+ 1 96
x 96 96
+ 1 97
x 97 97
+ 1 98
x 98 98
+ 1 99
x 99 99
+ 1 100
x 100 100
Case #89: 200 198
+ 1 2
x 2 2
+ 1 3
x 3 3
+ 1 4
x 4 4
+ 1 5
x 5 5
+ 1 6
x 6 6
+ 1 7
x 7 7
+ 1 8
x 8 8
+ 1 9
x 9 9
+ 1 10
x 10 10
+ 1 11
x 11 11
+ 1 12
x 12 12
+ 1 13
x 13 13
+ 1 14
x 14 14
+ 1 15
x 15 15
+ 1 16
x 16 16
+ 1 17
x 17 17
+ 1 18
x 18 18
+ 1 19
x 19 19
+ 1 20
x 20 20
+ 1 21
x 21 21
+ 1 22
x 22 22
+ 1 23
x 23 23
+ 1 24
x 24 24
+ 1 25
x 25 25
+ 1 26
x 26 26
+ 1 27
x 27 27
+ 1 28
x 28 28
+ 1 29
x 29 29
+ 1 30
x 30 30
+ 1 31
x 31 31
+ 1 32
x 32 32
+ 1 33
x 33 33
+ 1 34
x 34 34
+ 1 35
x 35 35
+ 1 36
x 36 36
+ 1 37
x 37 37
+ 1 38
x 38 38
+ 1 39
x 39 39
+ 1 40
x 40 40
+ 1 41
x 41 41
+ 1 42
x 42 42
+ 1 43
x 43 43
+ 1 44
x 44 44
+ 1 45
x 45 45
+ 1 46
x 46 46
+ 1 47
x 47 47
+ 1 48
x 48 48
+ 1 49
x 49 49
+ 1 50
x 50 50
+ 1 51
x 51 51
+ 1 52
x 52 52
+ 1 53
x 53 53
+ 1 54
x 54 54
+ 1 55
x 55 55
+ 1 56
x 56 56
+ 1 57
x 57 57
+ 1 58
x 58 58
+ 1 59
x 59 59
+ 1 60
x 60 60
+ 1 61
x 61 61
+ 1 62
x 62 62
+ 1 63
x 63 63
+ 1 64
x 64 64
+ 1 65
x 65 65
+ 1 66
x 66 66
+ 1 67
x 67 67
+ 1 68
x 68 68
+ 1 69
x 69 69
+ 1 70
x 70 70
+ 1 71
x 71 71
+ 1 72
x 72 72
+ 1 73
x 73 73
+ 1 74
x 74 74
+ 1 75
x 75 75
+ 1 76
x 76 76
+ 1 77
x 77 77
+ 1 78
x 78 78
+ 1 79
x 79 79
+ 1 80
x 80 80
+ 1 81
x 81 81
+ 1 82
x 82 82
+ 1 83
x 83 83
+ 1 84
x 84 84
+ 1 85
x 85 85
+ 1 86
x 86 86
+ 1 87
x 87 87
+ 1 88
x 88 88
+ 1 89
x 89 89
+ 1 90
x 90 90
+ 1 91
x 91 91
+ 1 92
x 92 92
+ 1 93
x 93 93
+ 1 94
x 94 94
+ 1 95
x 95 95
+ 1 96
x 96 96
+ 1 97
x 97 97
+ 1 98
x 98 98
+ 1 99
x 99 99
+ 1 100
x 100 100
Case #90: 64 62
+ 1 2
x 2 2
+ 1 3
x 3 3
+ 1 4
x 4 4
+ 1 5
x 5 5
+ 1 6
x 6 6
+ 1 7
x 7 7
+ 1 8
x 8 8
+ 1 9
x 9 9
+ 1 10
x 10 10
+ 1 11
x 11 11
+ 1 12
x 12 12
+ 1 13
x 13 13
+ 1 14
x 14 14
+ 1 15
x 15 15
+ 1 16
x 16 16
+ 1 17
x 17 17
+ 1 18
x 18 18
+ 1 19
x 19 19
+ 1 20
x 20 20
+ 1 21
x 21 21
+ 1 22
x 22 22
+ 1 23
x 23 23
+ 1 24
x 24 24
+ 1 25
x 25 25
+ 1 26
x 26 26
+ 1 27
x 27 27
+ 1 28
x 28 28
+ 1 29
x 29 29
+ 1 30
x 30 30
+ 1 31
x 31 31
+ 1 32
x 32 32
Case #91: 200 198
+ 1 2
x 2 2
+ 1 3
x 3 3
+ 1 4
x 4 4
+ 1 5
x 5 5
+ 1 6
x 6 6
+ 1 7
x 7 7
+ 1 8
x 8 8
+ 1 9
x 9 9
+ 1 10
x 10 10
+ 1 11
x 11 11
+ 1 12
x 12 12
+ 1 13
x 13 13
+ 1 14
x 14 14
+ 1 15
x 15 15
+ 1 16
x 16 16
+ 1 17
x 17 17
+ 1 18
x 18 18
+ 1 19
x 19 19
+ 1 20
x 20 20
+ 1 21
x 21 21
+ 1 22
x 22 22
+ 1 23
x 23 23
+ 1 24
x 24 24
+ 1 25
x 25 25
+ 1 26
x 26 26
+ 1 27
x 27 27
+ 1 28
x 28 28
+ 1 29
x 29 29
+ 1 30
x 30 30
+ 1 31
x 31 31
+ 1 32
x 32 32
+ 1 33
x 33 33
+ 1 34
x 34 34
+ 1 35
x 35 35
+ 1 36
x 36 36
+ 1 37
x 37 37
+ 1 38
x 38 38
+ 1 39
x 39 39
+ 1 40
x 40 40
+ 1 41
x 41 41
+ 1 42
x 42 42
+ 1 43
x 43 43
+ 1 44
x 44 44
+ 1 45
x 45 45
+ 1 46
x 46 46
+ 1 47
x 47 47
+ 1 48
x 48 48
+ 1 49
x 49 49
+ 1 50
x 50 50
+ 1 51
x 51 51
+ 1 52
x 52 52
+ 1 53
x 53 53
+ 1 54
x 54 54
+ 1 55
x 55 55
+ 1 56
x 56 56
+ 1 57
x 57 57
+ 1 58
x 58 58
+ 1 59
x 59 59
+ 1 60
x 60 60
+ 1 61
x 61 61
+ 1 62
x 62 62
+ 1 63
x 63 63
+ 1 64
x 64 64
+ 1 65
x 65 65
+ 1 66
x 66 66
+ 1 67
x 67 67
+ 1 68
x 68 68
+ 1 69
x 69 69
+ 1 70
x 70 70
+ 1 71
x 71 71
+ 1 72
x 72 72
+ 1 73
x 73 73
+ 1 74
x 74 74
+ 1 75
x 75 75
+ 1 76
x 76 76
+ 1 77
x 77 77
+ 1 78
x 78 78
+ 1 79
x 79 79
+ 1 80
x 80 80
+ 1 81
x 81 81
+ 1 82
x 82 82
+ 1 83
x 83 83
+ 1 84
x 84 84
+ 1 85
x 85 85
+ 1 86
x 86 86
+ 1 87
x 87 87
+ 1 88
x 88 88
+ 1 89
x 89 89
+ 1 90
x 90 90
+ 1 91
x 91 91
+ 1 92
x 92 92
+ 1 93
x 93 93
+ 1 94
x 94 94
+ 1 95
x 95 95
+ 1 96
x 96 96
+ 1 97
x 97 97
+ 1 98
x 98 98
+ 1 99
x 99 99
+ 1 100
x 100 100
Case #92: 200 198
+ 1 2
x 2 2
+ 1 3
x 3 3
+ 1 4
x 4 4
+ 1 5
x 5 5
+ 1 6
x 6 6
+ 1 7
x 7 7
+ 1 8
x 8 8
+ 1 9
x 9 9
+ 1 10
x 10 10
+ 1 11
x 11 11
+ 1 12
x 12 12
+ 1 13
x 13 13
+ 1 14
x 14 14
+ 1 15
x 15 15
+ 1 16
x 16 16
+ 1 17
x 17 17
+ 1 18
x 18 18
+ 1 19
x 19 19
+ 1 20
x 20 20
+ 1 21
x 21 21
+ 1 22
x 22 22
+ 1 23
x 23 23
+ 1 24
x 24 24
+ 1 25
x 25 25
+ 1 26
x 26 26
+ 1 27
x 27 27
+ 1 28
x 28 28
+ 1 29
x 29 29
+ 1 30
x 30 30
+ 1 31
x 31 31
+ 1 32
x 32 32
+ 1 33
x 33 33
+ 1 34
x 34 34
+ 1 35
x 35 35
+ 1 36
x 36 36
+ 1 37
x 37 37
+ 1 38
x 38 38
+ 1 39
x 39 39
+ 1 40
x 40 40
+ 1 41
x 41 41
+ 1 42
x 42 42
+ 1 43
x 43 43
+ 1 44
x 44 44
+ 1 45
x 45 45
+ 1 46
x 46 46
+ 1 47
x 47 47
+ 1 48
x 48 48
+ 1 49
x 49 49
+ 1 50
x 50 50
+ 1 51
x 51 51
+ 1 52
x 52 52
+ 1 53
x 53 53
+ 1 54
x 54 54
+ 1 55
x 55 55
+ 1 56
x 56 56
+ 1 57
x 57 57
+ 1 58
x 58 58
+ 1 59
x 59 59
+ 1 60
x 60 60
+ 1 61
x 61 61
+ 1 62
x 62 62
+ 1 63
x 63 63
+ 1 64
x 64 64
+ 1 65
x 65 65
+ 1 66
x 66 66
+ 1 67
x 67 67
+ 1 68
x 68 68
+ 1 69
x 69 69
+ 1 70
x 70 70
+ 1 71
x 71 71
+ 1 72
x 72 72
+ 1 73
x 73 73
+ 1 74
x 74 74
+ 1 75
x 75 75
+ 1 76
x 76 76
+ 1 77
x 77 77
+ 1 78
x 78 78
+ 1 79
x 79 79
+ 1 80
x 80 80
+ 1 81
x 81 81
+ 1 82
x 82 82
+ 1 83
x 83 83
+ 1 84
x 84 84
+ 1 85
x 85 85
+ 1 86
x 86 86
+ 1 87
x 87 87
+ 1 88
x 88 88
+ 1 89
x 89 89
+ 1 90
x 90 90
+ 1 91
x 91 91
+ 1 92
x 92 92
+ 1 93
x 93 93
+ 1 94
x 94 94
+ 1 95
x 95 95
+ 1 96
x 96 96
+ 1 97
x 97 97
+ 1 98
x 98 98
+ 1 99
x 99 99
+ 1 100
x 100 100
Case #93: 200 198
+ 1 2
x 2 2
+ 1 3
x 3 3
+ 1 4
x 4 4
+ 1 5
x 5 5
+ 1 6
x 6 6
+ 1 7
x 7 7
+ 1 8
x 8 8
+ 1 9
x 9 9
+ 1 10
x 10 10
+ 1 11
x 11 11
+ 1 12
x 12 12
+ 1 13
x 13 13
+ 1 14
x 14 14
+ 1 15
x 15 15
+ 1 16
x 16 16
+ 1 17
x 17 17
+ 1 18
x 18 18
+ 1 19
x 19 19
+ 1 20
x 20 20
+ 1 21
x 21 21
+ 1 22
x 22 22
+ 1 23
x 23 23
+ 1 24
x 24 24
+ 1 25
x 25 25
+ 1 26
x 26 26
+ 1 27
x 27 27
+ 1 28
x 28 28
+ 1 29
x 29 29
+ 1 30
x 30 30
+ 1 31
x 31 31
+ 1 32
x 32 32
+ 1 33
x 33 33
+ 1 34
x 34 34
+ 1 35
x 35 35
+ 1 36
x 36 36
+ 1 37
x 37 37
+ 1 38
x 38 38
+ 1 39
x 39 39
+ 1 40
x 40 40
+ 1 41
x 41 41
+ 1 42
x 42 42
+ 1 43
x 43 43
+ 1 44
x 44 44
+ 1 45
x 45 45
+ 1 46
x 46 46
+ 1 47
x 47 47
+ 1 48
x 48 48
+ 1 49
x 49 49
+ 1 50
x 50 50
+ 1 51
x 51 51
+ 1 52
x 52 52
+ 1 53
x 53 53
+ 1 54
x 54 54
+ 1 55
x 55 55
+ 1 56
x 56 56
+ 1 57
x 57 57
+ 1 58
x 58 58
+ 1 59
x 59 59
+ 1 60
x 60 60
+ 1 61
x 61 61
+ 1 62
x 62 62
+ 1 63
x 63 63
+ 1 64
x 64 64
+ 1 65
x 65 65
+ 1 66
x 66 66
+ 1 67
x 67 67
+ 1 68
x 68 68
+ 1 69
x 69 69
+ 1 70
x 70 70
+ 1 71
x 71 71
+ 1 72
x 72 72
+ 1 73
x 73 73
+ 1 74
x 74 74
+ 1 75
x 75 75
+ 1 76
x 76 76
+ 1 77
x 77 77
+ 1 78
x 78 78
+ 1 79
x 79 79
+ 1 80
x 80 80
+ 1 81
x 81 81
+ 1 82
x 82 82
+ 1 83
x 83 83
+ 1 84
x 84 84
+ 1 85
x 85 85
+ 1 86
x 86 86
+ 1 87
x 87 87
+ 1 88
x 88 88
+ 1 89
x 89 89
+ 1 90
x 90 90
+ 1 91
x 91 91
+ 1 92
x 92 92
+ 1 93
x 93 93
+ 1 94
x 94 94
+ 1 95
x 95 95
+ 1 96
x 96 96
+ 1 97
x 97 97
+ 1 98
x 98 98
+ 1 99
x 99 99
+ 1 100
x 100 100
Case #94: 200 198
+ 1 2
x 2 2
+ 1 3
x 3 3
+ 1 4
x 4 4
+ 1 5
x 5 5
+ 1 6
x 6 6
+ 1 7
x 7 7
+ 1 8
x 8 8
+ 1 9
x 9 9
+ 1 10
x 10 10
+ 1 11
x 11 11
+ 1 12
x 12 12
+ 1 13
x 13 13
+ 1 14
x 14 14
+ 1 15
x 15 15
+ 1 16
x 16 16
+ 1 17
x 17 17
+ 1 18
x 18 18
+ 1 19
x 19 19
+ 1 20
x 20 20
+ 1 21
x 21 21
+ 1 22
x 22 22
+ 1 23
x 23 23
+ 1 24
x 24 24
+ 1 25
x 25 25
+ 1 26
x 26 26
+ 1 27
x 27 27
+ 1 28
x 28 28
+ 1 29
x 29 29
+ 1 30
x 30 30
+ 1 31
x 31 31
+ 1 32
x 32 32
+ 1 33
x 33 33
+ 1 34
x 34 34
+ 1 35
x 35 35
+ 1 36
x 36 36
+ 1 37
x 37 37
+ 1 38
x 38 38
+ 1 39
x 39 39
+ 1 40
x 40 40
+ 1 41
x 41 41
+ 1 42
x 42 42
+ 1 43
x 43 43
+ 1 44
x 44 44
+ 1 45
x 45 45
+ 1 46
x 46 46
+ 1 47
x 47 47
+ 1 48
x 48 48
+ 1 49
x 49 49
+ 1 50
x 50 50
+ 1 51
x 51 51
+ 1 52
x 52 52
+ 1 53
x 53 53
+ 1 54
x 54 54
+ 1 55
x 55 55
+ 1 56
x 56 56
+ 1 57
x 57 57
+ 1 58
x 58 58
+ 1 59
x 59 59
+ 1 60
x 60 60
+ 1 61
x 61 61
+ 1 62
x 62 62
+ 1 63
x 63 63
+ 1 64
x 64 64
+ 1 65
x 65 65
+ 1 66
x 66 66
+ 1 67
x 67 67
+ 1 68
x 68 68
+ 1 69
x 69 69
+ 1 70
x 70 70
+ 1 71
x 71 71
+ 1 72
x 72 72
+ 1 73
x 73 73
+ 1 74
x 74 74
+ 1 75
x 75 75
+ 1 76
x 76 76
+ 1 77
x 77 77
+ 1 78
x 78 78
+ 1 79
x 79 79
+ 1 80
x 80 80
+ 1 81
x 81 81
+ 1 82
x 82 82
+ 1 83
x 83 83
+ 1 84
x 84 84
+ 1 85
x 85 85
+ 1 86
x 86 86
+ 1 87
x 87 87
+ 1 88
x 88 88
+ 1 89
x 89 89
+ 1 90
x 90 90
+ 1 91
x 91 91
+ 1 92
x 92 92
+ 1 93
x 93 93
+ 1 94
x 94 94
+ 1 95
x 95 95
+ 1 96
x 96 96
+ 1 97
x 97 97
+ 1 98
x 98 98
+ 1 99
x 99 99
+ 1 100
x 100 100
Case #95: 192 190
+ 1 2
x 2 2
+ 1 3
x 3 3
+ 1 4
x 4 4
+ 1 5
x 5 5
+ 1 6
x 6 6
+ 1 7
x 7 7
+ 1 8
x 8 8
+ 1 9
x 9 9
+ 1 10
x 10 10
+ 1 11
x 11 11
+ 1 12
x 12 12
+ 1 13
x 13 13
+ 1 14
x 14 14
+ 1 15
x 15 15
+ 1 16
x 16 16
+ 1 17
x 17 17
+ 1 18
x 18 18
+ 1 19
x 19 19
+ 1 20
x 20 20
+ 1 21
x 21 21
+ 1 22
x 22 22
+ 1 23
x 23 23
+ 1 24
x 24 24
+ 1 25
x 25 25
+ 1 26
x 26 26
+ 1 27
x 27 27
+ 1 28
x 28 28
+ 1 29
x 29 29
+ 1 30
x 30 30
+ 1 31
x 31 31
+ 1 32
x 32 32
+ 1 33
x 33 33
+ 1 34
x 34 34
+ 1 35
x 35 35
+ 1 36
x 36 36
+ 1 37
x 37 37
+ 1 38
x 38 38
+ 1 39
x 39 39
+ 1 40
x 40 40
+ 1 41
x 41 41
+ 1 42
x 42 42
+ 1 43
x 43 43
+ 1 44
x 44 44
+ 1 45
x 45 45
+ 1 46
x 46 46
+ 1 47
x 47 47
+ 1 48
x 48 48
+ 1 49
x 49 49
+ 1 50
x 50 50
+ 1 51
x 51 51
+ 1 52
x 52 52
+ 1 53
x 53 53
+ 1 54
x 54 54
+ 1 55
x 55 55
+ 1 56
x 56 56
+ 1 57
x 57 57
+ 1 58
x 58 58
+ 1 59
x 59 59
+ 1 60
x 60 60
+ 1 61
x 61 61
+ 1 62
x 62 62
+ 1 63
x 63 63
+ 1 64
x 64 64
+ 1 65
x 65 65
+ 1 66
x 66 66
+ 1 67
x 67 67
+ 1 68
x 68 68
+ 1 69
x 69 69
+ 1 70
x 70 70
+ 1 71
x 71 71
+ 1 72
x 72 72
+ 1 73
x 73 73
+ 1 74
x 74 74
+ 1 75
x 75 75
+ 1 76
x 76 76
+ 1 77
x 77 77
+ 1 78
x 78 78
+ 1 79
x 79 79
+ 1 80
x 80 80
+ 1 81
x 81 81
+ 1 82
x 82 82
+ 1 83
x 83 83
+ 1 84
x 84 84
+ 1 85
x 85 85
+ 1 86
x 86 86
+ 1 87
x 87 87
+ 1 88
x 88 88
+ 1 89
x 89 89
+ 1 90
x 90 90
+ 1 91
x 91 91
+ 1 92
x 92 92
+ 1 93
x 93 93
+ 1 94
x 94 94
+ 1 95
x 95 95
+ 1 96
x 96 96
Case #96: 22 20
+ 1 2
x 2 2
+ 1 3
x 3 3
+ 1 4
x 4 4
+ 1 5
x 5 5
+ 1 6
x 6 6
+ 1 7
x 7 7
+ 1 8
x 8 8
+ 1 9
x 9 9
+ 1 10
x 10 10
+ 1 11
x 11 11
Case #97: 38 36
+ 1 2
x 2 2
+ 1 3
x 3 3
+ 1 4
x 4 4
+ 1 5
x 5 5
+ 1 6
x 6 6
+ 1 7
x 7 7
+ 1 8
x 8 8
+ 1 9
x 9 9
+ 1 10
x 10 10
+ 1 11
x 11 11
+ 1 12
x 12 12
+ 1 13
x 13 13
+ 1 14
x 14 14
+ 1 15
x 15 15
+ 1 16
x 16 16
+ 1 17
x 17 17
+ 1 18
x 18 18
+ 1 19
x 19 19
Case #98: 16 14
+ 1 2
x 2 2
+ 1 3
x 3 3
+ 1 4
x 4 4
+ 1 5
x 5 5
+ 1 6
x 6 6
+ 1 7
x 7 7
+ 1 8
x 8 8
Case #99: 200 198
+ 1 2
x 2 2
+ 1 3
x 3 3
+ 1 4
x 4 4
+ 1 5
x 5 5
+ 1 6
x 6 6
+ 1 7
x 7 7
+ 1 8
x 8 8
+ 1 9
x 9 9
+ 1 10
x 10 10
+ 1 11
x 11 11
+ 1 12
x 12 12
+ 1 13
x 13 13
+ 1 14
x 14 14
+ 1 15
x 15 15
+ 1 16
x 16 16
+ 1 17
x 17 17
+ 1 18
x 18 18
+ 1 19
x 19 19
+ 1 20
x 20 20
+ 1 21
x 21 21
+ 1 22
x 22 22
+ 1 23
x 23 23
+ 1 24
x 24 24
+ 1 25
x 25 25
+ 1 26
x 26 26
+ 1 27
x 27 27
+ 1 28
x 28 28
+ 1 29
x 29 29
+ 1 30
x 30 30
+ 1 31
x 31 31
+ 1 32
x 32 32
+ 1 33
x 33 33
+ 1 34
x 34 34
+ 1 35
x 35 35
+ 1 36
x 36 36
+ 1 37
x 37 37
+ 1 38
x 38 38
+ 1 39
x 39 39
+ 1 40
x 40 40
+ 1 41
x 41 41
+ 1 42
x 42 42
+ 1 43
x 43 43
+ 1 44
x 44 44
+ 1 45
x 45 45
+ 1 46
x 46 46
+ 1 47
x 47 47
+ 1 48
x 48 48
+ 1 49
x 49 49
+ 1 50
x 50 50
+ 1 51
x 51 51
+ 1 52
x 52 52
+ 1 53
x 53 53
+ 1 54
x 54 54
+ 1 55
x 55 55
+ 1 56
x 56 56
+ 1 57
x 57 57
+ 1 58
x 58 58
+ 1 59
x 59 59
+ 1 60
x 60 60
+ 1 61
x 61 61
+ 1 62
x 62 62
+ 1 63
x 63 63
+ 1 64
x 64 64
+ 1 65
x 65 65
+ 1 66
x 66 66
+ 1 67
x 67 67
+ 1 68
x 68 68
+ 1 69
x 69 69
+ 1 70
x 70 70
+ 1 71
x 71 71
+ 1 72
x 72 72
+ 1 73
x 73 73
+ 1 74
x 74 74
+ 1 75
x 75 75
+ 1 76
x 76 76
+ 1 77
x 77 77
+ 1 78
x 78 78
+ 1 79
x 79 79
+ 1 80
x 80 80
+ 1 81
x 81 81
+ 1 82
x 82 82
+ 1 83
x 83 83
+ 1 84
x 84 84
+ 1 85
x 85 85
+ 1 86
x 86 86
+ 1 87
x 87 87
+ 1 88
x 88 88
+ 1 89
x 89 89
+ 1 90
x 90 90
+ 1 91
x 91 91
+ 1 92
x 92 92
+ 1 93
x 93 93
+ 1 94
x 94 94
+ 1 95
x 95 95
+ 1 96
x 96 96
+ 1 97
x 97 97
+ 1 98
x 98 98
+ 1 99
x 99 99
+ 1 100
x 100 100
Case #100: 200 198
+ 1 2
x 2 2
+ 1 3
x 3 3
+ 1 4
x 4 4
+ 1 5
x 5 5
+ 1 6
x 6 6
+ 1 7
x 7 7
+ 1 8
x 8 8
+ 1 9
x 9 9
+ 1 10
x 10 10
+ 1 11
x 11 11
+ 1 12
x 12 12
+ 1 13
x 13 13
+ 1 14
x 14 14
+ 1 15
x 15 15
+ 1 16
x 16 16
+ 1 17
x 17 17
+ 1 18
x 18 18
+ 1 19
x 19 19
+ 1 20
x 20 20
+ 1 21
x 21 21
+ 1 22
x 22 22
+ 1 23
x 23 23
+ 1 24
x 24 24
+ 1 25
x 25 25
+ 1 26
x 26 26
+ 1 27
x 27 27
+ 1 28
x 28 28
+ 1 29
x 29 29
+ 1 30
x 30 30
+ 1 31
x 31 31
+ 1 32
x 32 32
+ 1 33
x 33 33
+ 1 34
x 34 34
+ 1 35
x 35 35
+ 1 36
x 36 36
+ 1 37
x 37 37
+ 1 38
x 38 38
+ 1 39
x 39 39
+ 1 40
x 40 40
+ 1 41
x 41 41
+ 1 42
x 42 42
+ 1 43
x 43 43
+ 1 44
x 44 44
+ 1 45
x 45 45
+ 1 46
x 46 46
+ 1 47
x 47 47
+ 1 48
x 48 48
+ 1 49
x 49 49
+ 1 50
x 50 50
+ 1 51
x 51 51
+ 1 52
x 52 52
+ 1 53
x 53 53
+ 1 54
x 54 54
+ 1 55
x 55 55
+ 1 56
x 56 56
+ 1 57
x 57 57
+ 1 58
x 58 58
+ 1 59
x 59 59
+ 1 60
x 60 60
+ 1 61
x 61 61
+ 1 62
x 62 62
+ 1 63
x 63 63
+ 1 64
x 64 64
+ 1 65
x 65 65
+ 1 66
x 66 66
+ 1 67
x 67 67
+ 1 68
x 68 68
+ 1 69
x 69 69
+ 1 70
x 70 70
+ 1 71
x 71 71
+ 1 72
x 72 72
+ 1 73
x 73 73
+ 1 74
x 74 74
+ 1 75
x 75 75
+ 1 76
x 76 76
+ 1 77
x 77 77
+ 1 78
x 78 78
+ 1 79
x 79 79
+ 1 80
x 80 80
+ 1 81
x 81 81
+ 1 82
x 82 82
+ 1 83
x 83 83
+ 1 84
x 84 84
+ 1 85
x 85 85
+ 1 86
x 86 86
+ 1 87
x 87 87
+ 1 88
x 88 88
+ 1 89
x 89 89
+ 1 90
x 90 90
+ 1 91
x 91 91
+ 1 92
x 92 92
+ 1 93
x 93 93
+ 1 94
x 94 94
+ 1 95
x 95 95
+ 1 96
x 96 96
+ 1 97
x 97 97
+ 1 98
x 98 98
+ 1 99
x 99 99
+ 1 100
x 100 100
