input: n = 2
..
..

o+
.x

Case #1: 4 3
+ 1 2
o 1 1
x 2 2
input: n = 1
o

o

Case #2: 2 0
input: n = 3
...
...
...

o++
.x.
.+x

Case #3: 7 6
+ 1 2
+ 1 3
o 1 1
x 2 2
+ 3 2
x 3 3
input: n = 100
Case #4: 298 293
input: n = 100
Case #5: 298 294
input: n = 94
Case #6: 280 277
input: n = 100
Case #7: 298 290
input: n = 3
.x.
...
...

+o.
..x
o+.

Case #8: 7 5
o 1 2
+ 1 1
x 2 3
+ 3 2
o 3 1
input: n = 20
+o......+..........+
....................
....................
....................
....................
....................
....................
....................
....................
....................
....................
....................
....................
....................
....................
....................
....................
....................
....................
....................

+o++++++++++++++++++
..x.................
...x................
....x...............
.....x..............
......x.............
.......x............
........x...........
.........x..........
..........x.........
...........x........
............x.......
.............x......
..............x.....
...............x....
................x...
.................x..
..................x.
...................x
o++++++++++++++++++.

Case #9: 59 53
input: n = 29
..........+.+......o.........
.............................
.............................
.............................
.............................
.............................
.............................
.............................
.............................
.............................
.............................
.............................
.............................
.............................
.............................
.............................
.............................
.............................
.............................
.............................
.............................
.............................
.............................
.............................
.............................
.............................
.............................
.............................
.............................

+++++++++++++++++++o+++++++++
....................x........
.....................x.......
......................x......
.......................x.....
........................x....
.........................x...
..........................x..
...........................x.
............................x
x............................
.x...........................
..x..........................
...x.........................
....x........................
.....x.......................
......x......................
.......x.....................
........x....................
.........x...................
..........x..................
...........x.................
............x................
.............x...............
..............x..............
...............x.............
................x............
.................x...........
.+++++++++++++++++o+++++++++.

Case #10: 85 80
input: n = 10
o.........
..........
..........
..........
..........
..........
..........
..........
..........
..........

o+++++++++
.x........
..x.......
...x......
....x.....
.....x....
......x...
.......x..
........x.
.++++++++x

Case #11: 28 26
input: n = 100
Case #12: 298 296
input: n = 100
Case #13: 298 291
input: n = 50
Case #14: 148 146
input: n = 62
Case #15: 184 179
input: n = 1
x

o

Case #16: 2 1
o 1 1
input: n = 28
....x.+.....................
............................
............................
............................
............................
............................
............................
............................
............................
............................
............................
............................
............................
............................
............................
............................
............................
............................
............................
............................
............................
............................
............................
............................
............................
............................
............................
............................

++++o+++++++++++++++++++++++
.....x......................
......x.....................
.......x....................
........x...................
.........x..................
..........x.................
...........x................
............x...............
.............x..............
..............x.............
...............x............
................x...........
.................x..........
..................x.........
...................x........
....................x.......
.....................x......
......................x.....
.......................x....
........................x...
.........................x..
..........................x.
...........................x
x...........................
.x..........................
..x.........................
.++o+++++++++++++++++++++++.

Case #17: 82 79
input: n = 2
++
..

o+
.x

Case #18: 4 2
o 1 1
x 2 2
input: n = 100
Case #19: 298 294
input: n = 66
Case #20: 196 192
input: n = 100
Case #21: 298 295
input: n = 100
Case #22: 298 291
input: n = 100
Case #23: 298 198
input: n = 15
..+.......o....
...............
...............
...............
...............
...............
...............
...............
...............
...............
...............
...............
...............
...............
...............

++++++++++o++++
...........x...
............x..
.............x.
..............x
x..............
.x.............
..x............
...x...........
....x..........
.....x.........
......x........
.......x.......
........x......
.++++++++o++++.

Case #24: 43 39
input: n = 1
.

o

Case #25: 2 1
o 1 1
input: n = 91
Case #26: 271 269
input: n = 100
Case #27: 298 296
input: n = 100
Case #28: 298 296
input: n = 100
Case #29: 298 294
input: n = 100
Case #30: 298 294
input: n = 57
Case #31: 169 164
input: n = 26
o.............+...........
..........................
..........................
..........................
..........................
..........................
..........................
..........................
..........................
..........................
..........................
..........................
..........................
..........................
..........................
..........................
..........................
..........................
..........................
..........................
..........................
..........................
..........................
..........................
..........................
..........................

o+++++++++++++++++++++++++
.x........................
..x.......................
...x......................
....x.....................
.....x....................
......x...................
.......x..................
........x.................
.........x................
..........x...............
...........x..............
............x.............
.............x............
..............x...........
...............x..........
................x.........
.................x........
..................x.......
...................x......
....................x.....
.....................x....
......................x...
.......................x..
........................x.
.++++++++++++++++++++++++x

Case #32: 76 73
input: n = 100
Case #33: 298 293
input: n = 66
Case #34: 196 191
input: n = 44
Case #35: 130 127
input: n = 100
Case #36: 298 289
input: n = 100
Case #37: 298 292
input: n = 100
Case #38: 298 288
input: n = 2
+x
..

+o
o.

Case #39: 5 2
o 1 2
o 2 1
input: n = 100
Case #40: 298 198
input: n = 61
Case #41: 181 177
input: n = 100
Case #42: 298 294
input: n = 100
Case #43: 298 293
input: n = 100
Case #44: 298 295
input: n = 100
Case #45: 298 296
input: n = 1
+

o

Case #46: 2 1
o 1 1
input: n = 40
Case #47: 118 113
input: n = 17
..o..+...+.......
.................
.................
.................
.................
.................
.................
.................
.................
.................
.................
.................
.................
.................
.................
.................
.................

++o++++++++++++++
...x.............
....x............
.....x...........
......x..........
.......x.........
........x........
.........x.......
..........x......
...........x.....
............x....
.............x...
..............x..
...............x.
................x
x................
.o++++++++++++++.

Case #48: 49 44
input: n = 69
Case #49: 205 200
input: n = 8
.x+.+++.
........
........
........
........
........
........
........

+o+++++.
..x.....
...x....
....x...
.....x..
......x.
.......x
o++++++.

Case #50: 22 16
+ 1 4
o 1 2
+ 1 1
x 2 3
x 3 4
x 4 5
x 5 6
x 6 7
x 7 8
+ 8 2
+ 8 3
+ 8 4
+ 8 5
+ 8 6
+ 8 7
o 8 1
input: n = 100
Case #51: 298 295
input: n = 100
Case #52: 298 297
input: n = 4
..x+
....
....
....

++o+
...x
x...
.o+.

Case #53: 10 7
+ 1 2
o 1 3
+ 1 1
x 2 4
x 3 1
o 4 2
+ 4 3
input: n = 36
Case #54: 106 102
input: n = 100
Case #55: 298 294
input: n = 46
Case #56: 136 132
input: n = 100
Case #57: 298 291
input: n = 100
Case #58: 299 197
input: n = 12
.x..+.+.....
............
............
............
............
............
............
............
............
............
............
............

+o+++++++++.
..x.........
...x........
....x.......
.....x......
......x.....
.......x....
........x...
.........x..
..........x.
...........x
o++++++++++.

Case #59: 34 30
input: n = 83
Case #60: 247 243
input: n = 86
Case #61: 256 254
input: n = 50
Case #62: 148 144
input: n = 60
Case #63: 178 176
input: n = 100
Case #64: 298 294
input: n = 100
Case #65: 298 199
input: n = 18
....+..o..........
..................
..................
..................
..................
..................
..................
..................
..................
..................
..................
..................
..................
..................
..................
..................
..................
..................

+++++++o++++++++++
........x.........
.........x........
..........x.......
...........x......
............x.....
.............x....
..............x...
...............x..
................x.
.................x
x.................
.x................
..x...............
...x..............
....x.............
.....x............
.+++++o++++++++++.

Case #66: 52 48
input: n = 100
Case #67: 298 196
input: n = 66
Case #68: 196 191
input: n = 100
Case #69: 298 295
input: n = 17
........x........
.................
.................
.................
.................
.................
.................
.................
.................
.................
.................
.................
.................
.................
.................
.................
.................

++++++++o++++++++
.........x.......
..........x......
...........x.....
............x....
.............x...
..............x..
...............x.
................x
x................
.x...............
..x..............
...x.............
....x............
.....x...........
......x..........
.++++++o++++++++.

Case #70: 49 47
input: n = 100
Case #71: 298 296
input: n = 100
Case #72: 298 294
input: n = 68
Case #73: 202 199
input: n = 99
Case #74: 295 294
input: n = 29
.........................x...
.............................
.............................
.............................
.............................
.............................
.............................
.............................
.............................
.............................
.............................
.............................
.............................
.............................
.............................
.............................
.............................
.............................
.............................
.............................
.............................
.............................
.............................
.............................
.............................
.............................
.............................
.............................
.............................

+++++++++++++++++++++++++o+++
..........................x..
...........................x.
............................x
x............................
.x...........................
..x..........................
...x.........................
....x........................
.....x.......................
......x......................
.......x.....................
........x....................
.........x...................
..........x..................
...........x.................
............x................
.............x...............
..............x..............
...............x.............
................x............
.................x...........
..................x..........
...................x.........
....................x........
.....................x.......
......................x......
.......................x.....
.+++++++++++++++++++++++o+++.

Case #75: 85 83
input: n = 95
Case #76: 283 280
input: n = 27
.....+.................o...
...........................
...........................
...........................
...........................
...........................
...........................
...........................
...........................
...........................
...........................
...........................
...........................
...........................
...........................
...........................
...........................
...........................
...........................
...........................
...........................
...........................
...........................
...........................
...........................
...........................
...........................

+++++++++++++++++++++++o+++
........................x..
.........................x.
..........................x
x..........................
.x.........................
..x........................
...x.......................
....x......................
.....x.....................
......x....................
.......x...................
........x..................
.........x.................
..........x................
...........x...............
............x..............
.............x.............
..............x............
...............x...........
................x..........
.................x.........
..................x........
...................x.......
....................x......
.....................x.....
.+++++++++++++++++++++o+++.

Case #77: 79 75
input: n = 96
Case #78: 286 283
input: n = 100
Case #79: 298 197
input: n = 100
Case #80: 298 289
input: n = 100
Case #81: 298 293
input: n = 100
Case #82: 299 198
input: n = 14
.+...o+.......
..............
..............
..............
..............
..............
..............
..............
..............
..............
..............
..............
..............
..............

+++++o++++++++
......x.......
.......x......
........x.....
.........x....
..........x...
...........x..
............x.
.............x
x.............
.x............
..x...........
...x..........
.+++o++++++++.

Case #83: 40 35
input: n = 46
Case #84: 136 132
input: n = 39
Case #85: 115 112
input: n = 100
Case #86: 298 198
input: n = 100
Case #87: 298 293
input: n = 66
Case #88: 196 193
input: n = 100
Case #89: 298 294
input: n = 100
Case #90: 298 297
input: n = 100
Case #91: 298 293
input: n = 81
Case #92: 241 233
input: n = 83
Case #93: 247 245
input: n = 97
Case #94: 289 285
input: n = 100
Case #95: 298 295
input: n = 89
Case #96: 265 261
input: n = 59
Case #97: 175 171
input: n = 100
Case #98: 298 294
input: n = 69
Case #99: 205 200
input: n = 57
Case #100: 169 164
